#
# An unexpected error has been detected by Java Runtime Environment:
#
#  EXCEPTION_ACCESS_VIOLATION (0xc0000005) at pc=0x000000003373fe52, pid=5288, tid=460
#
# Java VM: Java HotSpot(TM) 64-Bit Server VM (10.0-b19 mixed mode windows-amd64)
# Problematic frame:
# C  [awt.dll+0x9fe52]
#
# If you would like to submit a bug report, please visit:
#   http://java.sun.com/webapps/bugreport/crash.jsp
# The crash happened outside the Java Virtual Machine in native code.
# See problematic frame for where to report the bug.
#

---------------  T H R E A D  ---------------

Current thread (0x0000000011a7f400):  JavaThread "AWT-Windows" daemon [_thread_in_native, id=460, stack(0x00000000338c0000,0x0000000033940000)]

siginfo: ExceptionCode=0xc0000005, reading address 0xffffffffffffffff

Registers:
EAX=0x697274536f740800, EBX=0x0000000000000001, ECX=0x697274536f740800, EDX=0x000000003379bd30
ESP=0x000000003393f1e0, EBP=0x000000000001a220, ESI=0x0000000011c9ab90, EDI=0x00000000336a0000
EIP=0x000000003373fe52, EFLAGS=0x0000000000010206

Top of Stack: (sp=0x000000003393f1e0)
0x000000003393f1e0:   0000000011a7f400 0000000000000000
0x000000003393f1f0:   0000000000000001 00000000336a0000
0x000000003393f200:   0000000011a7f598 0000000033745539
0x000000003393f210:   000000003df939d0 0000000011a7f598
0x000000003393f220:   0000000011c9ab90 0000000000000111
0x000000003393f230:   0000000004edd4d8 000000007779a01b
0x000000003393f240:   0000000000000048 0000000000000001
0x000000003393f250:   0000000000000000 0000000000000000
0x000000003393f260:   0000000000000070 fffffffffffffffe
0x000000003393f270:   0000000011a7f598 000000007779c333
0x000000003393f280:   0000000000000000 0000000000000111
0x000000003393f290:   0000000000000111 0000000000000111
0x000000003393f2a0:   000000000001a220 0000000000000000
0x000000003393f2b0:   0000000011c9ab90 000000003377d807
0x000000003393f2c0:   0000000000000000 000000007779b98f
0x000000003393f2d0:   00000000ffffffeb 0000000000000000 

Instructions: (pc=0x000000003373fe52)
0x000000003373fe42:   53 0b 00 e8 46 8a 03 00 48 85 c0 48 8b c8 74 06
0x000000003373fe52:   48 8b 00 ff 50 08 b8 02 00 00 00 48 83 c4 20 5b 


Stack: [0x00000000338c0000,0x0000000033940000],  sp=0x000000003393f1e0,  free space=508k
Native frames: (J=compiled Java code, j=interpreted, Vv=VM code, C=native code)
C  [awt.dll+0x9fe52]

Java frames: (J=compiled Java code, j=interpreted, Vv=VM code)
v  ~BufferBlob::Interpreter
v  ~BufferBlob::Interpreter
v  ~BufferBlob::Interpreter
v  ~BufferBlob::StubRoutines (1)

---------------  P R O C E S S  ---------------

Java Threads: ( => current thread )
  0x000000003b12a000 JavaThread "Timer queue for AWT thread" daemon [_thread_blocked, id=5284, stack(0x000000003c610000,0x000000003c690000)]
  0x000000003b127800 JavaThread "Thread-46" [_thread_blocked, id=5836, stack(0x000000003be00000,0x000000003be80000)]
  0x000000003b127000 JavaThread "Thread-45" [_thread_blocked, id=5788, stack(0x000000003c330000,0x000000003c3b0000)]
  0x000000003b126400 JavaThread "Thread-44" [_thread_blocked, id=4820, stack(0x000000003c2b0000,0x000000003c330000)]
  0x000000003b125c00 JavaThread "Thread-42" [_thread_blocked, id=4028, stack(0x000000003c230000,0x000000003c2b0000)]
  0x000000003b125400 JavaThread "Thread-41" [_thread_blocked, id=5212, stack(0x000000003bfc0000,0x000000003c040000)]
  0x000000003b125000 JavaThread "Thread-40" [_thread_blocked, id=5092, stack(0x000000003bf40000,0x000000003bfc0000)]
  0x0000000011dc7800 JavaThread "Thread-38" [_thread_blocked, id=5948, stack(0x000000003bec0000,0x000000003bf40000)]
  0x0000000011dc1400 JavaThread "Thread-37" [_thread_blocked, id=5424, stack(0x0000000036b40000,0x0000000036bc0000)]
  0x0000000011dc7400 JavaThread "Thread-36" [_thread_blocked, id=5700, stack(0x0000000037170000,0x00000000371f0000)]
  0x0000000011dc6c00 JavaThread "Thread-35" [_thread_blocked, id=4180, stack(0x000000003bd80000,0x000000003be00000)]
  0x0000000011dc6000 JavaThread "Thread-33" [_thread_blocked, id=3840, stack(0x0000000037400000,0x0000000037480000)]
  0x0000000011dc5800 JavaThread "Thread-32" [_thread_blocked, id=4336, stack(0x0000000037380000,0x0000000037400000)]
  0x0000000011dc5000 JavaThread "Thread-31" [_thread_blocked, id=5868, stack(0x0000000036a60000,0x0000000036ae0000)]
  0x0000000011dc4800 JavaThread "Thread-29" [_thread_blocked, id=2672, stack(0x0000000037280000,0x0000000037300000)]
  0x0000000011dc4400 JavaThread "Thread-28" [_thread_blocked, id=3664, stack(0x0000000037200000,0x0000000037280000)]
  0x0000000011dc3c00 JavaThread "Thread-27" [_thread_blocked, id=4492, stack(0x00000000370f0000,0x0000000037170000)]
  0x0000000011dc3400 JavaThread "Thread-25" [_thread_blocked, id=4188, stack(0x0000000037070000,0x00000000370f0000)]
  0x0000000011dc3000 JavaThread "Thread-23" [_thread_blocked, id=5544, stack(0x0000000036f80000,0x0000000037000000)]
  0x0000000011dc2800 JavaThread "Active Reference Queue Daemon" daemon [_thread_blocked, id=5796, stack(0x0000000036e60000,0x0000000036ee0000)]
  0x0000000011dc2000 JavaThread "Timer-18" daemon [_thread_blocked, id=5932, stack(0x0000000036de0000,0x0000000036e60000)]
  0x0000000011dc0c00 JavaThread "Timer-14" daemon [_thread_blocked, id=2652, stack(0x0000000036ce0000,0x0000000036d60000)]
  0x00000000348ad000 JavaThread "Timer-1" [_thread_blocked, id=2636, stack(0x00000000356b0000,0x0000000035730000)]
  0x0000000011d5c000 JavaThread "TimerQueue" daemon [_thread_blocked, id=5332, stack(0x00000000351a0000,0x0000000035220000)]
  0x0000000011d48000 JavaThread "AWT-EventQueue-0" [_thread_in_native, id=1512, stack(0x0000000035100000,0x0000000035180000)]
  0x0000000011b26800 JavaThread "AWT-Shutdown" [_thread_blocked, id=1296, stack(0x0000000033840000,0x00000000338c0000)]
=>0x0000000011a7f400 JavaThread "AWT-Windows" daemon [_thread_in_native, id=460, stack(0x00000000338c0000,0x0000000033940000)]
  0x00000000111c1800 JavaThread "Java2D Disposer" daemon [_thread_blocked, id=4888, stack(0x0000000011f30000,0x0000000011fb0000)]
  0x00000000113a9c00 JavaThread "Timer-0" [_thread_blocked, id=580, stack(0x000000000ff80000,0x0000000010000000)]
  0x000000001141f800 JavaThread "JMI Unnamed Thread" [_thread_in_native, id=2472, stack(0x0000000009410000,0x000000000a410000)]
  0x00000000111ddc00 JavaThread "Low Memory Detector" daemon [_thread_blocked, id=1952, stack(0x000000000fe30000,0x000000000feb0000)]
  0x00000000111db800 JavaThread "CompilerThread1" daemon [_thread_blocked, id=1624, stack(0x00000000316a0000,0x00000000326a0000)]
  0x00000000111d4800 JavaThread "CompilerThread0" daemon [_thread_blocked, id=4696, stack(0x00000000306a0000,0x00000000316a0000)]
  0x00000000111d4000 JavaThread "Attach Listener" daemon [_thread_blocked, id=2604, stack(0x000000000fdb0000,0x000000000fe30000)]
  0x00000000111ad400 JavaThread "Finalizer" daemon [_thread_blocked, id=1988, stack(0x000000000fd30000,0x000000000fdb0000)]
  0x00000000111a3000 JavaThread "Reference Handler" daemon [_thread_blocked, id=4620, stack(0x000000000fcb0000,0x000000000fd30000)]
  0x0000000004c0e800 JavaThread "main" [_thread_in_native, id=5324, stack(0x0000000000030000,0x0000000001030000)]

Other Threads:
  0x000000001119c000 VMThread [stack: 0x000000002f6a0000,0x00000000306a0000] [id=3444]
  0x000000001120a000 WatcherThread [stack: 0x00000000326a0000,0x00000000336a0000] [id=2336]

VM state:not at safepoint (normal execution)

VM Mutex/Monitor currently owned by a thread: None

Heap
 PSYoungGen      total 14080K, used 4559K [0x00000000265a0000, 0x00000000275a0000, 0x00000000296a0000)
  eden space 11712K, 24% used [0x00000000265a0000,0x000000002686b850,0x0000000027110000)
  from space 2368K, 71% used [0x0000000027350000,0x00000000274f8678,0x00000000275a0000)
  to   space 2304K, 0% used [0x0000000027110000,0x0000000027110000,0x0000000027350000)
 PSOldGen        total 137472K, used 119920K [0x000000001d2a0000, 0x00000000258e0000, 0x00000000265a0000)
  object space 137472K, 87% used [0x000000001d2a0000,0x00000000247bc1f0,0x00000000258e0000)
 PSPermGen       total 92544K, used 54666K [0x00000000152a0000, 0x000000001ad00000, 0x000000001d2a0000)
  object space 92544K, 59% used [0x00000000152a0000,0x0000000018802aa0,0x000000001ad00000)

Dynamic libraries:
0x0000000140000000 - 0x0000000140032000 	C:\Program Files\MATLAB\R2009a\bin\win64\MATLAB.exe
0x00000000779a0000 - 0x0000000077b4b000 	C:\Windows\SYSTEM32\ntdll.dll
0x0000000077880000 - 0x000000007799f000 	C:\Windows\system32\kernel32.dll
0x000007fefda90000 - 0x000007fefdafb000 	C:\Windows\system32\KERNELBASE.dll
0x0000000180000000 - 0x0000000180406000 	C:\Program Files\MATLAB\R2009a\bin\win64\libut.dll
0x000007feffc20000 - 0x000007feffc37000 	C:\Windows\system32\imagehlp.dll
0x000007feff8a0000 - 0x000007feff93f000 	C:\Windows\system32\msvcrt.dll
0x0000000077b70000 - 0x0000000077b77000 	C:\Windows\system32\PSAPI.DLL
0x00000000010d0000 - 0x00000000010f8000 	C:\Program Files\MATLAB\R2009a\bin\win64\LIBEXPAT.dll
0x00000000706a0000 - 0x0000000070769000 	C:\Windows\WinSxS\amd64_microsoft.vc80.crt_1fc8b3b9a1e18e3b_8.0.50727.4927_none_88dce9872fb18caf\MSVCR80.dll
0x000000004a800000 - 0x000000004a923000 	C:\Program Files\MATLAB\R2009a\bin\win64\icuuc38.dll
0x000007feffa70000 - 0x000007feffb4b000 	C:\Windows\system32\ADVAPI32.dll
0x000007feff880000 - 0x000007feff89f000 	C:\Windows\SYSTEM32\sechost.dll
0x000007feff940000 - 0x000007feffa6e000 	C:\Windows\system32\RPCRT4.dll
0x000000004ad00000 - 0x000000004ad03000 	C:\Program Files\MATLAB\R2009a\bin\win64\icudt38.dll
0x000000004ab00000 - 0x000000004ab0f000 	C:\Program Files\MATLAB\R2009a\bin\win64\icuio38.dll
0x0000000001230000 - 0x000000000136a000 	C:\Program Files\MATLAB\R2009a\bin\win64\icuin38.dll
0x0000000063cd0000 - 0x0000000063dd9000 	C:\Windows\WinSxS\amd64_microsoft.vc80.crt_1fc8b3b9a1e18e3b_8.0.50727.4927_none_88dce9872fb18caf\MSVCP80.dll
0x0000000077780000 - 0x000000007787a000 	C:\Windows\system32\USER32.dll
0x000007feff490000 - 0x000007feff4f7000 	C:\Windows\system32\GDI32.dll
0x000007feffc40000 - 0x000007feffc4e000 	C:\Windows\system32\LPK.dll
0x000007fefef30000 - 0x000007fefeffa000 	C:\Windows\system32\USP10.dll
0x0000000001380000 - 0x00000000013ee000 	C:\Program Files\MATLAB\R2009a\bin\win64\libmwfl.dll
0x0000000001400000 - 0x000000000140f000 	C:\Program Files\MATLAB\R2009a\bin\win64\boost_date_time-vc80-mt-1_36.dll
0x0000000001420000 - 0x0000000001436000 	C:\Program Files\MATLAB\R2009a\bin\win64\boost_signals-vc80-mt-1_36.dll
0x0000000001450000 - 0x0000000001459000 	C:\Program Files\MATLAB\R2009a\bin\win64\boost_system-vc80-mt-1_36.dll
0x0000000001470000 - 0x0000000001481000 	C:\Program Files\MATLAB\R2009a\bin\win64\boost_thread-vc80-mt-1_36.dll
0x00000000014a0000 - 0x00000000016d7000 	C:\Program Files\MATLAB\R2009a\bin\win64\libmwservices.dll
0x00000000016f0000 - 0x0000000001761000 	C:\Program Files\MATLAB\R2009a\bin\win64\libmx.dll
0x0000000001780000 - 0x0000000001797000 	C:\Program Files\MATLAB\R2009a\bin\win64\zlib1.dll
0x00000000017a0000 - 0x00000000018c5000 	C:\Program Files\MATLAB\R2009a\bin\win64\libmwmathutil.dll
0x00000000018e0000 - 0x0000000001935000 	C:\Program Files\MATLAB\R2009a\bin\win64\mpath.dll
0x0000000001950000 - 0x000000000199f000 	C:\Program Files\MATLAB\R2009a\bin\win64\mlutil.dll
0x0000000010000000 - 0x0000000010049000 	C:\Program Files\MATLAB\R2009a\bin\win64\tbb.dll
0x000007fefd9b0000 - 0x000007fefda50000 	C:\Windows\WinSxS\amd64_microsoft.windows.common-controls_6595b64144ccf1df_5.82.7600.16385_none_a44af8ec57f961cf\COMCTL32.dll
0x000007feff610000 - 0x000007feff6a8000 	C:\Windows\system32\comdlg32.dll
0x000007feffb50000 - 0x000007feffbc1000 	C:\Windows\system32\SHLWAPI.dll
0x000007fefdf90000 - 0x000007fefed16000 	C:\Windows\system32\SHELL32.dll
0x000007fefb9f0000 - 0x000007fefba06000 	C:\Windows\system32\NETAPI32.dll
0x000007fefb9e0000 - 0x000007fefb9ec000 	C:\Windows\system32\netutils.dll
0x000007fefd540000 - 0x000007fefd563000 	C:\Windows\system32\srvcli.dll
0x000007fefb9c0000 - 0x000007fefb9d5000 	C:\Windows\system32\wkscli.dll
0x000007feffbd0000 - 0x000007feffc1d000 	C:\Windows\system32\WS2_32.dll
0x000007feffc50000 - 0x000007feffc58000 	C:\Windows\system32\NSI.dll
0x00000000019b0000 - 0x0000000001a32000 	C:\Program Files\MATLAB\R2009a\bin\win64\mcr.dll
0x0000000001a50000 - 0x0000000001ab2000 	C:\Program Files\MATLAB\R2009a\bin\win64\iqm.dll
0x0000000001ad0000 - 0x00000000023b7000 	C:\Program Files\MATLAB\R2009a\bin\win64\m_interpreter.dll
0x00000000023d0000 - 0x00000000023df000 	C:\Program Files\MATLAB\R2009a\bin\win64\libmex.dll
0x00000000023f0000 - 0x0000000002480000 	C:\Program Files\MATLAB\R2009a\bin\win64\m_dispatcher.dll
0x0000000002490000 - 0x00000000024b5000 	C:\Program Files\MATLAB\R2009a\bin\win64\datasvcs.dll
0x0000000012000000 - 0x0000000012295000 	C:\Program Files\MATLAB\R2009a\bin\win64\xerces-c_2_7.dll
0x00000000024e0000 - 0x00000000025d1000 	C:\Program Files\MATLAB\R2009a\bin\win64\boost_regex-vc80-mt-1_36.dll
0x00000000025f0000 - 0x0000000002681000 	C:\Program Files\MATLAB\R2009a\bin\win64\profiler.dll
0x00000000026a0000 - 0x00000000026ca000 	C:\Program Files\MATLAB\R2009a\bin\win64\libmwmathrng.dll
0x00000000026e0000 - 0x00000000026fa000 	C:\Program Files\MATLAB\R2009a\bin\win64\m_pcodeio.dll
0x0000000002710000 - 0x000000000275d000 	C:\Program Files\MATLAB\R2009a\bin\win64\m_ir.dll
0x0000000002770000 - 0x0000000002d76000 	C:\Program Files\MATLAB\R2009a\bin\win64\m_parser.dll
0x0000000002d90000 - 0x0000000002da4000 	C:\Program Files\MATLAB\R2009a\bin\win64\ir_xfmr.dll
0x0000000002dc0000 - 0x0000000003041000 	C:\Program Files\MATLAB\R2009a\bin\win64\mcos.dll
0x0000000003060000 - 0x000000000306c000 	C:\Program Files\MATLAB\R2009a\bin\win64\mtok.dll
0x0000000003080000 - 0x00000000030a0000 	C:\Program Files\MATLAB\R2009a\bin\win64\m_pcodegen.dll
0x000007feed190000 - 0x000007feed2b5000 	C:\Windows\system32\dbghelp.dll
0x00000000030b0000 - 0x00000000030d4000 	C:\Program Files\MATLAB\R2009a\bin\win64\bridge.dll
0x00000000030f0000 - 0x00000000031b0000 	C:\Program Files\MATLAB\R2009a\bin\win64\udd.dll
0x00000000031c0000 - 0x0000000003317000 	C:\Program Files\MATLAB\R2009a\bin\win64\libmwgui.dll
0x0000000003330000 - 0x0000000003615000 	C:\Program Files\MATLAB\R2009a\bin\win64\hg.dll
0x0000000003630000 - 0x0000000003662000 	C:\Program Files\MATLAB\R2009a\bin\win64\libmat.dll
0x0000000003680000 - 0x000000000386e000 	C:\Program Files\MATLAB\R2009a\bin\win64\libhdf5.dll
0x0000000003880000 - 0x00000000038e0000 	C:\Program Files\MATLAB\R2009a\bin\win64\jmi.dll
0x00000000038f0000 - 0x0000000003930000 	C:\Program Files\MATLAB\R2009a\bin\win64\libmwhardcopy.dll
0x0000000003940000 - 0x0000000003998000 	C:\Program Files\MATLAB\R2009a\bin\win64\libuij.dll
0x00000000039b0000 - 0x0000000003aa2000 	C:\Program Files\MATLAB\R2009a\bin\win64\libmwmathlinalg.dll
0x0000000003ac0000 - 0x0000000003e6c000 	C:\Program Files\MATLAB\R2009a\bin\win64\libmwmathelem.dll
0x0000000003e80000 - 0x0000000003eec000 	C:\Program Files\MATLAB\R2009a\bin\win64\libmwmathcore.dll
0x0000000003f00000 - 0x0000000003f62000 	C:\Program Files\MATLAB\R2009a\bin\win64\libmwcholmod.dll
0x0000000003f80000 - 0x0000000003f8d000 	C:\Program Files\MATLAB\R2009a\bin\win64\libmwamd.dll
0x0000000003fa0000 - 0x0000000003fac000 	C:\Program Files\MATLAB\R2009a\bin\win64\libmwcolamd.dll
0x0000000003fc0000 - 0x0000000003fd5000 	C:\Program Files\MATLAB\R2009a\bin\win64\libmwblas.dll
0x0000000003ff0000 - 0x0000000004001000 	C:\Program Files\MATLAB\R2009a\bin\win64\libmwbinder.dll
0x0000000004020000 - 0x000000000409d000 	C:\Program Files\MATLAB\R2009a\bin\win64\libmwlapack.dll
0x00000000040b0000 - 0x00000000040eb000 	C:\Program Files\MATLAB\R2009a\bin\win64\libmwrookfastbp.dll
0x0000000004100000 - 0x000000000414c000 	C:\Program Files\MATLAB\R2009a\bin\win64\libmwma57.dll
0x0000000004160000 - 0x000000000427c000 	C:\Program Files\MATLAB\R2009a\bin\win64\libifcoremd.dll
0x0000000004280000 - 0x0000000004550000 	C:\Program Files\MATLAB\R2009a\bin\win64\libmmd.dll
0x0000000004550000 - 0x0000000004560000 	C:\Program Files\MATLAB\R2009a\bin\win64\libmwcsparse.dll
0x0000000004570000 - 0x00000000045de000 	C:\Program Files\MATLAB\R2009a\bin\win64\libmwumfpack.dll
0x00000000045f0000 - 0x00000000046dd000 	C:\Program Files\MATLAB\R2009a\bin\win64\hgdatatypes.dll
0x00000000046f0000 - 0x0000000004934000 	C:\Program Files\MATLAB\R2009a\bin\win64\uiw.dll
0x0000000004950000 - 0x000000000495a000 	C:\Program Files\MATLAB\R2009a\bin\win64\uinone.dll
0x0000000063b30000 - 0x0000000063ccb000 	C:\Windows\WinSxS\amd64_microsoft.vc80.mfc_1fc8b3b9a1e18e3b_8.0.50727.762_none_c46a533c8a667ee7\MFC80.DLL
0x000007fef87e0000 - 0x000007fef8850000 	C:\Windows\system32\WINSPOOL.DRV
0x000007fefed20000 - 0x000007fefef21000 	C:\Windows\system32\ole32.dll
0x000007fefdeb0000 - 0x000007fefdf87000 	C:\Windows\system32\OLEAUT32.dll
0x0000000004970000 - 0x0000000004a1b000 	C:\Program Files\MATLAB\R2009a\bin\win64\udd_mi.dll
0x0000000004a30000 - 0x0000000004a48000 	C:\Program Files\MATLAB\R2009a\bin\win64\mwoles05.DLL
0x0000000004a60000 - 0x0000000004aca000 	C:\Program Files\MATLAB\R2009a\bin\win64\comcli.dll
0x00000000716e0000 - 0x00000000716ff000 	C:\Windows\WinSxS\amd64_microsoft.vc80.atl_1fc8b3b9a1e18e3b_8.0.50727.762_none_ca3f79d486b08636\ATL80.DLL
0x0000000004ae0000 - 0x0000000004aee000 	C:\Program Files\MATLAB\R2009a\bin\win64\mlautoregister.dll
0x000007feff000000 - 0x000007feff02e000 	C:\Windows\system32\IMM32.DLL
0x000007feff500000 - 0x000007feff609000 	C:\Windows\system32\MSCTF.dll
0x000007fefd900000 - 0x000007fefd90f000 	C:\Windows\system32\profapi.dll
0x000007fefc200000 - 0x000007fefc256000 	C:\Windows\system32\uxtheme.dll
0x000007fefb290000 - 0x000007fefb2b7000 	C:\Windows\system32\iphlpapi.dll
0x000007fefb280000 - 0x000007fefb28b000 	C:\Windows\system32\WINNSI.DLL
0x000007fefcff0000 - 0x000007fefd04b000 	C:\Windows\system32\DNSAPI.dll
0x000007fefae70000 - 0x000007fefae81000 	C:\Windows\system32\dhcpcsvc6.DLL
0x000007fefb260000 - 0x000007fefb278000 	C:\Windows\system32\dhcpcsvc.DLL
0x0000000071710000 - 0x0000000071713000 	C:\Windows\system32\icmp.Dll
0x000007fefd7d0000 - 0x000007fefd7df000 	C:\Windows\system32\CRYPTBASE.dll
0x000000000e410000 - 0x000000000e9ba000 	C:\Program Files\MATLAB\R2009a\sys\java\jre\win64\jre\bin\server\jvm.dll
0x000007fefb5e0000 - 0x000007fefb61b000 	C:\Windows\system32\WINMM.dll
0x0000000004dd0000 - 0x0000000004dda000 	C:\Program Files\MATLAB\R2009a\sys\java\jre\win64\jre\bin\hpi.dll
0x0000000004e00000 - 0x0000000004e0e000 	C:\Program Files\MATLAB\R2009a\sys\java\jre\win64\jre\bin\verify.dll
0x00000000076d0000 - 0x00000000076f7000 	C:\Program Files\MATLAB\R2009a\sys\java\jre\win64\jre\bin\java.dll
0x00000000075a0000 - 0x00000000075b2000 	C:\Program Files\MATLAB\R2009a\sys\java\jre\win64\jre\bin\zip.dll
0x0000000007f20000 - 0x0000000007f41000 	C:\Program Files\MATLAB\R2009a\bin\win64\nativejava.dll
0x00000000083d0000 - 0x00000000083f8000 	C:\Program Files\MATLAB\R2009a\bin\win64\nativejmi.dll
0x000000000feb0000 - 0x000000000feb7000 	C:\Program Files\MATLAB\R2009a\bin\win64\nativeservices.dll
0x00000000336a0000 - 0x000000003383f000 	C:\Program Files\MATLAB\R2009a\sys\java\jre\win64\jre\bin\awt.dll
0x000007fefbe30000 - 0x000007fefbe48000 	C:\Windows\system32\dwmapi.dll
0x0000000033940000 - 0x00000000339aa000 	C:\Program Files\MATLAB\R2009a\sys\java\jre\win64\jre\bin\fontmanager.dll
0x0000000034080000 - 0x0000000034097000 	C:\Program Files\MATLAB\R2009a\sys\java\jre\win64\jre\bin\net.dll
0x000007fefd170000 - 0x000007fefd1c4000 	C:\Windows\system32\mswsock.dll
0x000007fefd160000 - 0x000007fefd167000 	C:\Windows\System32\wship6.dll
0x00000000340a0000 - 0x00000000340ab000 	C:\Program Files\MATLAB\R2009a\sys\java\jre\win64\jre\bin\nio.dll
0x0000000035180000 - 0x0000000035187000 	C:\Program Files\MATLAB\R2009a\bin\win64\nativelmgr.dll
0x0000000035220000 - 0x0000000035255000 	C:\Program Files\MATLAB\R2009a\sys\java\jre\win64\jre\bin\jpeg.dll
0x00000000353e0000 - 0x000000003557e000 	C:\Program Files\MATLAB\R2009a\bin\win64\instutil.dll

VM Arguments:
jvm_args: -Xss512k -XX:PermSize=32m -Xms64m -XX:NewRatio=3 -XX:MaxPermSize=128m -Xmx196m -XX:MaxDirectMemorySize=2147400000 -Dsun.java2d.noddraw=true -Dsun.awt.nopixfmt=true -Xshare:off -Xrs -Djava.library.path=C:\Program Files\MATLAB\R2009a\bin\win64 vfprintf abort 
java_command: <unknown>
Launcher Type: generic

Environment Variables:
CLASSPATH=.;C:\Program Files (x86)\Java\jre6\lib\ext\QTJava.zip
PATH=C:\Windows\system32;C:\Windows;C:\Windows\System32\Wbem;C:\Windows\System32\WindowsPowerShell\v1.0\;c:\Program Files (x86)\Common Files\Roxio Shared\10.0\DLLShared\;c:\Program Files (x86)\Common Files\Roxio Shared\DLLShared\;C:\Program Files\MATLAB\R2009a\bin;C:\Program Files\MATLAB\R2009a\bin\win64;C:\Program Files (x86)\QuickTime\QTSystem\
USERNAME=micro
OS=Windows_NT
PROCESSOR_IDENTIFIER=Intel64 Family 6 Model 30 Stepping 5, GenuineIntel



---------------  S Y S T E M  ---------------

OS: Windows NT 6.1 Build 7600 

CPU:total 8 (8 cores per cpu, 2 threads per core) family 6 model 14 stepping 5, cmov, cx8, fxsr, mmx, sse, sse2, sse3, ssse3, ht

Memory: 4k page, physical 8346704k(3777860k free), swap 16691508k(11341572k free)

vm_info: Java HotSpot(TM) 64-Bit Server VM (10.0-b19) for windows-amd64 JRE (1.6.0_04-b12), built on Dec 14 2007 00:44:23 by "java_re" with MS VC++ 8.0

time: Mon Sep 13 16:38:04 2010
elapsed time: 2728 seconds

