#
# An unexpected error has been detected by Java Runtime Environment:
#
#  EXCEPTION_ACCESS_VIOLATION (0xc0000005) at pc=0x0000000011ec8eb6, pid=7736, tid=7264
#
# Java VM: Java HotSpot(TM) 64-Bit Server VM (10.0-b19 mixed mode windows-amd64)
# Problematic frame:
# C  [awt.dll+0x78eb6]
#
# If you would like to submit a bug report, please visit:
#   http://java.sun.com/webapps/bugreport/crash.jsp
# The crash happened outside the Java Virtual Machine in native code.
# See problematic frame for where to report the bug.
#

---------------  T H R E A D  ---------------

Current thread (0x0000000004d96400):  JavaThread "AWT-Windows" daemon [_thread_in_native, id=7264, stack(0x00000000337a0000,0x0000000033820000)]

siginfo: ExceptionCode=0xc0000005, reading address 0x0000000004de30b0

Registers:
EAX=0x0000000004d91fb0, EBX=0x000000000000a220, ECX=0x00000000119afa10, EDX=0x000000000000a220
ESP=0x000000003381f1a0, EBP=0x000000000001a220, ESI=0x0000000011bfe7d0, EDI=0x00000000119af9e0
EIP=0x0000000011ec8eb6, EFLAGS=0x0000000000010202

Top of Stack: (sp=0x000000003381f1a0)
0x000000003381f1a0:   000000000000a220 0000000000000001
0x000000003381f1b0:   000000000000a220 00000000119af9e0
0x000000003381f1c0:   fffffffffffffffe 00000000007c0750
0x000000003381f1d0:   0000000000000000 0000000011eefe4a
0x000000003381f1e0:   0000000004d96400 0000000000000000
0x000000003381f1f0:   0000000000000001 0000000011e50000
0x000000003381f200:   0000000004d96598 0000000011ef5539
0x000000003381f210:   0000000000000000 0000000004d96598
0x000000003381f220:   0000000011bfe7d0 0000000000000111
0x000000003381f230:   0000000000000001 0000000000000000
0x000000003381f240:   0000000000000000 000000000000c269
0x000000003381f250:   0000000000000000 0000000200000030
0x000000003381f260:   0000000000000000 fffffffffffffffe
0x000000003381f270:   0000000004d96598 0000000000000000
0x000000003381f280:   0000000000000000 0000000000000111
0x000000003381f290:   0000000000000111 0000000000000111 

Instructions: (pc=0x0000000011ec8eb6)
0x0000000011ec8ea6:   58 8b da 48 8b f9 48 8b 01 ff 10 90 48 8b 47 60
0x0000000011ec8eb6:   81 3c d8 00 80 00 00 77 0d 48 8b 07 48 8b cf ff 


Stack: [0x00000000337a0000,0x0000000033820000],  sp=0x000000003381f1a0,  free space=508k
Native frames: (J=compiled Java code, j=interpreted, Vv=VM code, C=native code)
C  [awt.dll+0x78eb6]

Java frames: (J=compiled Java code, j=interpreted, Vv=VM code)
v  ~BufferBlob::Interpreter
v  ~BufferBlob::Interpreter
v  ~BufferBlob::Interpreter
v  ~BufferBlob::StubRoutines (1)

---------------  P R O C E S S  ---------------

Java Threads: ( => current thread )
  0x0000000011cbac00 JavaThread "Thread-2082" [_thread_blocked, id=6272, stack(0x000000003c140000,0x000000003c1c0000)]
  0x0000000011cbe400 JavaThread "Thread-2081" [_thread_blocked, id=7036, stack(0x000000003c0c0000,0x000000003c140000)]
  0x00000000386d1000 JavaThread "Thread-2080" [_thread_blocked, id=5996, stack(0x000000003aa80000,0x000000003ab00000)]
  0x00000000386d2400 JavaThread "Thread-2079" [_thread_blocked, id=4276, stack(0x0000000037240000,0x00000000372c0000)]
  0x00000000386d1c00 JavaThread "Thread-2078" [_thread_blocked, id=8184, stack(0x00000000371c0000,0x0000000037240000)]
  0x00000000386cf400 JavaThread "Thread-2077" [_thread_blocked, id=7248, stack(0x0000000037140000,0x00000000371c0000)]
  0x00000000386d2800 JavaThread "Thread-2076" [_thread_blocked, id=7648, stack(0x00000000370c0000,0x0000000037140000)]
  0x0000000011cbd800 JavaThread "Thread-2075" [_thread_blocked, id=7400, stack(0x0000000037040000,0x00000000370c0000)]
  0x0000000011cb7800 JavaThread "Thread-2074" [_thread_blocked, id=5928, stack(0x0000000036fc0000,0x0000000037040000)]
  0x0000000011cbdc00 JavaThread "Thread-2073" [_thread_blocked, id=6444, stack(0x0000000036f40000,0x0000000036fc0000)]
  0x0000000011cbc000 JavaThread "Thread-2072" [_thread_blocked, id=5280, stack(0x0000000036ec0000,0x0000000036f40000)]
  0x0000000011cb8400 JavaThread "Thread-2071" [_thread_blocked, id=4836, stack(0x0000000036e40000,0x0000000036ec0000)]
  0x0000000011cba000 JavaThread "Thread-2070" [_thread_blocked, id=5016, stack(0x00000000358c0000,0x0000000035940000)]
  0x0000000011cbd000 JavaThread "Thread-2069" [_thread_blocked, id=7908, stack(0x0000000035840000,0x00000000358c0000)]
  0x00000000386ccc00 JavaThread "Foxtrot Single Worker Thread #1" daemon [_thread_blocked, id=3224, stack(0x000000003c040000,0x000000003c0c0000)]
  0x00000000386cd000 JavaThread "Prefs Updater" [_thread_blocked, id=5688, stack(0x000000000e100000,0x000000000e180000)]
  0x00000000386ce400 JavaThread "Timer queue for AWT thread" daemon [_thread_blocked, id=3884, stack(0x000000000e280000,0x000000000e300000)]
  0x0000000011cb9400 JavaThread "Active Reference Queue Daemon" daemon [_thread_blocked, id=1000, stack(0x0000000036cb0000,0x0000000036d30000)]
  0x0000000011cb7c00 JavaThread "Timer-28" daemon [_thread_blocked, id=4520, stack(0x0000000036bb0000,0x0000000036c30000)]
  0x0000000011cb8c00 JavaThread "Timer-20" daemon [_thread_blocked, id=6276, stack(0x0000000036c30000,0x0000000036cb0000)]
  0x00000000341b0800 JavaThread "Timer-1" [_thread_blocked, id=6064, stack(0x0000000035490000,0x0000000035510000)]
  0x0000000004d99000 JavaThread "TimerQueue" daemon [_thread_blocked, id=5784, stack(0x00000000350c0000,0x0000000035140000)]
  0x0000000004d98800 JavaThread "AWT-EventQueue-0" [_thread_in_native, id=7804, stack(0x0000000035040000,0x00000000350c0000)]
  0x0000000011468400 JavaThread "AWT-Shutdown" [_thread_blocked, id=3120, stack(0x0000000033720000,0x00000000337a0000)]
=>0x0000000004d96400 JavaThread "AWT-Windows" daemon [_thread_in_native, id=7264, stack(0x00000000337a0000,0x0000000033820000)]
  0x0000000004d95400 JavaThread "Java2D Disposer" daemon [_thread_blocked, id=2996, stack(0x00000000336a0000,0x0000000033720000)]
  0x0000000011383800 JavaThread "Timer-0" [_thread_blocked, id=7576, stack(0x000000000fe90000,0x000000000ff10000)]
  0x0000000011382800 JavaThread "JMI Unnamed Thread" [_thread_in_native, id=7204, stack(0x000000000a6e0000,0x000000000b6e0000)]
  0x00000000111e0800 JavaThread "Low Memory Detector" daemon [_thread_blocked, id=7732, stack(0x000000000fe10000,0x000000000fe90000)]
  0x00000000111dc400 JavaThread "CompilerThread1" daemon [_thread_blocked, id=7764, stack(0x00000000316a0000,0x00000000326a0000)]
  0x00000000111d7400 JavaThread "CompilerThread0" daemon [_thread_blocked, id=6028, stack(0x00000000306a0000,0x00000000316a0000)]
  0x00000000111d6c00 JavaThread "Attach Listener" daemon [_thread_blocked, id=3612, stack(0x000000000fd90000,0x000000000fe10000)]
  0x0000000004d9f800 JavaThread "Finalizer" daemon [_thread_blocked, id=7460, stack(0x000000000fd10000,0x000000000fd90000)]
  0x0000000004d9ec00 JavaThread "Reference Handler" daemon [_thread_blocked, id=3824, stack(0x000000000fc90000,0x000000000fd10000)]
  0x0000000004b6ec00 JavaThread "main" [_thread_in_native, id=3920, stack(0x0000000000030000,0x0000000001030000)]

Other Threads:
  0x0000000004d9dc00 VMThread [stack: 0x000000002f6a0000,0x00000000306a0000] [id=392]
  0x0000000004d18000 WatcherThread [stack: 0x00000000326a0000,0x00000000336a0000] [id=7360]

VM state:not at safepoint (normal execution)

VM Mutex/Monitor currently owned by a thread: None

Heap
 PSYoungGen      total 15808K, used 13794K [0x00000000265a0000, 0x00000000275a0000, 0x00000000296a0000)
  eden space 15232K, 88% used [0x00000000265a0000,0x00000000272c8bc0,0x0000000027480000)
  from space 576K, 55% used [0x0000000027480000,0x00000000274d0000,0x0000000027510000)
  to   space 512K, 0% used [0x0000000027520000,0x0000000027520000,0x00000000275a0000)
 PSOldGen        total 150528K, used 150387K [0x000000001d2a0000, 0x00000000265a0000, 0x00000000265a0000)
  object space 150528K, 99% used [0x000000001d2a0000,0x000000002657cd00,0x00000000265a0000)
 PSPermGen       total 58880K, used 58818K [0x00000000152a0000, 0x0000000018c20000, 0x000000001d2a0000)
  object space 58880K, 99% used [0x00000000152a0000,0x0000000018c10a18,0x0000000018c20000)

Dynamic libraries:
0x0000000140000000 - 0x0000000140032000 	C:\Program Files\MATLAB\R2009a\bin\win64\MATLAB.exe
0x0000000077460000 - 0x000000007760c000 	C:\Windows\SYSTEM32\ntdll.dll
0x0000000077340000 - 0x000000007745f000 	C:\Windows\system32\kernel32.dll
0x000007fefd660000 - 0x000007fefd6cc000 	C:\Windows\system32\KERNELBASE.dll
0x0000000180000000 - 0x0000000180406000 	C:\Program Files\MATLAB\R2009a\bin\win64\libut.dll
0x000007feff5d0000 - 0x000007feff5e7000 	C:\Windows\system32\imagehlp.dll
0x000007fefedb0000 - 0x000007fefee4f000 	C:\Windows\system32\msvcrt.dll
0x0000000077620000 - 0x0000000077627000 	C:\Windows\system32\PSAPI.DLL
0x00000000010e0000 - 0x0000000001108000 	C:\Program Files\MATLAB\R2009a\bin\win64\LIBEXPAT.dll
0x00000000726b0000 - 0x0000000072779000 	C:\Windows\WinSxS\amd64_microsoft.vc80.crt_1fc8b3b9a1e18e3b_8.0.50727.6195_none_88e41e092fab0294\MSVCR80.dll
0x000000004a800000 - 0x000000004a923000 	C:\Program Files\MATLAB\R2009a\bin\win64\icuuc38.dll
0x000007feff300000 - 0x000007feff3db000 	C:\Windows\system32\ADVAPI32.dll
0x000007feff2e0000 - 0x000007feff2ff000 	C:\Windows\SYSTEM32\sechost.dll
0x000007feff060000 - 0x000007feff18e000 	C:\Windows\system32\RPCRT4.dll
0x000000004ad00000 - 0x000000004ad03000 	C:\Program Files\MATLAB\R2009a\bin\win64\icudt38.dll
0x000000004ab00000 - 0x000000004ab0f000 	C:\Program Files\MATLAB\R2009a\bin\win64\icuio38.dll
0x0000000001350000 - 0x000000000148a000 	C:\Program Files\MATLAB\R2009a\bin\win64\icuin38.dll
0x0000000071560000 - 0x0000000071669000 	C:\Windows\WinSxS\amd64_microsoft.vc80.crt_1fc8b3b9a1e18e3b_8.0.50727.6195_none_88e41e092fab0294\MSVCP80.dll
0x0000000077240000 - 0x000000007733a000 	C:\Windows\system32\USER32.dll
0x000007fefeab0000 - 0x000007fefeb17000 	C:\Windows\system32\GDI32.dll
0x000007feff050000 - 0x000007feff05e000 	C:\Windows\system32\LPK.dll
0x000007feff190000 - 0x000007feff25a000 	C:\Windows\system32\USP10.dll
0x0000000001150000 - 0x00000000011be000 	C:\Program Files\MATLAB\R2009a\bin\win64\libmwfl.dll
0x00000000011d0000 - 0x00000000011df000 	C:\Program Files\MATLAB\R2009a\bin\win64\boost_date_time-vc80-mt-1_36.dll
0x00000000011f0000 - 0x0000000001206000 	C:\Program Files\MATLAB\R2009a\bin\win64\boost_signals-vc80-mt-1_36.dll
0x0000000001220000 - 0x0000000001229000 	C:\Program Files\MATLAB\R2009a\bin\win64\boost_system-vc80-mt-1_36.dll
0x0000000001490000 - 0x00000000014a1000 	C:\Program Files\MATLAB\R2009a\bin\win64\boost_thread-vc80-mt-1_36.dll
0x00000000014b0000 - 0x00000000016e7000 	C:\Program Files\MATLAB\R2009a\bin\win64\libmwservices.dll
0x0000000001700000 - 0x0000000001771000 	C:\Program Files\MATLAB\R2009a\bin\win64\libmx.dll
0x0000000001790000 - 0x00000000017a7000 	C:\Program Files\MATLAB\R2009a\bin\win64\zlib1.dll
0x00000000017b0000 - 0x00000000018d5000 	C:\Program Files\MATLAB\R2009a\bin\win64\libmwmathutil.dll
0x00000000018f0000 - 0x0000000001945000 	C:\Program Files\MATLAB\R2009a\bin\win64\mpath.dll
0x0000000001960000 - 0x00000000019af000 	C:\Program Files\MATLAB\R2009a\bin\win64\mlutil.dll
0x0000000010000000 - 0x0000000010049000 	C:\Program Files\MATLAB\R2009a\bin\win64\tbb.dll
0x000007fefaa30000 - 0x000007fefaad0000 	C:\Windows\WinSxS\amd64_microsoft.windows.common-controls_6595b64144ccf1df_5.82.7600.16661_none_a44e1fc257f685f6\COMCTL32.dll
0x000007fefeed0000 - 0x000007fefef68000 	C:\Windows\system32\comdlg32.dll
0x000007feff260000 - 0x000007feff2d1000 	C:\Windows\system32\SHLWAPI.dll
0x000007fefdcf0000 - 0x000007fefea76000 	C:\Windows\system32\SHELL32.dll
0x000007fefb410000 - 0x000007fefb426000 	C:\Windows\system32\NETAPI32.dll
0x000007fefb400000 - 0x000007fefb40c000 	C:\Windows\system32\netutils.dll
0x000007fefcf30000 - 0x000007fefcf53000 	C:\Windows\system32\srvcli.dll
0x000007fefb3e0000 - 0x000007fefb3f5000 	C:\Windows\system32\wkscli.dll
0x000007fefdc00000 - 0x000007fefdc4d000 	C:\Windows\system32\WS2_32.dll
0x000007feff3e0000 - 0x000007feff3e8000 	C:\Windows\system32\NSI.dll
0x00000000019c0000 - 0x0000000001a42000 	C:\Program Files\MATLAB\R2009a\bin\win64\mcr.dll
0x0000000001a60000 - 0x0000000001ac2000 	C:\Program Files\MATLAB\R2009a\bin\win64\iqm.dll
0x0000000001ae0000 - 0x00000000023c7000 	C:\Program Files\MATLAB\R2009a\bin\win64\m_interpreter.dll
0x00000000023e0000 - 0x00000000023ef000 	C:\Program Files\MATLAB\R2009a\bin\win64\libmex.dll
0x0000000002400000 - 0x0000000002490000 	C:\Program Files\MATLAB\R2009a\bin\win64\m_dispatcher.dll
0x00000000024a0000 - 0x00000000024c5000 	C:\Program Files\MATLAB\R2009a\bin\win64\datasvcs.dll
0x0000000012000000 - 0x0000000012295000 	C:\Program Files\MATLAB\R2009a\bin\win64\xerces-c_2_7.dll
0x00000000024f0000 - 0x00000000025e1000 	C:\Program Files\MATLAB\R2009a\bin\win64\boost_regex-vc80-mt-1_36.dll
0x0000000002600000 - 0x0000000002691000 	C:\Program Files\MATLAB\R2009a\bin\win64\profiler.dll
0x00000000026b0000 - 0x00000000026da000 	C:\Program Files\MATLAB\R2009a\bin\win64\libmwmathrng.dll
0x00000000026f0000 - 0x000000000270a000 	C:\Program Files\MATLAB\R2009a\bin\win64\m_pcodeio.dll
0x0000000002720000 - 0x000000000276d000 	C:\Program Files\MATLAB\R2009a\bin\win64\m_ir.dll
0x0000000002780000 - 0x0000000002d86000 	C:\Program Files\MATLAB\R2009a\bin\win64\m_parser.dll
0x0000000002da0000 - 0x0000000002db4000 	C:\Program Files\MATLAB\R2009a\bin\win64\ir_xfmr.dll
0x0000000002dd0000 - 0x0000000003051000 	C:\Program Files\MATLAB\R2009a\bin\win64\mcos.dll
0x0000000003070000 - 0x000000000307c000 	C:\Program Files\MATLAB\R2009a\bin\win64\mtok.dll
0x0000000003090000 - 0x00000000030b0000 	C:\Program Files\MATLAB\R2009a\bin\win64\m_pcodegen.dll
0x000007fef31e0000 - 0x000007fef3305000 	C:\Windows\system32\dbghelp.dll
0x00000000030c0000 - 0x00000000030e4000 	C:\Program Files\MATLAB\R2009a\bin\win64\bridge.dll
0x0000000003100000 - 0x00000000031c0000 	C:\Program Files\MATLAB\R2009a\bin\win64\udd.dll
0x00000000031d0000 - 0x0000000003327000 	C:\Program Files\MATLAB\R2009a\bin\win64\libmwgui.dll
0x0000000003340000 - 0x0000000003625000 	C:\Program Files\MATLAB\R2009a\bin\win64\hg.dll
0x0000000003640000 - 0x0000000003672000 	C:\Program Files\MATLAB\R2009a\bin\win64\libmat.dll
0x0000000003690000 - 0x000000000387e000 	C:\Program Files\MATLAB\R2009a\bin\win64\libhdf5.dll
0x0000000003890000 - 0x00000000038f0000 	C:\Program Files\MATLAB\R2009a\bin\win64\jmi.dll
0x0000000003900000 - 0x0000000003940000 	C:\Program Files\MATLAB\R2009a\bin\win64\libmwhardcopy.dll
0x0000000003950000 - 0x00000000039a8000 	C:\Program Files\MATLAB\R2009a\bin\win64\libuij.dll
0x00000000039c0000 - 0x0000000003ab2000 	C:\Program Files\MATLAB\R2009a\bin\win64\libmwmathlinalg.dll
0x0000000003ad0000 - 0x0000000003e7c000 	C:\Program Files\MATLAB\R2009a\bin\win64\libmwmathelem.dll
0x0000000003e90000 - 0x0000000003efc000 	C:\Program Files\MATLAB\R2009a\bin\win64\libmwmathcore.dll
0x0000000003f10000 - 0x0000000003f72000 	C:\Program Files\MATLAB\R2009a\bin\win64\libmwcholmod.dll
0x0000000003f90000 - 0x0000000003f9d000 	C:\Program Files\MATLAB\R2009a\bin\win64\libmwamd.dll
0x0000000003fb0000 - 0x0000000003fbc000 	C:\Program Files\MATLAB\R2009a\bin\win64\libmwcolamd.dll
0x0000000003fd0000 - 0x0000000003fe5000 	C:\Program Files\MATLAB\R2009a\bin\win64\libmwblas.dll
0x0000000004000000 - 0x0000000004011000 	C:\Program Files\MATLAB\R2009a\bin\win64\libmwbinder.dll
0x0000000004030000 - 0x00000000040ad000 	C:\Program Files\MATLAB\R2009a\bin\win64\libmwlapack.dll
0x00000000040c0000 - 0x00000000040fb000 	C:\Program Files\MATLAB\R2009a\bin\win64\libmwrookfastbp.dll
0x0000000004110000 - 0x000000000415c000 	C:\Program Files\MATLAB\R2009a\bin\win64\libmwma57.dll
0x0000000004170000 - 0x000000000428c000 	C:\Program Files\MATLAB\R2009a\bin\win64\libifcoremd.dll
0x0000000004290000 - 0x0000000004560000 	C:\Program Files\MATLAB\R2009a\bin\win64\libmmd.dll
0x0000000004560000 - 0x0000000004570000 	C:\Program Files\MATLAB\R2009a\bin\win64\libmwcsparse.dll
0x0000000004580000 - 0x00000000045ee000 	C:\Program Files\MATLAB\R2009a\bin\win64\libmwumfpack.dll
0x0000000004600000 - 0x00000000046ed000 	C:\Program Files\MATLAB\R2009a\bin\win64\hgdatatypes.dll
0x0000000004700000 - 0x0000000004944000 	C:\Program Files\MATLAB\R2009a\bin\win64\uiw.dll
0x0000000004960000 - 0x000000000496a000 	C:\Program Files\MATLAB\R2009a\bin\win64\uinone.dll
0x000000006c8d0000 - 0x000000006ca6c000 	C:\Windows\WinSxS\amd64_microsoft.vc80.mfc_1fc8b3b9a1e18e3b_8.0.50727.6195_none_8448b2bd328df189\MFC80.DLL
0x000007fef50e0000 - 0x000007fef5150000 	C:\Windows\system32\WINSPOOL.DRV
0x000007fefd9f0000 - 0x000007fefdbf2000 	C:\Windows\system32\ole32.dll
0x000007fefef70000 - 0x000007feff047000 	C:\Windows\system32\OLEAUT32.dll
0x0000000004980000 - 0x0000000004a2b000 	C:\Program Files\MATLAB\R2009a\bin\win64\udd_mi.dll
0x0000000004a40000 - 0x0000000004a58000 	C:\Program Files\MATLAB\R2009a\bin\win64\mwoles05.DLL
0x0000000004a70000 - 0x0000000004ada000 	C:\Program Files\MATLAB\R2009a\bin\win64\comcli.dll
0x000000006c8b0000 - 0x000000006c8d0000 	C:\Windows\WinSxS\amd64_microsoft.vc80.atl_1fc8b3b9a1e18e3b_8.0.50727.6195_none_8a1dd9552ed7f8d8\ATL80.DLL
0x0000000004af0000 - 0x0000000004afe000 	C:\Program Files\MATLAB\R2009a\bin\win64\mlautoregister.dll
0x000007fefd290000 - 0x000007fefd2e7000 	C:\Windows\system32\apphelp.dll
0x000007fef2cf0000 - 0x000007fef2d41000 	C:\Windows\AppPatch\AppPatch64\AcGenral.DLL
0x000007fefd260000 - 0x000007fefd285000 	C:\Windows\system32\SspiCli.dll
0x0000000071db0000 - 0x0000000071db3000 	C:\Windows\system32\sfc.dll
0x000007fef6c90000 - 0x000007fef6ca0000 	C:\Windows\system32\sfc_os.DLL
0x000007fefc6b0000 - 0x000007fefc6ce000 	C:\Windows\system32\USERENV.dll
0x000007fefd3c0000 - 0x000007fefd3cf000 	C:\Windows\system32\profapi.dll
0x000007fefb810000 - 0x000007fefb828000 	C:\Windows\system32\dwmapi.dll
0x000007fef6c10000 - 0x000007fef6c28000 	C:\Windows\system32\MPR.dll
0x000007fefea80000 - 0x000007fefeaae000 	C:\Windows\system32\IMM32.DLL
0x000007fefeb70000 - 0x000007fefec79000 	C:\Windows\system32\MSCTF.dll
0x000007fefbde0000 - 0x000007fefbe36000 	C:\Windows\system32\uxtheme.dll
0x0000004500000000 - 0x0000004500011000 	C:\Program Files (x86)\TeamViewer\Version6\tv_x64.dll
0x000007fefac80000 - 0x000007fefaca7000 	C:\Windows\system32\iphlpapi.dll
0x000007fefac70000 - 0x000007fefac7b000 	C:\Windows\system32\WINNSI.DLL
0x000007fefca90000 - 0x000007fefcaeb000 	C:\Windows\system32\DNSAPI.dll
0x000007fefac50000 - 0x000007fefac68000 	C:\Windows\system32\dhcpcsvc.DLL
0x000007fefa660000 - 0x000007fefa671000 	C:\Windows\system32\dhcpcsvc6.DLL
0x0000000073ac0000 - 0x0000000073ac3000 	C:\Windows\system32\icmp.Dll
0x000007fefd2f0000 - 0x000007fefd2ff000 	C:\Windows\system32\CRYPTBASE.dll
0x000000000e6e0000 - 0x000000000ec8a000 	C:\Program Files\MATLAB\R2009a\sys\java\jre\win64\jre\bin\server\jvm.dll
0x000007fefafc0000 - 0x000007fefaffb000 	C:\Windows\system32\WINMM.dll
0x0000000004e20000 - 0x0000000004e2a000 	C:\Program Files\MATLAB\R2009a\sys\java\jre\win64\jre\bin\hpi.dll
0x0000000004e60000 - 0x0000000004e6e000 	C:\Program Files\MATLAB\R2009a\sys\java\jre\win64\jre\bin\verify.dll
0x00000000078a0000 - 0x00000000078c7000 	C:\Program Files\MATLAB\R2009a\sys\java\jre\win64\jre\bin\java.dll
0x0000000004e70000 - 0x0000000004e82000 	C:\Program Files\MATLAB\R2009a\sys\java\jre\win64\jre\bin\zip.dll
0x0000000009570000 - 0x0000000009591000 	C:\Program Files\MATLAB\R2009a\bin\win64\nativejava.dll
0x00000000095a0000 - 0x00000000095c8000 	C:\Program Files\MATLAB\R2009a\bin\win64\nativejmi.dll
0x00000000078e0000 - 0x00000000078e7000 	C:\Program Files\MATLAB\R2009a\bin\win64\nativeservices.dll
0x0000000011e50000 - 0x0000000011fef000 	C:\Program Files\MATLAB\R2009a\sys\java\jre\win64\jre\bin\awt.dll

VM Arguments:
jvm_args: -Xss512k -XX:PermSize=32m -Xms64m -XX:NewRatio=3 -XX:MaxPermSize=128m -Xmx196m -XX:MaxDirectMemorySize=2147400000 -Dsun.java2d.noddraw=true -Dsun.awt.nopixfmt=true -Xshare:off -Xrs -Djava.library.path=C:\Program Files\MATLAB\R2009a\bin\win64 vfprintf abort 
java_command: <unknown>
Launcher Type: generic

Environment Variables:
CLASSPATH=.;C:\Program Files (x86)\Java\jre6\lib\ext\QTJava.zip
PATH=C:\Program Files\Common Files\Microsoft Shared\Windows Live;C:\Program Files (x86)\Common Files\Microsoft Shared\Windows Live;C:\Windows\system32;C:\Windows;C:\Windows\System32\Wbem;C:\Windows\System32\WindowsPowerShell\v1.0\;c:\Program Files (x86)\Common Files\Roxio Shared\10.0\DLLShared\;c:\Program Files (x86)\Common Files\Roxio Shared\DLLShared\;C:\Program Files\MATLAB\R2009a\bin;C:\Program Files\MATLAB\R2009a\bin\win64;C:\Program Files (x86)\Microsoft SQL Server\100\Tools\Binn\;C:\Program Files (x86)\Microsoft SQL Server\100\DTS\Binn\;C:\Python26;C:\Python26\DLLs;C:\Python26\Scripts;C:\Python26\Lib\site-packages\PyQt4;C:\Python26\gnuplot\bin;C:\Python26\Lib\site-packages\vtk;C:\Program Files (x86)\pythonxy\console;C:\Program Files (x86)\pythonxy\SciTE-2.21;C:\Program Files (x86)\pythonxy\mingw\bin;C:\Program Files (x86)\Windows Live\Shared;C:\Program Files (x86)\QuickTime\QTSystem\;C:\Windows\System32
USERNAME=micro
OS=Windows_NT
PROCESSOR_IDENTIFIER=Intel64 Family 6 Model 30 Stepping 5, GenuineIntel



---------------  S Y S T E M  ---------------

OS: Windows NT 6.1 Build 7600 

CPU:total 8 (8 cores per cpu, 2 threads per core) family 6 model 14 stepping 5, cmov, cx8, fxsr, mmx, sse, sse2, sse3, ssse3, ht

Memory: 4k page, physical 8346704k(1687488k free), swap 16691508k(6318352k free)

vm_info: Java HotSpot(TM) 64-Bit Server VM (10.0-b19) for windows-amd64 JRE (1.6.0_04-b12), built on Dec 14 2007 00:44:23 by "java_re" with MS VC++ 8.0

time: Tue Oct 11 15:49:37 2011
elapsed time: 1113359 seconds

