#
# An unexpected error has been detected by Java Runtime Environment:
#
#  EXCEPTION_ACCESS_VIOLATION (0xc0000005) at pc=0x00000000111cfe55, pid=5648, tid=2156
#
# Java VM: Java HotSpot(TM) 64-Bit Server VM (10.0-b19 mixed mode windows-amd64)
# Problematic frame:
# C  [awt.dll+0x9fe55]
#
# If you would like to submit a bug report, please visit:
#   http://java.sun.com/webapps/bugreport/crash.jsp
# The crash happened outside the Java Virtual Machine in native code.
# See problematic frame for where to report the bug.
#

---------------  T H R E A D  ---------------

Current thread (0x000000000fc32800):  JavaThread "AWT-Windows" daemon [_thread_in_native, id=2156, stack(0x00000000113d0000,0x0000000011450000)]

siginfo: ExceptionCode=0xc0000005, reading address 0x0000000000000009

Registers:
EAX=0x0000000000000001, EBX=0x0000000000000001, ECX=0x0000000015a73970, EDX=0x000000001122bd30
ESP=0x000000001144f400, EBP=0x000000000001a220, ESI=0x000000003af520f0, EDI=0x0000000011130000
EIP=0x00000000111cfe55, EFLAGS=0x0000000000010202

Top of Stack: (sp=0x000000001144f400)
0x000000001144f400:   000000000fc32800 0000000000000000
0x000000001144f410:   0000000000000001 0000000011130000
0x000000001144f420:   000000000fc32998 00000000111d5539
0x000000001144f430:   000000000000086c 000000000fc32998
0x000000001144f440:   000000003af520f0 0000000000000111
0x000000001144f450:   0000000000000000 0000000000000001
0x000000001144f460:   000000001144f608 000000001120a7c5
0x000000001144f470:   0000000000000000 000000001144f608
0x000000001144f480:   0000000011285210 fffffffffffffffe
0x000000001144f490:   000000000fc32998 000000001120ba9c
0x000000001144f4a0:   0000000000000000 0000000000000111
0x000000001144f4b0:   0000000000000111 0000000000000111
0x000000001144f4c0:   000000000001a220 0000000000000000
0x000000001144f4d0:   000000003af520f0 000000001120d807
0x000000001144f4e0:   0000000000000000 0000000076c4b98f
0x000000001144f4f0:   00000000ffffffeb 0000000000000000 

Instructions: (pc=0x00000000111cfe55)
0x00000000111cfe45:   e8 46 8a 03 00 48 85 c0 48 8b c8 74 06 48 8b 00
0x00000000111cfe55:   ff 50 08 b8 02 00 00 00 48 83 c4 20 5b c3 49 8b 


Stack: [0x00000000113d0000,0x0000000011450000],  sp=0x000000001144f400,  free space=509k
Native frames: (J=compiled Java code, j=interpreted, Vv=VM code, C=native code)
C  [awt.dll+0x9fe55]

Java frames: (J=compiled Java code, j=interpreted, Vv=VM code)
v  ~BufferBlob::Interpreter
v  ~BufferBlob::Interpreter
v  ~BufferBlob::Interpreter
v  ~BufferBlob::StubRoutines (1)

---------------  P R O C E S S  ---------------

Java Threads: ( => current thread )
  0x000000000fe94400 JavaThread "Thread-267" [_thread_blocked, id=4980, stack(0x0000000035f30000,0x0000000035fb0000)]
  0x000000000fe95800 JavaThread "Thread-262" [_thread_blocked, id=5400, stack(0x0000000035eb0000,0x0000000035f30000)]
  0x000000000fe97400 JavaThread "Prefs Updater" [_thread_blocked, id=2032, stack(0x0000000035e30000,0x0000000035eb0000)]
  0x000000000fe96400 JavaThread "Thread-135" [_thread_blocked, id=6756, stack(0x0000000035db0000,0x0000000035e30000)]
  0x000000000fe93c00 JavaThread "Foxtrot Single Worker Thread #1" daemon [_thread_blocked, id=5952, stack(0x0000000035d20000,0x0000000035da0000)]
  0x000000000fe96000 JavaThread "Timer queue for AWT thread" daemon [_thread_blocked, id=4968, stack(0x000000003c740000,0x000000003c7c0000)]
  0x000000000fe93000 JavaThread "Thread-62" [_thread_blocked, id=6736, stack(0x000000003c630000,0x000000003c6b0000)]
  0x000000000fe92800 JavaThread "Thread-60" [_thread_blocked, id=7112, stack(0x000000003c5b0000,0x000000003c630000)]
  0x000000000fe92000 JavaThread "Thread-59" [_thread_blocked, id=6172, stack(0x000000003c530000,0x000000003c5b0000)]
  0x000000000fe91800 JavaThread "Thread-58" [_thread_blocked, id=308, stack(0x000000003c4b0000,0x000000003c530000)]
  0x000000000fe91400 JavaThread "Thread-57" [_thread_blocked, id=3012, stack(0x000000003c430000,0x000000003c4b0000)]
  0x000000000fe90c00 JavaThread "Thread-56" [_thread_blocked, id=6240, stack(0x000000003c6c0000,0x000000003c740000)]
  0x000000000fe90400 JavaThread "Thread-54" [_thread_blocked, id=7012, stack(0x000000003c3b0000,0x000000003c430000)]
  0x000000000fe90000 JavaThread "Thread-53" [_thread_blocked, id=2764, stack(0x000000003c330000,0x000000003c3b0000)]
  0x000000000f4eb400 JavaThread "Thread-52" [_thread_blocked, id=6448, stack(0x000000003c2b0000,0x000000003c330000)]
  0x000000000f4ea400 JavaThread "Thread-51" [_thread_blocked, id=6904, stack(0x000000003c230000,0x000000003c2b0000)]
  0x000000000f4e9c00 JavaThread "Thread-50" [_thread_blocked, id=6296, stack(0x0000000037210000,0x0000000037290000)]
  0x000000000f4e9800 JavaThread "Thread-48" [_thread_blocked, id=5380, stack(0x000000003bff0000,0x000000003c070000)]
  0x000000000f4e9000 JavaThread "Thread-47" [_thread_blocked, id=732, stack(0x000000003bf70000,0x000000003bff0000)]
  0x000000000f4e8800 JavaThread "Thread-46" [_thread_blocked, id=6840, stack(0x000000003bef0000,0x000000003bf70000)]
  0x000000000f4e8400 JavaThread "Thread-45" [_thread_blocked, id=6220, stack(0x000000003be70000,0x000000003bef0000)]
  0x000000000f4e7c00 JavaThread "Thread-44" [_thread_blocked, id=6760, stack(0x000000003bdf0000,0x000000003be70000)]
  0x000000000f4e7400 JavaThread "Thread-43" [_thread_blocked, id=4908, stack(0x000000003bd70000,0x000000003bdf0000)]
  0x000000000f4e7000 JavaThread "Thread-41" [_thread_blocked, id=6992, stack(0x000000003bcf0000,0x000000003bd70000)]
  0x000000000f4e6000 JavaThread "Thread-40" [_thread_blocked, id=6952, stack(0x000000003bc70000,0x000000003bcf0000)]
  0x000000000f4e5800 JavaThread "Thread-39" [_thread_blocked, id=5792, stack(0x00000000372a0000,0x0000000037320000)]
  0x000000000f4e5400 JavaThread "Thread-38" [_thread_blocked, id=4416, stack(0x0000000037190000,0x0000000037210000)]
  0x000000000f4e4400 JavaThread "Thread-36" [_thread_blocked, id=6276, stack(0x0000000037060000,0x00000000370e0000)]
  0x000000000f4e4000 JavaThread "Thread-35" [_thread_blocked, id=6572, stack(0x0000000036fe0000,0x0000000037060000)]
  0x000000000fd14800 JavaThread "Thread-34" [_thread_blocked, id=6976, stack(0x0000000036f60000,0x0000000036fe0000)]
  0x0000000034c6bc00 JavaThread "Thread-32" [_thread_blocked, id=7004, stack(0x0000000036ee0000,0x0000000036f60000)]
  0x000000000fcde400 JavaThread "Active Reference Queue Daemon" daemon [_thread_blocked, id=3156, stack(0x0000000036df0000,0x0000000036e70000)]
  0x00000000350cb000 JavaThread "Timer-27" daemon [_thread_blocked, id=5536, stack(0x0000000036d70000,0x0000000036df0000)]
  0x0000000034ead800 JavaThread "Timer-19" daemon [_thread_blocked, id=5980, stack(0x0000000036c50000,0x0000000036cd0000)]
  0x0000000034d6c400 JavaThread "Timer-1" [_thread_blocked, id=5924, stack(0x00000000118b0000,0x0000000011930000)]
  0x000000000fd19400 JavaThread "TimerQueue" daemon [_thread_blocked, id=6548, stack(0x0000000011830000,0x00000000118b0000)]
  0x000000000fce8c00 JavaThread "AWT-EventQueue-0" [_thread_in_native, id=2144, stack(0x00000000116a0000,0x0000000011720000)]
=>0x000000000fc32800 JavaThread "AWT-Windows" daemon [_thread_in_native, id=2156, stack(0x00000000113d0000,0x0000000011450000)]
  0x000000000fc32000 JavaThread "AWT-Shutdown" [_thread_blocked, id=2044, stack(0x0000000011350000,0x00000000113d0000)]
  0x000000000fbcbc00 JavaThread "Java2D Disposer" daemon [_thread_blocked, id=6408, stack(0x00000000112d0000,0x0000000011350000)]
  0x000000000f4a4400 JavaThread "Timer-0" [_thread_blocked, id=6188, stack(0x000000000f120000,0x000000000f1a0000)]
  0x000000000f533800 JavaThread "JMI Unnamed Thread" [_thread_in_native, id=5180, stack(0x0000000009510000,0x000000000a510000)]
  0x000000000f33d000 JavaThread "Low Memory Detector" daemon [_thread_blocked, id=2500, stack(0x000000000f0a0000,0x000000000f120000)]
  0x000000000f338c00 JavaThread "CompilerThread1" daemon [_thread_blocked, id=6900, stack(0x00000000326a0000,0x00000000336a0000)]
  0x000000000f334000 JavaThread "CompilerThread0" daemon [_thread_blocked, id=6496, stack(0x00000000316a0000,0x00000000326a0000)]
  0x000000000f333800 JavaThread "Attach Listener" daemon [_thread_blocked, id=6596, stack(0x000000000f020000,0x000000000f0a0000)]
  0x000000000f310c00 JavaThread "Finalizer" daemon [_thread_blocked, id=3244, stack(0x000000000eec0000,0x000000000ef40000)]
  0x0000000004bff400 JavaThread "Reference Handler" daemon [_thread_blocked, id=5800, stack(0x000000000ee40000,0x000000000eec0000)]
  0x0000000004cdec00 JavaThread "main" [_thread_in_native, id=1076, stack(0x0000000000030000,0x0000000001030000)]

Other Threads:
  0x0000000004bfe400 VMThread [stack: 0x00000000306a0000,0x00000000316a0000] [id=6712]
  0x000000000f369800 WatcherThread [stack: 0x00000000336a0000,0x00000000346a0000] [id=6468]

VM state:not at safepoint (normal execution)

VM Mutex/Monitor currently owned by a thread: None

Heap
 PSYoungGen      total 47808K, used 17264K [0x00000000265a0000, 0x00000000294e0000, 0x00000000296a0000)
  eden space 47232K, 36% used [0x00000000265a0000,0x000000002765c080,0x00000000293c0000)
  from space 576K, 22% used [0x0000000029450000,0x0000000029470000,0x00000000294e0000)
  to   space 576K, 0% used [0x00000000293c0000,0x00000000293c0000,0x0000000029450000)
 PSOldGen        total 150528K, used 122952K [0x000000001d2a0000, 0x00000000265a0000, 0x00000000265a0000)
  object space 150528K, 81% used [0x000000001d2a0000,0x0000000024ab23a0,0x00000000265a0000)
 PSPermGen       total 94272K, used 57623K [0x00000000152a0000, 0x000000001aeb0000, 0x000000001d2a0000)
  object space 94272K, 61% used [0x00000000152a0000,0x0000000018ae5c38,0x000000001aeb0000)

Dynamic libraries:
0x0000000140000000 - 0x0000000140032000 	C:\Program Files\MATLAB\R2009a\bin\win64\MATLAB.exe
0x0000000076d30000 - 0x0000000076edb000 	C:\Windows\SYSTEM32\ntdll.dll
0x0000000076b10000 - 0x0000000076c2f000 	C:\Windows\system32\kernel32.dll
0x000007fefce20000 - 0x000007fefce8b000 	C:\Windows\system32\KERNELBASE.dll
0x0000000180000000 - 0x0000000180406000 	C:\Program Files\MATLAB\R2009a\bin\win64\libut.dll
0x000007fefd2f0000 - 0x000007fefd307000 	C:\Windows\system32\imagehlp.dll
0x000007fefd780000 - 0x000007fefd81f000 	C:\Windows\system32\msvcrt.dll
0x0000000076ef0000 - 0x0000000076ef7000 	C:\Windows\system32\PSAPI.DLL
0x00000000010d0000 - 0x00000000010f8000 	C:\Program Files\MATLAB\R2009a\bin\win64\LIBEXPAT.dll
0x0000000072310000 - 0x00000000723d9000 	C:\Windows\WinSxS\amd64_microsoft.vc80.crt_1fc8b3b9a1e18e3b_8.0.50727.4927_none_88dce9872fb18caf\MSVCR80.dll
0x000000004a800000 - 0x000000004a923000 	C:\Program Files\MATLAB\R2009a\bin\win64\icuuc38.dll
0x000007fefeb40000 - 0x000007fefec1b000 	C:\Windows\system32\ADVAPI32.dll
0x000007fefedd0000 - 0x000007fefedef000 	C:\Windows\SYSTEM32\sechost.dll
0x000007fefedf0000 - 0x000007fefef1e000 	C:\Windows\system32\RPCRT4.dll
0x000000004ad00000 - 0x000000004ad03000 	C:\Program Files\MATLAB\R2009a\bin\win64\icudt38.dll
0x000000004ab00000 - 0x000000004ab0f000 	C:\Program Files\MATLAB\R2009a\bin\win64\icuio38.dll
0x0000000001230000 - 0x000000000136a000 	C:\Program Files\MATLAB\R2009a\bin\win64\icuin38.dll
0x0000000072120000 - 0x0000000072229000 	C:\Windows\WinSxS\amd64_microsoft.vc80.crt_1fc8b3b9a1e18e3b_8.0.50727.4927_none_88dce9872fb18caf\MSVCP80.dll
0x0000000076c30000 - 0x0000000076d2a000 	C:\Windows\system32\USER32.dll
0x000007fefd910000 - 0x000007fefd977000 	C:\Windows\system32\GDI32.dll
0x000007fefdab0000 - 0x000007fefdabe000 	C:\Windows\system32\LPK.dll
0x000007fefd1e0000 - 0x000007fefd2aa000 	C:\Windows\system32\USP10.dll
0x0000000001380000 - 0x00000000013ee000 	C:\Program Files\MATLAB\R2009a\bin\win64\libmwfl.dll
0x0000000001400000 - 0x000000000140f000 	C:\Program Files\MATLAB\R2009a\bin\win64\boost_date_time-vc80-mt-1_36.dll
0x0000000001420000 - 0x0000000001436000 	C:\Program Files\MATLAB\R2009a\bin\win64\boost_signals-vc80-mt-1_36.dll
0x0000000001450000 - 0x0000000001459000 	C:\Program Files\MATLAB\R2009a\bin\win64\boost_system-vc80-mt-1_36.dll
0x0000000001470000 - 0x0000000001481000 	C:\Program Files\MATLAB\R2009a\bin\win64\boost_thread-vc80-mt-1_36.dll
0x00000000014a0000 - 0x00000000016d7000 	C:\Program Files\MATLAB\R2009a\bin\win64\libmwservices.dll
0x00000000016f0000 - 0x0000000001761000 	C:\Program Files\MATLAB\R2009a\bin\win64\libmx.dll
0x0000000001780000 - 0x0000000001797000 	C:\Program Files\MATLAB\R2009a\bin\win64\zlib1.dll
0x00000000017a0000 - 0x00000000018c5000 	C:\Program Files\MATLAB\R2009a\bin\win64\libmwmathutil.dll
0x00000000018e0000 - 0x0000000001935000 	C:\Program Files\MATLAB\R2009a\bin\win64\mpath.dll
0x0000000001950000 - 0x000000000199f000 	C:\Program Files\MATLAB\R2009a\bin\win64\mlutil.dll
0x0000000010000000 - 0x0000000010049000 	C:\Program Files\MATLAB\R2009a\bin\win64\tbb.dll
0x000007fefa4f0000 - 0x000007fefa590000 	C:\Windows\WinSxS\amd64_microsoft.windows.common-controls_6595b64144ccf1df_5.82.7600.16661_none_a44e1fc257f685f6\COMCTL32.dll
0x000007fefef20000 - 0x000007fefefb8000 	C:\Windows\system32\comdlg32.dll
0x000007fefed50000 - 0x000007fefedc1000 	C:\Windows\system32\SHLWAPI.dll
0x000007fefddb0000 - 0x000007fefeb36000 	C:\Windows\system32\SHELL32.dll
0x000007fefad80000 - 0x000007fefad96000 	C:\Windows\system32\NETAPI32.dll
0x000007fefad70000 - 0x000007fefad7c000 	C:\Windows\system32\netutils.dll
0x000007fefc8c0000 - 0x000007fefc8e3000 	C:\Windows\system32\srvcli.dll
0x000007fefad50000 - 0x000007fefad65000 	C:\Windows\system32\wkscli.dll
0x000007fefd820000 - 0x000007fefd86d000 	C:\Windows\system32\WS2_32.dll
0x000007fefd2b0000 - 0x000007fefd2b8000 	C:\Windows\system32\NSI.dll
0x00000000019b0000 - 0x0000000001a32000 	C:\Program Files\MATLAB\R2009a\bin\win64\mcr.dll
0x0000000001a50000 - 0x0000000001ab2000 	C:\Program Files\MATLAB\R2009a\bin\win64\iqm.dll
0x0000000001ad0000 - 0x00000000023b7000 	C:\Program Files\MATLAB\R2009a\bin\win64\m_interpreter.dll
0x00000000023d0000 - 0x00000000023df000 	C:\Program Files\MATLAB\R2009a\bin\win64\libmex.dll
0x00000000023f0000 - 0x0000000002480000 	C:\Program Files\MATLAB\R2009a\bin\win64\m_dispatcher.dll
0x0000000002490000 - 0x00000000024b5000 	C:\Program Files\MATLAB\R2009a\bin\win64\datasvcs.dll
0x0000000012000000 - 0x0000000012295000 	C:\Program Files\MATLAB\R2009a\bin\win64\xerces-c_2_7.dll
0x00000000024e0000 - 0x00000000025d1000 	C:\Program Files\MATLAB\R2009a\bin\win64\boost_regex-vc80-mt-1_36.dll
0x00000000025f0000 - 0x0000000002681000 	C:\Program Files\MATLAB\R2009a\bin\win64\profiler.dll
0x00000000026a0000 - 0x00000000026ca000 	C:\Program Files\MATLAB\R2009a\bin\win64\libmwmathrng.dll
0x00000000026e0000 - 0x00000000026fa000 	C:\Program Files\MATLAB\R2009a\bin\win64\m_pcodeio.dll
0x0000000002710000 - 0x000000000275d000 	C:\Program Files\MATLAB\R2009a\bin\win64\m_ir.dll
0x0000000002770000 - 0x0000000002d76000 	C:\Program Files\MATLAB\R2009a\bin\win64\m_parser.dll
0x0000000002d90000 - 0x0000000002da4000 	C:\Program Files\MATLAB\R2009a\bin\win64\ir_xfmr.dll
0x0000000002dc0000 - 0x0000000003041000 	C:\Program Files\MATLAB\R2009a\bin\win64\mcos.dll
0x0000000003060000 - 0x000000000306c000 	C:\Program Files\MATLAB\R2009a\bin\win64\mtok.dll
0x0000000003080000 - 0x00000000030a0000 	C:\Program Files\MATLAB\R2009a\bin\win64\m_pcodegen.dll
0x000007fef6b70000 - 0x000007fef6c95000 	C:\Windows\system32\dbghelp.dll
0x00000000030b0000 - 0x00000000030d4000 	C:\Program Files\MATLAB\R2009a\bin\win64\bridge.dll
0x00000000030f0000 - 0x00000000031b0000 	C:\Program Files\MATLAB\R2009a\bin\win64\udd.dll
0x00000000031c0000 - 0x0000000003317000 	C:\Program Files\MATLAB\R2009a\bin\win64\libmwgui.dll
0x0000000003330000 - 0x0000000003615000 	C:\Program Files\MATLAB\R2009a\bin\win64\hg.dll
0x0000000003630000 - 0x0000000003662000 	C:\Program Files\MATLAB\R2009a\bin\win64\libmat.dll
0x0000000003680000 - 0x000000000386e000 	C:\Program Files\MATLAB\R2009a\bin\win64\libhdf5.dll
0x0000000003880000 - 0x00000000038e0000 	C:\Program Files\MATLAB\R2009a\bin\win64\jmi.dll
0x00000000038f0000 - 0x0000000003930000 	C:\Program Files\MATLAB\R2009a\bin\win64\libmwhardcopy.dll
0x0000000003940000 - 0x0000000003998000 	C:\Program Files\MATLAB\R2009a\bin\win64\libuij.dll
0x00000000039b0000 - 0x0000000003aa2000 	C:\Program Files\MATLAB\R2009a\bin\win64\libmwmathlinalg.dll
0x0000000003ac0000 - 0x0000000003e6c000 	C:\Program Files\MATLAB\R2009a\bin\win64\libmwmathelem.dll
0x0000000003e80000 - 0x0000000003eec000 	C:\Program Files\MATLAB\R2009a\bin\win64\libmwmathcore.dll
0x0000000003f00000 - 0x0000000003f62000 	C:\Program Files\MATLAB\R2009a\bin\win64\libmwcholmod.dll
0x0000000003f80000 - 0x0000000003f8d000 	C:\Program Files\MATLAB\R2009a\bin\win64\libmwamd.dll
0x0000000003fa0000 - 0x0000000003fac000 	C:\Program Files\MATLAB\R2009a\bin\win64\libmwcolamd.dll
0x0000000003fc0000 - 0x0000000003fd5000 	C:\Program Files\MATLAB\R2009a\bin\win64\libmwblas.dll
0x0000000003ff0000 - 0x0000000004001000 	C:\Program Files\MATLAB\R2009a\bin\win64\libmwbinder.dll
0x0000000004020000 - 0x000000000409d000 	C:\Program Files\MATLAB\R2009a\bin\win64\libmwlapack.dll
0x00000000040b0000 - 0x00000000040eb000 	C:\Program Files\MATLAB\R2009a\bin\win64\libmwrookfastbp.dll
0x0000000004100000 - 0x000000000414c000 	C:\Program Files\MATLAB\R2009a\bin\win64\libmwma57.dll
0x0000000004160000 - 0x000000000427c000 	C:\Program Files\MATLAB\R2009a\bin\win64\libifcoremd.dll
0x0000000004280000 - 0x0000000004550000 	C:\Program Files\MATLAB\R2009a\bin\win64\libmmd.dll
0x0000000004550000 - 0x0000000004560000 	C:\Program Files\MATLAB\R2009a\bin\win64\libmwcsparse.dll
0x0000000004570000 - 0x00000000045de000 	C:\Program Files\MATLAB\R2009a\bin\win64\libmwumfpack.dll
0x00000000045f0000 - 0x00000000046dd000 	C:\Program Files\MATLAB\R2009a\bin\win64\hgdatatypes.dll
0x00000000046f0000 - 0x0000000004934000 	C:\Program Files\MATLAB\R2009a\bin\win64\uiw.dll
0x0000000004950000 - 0x000000000495a000 	C:\Program Files\MATLAB\R2009a\bin\win64\uinone.dll
0x000000006d150000 - 0x000000006d2ec000 	C:\Windows\WinSxS\amd64_microsoft.vc80.mfc_1fc8b3b9a1e18e3b_8.0.50727.1833_none_8442d417329336b1\MFC80.DLL
0x000007fef7ae0000 - 0x000007fef7b50000 	C:\Windows\system32\WINSPOOL.DRV
0x000007fefd310000 - 0x000007fefd512000 	C:\Windows\system32\ole32.dll
0x000007fefd9d0000 - 0x000007fefdaa7000 	C:\Windows\system32\OLEAUT32.dll
0x0000000004970000 - 0x0000000004a1b000 	C:\Program Files\MATLAB\R2009a\bin\win64\udd_mi.dll
0x0000000004a30000 - 0x0000000004a48000 	C:\Program Files\MATLAB\R2009a\bin\win64\mwoles05.DLL
0x0000000004a60000 - 0x0000000004aca000 	C:\Program Files\MATLAB\R2009a\bin\win64\comcli.dll
0x0000000073c00000 - 0x0000000073c1f000 	C:\Windows\WinSxS\amd64_microsoft.vc80.atl_1fc8b3b9a1e18e3b_8.0.50727.1833_none_8a17faaf2edd3e00\ATL80.DLL
0x0000000004ae0000 - 0x0000000004aee000 	C:\Program Files\MATLAB\R2009a\bin\win64\mlautoregister.dll
0x000007fefd2c0000 - 0x000007fefd2ee000 	C:\Windows\system32\IMM32.DLL
0x000007fefdac0000 - 0x000007fefdbc9000 	C:\Windows\system32\MSCTF.dll
0x000007fefcc90000 - 0x000007fefcc9f000 	C:\Windows\system32\profapi.dll
0x000007fefb420000 - 0x000007fefb476000 	C:\Windows\system32\uxtheme.dll
0x000007fefa620000 - 0x000007fefa647000 	C:\Windows\system32\iphlpapi.dll
0x000007fefa610000 - 0x000007fefa61b000 	C:\Windows\system32\WINNSI.DLL
0x000007fefc430000 - 0x000007fefc48b000 	C:\Windows\system32\DNSAPI.dll
0x000007fefa5f0000 - 0x000007fefa608000 	C:\Windows\system32\dhcpcsvc.DLL
0x000007fef9c20000 - 0x000007fef9c31000 	C:\Windows\system32\dhcpcsvc6.DLL
0x000000006e450000 - 0x000000006e453000 	C:\Windows\system32\icmp.Dll
0x000007fefcbc0000 - 0x000007fefcbcf000 	C:\Windows\system32\CRYPTBASE.dll
0x000000000e510000 - 0x000000000eaba000 	C:\Program Files\MATLAB\R2009a\sys\java\jre\win64\jre\bin\server\jvm.dll
0x000007fefa970000 - 0x000007fefa9ab000 	C:\Windows\system32\WINMM.dll
0x0000000004c90000 - 0x0000000004c9a000 	C:\Program Files\MATLAB\R2009a\sys\java\jre\win64\jre\bin\hpi.dll
0x0000000004cc0000 - 0x0000000004cce000 	C:\Program Files\MATLAB\R2009a\sys\java\jre\win64\jre\bin\verify.dll
0x0000000004d20000 - 0x0000000004d47000 	C:\Program Files\MATLAB\R2009a\sys\java\jre\win64\jre\bin\java.dll
0x0000000004d70000 - 0x0000000004d82000 	C:\Program Files\MATLAB\R2009a\sys\java\jre\win64\jre\bin\zip.dll
0x00000000093a0000 - 0x00000000093c1000 	C:\Program Files\MATLAB\R2009a\bin\win64\nativejava.dll
0x00000000093d0000 - 0x00000000093f8000 	C:\Program Files\MATLAB\R2009a\bin\win64\nativejmi.dll
0x0000000007e50000 - 0x0000000007e57000 	C:\Program Files\MATLAB\R2009a\bin\win64\nativeservices.dll
0x0000000011130000 - 0x00000000112cf000 	C:\Program Files\MATLAB\R2009a\sys\java\jre\win64\jre\bin\awt.dll
0x000007fefb050000 - 0x000007fefb068000 	C:\Windows\system32\dwmapi.dll
0x0000000011950000 - 0x00000000119ba000 	C:\Program Files\MATLAB\R2009a\sys\java\jre\win64\jre\bin\fontmanager.dll
0x0000000011670000 - 0x0000000011687000 	C:\Program Files\MATLAB\R2009a\sys\java\jre\win64\jre\bin\net.dll
0x000007fefc4f0000 - 0x000007fefc544000 	C:\Windows\system32\mswsock.dll
0x000007fefc760000 - 0x000007fefc767000 	C:\Windows\System32\wship6.dll
0x0000000011690000 - 0x000000001169b000 	C:\Program Files\MATLAB\R2009a\sys\java\jre\win64\jre\bin\nio.dll
0x0000000011720000 - 0x0000000011727000 	C:\Program Files\MATLAB\R2009a\bin\win64\nativelmgr.dll
0x0000000011740000 - 0x0000000011775000 	C:\Program Files\MATLAB\R2009a\sys\java\jre\win64\jre\bin\jpeg.dll
0x0000000011dc0000 - 0x0000000011f5e000 	C:\Program Files\MATLAB\R2009a\bin\win64\instutil.dll

VM Arguments:
jvm_args: -Xss512k -XX:PermSize=32m -Xms64m -XX:NewRatio=3 -XX:MaxPermSize=128m -Xmx196m -XX:MaxDirectMemorySize=2147400000 -Dsun.java2d.noddraw=true -Dsun.awt.nopixfmt=true -Xshare:off -Xrs -Djava.library.path=C:\Program Files\MATLAB\R2009a\bin\win64 vfprintf abort 
java_command: <unknown>
Launcher Type: generic

Environment Variables:
CLASSPATH=.;C:\Program Files (x86)\Java\jre6\lib\ext\QTJava.zip
PATH=C:\Windows\system32;C:\Windows;C:\Windows\System32\Wbem;C:\Windows\System32\WindowsPowerShell\v1.0\;c:\Program Files (x86)\Common Files\Roxio Shared\10.0\DLLShared\;c:\Program Files (x86)\Common Files\Roxio Shared\DLLShared\;C:\Program Files\MATLAB\R2009a\bin;C:\Program Files\MATLAB\R2009a\bin\win64;C:\Program Files (x86)\QuickTime\QTSystem\;C:\Program Files (x86)\Microsoft SQL Server\100\Tools\Binn\;C:\Program Files (x86)\Microsoft SQL Server\100\DTS\Binn\;C:\Python26;C:\Python26\DLLs;C:\Python26\Scripts;C:\Python26\Lib\site-packages\PyQt4;C:\Python26\gnuplot\bin;C:\Python26\Lib\site-packages\vtk;C:\Program Files (x86)\pythonxy\console;C:\Program Files (x86)\pythonxy\SciTE-2.21;C:\Program Files (x86)\pythonxy\mingw\bin;C:\Windows\System32
USERNAME=micro
OS=Windows_NT
PROCESSOR_IDENTIFIER=Intel64 Family 6 Model 30 Stepping 5, GenuineIntel



---------------  S Y S T E M  ---------------

OS: Windows NT 6.1 Build 7600 

CPU:total 8 (8 cores per cpu, 2 threads per core) family 6 model 14 stepping 5, cmov, cx8, fxsr, mmx, sse, sse2, sse3, ssse3, ht

Memory: 4k page, physical 8346704k(4207548k free), swap 16691508k(12044924k free)

vm_info: Java HotSpot(TM) 64-Bit Server VM (10.0-b19) for windows-amd64 JRE (1.6.0_04-b12), built on Dec 14 2007 00:44:23 by "java_re" with MS VC++ 8.0

time: Fri Jan 21 15:35:15 2011
elapsed time: 160946 seconds

