#
# An unexpected error has been detected by Java Runtime Environment:
#
#  EXCEPTION_ACCESS_VIOLATION (0xc0000005) at pc=0x000000003373fe52, pid=3636, tid=5044
#
# Java VM: Java HotSpot(TM) 64-Bit Server VM (10.0-b19 mixed mode windows-amd64)
# Problematic frame:
# C  [awt.dll+0x9fe52]
#
# If you would like to submit a bug report, please visit:
#   http://java.sun.com/webapps/bugreport/crash.jsp
# The crash happened outside the Java Virtual Machine in native code.
# See problematic frame for where to report the bug.
#

---------------  T H R E A D  ---------------

Current thread (0x0000000011afcc00):  JavaThread "AWT-Windows" daemon [_thread_in_native, id=5044, stack(0x0000000033940000,0x00000000339c0000)]

siginfo: ExceptionCode=0xc0000005, reading address 0xffffffffffffffff

Registers:
EAX=0x36033ebe2c4d1700, EBX=0x0000000000000001, ECX=0x36033ebe2c4d1700, EDX=0x000000003379bd30
ESP=0x00000000339befe0, EBP=0x000000000001a220, ESI=0x0000000011386530, EDI=0x00000000336a0000
EIP=0x000000003373fe52, EFLAGS=0x0000000000010206

Top of Stack: (sp=0x00000000339befe0)
0x00000000339befe0:   0000000011afcc00 0000000000000000
0x00000000339beff0:   0000000000000001 00000000336a0000
0x00000000339bf000:   0000000011afcd98 0000000033745539
0x00000000339bf010:   0000000045bb3a20 0000000011afcd98
0x00000000339bf020:   0000000011386530 0000000000000111
0x00000000339bf030:   0000000004d2d308 000000000031065a
0x00000000339bf040:   0000000000000000 000000000000c215
0x00000000339bf050:   0000000000000000 0000000000000000
0x00000000339bf060:   000000000000c215 fffffffffffffffe
0x00000000339bf070:   0000000011afcd98 0000000000000001
0x00000000339bf080:   0000000000000000 0000000000000111
0x00000000339bf090:   0000000000000111 0000000000000111
0x00000000339bf0a0:   000000000001a220 0000000000000000
0x00000000339bf0b0:   0000000011386530 000000003377d807
0x00000000339bf0c0:   0000000000000000 00000000770fb98f
0x00000000339bf0d0:   00000000ffffffeb 0000000000000000 

Instructions: (pc=0x000000003373fe52)
0x000000003373fe42:   53 0b 00 e8 46 8a 03 00 48 85 c0 48 8b c8 74 06
0x000000003373fe52:   48 8b 00 ff 50 08 b8 02 00 00 00 48 83 c4 20 5b 


Stack: [0x0000000033940000,0x00000000339c0000],  sp=0x00000000339befe0,  free space=507k
Native frames: (J=compiled Java code, j=interpreted, Vv=VM code, C=native code)
C  [awt.dll+0x9fe52]

Java frames: (J=compiled Java code, j=interpreted, Vv=VM code)
v  ~BufferBlob::Interpreter
v  ~BufferBlob::Interpreter
v  ~BufferBlob::Interpreter
v  ~BufferBlob::StubRoutines (1)

---------------  P R O C E S S  ---------------

Java Threads: ( => current thread )
  0x000000003b0d4800 JavaThread "Thread-119" [_thread_blocked, id=3804, stack(0x000000000e0b0000,0x000000000e130000)]
  0x000000003b0d5000 JavaThread "Foxtrot Single Worker Thread #1" daemon [_thread_blocked, id=2564, stack(0x000000000e330000,0x000000000e3b0000)]
  0x000000003b0d6c00 JavaThread "Thread-98" [_thread_blocked, id=1960, stack(0x000000000e030000,0x000000000e0b0000)]
  0x000000003b0d7000 JavaThread "Prefs Updater" [_thread_blocked, id=4004, stack(0x000000000dfb0000,0x000000000e030000)]
  0x000000003b0da000 JavaThread "Timer queue for AWT thread" daemon [_thread_blocked, id=2252, stack(0x000000003c730000,0x000000003c7b0000)]
  0x0000000011398c00 JavaThread "Active Reference Queue Daemon" daemon [_thread_blocked, id=2212, stack(0x0000000036d70000,0x0000000036df0000)]
  0x0000000011398800 JavaThread "Timer-18" daemon [_thread_blocked, id=3760, stack(0x0000000036c30000,0x0000000036cb0000)]
  0x0000000011398000 JavaThread "Timer-14" daemon [_thread_blocked, id=1728, stack(0x00000000369a0000,0x0000000036a20000)]
  0x0000000034ebe800 JavaThread "Timer-1" [_thread_blocked, id=1240, stack(0x0000000033d30000,0x0000000033db0000)]
  0x0000000011d48400 JavaThread "TimerQueue" daemon [_thread_blocked, id=2960, stack(0x0000000033a60000,0x0000000033ae0000)]
  0x0000000011d35800 JavaThread "AWT-EventQueue-0" [_thread_in_native, id=3556, stack(0x00000000339c0000,0x0000000033a40000)]
  0x0000000011b89800 JavaThread "AWT-Shutdown" [_thread_blocked, id=2740, stack(0x00000000338c0000,0x0000000033940000)]
=>0x0000000011afcc00 JavaThread "AWT-Windows" daemon [_thread_in_native, id=5044, stack(0x0000000033940000,0x00000000339c0000)]
  0x0000000011afc000 JavaThread "Java2D Disposer" daemon [_thread_blocked, id=984, stack(0x0000000033840000,0x00000000338c0000)]
  0x0000000011383800 JavaThread "Timer-0" [_thread_blocked, id=3964, stack(0x0000000011650000,0x00000000116d0000)]
  0x00000000112ab000 JavaThread "JMI Unnamed Thread" [_thread_in_native, id=4048, stack(0x0000000009430000,0x000000000a430000)]
  0x00000000111ddc00 JavaThread "Low Memory Detector" daemon [_thread_blocked, id=2248, stack(0x000000000ff50000,0x000000000ffd0000)]
  0x00000000111db800 JavaThread "CompilerThread1" daemon [_thread_blocked, id=3056, stack(0x00000000316a0000,0x00000000326a0000)]
  0x00000000111d4c00 JavaThread "CompilerThread0" daemon [_thread_blocked, id=4932, stack(0x00000000306a0000,0x00000000316a0000)]
  0x00000000111d4400 JavaThread "Attach Listener" daemon [_thread_blocked, id=2296, stack(0x000000000fed0000,0x000000000ff50000)]
  0x00000000111ad400 JavaThread "Finalizer" daemon [_thread_blocked, id=3784, stack(0x000000000fe50000,0x000000000fed0000)]
  0x00000000111a3400 JavaThread "Reference Handler" daemon [_thread_blocked, id=2704, stack(0x000000000fdd0000,0x000000000fe50000)]
  0x0000000004b6ec00 JavaThread "main" [_thread_in_native, id=4916, stack(0x0000000000030000,0x0000000001030000)]

Other Threads:
  0x000000001119c400 VMThread [stack: 0x000000002f6a0000,0x00000000306a0000] [id=3216]
  0x000000001120a400 WatcherThread [stack: 0x00000000326a0000,0x00000000336a0000] [id=2836]

VM state:not at safepoint (normal execution)

VM Mutex/Monitor currently owned by a thread: None

Heap
 PSYoungGen      total 15680K, used 8440K [0x00000000265a0000, 0x00000000275a0000, 0x00000000296a0000)
  eden space 15040K, 54% used [0x00000000265a0000,0x0000000026d9e168,0x0000000027450000)
  from space 640K, 40% used [0x0000000027450000,0x0000000027490000,0x00000000274f0000)
  to   space 640K, 0% used [0x0000000027500000,0x0000000027500000,0x00000000275a0000)
 PSOldGen        total 150528K, used 92561K [0x000000001d2a0000, 0x00000000265a0000, 0x00000000265a0000)
  object space 150528K, 61% used [0x000000001d2a0000,0x0000000022d04420,0x00000000265a0000)
 PSPermGen       total 92224K, used 58173K [0x00000000152a0000, 0x000000001acb0000, 0x000000001d2a0000)
  object space 92224K, 63% used [0x00000000152a0000,0x0000000018b6f6e0,0x000000001acb0000)

Dynamic libraries:
0x0000000140000000 - 0x0000000140032000 	C:\Program Files\MATLAB\R2009a\bin\win64\MATLAB.exe
0x0000000077300000 - 0x00000000774ab000 	C:\Windows\SYSTEM32\ntdll.dll
0x00000000771e0000 - 0x00000000772ff000 	C:\Windows\system32\kernel32.dll
0x000007fefd520000 - 0x000007fefd58b000 	C:\Windows\system32\KERNELBASE.dll
0x0000000180000000 - 0x0000000180406000 	C:\Program Files\MATLAB\R2009a\bin\win64\libut.dll
0x000007feff490000 - 0x000007feff4a7000 	C:\Windows\system32\imagehlp.dll
0x000007feff3f0000 - 0x000007feff48f000 	C:\Windows\system32\msvcrt.dll
0x00000000774c0000 - 0x00000000774c7000 	C:\Windows\system32\PSAPI.DLL
0x0000000001060000 - 0x0000000001088000 	C:\Program Files\MATLAB\R2009a\bin\win64\LIBEXPAT.dll
0x0000000072bc0000 - 0x0000000072c89000 	C:\Windows\WinSxS\amd64_microsoft.vc80.crt_1fc8b3b9a1e18e3b_8.0.50727.4927_none_88dce9872fb18caf\MSVCR80.dll
0x000000004a800000 - 0x000000004a923000 	C:\Program Files\MATLAB\R2009a\bin\win64\icuuc38.dll
0x000007feff1d0000 - 0x000007feff2ab000 	C:\Windows\system32\ADVAPI32.dll
0x000007feff2b0000 - 0x000007feff2cf000 	C:\Windows\SYSTEM32\sechost.dll
0x000007fefe9b0000 - 0x000007fefeade000 	C:\Windows\system32\RPCRT4.dll
0x000000004ad00000 - 0x000000004ad03000 	C:\Program Files\MATLAB\R2009a\bin\win64\icudt38.dll
0x000000004ab00000 - 0x000000004ab0f000 	C:\Program Files\MATLAB\R2009a\bin\win64\icuio38.dll
0x0000000001230000 - 0x000000000136a000 	C:\Program Files\MATLAB\R2009a\bin\win64\icuin38.dll
0x0000000072a40000 - 0x0000000072b49000 	C:\Windows\WinSxS\amd64_microsoft.vc80.crt_1fc8b3b9a1e18e3b_8.0.50727.4927_none_88dce9872fb18caf\MSVCP80.dll
0x00000000770e0000 - 0x00000000771da000 	C:\Windows\system32\USER32.dll
0x000007fefe8f0000 - 0x000007fefe957000 	C:\Windows\system32\GDI32.dll
0x000007feff1c0000 - 0x000007feff1ce000 	C:\Windows\system32\LPK.dll
0x000007fefeae0000 - 0x000007fefebaa000 	C:\Windows\system32\USP10.dll
0x0000000001380000 - 0x00000000013ee000 	C:\Program Files\MATLAB\R2009a\bin\win64\libmwfl.dll
0x0000000001400000 - 0x000000000140f000 	C:\Program Files\MATLAB\R2009a\bin\win64\boost_date_time-vc80-mt-1_36.dll
0x0000000001420000 - 0x0000000001436000 	C:\Program Files\MATLAB\R2009a\bin\win64\boost_signals-vc80-mt-1_36.dll
0x0000000001450000 - 0x0000000001459000 	C:\Program Files\MATLAB\R2009a\bin\win64\boost_system-vc80-mt-1_36.dll
0x0000000001470000 - 0x0000000001481000 	C:\Program Files\MATLAB\R2009a\bin\win64\boost_thread-vc80-mt-1_36.dll
0x00000000014a0000 - 0x00000000016d7000 	C:\Program Files\MATLAB\R2009a\bin\win64\libmwservices.dll
0x00000000016f0000 - 0x0000000001761000 	C:\Program Files\MATLAB\R2009a\bin\win64\libmx.dll
0x0000000001780000 - 0x0000000001797000 	C:\Program Files\MATLAB\R2009a\bin\win64\zlib1.dll
0x00000000017a0000 - 0x00000000018c5000 	C:\Program Files\MATLAB\R2009a\bin\win64\libmwmathutil.dll
0x00000000018e0000 - 0x0000000001935000 	C:\Program Files\MATLAB\R2009a\bin\win64\mpath.dll
0x0000000001950000 - 0x000000000199f000 	C:\Program Files\MATLAB\R2009a\bin\win64\mlutil.dll
0x0000000010000000 - 0x0000000010049000 	C:\Program Files\MATLAB\R2009a\bin\win64\tbb.dll
0x000007fef7130000 - 0x000007fef71d0000 	C:\Windows\WinSxS\amd64_microsoft.windows.common-controls_6595b64144ccf1df_5.82.7600.16661_none_a44e1fc257f685f6\COMCTL32.dll
0x000007fefd8b0000 - 0x000007fefd948000 	C:\Windows\system32\comdlg32.dll
0x000007feff070000 - 0x000007feff0e1000 	C:\Windows\system32\SHLWAPI.dll
0x000007fefdb60000 - 0x000007fefe8e6000 	C:\Windows\system32\SHELL32.dll
0x000007fefaea0000 - 0x000007fefaeb6000 	C:\Windows\system32\NETAPI32.dll
0x000007fefae90000 - 0x000007fefae9c000 	C:\Windows\system32\netutils.dll
0x000007fefcd90000 - 0x000007fefcdb3000 	C:\Windows\system32\srvcli.dll
0x000007fefae70000 - 0x000007fefae85000 	C:\Windows\system32\wkscli.dll
0x000007fefe960000 - 0x000007fefe9ad000 	C:\Windows\system32\WS2_32.dll
0x000007feff3e0000 - 0x000007feff3e8000 	C:\Windows\system32\NSI.dll
0x00000000019b0000 - 0x0000000001a32000 	C:\Program Files\MATLAB\R2009a\bin\win64\mcr.dll
0x0000000001a50000 - 0x0000000001ab2000 	C:\Program Files\MATLAB\R2009a\bin\win64\iqm.dll
0x0000000001ad0000 - 0x00000000023b7000 	C:\Program Files\MATLAB\R2009a\bin\win64\m_interpreter.dll
0x00000000023d0000 - 0x00000000023df000 	C:\Program Files\MATLAB\R2009a\bin\win64\libmex.dll
0x00000000023f0000 - 0x0000000002480000 	C:\Program Files\MATLAB\R2009a\bin\win64\m_dispatcher.dll
0x0000000002490000 - 0x00000000024b5000 	C:\Program Files\MATLAB\R2009a\bin\win64\datasvcs.dll
0x0000000012000000 - 0x0000000012295000 	C:\Program Files\MATLAB\R2009a\bin\win64\xerces-c_2_7.dll
0x00000000024e0000 - 0x00000000025d1000 	C:\Program Files\MATLAB\R2009a\bin\win64\boost_regex-vc80-mt-1_36.dll
0x00000000025f0000 - 0x0000000002681000 	C:\Program Files\MATLAB\R2009a\bin\win64\profiler.dll
0x00000000026a0000 - 0x00000000026ca000 	C:\Program Files\MATLAB\R2009a\bin\win64\libmwmathrng.dll
0x00000000026e0000 - 0x00000000026fa000 	C:\Program Files\MATLAB\R2009a\bin\win64\m_pcodeio.dll
0x0000000002710000 - 0x000000000275d000 	C:\Program Files\MATLAB\R2009a\bin\win64\m_ir.dll
0x0000000002770000 - 0x0000000002d76000 	C:\Program Files\MATLAB\R2009a\bin\win64\m_parser.dll
0x0000000002d90000 - 0x0000000002da4000 	C:\Program Files\MATLAB\R2009a\bin\win64\ir_xfmr.dll
0x0000000002dc0000 - 0x0000000003041000 	C:\Program Files\MATLAB\R2009a\bin\win64\mcos.dll
0x0000000003060000 - 0x000000000306c000 	C:\Program Files\MATLAB\R2009a\bin\win64\mtok.dll
0x0000000003080000 - 0x00000000030a0000 	C:\Program Files\MATLAB\R2009a\bin\win64\m_pcodegen.dll
0x000007feec180000 - 0x000007feec2a5000 	C:\Windows\system32\dbghelp.dll
0x00000000030b0000 - 0x00000000030d4000 	C:\Program Files\MATLAB\R2009a\bin\win64\bridge.dll
0x00000000030f0000 - 0x00000000031b0000 	C:\Program Files\MATLAB\R2009a\bin\win64\udd.dll
0x00000000031c0000 - 0x0000000003317000 	C:\Program Files\MATLAB\R2009a\bin\win64\libmwgui.dll
0x0000000003330000 - 0x0000000003615000 	C:\Program Files\MATLAB\R2009a\bin\win64\hg.dll
0x0000000003630000 - 0x0000000003662000 	C:\Program Files\MATLAB\R2009a\bin\win64\libmat.dll
0x0000000003680000 - 0x000000000386e000 	C:\Program Files\MATLAB\R2009a\bin\win64\libhdf5.dll
0x0000000003880000 - 0x00000000038e0000 	C:\Program Files\MATLAB\R2009a\bin\win64\jmi.dll
0x00000000038f0000 - 0x0000000003930000 	C:\Program Files\MATLAB\R2009a\bin\win64\libmwhardcopy.dll
0x0000000003940000 - 0x0000000003998000 	C:\Program Files\MATLAB\R2009a\bin\win64\libuij.dll
0x00000000039b0000 - 0x0000000003aa2000 	C:\Program Files\MATLAB\R2009a\bin\win64\libmwmathlinalg.dll
0x0000000003ac0000 - 0x0000000003e6c000 	C:\Program Files\MATLAB\R2009a\bin\win64\libmwmathelem.dll
0x0000000003e80000 - 0x0000000003eec000 	C:\Program Files\MATLAB\R2009a\bin\win64\libmwmathcore.dll
0x0000000003f00000 - 0x0000000003f62000 	C:\Program Files\MATLAB\R2009a\bin\win64\libmwcholmod.dll
0x0000000003f80000 - 0x0000000003f8d000 	C:\Program Files\MATLAB\R2009a\bin\win64\libmwamd.dll
0x0000000003fa0000 - 0x0000000003fac000 	C:\Program Files\MATLAB\R2009a\bin\win64\libmwcolamd.dll
0x0000000003fc0000 - 0x0000000003fd5000 	C:\Program Files\MATLAB\R2009a\bin\win64\libmwblas.dll
0x0000000003ff0000 - 0x0000000004001000 	C:\Program Files\MATLAB\R2009a\bin\win64\libmwbinder.dll
0x0000000004020000 - 0x000000000409d000 	C:\Program Files\MATLAB\R2009a\bin\win64\libmwlapack.dll
0x00000000040b0000 - 0x00000000040eb000 	C:\Program Files\MATLAB\R2009a\bin\win64\libmwrookfastbp.dll
0x0000000004100000 - 0x000000000414c000 	C:\Program Files\MATLAB\R2009a\bin\win64\libmwma57.dll
0x0000000004160000 - 0x000000000427c000 	C:\Program Files\MATLAB\R2009a\bin\win64\libifcoremd.dll
0x0000000004280000 - 0x0000000004550000 	C:\Program Files\MATLAB\R2009a\bin\win64\libmmd.dll
0x0000000004550000 - 0x0000000004560000 	C:\Program Files\MATLAB\R2009a\bin\win64\libmwcsparse.dll
0x0000000004570000 - 0x00000000045de000 	C:\Program Files\MATLAB\R2009a\bin\win64\libmwumfpack.dll
0x00000000045f0000 - 0x00000000046dd000 	C:\Program Files\MATLAB\R2009a\bin\win64\hgdatatypes.dll
0x00000000046f0000 - 0x0000000004934000 	C:\Program Files\MATLAB\R2009a\bin\win64\uiw.dll
0x0000000004950000 - 0x000000000495a000 	C:\Program Files\MATLAB\R2009a\bin\win64\uinone.dll
0x000000006d620000 - 0x000000006d7bc000 	C:\Windows\WinSxS\amd64_microsoft.vc80.mfc_1fc8b3b9a1e18e3b_8.0.50727.1833_none_8442d417329336b1\MFC80.DLL
0x000007fef8bb0000 - 0x000007fef8c20000 	C:\Windows\system32\WINSPOOL.DRV
0x000007fefd950000 - 0x000007fefdb52000 	C:\Windows\system32\ole32.dll
0x000007fefef90000 - 0x000007feff067000 	C:\Windows\system32\OLEAUT32.dll
0x0000000004970000 - 0x0000000004a1b000 	C:\Program Files\MATLAB\R2009a\bin\win64\udd_mi.dll
0x0000000004a30000 - 0x0000000004a48000 	C:\Program Files\MATLAB\R2009a\bin\win64\mwoles05.DLL
0x0000000004a60000 - 0x0000000004aca000 	C:\Program Files\MATLAB\R2009a\bin\win64\comcli.dll
0x000000006e180000 - 0x000000006e19f000 	C:\Windows\WinSxS\amd64_microsoft.vc80.atl_1fc8b3b9a1e18e3b_8.0.50727.1833_none_8a17faaf2edd3e00\ATL80.DLL
0x0000000004ae0000 - 0x0000000004aee000 	C:\Program Files\MATLAB\R2009a\bin\win64\mlautoregister.dll
0x000007feff5e0000 - 0x000007feff60e000 	C:\Windows\system32\IMM32.DLL
0x000007feff2d0000 - 0x000007feff3d9000 	C:\Windows\system32\MSCTF.dll
0x000007fefd260000 - 0x000007fefd26f000 	C:\Windows\system32\profapi.dll
0x000007fefb9e0000 - 0x000007fefba36000 	C:\Windows\system32\uxtheme.dll
0x000007fefb020000 - 0x000007fefb047000 	C:\Windows\system32\iphlpapi.dll
0x000007fefb010000 - 0x000007fefb01b000 	C:\Windows\system32\WINNSI.DLL
0x000007fefc910000 - 0x000007fefc96b000 	C:\Windows\system32\DNSAPI.dll
0x000007fefaf70000 - 0x000007fefaf88000 	C:\Windows\system32\dhcpcsvc.DLL
0x000007fefa710000 - 0x000007fefa721000 	C:\Windows\system32\dhcpcsvc6.DLL
0x000000006e680000 - 0x000000006e683000 	C:\Windows\system32\icmp.Dll
0x000007fefd150000 - 0x000007fefd15f000 	C:\Windows\system32\CRYPTBASE.dll
0x000000000e5c0000 - 0x000000000eb6a000 	C:\Program Files\MATLAB\R2009a\sys\java\jre\win64\jre\bin\server\jvm.dll
0x000007fefb380000 - 0x000007fefb3bb000 	C:\Windows\system32\WINMM.dll
0x0000000004de0000 - 0x0000000004dea000 	C:\Program Files\MATLAB\R2009a\sys\java\jre\win64\jre\bin\hpi.dll
0x0000000004e00000 - 0x0000000004e0e000 	C:\Program Files\MATLAB\R2009a\sys\java\jre\win64\jre\bin\verify.dll
0x0000000004e10000 - 0x0000000004e37000 	C:\Program Files\MATLAB\R2009a\sys\java\jre\win64\jre\bin\java.dll
0x0000000007770000 - 0x0000000007782000 	C:\Program Files\MATLAB\R2009a\sys\java\jre\win64\jre\bin\zip.dll
0x0000000007800000 - 0x0000000007821000 	C:\Program Files\MATLAB\R2009a\bin\win64\nativejava.dll
0x0000000009290000 - 0x00000000092b8000 	C:\Program Files\MATLAB\R2009a\bin\win64\nativejmi.dll
0x0000000007790000 - 0x0000000007797000 	C:\Program Files\MATLAB\R2009a\bin\win64\nativeservices.dll
0x00000000336a0000 - 0x000000003383f000 	C:\Program Files\MATLAB\R2009a\sys\java\jre\win64\jre\bin\awt.dll
0x000007fefb4a0000 - 0x000007fefb4b8000 	C:\Windows\system32\dwmapi.dll
0x0000000033ec0000 - 0x0000000033f2a000 	C:\Program Files\MATLAB\R2009a\sys\java\jre\win64\jre\bin\fontmanager.dll
0x0000000034560000 - 0x0000000034577000 	C:\Program Files\MATLAB\R2009a\sys\java\jre\win64\jre\bin\net.dll
0x000007fefca90000 - 0x000007fefcae4000 	C:\Windows\system32\mswsock.dll
0x000007fefca80000 - 0x000007fefca87000 	C:\Windows\System32\wship6.dll
0x0000000034580000 - 0x000000003458b000 	C:\Program Files\MATLAB\R2009a\sys\java\jre\win64\jre\bin\nio.dll
0x0000000033a40000 - 0x0000000033a47000 	C:\Program Files\MATLAB\R2009a\bin\win64\nativelmgr.dll
0x0000000033ae0000 - 0x0000000033b15000 	C:\Program Files\MATLAB\R2009a\sys\java\jre\win64\jre\bin\jpeg.dll
0x0000000033b20000 - 0x0000000033cbe000 	C:\Program Files\MATLAB\R2009a\bin\win64\instutil.dll

VM Arguments:
jvm_args: -Xss512k -XX:PermSize=32m -Xms64m -XX:NewRatio=3 -XX:MaxPermSize=128m -Xmx196m -XX:MaxDirectMemorySize=2147400000 -Dsun.java2d.noddraw=true -Dsun.awt.nopixfmt=true -Xshare:off -Xrs -Djava.library.path=C:\Program Files\MATLAB\R2009a\bin\win64 vfprintf abort 
java_command: <unknown>
Launcher Type: generic

Environment Variables:
CLASSPATH=.;C:\Program Files (x86)\Java\jre6\lib\ext\QTJava.zip
PATH=C:\Windows\system32;C:\Windows;C:\Windows\System32\Wbem;C:\Windows\System32\WindowsPowerShell\v1.0\;c:\Program Files (x86)\Common Files\Roxio Shared\10.0\DLLShared\;c:\Program Files (x86)\Common Files\Roxio Shared\DLLShared\;C:\Program Files\MATLAB\R2009a\bin;C:\Program Files\MATLAB\R2009a\bin\win64;C:\Program Files (x86)\QuickTime\QTSystem\;C:\Program Files (x86)\Microsoft SQL Server\100\Tools\Binn\;C:\Program Files (x86)\Microsoft SQL Server\100\DTS\Binn\;C:\Python26;C:\Python26\DLLs;C:\Python26\Scripts;C:\Python26\Lib\site-packages\PyQt4;C:\Python26\gnuplot\bin;C:\Python26\Lib\site-packages\vtk;C:\Program Files (x86)\pythonxy\console;C:\Program Files (x86)\pythonxy\SciTE-2.21;C:\Program Files (x86)\pythonxy\mingw\bin;C:\Windows\System32
USERNAME=micro
OS=Windows_NT
PROCESSOR_IDENTIFIER=Intel64 Family 6 Model 30 Stepping 5, GenuineIntel



---------------  S Y S T E M  ---------------

OS: Windows NT 6.1 Build 7600 

CPU:total 8 (8 cores per cpu, 2 threads per core) family 6 model 14 stepping 5, cmov, cx8, fxsr, mmx, sse, sse2, sse3, ssse3, ht

Memory: 4k page, physical 8346704k(3325112k free), swap 16057552k(10986012k free)

vm_info: Java HotSpot(TM) 64-Bit Server VM (10.0-b19) for windows-amd64 JRE (1.6.0_04-b12), built on Dec 14 2007 00:44:23 by "java_re" with MS VC++ 8.0

time: Fri Dec 10 15:05:16 2010
elapsed time: 80925 seconds

