#
# An unexpected error has been detected by Java Runtime Environment:
#
#  EXCEPTION_ACCESS_VIOLATION (0xc0000005) at pc=0x788d09f6, pid=3524, tid=3148
#
# Java VM: Java HotSpot(TM) Client VM (10.0-b19 mixed mode windows-x86)
# Problematic frame:
# C  [hg.dll+0xd09f6]
#
# If you would like to submit a bug report, please visit:
#   http://java.sun.com/webapps/bugreport/crash.jsp
# The crash happened outside the Java Virtual Machine in native code.
# See problematic frame for where to report the bug.
#

---------------  T H R E A D  ---------------

Current thread (0x05300400):  JavaThread "main" [_thread_in_native, id=3148, stack(0x00430000,0x00c30000)]

siginfo: ExceptionCode=0xc0000005, reading address 0x00000128

Registers:
EAX=0x00000000, EBX=0x00c2819f, ECX=0x012e1e90, EDX=0x00000000
ESP=0x00c28150, EBP=0x00c28150, ESI=0x78942da8, EDI=0x00c28194
EIP=0x788d09f6, EFLAGS=0x00210246

Top of Stack: (sp=0x00c28150)
0x00c28150:   00c28168 788e1102 00000000 00000000
0x00c28160:   00000000 7aae8f00 00c281a0 788e12c5
0x00c28170:   00000000 78942da8 00c28190 00c28194
0x00c28180:   00c2819f 00c28198 00000000 1d2fddb8
0x00c28190:   78942da8 00000000 00000000 00000001
0x00c281a0:   00c281c0 7888e559 00000000 78942da8
0x00c281b0:   1d2fddb8 02cea158 02d0cd40 181c4648
0x00c281c0:   00c281dc 7888e5c0 02d10948 7b7f7f3c 

Instructions: (pc=0x788d09f6)
0x788d09e6:   8b 80 90 01 00 00 5d c3 cc cc 55 8b ec 8b 45 08
0x788d09f6:   8b 80 28 01 00 00 5d c3 cc cc 55 8b ec 8b 55 08 


Stack: [0x00430000,0x00c30000],  sp=0x00c28150,  free space=8160k
Native frames: (J=compiled Java code, j=interpreted, Vv=VM code, C=native code)
C  [hg.dll+0xd09f6]
C  [hg.dll+0xe1102]
C  [hg.dll+0xe12c5]
C  [hg.dll+0x8e559]
C  [hg.dll+0x8e5c0]
C  [uiw.dll+0x373ae]
C  [jmi.dll+0x2207a]
v  ~BufferBlob::Interpreter
v  ~BufferBlob::Interpreter
v  ~BufferBlob::Interpreter
v  ~BufferBlob::Interpreter
v  ~BufferBlob::StubRoutines (1)

Java frames: (J=compiled Java code, j=interpreted, Vv=VM code)
v  ~BufferBlob::Interpreter
v  ~BufferBlob::Interpreter
v  ~BufferBlob::Interpreter
v  ~BufferBlob::Interpreter
v  ~BufferBlob::Interpreter
v  ~BufferBlob::StubRoutines (1)
v  ~BufferBlob::Interpreter
v  ~BufferBlob::Interpreter
J  sun.reflect.DelegatingMethodAccessorImpl.invoke(Ljava/lang/Object;[Ljava/lang/Object;)Ljava/lang/Object;
J  java.lang.reflect.Method.invoke(Ljava/lang/Object;[Ljava/lang/Object;)Ljava/lang/Object;
v  ~BufferBlob::Interpreter
v  ~BufferBlob::StubRoutines (1)
v  ~BufferBlob::Interpreter
v  ~BufferBlob::Interpreter
v  ~BufferBlob::Interpreter
v  ~BufferBlob::Interpreter
v  ~BufferBlob::Interpreter
v  ~BufferBlob::Interpreter
v  ~BufferBlob::StubRoutines (1)

---------------  P R O C E S S  ---------------

Java Threads: ( => current thread )
  0x09bfc800 JavaThread "Timer-116" [_thread_blocked, id=724, stack(0x25e00000,0x25e80000)]
  0x09b6a800 JavaThread "Foxtrot Single Worker Thread #1" daemon [_thread_blocked, id=4084, stack(0x0be30000,0x0beb0000)]
  0x098e8800 JavaThread "Active Reference Queue Daemon" daemon [_thread_blocked, id=1284, stack(0x0b7b0000,0x0b830000)]
  0x09a4cc00 JavaThread "Timer-20" daemon [_thread_blocked, id=3004, stack(0x0b730000,0x0b7b0000)]
  0x09d48400 JavaThread "Prefs Updater" [_thread_blocked, id=3300, stack(0x0b6b0000,0x0b730000)]
  0x09c4a800 JavaThread "Timer-6" daemon [_thread_blocked, id=2284, stack(0x0ae30000,0x0aeb0000)]
  0x09643400 JavaThread "Timer-1" [_thread_blocked, id=2928, stack(0x0a8c0000,0x0a940000)]
  0x095ee800 JavaThread "TimerQueue" daemon [_thread_blocked, id=2900, stack(0x0a4c0000,0x0a540000)]
  0x09875800 JavaThread "AWT-EventQueue-0" [_thread_blocked, id=2892, stack(0x0a410000,0x0a490000)]
  0x0983e400 JavaThread "AWT-Shutdown" [_thread_blocked, id=304, stack(0x0a390000,0x0a410000)]
  0x08fd1400 JavaThread "Timer-0" [_thread_blocked, id=2860, stack(0x09300000,0x09380000)]
  0x053fbc00 JavaThread "AWT-Windows" daemon [_thread_in_native, id=748, stack(0x09260000,0x092e0000)]
  0x08fbac00 JavaThread "Java2D Disposer" daemon [_thread_blocked, id=2364, stack(0x09160000,0x091e0000)]
  0x053f8800 JavaThread "JMI Unnamed Thread" [_thread_in_native, id=1464, stack(0x03100000,0x03900000)]
  0x05397c00 JavaThread "Low Memory Detector" daemon [_thread_blocked, id=1012, stack(0x086e0000,0x08760000)]
  0x05392400 JavaThread "CompilerThread0" daemon [_thread_blocked, id=3580, stack(0x07ee0000,0x086e0000)]
  0x05391400 JavaThread "Attach Listener" daemon [_thread_blocked, id=3056, stack(0x07e60000,0x07ee0000)]
  0x05380000 JavaThread "Finalizer" daemon [_thread_blocked, id=2904, stack(0x07de0000,0x07e60000)]
  0x0537ec00 JavaThread "Reference Handler" daemon [_thread_blocked, id=3564, stack(0x07d60000,0x07de0000)]
=>0x05300400 JavaThread "main" [_thread_in_native, id=3148, stack(0x00430000,0x00c30000)]

Other Threads:
  0x0537a400 VMThread [stack: 0x07560000,0x07d60000] [id=912]
  0x053a9c00 WatcherThread [stack: 0x08760000,0x08f60000] [id=3592]

VM state:not at safepoint (normal execution)

VM Mutex/Monitor currently owned by a thread: None

Heap
 def new generation   total 23808K, used 1468K [0x10010000, 0x119e0000, 0x12010000)
  eden space 21184K,   6% used [0x10010000, 0x1016f788, 0x114c0000)
  from space 2624K,   2% used [0x114c0000, 0x114cfbb0, 0x11750000)
  to   space 2624K,   0% used [0x11750000, 0x11750000, 0x119e0000)
 tenured generation   total 79080K, used 47673K [0x12010000, 0x16d4a000, 0x18010000)
   the space 79080K,  60% used [0x12010000, 0x14e9e7f0, 0x14e9e800, 0x16d4a000)
 compacting perm gen  total 34048K, used 33915K [0x18010000, 0x1a150000, 0x1c010000)
   the space 34048K,  99% used [0x18010000, 0x1a12ec30, 0x1a12ee00, 0x1a150000)
No shared spaces configured.

Dynamic libraries:
0x00400000 - 0x0042f000 	C:\Archivos de programa\MATLAB\R2009a\bin\win32\MATLAB.exe
0x7c910000 - 0x7c9c8000 	C:\WINDOWS\system32\ntdll.dll
0x7c800000 - 0x7c903000 	C:\WINDOWS\system32\kernel32.dll
0x7b280000 - 0x7b34a000 	C:\Archivos de programa\MATLAB\R2009a\bin\win32\libut.dll
0x76c50000 - 0x76c78000 	C:\WINDOWS\system32\imagehlp.dll
0x77be0000 - 0x77c38000 	C:\WINDOWS\system32\msvcrt.dll
0x76bb0000 - 0x76bbb000 	C:\WINDOWS\system32\PSAPI.DLL
0x7bba0000 - 0x7bbbf000 	C:\Archivos de programa\MATLAB\R2009a\bin\win32\LIBEXPAT.dll
0x78130000 - 0x781cb000 	C:\WINDOWS\WinSxS\x86_Microsoft.VC80.CRT_1fc8b3b9a1e18e3b_8.0.50727.4053_x-ww_e6967989\MSVCR80.dll
0x7b6b0000 - 0x7b791000 	C:\Archivos de programa\MATLAB\R2009a\bin\win32\icuuc38.dll
0x77da0000 - 0x77e4c000 	C:\WINDOWS\system32\ADVAPI32.dll
0x77e50000 - 0x77ee2000 	C:\WINDOWS\system32\RPCRT4.dll
0x77fc0000 - 0x77fd1000 	C:\WINDOWS\system32\Secur32.dll
0x7ad90000 - 0x7ad94000 	C:\Archivos de programa\MATLAB\R2009a\bin\win32\icudt38.dll
0x7ada0000 - 0x7adac000 	C:\Archivos de programa\MATLAB\R2009a\bin\win32\icuio38.dll
0x7afe0000 - 0x7b0c4000 	C:\Archivos de programa\MATLAB\R2009a\bin\win32\icuin38.dll
0x7c420000 - 0x7c4a7000 	C:\WINDOWS\WinSxS\x86_Microsoft.VC80.CRT_1fc8b3b9a1e18e3b_8.0.50727.4053_x-ww_e6967989\MSVCP80.dll
0x7e390000 - 0x7e421000 	C:\WINDOWS\system32\USER32.dll
0x77ef0000 - 0x77f39000 	C:\WINDOWS\system32\GDI32.dll
0x782e0000 - 0x78317000 	C:\Archivos de programa\MATLAB\R2009a\bin\win32\libmwfl.dll
0x10000000 - 0x1000e000 	C:\Archivos de programa\MATLAB\R2009a\bin\win32\boost_date_time-vc80-mt-1_36.dll
0x00300000 - 0x00310000 	C:\Archivos de programa\MATLAB\R2009a\bin\win32\boost_signals-vc80-mt-1_36.dll
0x00320000 - 0x00327000 	C:\Archivos de programa\MATLAB\R2009a\bin\win32\boost_system-vc80-mt-1_36.dll
0x00340000 - 0x0034c000 	C:\Archivos de programa\MATLAB\R2009a\bin\win32\boost_thread-vc80-mt-1_36.dll
0x7b3b0000 - 0x7b59a000 	C:\Archivos de programa\MATLAB\R2009a\bin\win32\libmwservices.dll
0x7b350000 - 0x7b3aa000 	C:\Archivos de programa\MATLAB\R2009a\bin\win32\libmx.dll
0x787a0000 - 0x787b3000 	C:\Archivos de programa\MATLAB\R2009a\bin\win32\zlib1.dll
0x7b5a0000 - 0x7b6af000 	C:\Archivos de programa\MATLAB\R2009a\bin\win32\libmwmathutil.dll
0x79510000 - 0x79543000 	C:\Archivos de programa\MATLAB\R2009a\bin\win32\mpath.dll
0x003a0000 - 0x003cf000 	C:\Archivos de programa\MATLAB\R2009a\bin\win32\mlutil.dll
0x00c30000 - 0x00c69000 	C:\Archivos de programa\MATLAB\R2009a\bin\win32\tbb.dll
0x00c70000 - 0x00d0a000 	C:\WINDOWS\system32\COMCTL32.dll
0x76360000 - 0x763aa000 	C:\WINDOWS\system32\comdlg32.dll
0x7e6a0000 - 0x7eec1000 	C:\WINDOWS\system32\SHELL32.dll
0x77f40000 - 0x77fb6000 	C:\WINDOWS\system32\SHLWAPI.dll
0x00d10000 - 0x00d65000 	C:\WINDOWS\system32\NETAPI32.dll
0x71a30000 - 0x71a47000 	C:\WINDOWS\system32\WS2_32.dll
0x71a20000 - 0x71a28000 	C:\WINDOWS\system32\WS2HELP.dll
0x79a80000 - 0x79ad3000 	C:\Archivos de programa\MATLAB\R2009a\bin\win32\mcr.dll
0x7adb0000 - 0x7adeb000 	C:\Archivos de programa\MATLAB\R2009a\bin\win32\iqm.dll
0x7a080000 - 0x7a558000 	C:\Archivos de programa\MATLAB\R2009a\bin\win32\m_interpreter.dll
0x7ae00000 - 0x7ae0c000 	C:\Archivos de programa\MATLAB\R2009a\bin\win32\libmex.dll
0x79960000 - 0x799b7000 	C:\Archivos de programa\MATLAB\R2009a\bin\win32\m_dispatcher.dll
0x78670000 - 0x7868c000 	C:\Archivos de programa\MATLAB\R2009a\bin\win32\datasvcs.dll
0x78df0000 - 0x78fb2000 	C:\Archivos de programa\MATLAB\R2009a\bin\win32\xerces-c_2_7.dll
0x00dc0000 - 0x00e5d000 	C:\Archivos de programa\MATLAB\R2009a\bin\win32\boost_regex-vc80-mt-1_36.dll
0x79870000 - 0x798c7000 	C:\Archivos de programa\MATLAB\R2009a\bin\win32\profiler.dll
0x7ae60000 - 0x7ae7e000 	C:\Archivos de programa\MATLAB\R2009a\bin\win32\libmwmathrng.dll
0x78720000 - 0x78732000 	C:\Archivos de programa\MATLAB\R2009a\bin\win32\m_pcodeio.dll
0x794d0000 - 0x79507000 	C:\Archivos de programa\MATLAB\R2009a\bin\win32\m_ir.dll
0x79b60000 - 0x7a077000 	C:\Archivos de programa\MATLAB\R2009a\bin\win32\m_parser.dll
0x7adf0000 - 0x7adfe000 	C:\Archivos de programa\MATLAB\R2009a\bin\win32\ir_xfmr.dll
0x78320000 - 0x78468000 	C:\Archivos de programa\MATLAB\R2009a\bin\win32\mcos.dll
0x7aea0000 - 0x7aeaa000 	C:\Archivos de programa\MATLAB\R2009a\bin\win32\mtok.dll
0x78700000 - 0x78716000 	C:\Archivos de programa\MATLAB\R2009a\bin\win32\m_pcodegen.dll
0x78650000 - 0x7866b000 	C:\Archivos de programa\MATLAB\R2009a\bin\win32\bridge.dll
0x7aae0000 - 0x7ab64000 	C:\Archivos de programa\MATLAB\R2009a\bin\win32\udd.dll
0x7b7a0000 - 0x7b89b000 	C:\Archivos de programa\MATLAB\R2009a\bin\win32\libmwgui.dll
0x78800000 - 0x789f1000 	C:\Archivos de programa\MATLAB\R2009a\bin\win32\hg.dll
0x78690000 - 0x786b2000 	C:\Archivos de programa\MATLAB\R2009a\bin\win32\libmat.dll
0x7b0d0000 - 0x7b275000 	C:\Archivos de programa\MATLAB\R2009a\bin\win32\libhdf5.dll
0x793e0000 - 0x7941e000 	C:\Archivos de programa\MATLAB\R2009a\bin\win32\jmi.dll
0x790f0000 - 0x7911c000 	C:\Archivos de programa\MATLAB\R2009a\bin\win32\libmwhardcopy.dll
0x79490000 - 0x794c7000 	C:\Archivos de programa\MATLAB\R2009a\bin\win32\libuij.dll
0x78d50000 - 0x78de5000 	C:\Archivos de programa\MATLAB\R2009a\bin\win32\libmwmathlinalg.dll
0x78a60000 - 0x78d42000 	C:\Archivos de programa\MATLAB\R2009a\bin\win32\libmwmathelem.dll
0x78a00000 - 0x78a52000 	C:\Archivos de programa\MATLAB\R2009a\bin\win32\libmwmathcore.dll
0x798d0000 - 0x79917000 	C:\Archivos de programa\MATLAB\R2009a\bin\win32\libmwcholmod.dll
0x7ae10000 - 0x7ae1a000 	C:\Archivos de programa\MATLAB\R2009a\bin\win32\libmwamd.dll
0x7ae40000 - 0x7ae49000 	C:\Archivos de programa\MATLAB\R2009a\bin\win32\libmwcolamd.dll
0x7ae30000 - 0x7ae3d000 	C:\Archivos de programa\MATLAB\R2009a\bin\win32\libmwblas.dll
0x7ae20000 - 0x7ae2c000 	C:\Archivos de programa\MATLAB\R2009a\bin\win32\libmwbinder.dll
0x786c0000 - 0x786f8000 	C:\Archivos de programa\MATLAB\R2009a\bin\win32\libmwlapack.dll
0x01020000 - 0x01055000 	C:\Archivos de programa\MATLAB\R2009a\bin\win32\libmwrookfastbp.dll
0x79120000 - 0x7915c000 	C:\Archivos de programa\MATLAB\R2009a\bin\win32\libmwma57.dll
0x7aef0000 - 0x7afd9000 	C:\Archivos de programa\MATLAB\R2009a\bin\win32\libifcoremd.dll
0x79550000 - 0x79813000 	C:\Archivos de programa\MATLAB\R2009a\bin\win32\libmmd.dll
0x7ae50000 - 0x7ae5c000 	C:\Archivos de programa\MATLAB\R2009a\bin\win32\libmwcsparse.dll
0x79a20000 - 0x79a73000 	C:\Archivos de programa\MATLAB\R2009a\bin\win32\libmwumfpack.dll
0x010a0000 - 0x01147000 	C:\Archivos de programa\MATLAB\R2009a\bin\win32\hgdatatypes.dll
0x7ab70000 - 0x7ad89000 	C:\Archivos de programa\MATLAB\R2009a\bin\win32\uiw.dll
0x7aee0000 - 0x7aee9000 	C:\Archivos de programa\MATLAB\R2009a\bin\win32\uinone.dll
0x781d0000 - 0x782e0000 	C:\WINDOWS\WinSxS\x86_Microsoft.VC80.MFC_1fc8b3b9a1e18e3b_8.0.50727.4053_x-ww_b77cec8e\MFC80.DLL
0x72f80000 - 0x72fa6000 	C:\WINDOWS\system32\WINSPOOL.DRV
0x774b0000 - 0x775ed000 	C:\WINDOWS\system32\ole32.dll
0x770f0000 - 0x7717b000 	C:\WINDOWS\system32\OLEAUT32.dll
0x79ae0000 - 0x79b55000 	C:\Archivos de programa\MATLAB\R2009a\bin\win32\udd_mi.dll
0x78740000 - 0x78753000 	C:\Archivos de programa\MATLAB\R2009a\bin\win32\mwoles05.DLL
0x79820000 - 0x79864000 	C:\Archivos de programa\MATLAB\R2009a\bin\win32\comcli.dll
0x7c630000 - 0x7c64b000 	C:\WINDOWS\WinSxS\x86_Microsoft.VC80.ATL_1fc8b3b9a1e18e3b_8.0.50727.4053_x-ww_473666fd\ATL80.DLL
0x7ae90000 - 0x7ae9b000 	C:\Archivos de programa\MATLAB\R2009a\bin\win32\mlautoregister.dll
0x773a0000 - 0x774a3000 	C:\WINDOWS\WinSxS\x86_Microsoft.Windows.Common-Controls_6595b64144ccf1df_6.0.2600.5512_x-ww_35d4ce83\comctl32.dll
0x02c90000 - 0x02c9f000 	C:\WINDOWS\WinSxS\x86_Microsoft.VC80.MFCLOC_1fc8b3b9a1e18e3b_8.0.50727.762_x-ww_91481303\MFC80ESP.DLL
0x02f50000 - 0x02f88000 	C:\WINDOWS\system32\uxtheme.dll
0x746b0000 - 0x746fc000 	C:\WINDOWS\system32\MSCTF.dll
0x03030000 - 0x0304d000 	C:\Documents and Settings\All Users\Datos de programa\Real\RealPlayer\BrowserRecordPlugin\Chrome\Hook\rpchromebrowserrecordhelper.dll
0x4eba0000 - 0x4ed4b000 	C:\WINDOWS\WinSxS\x86_Microsoft.Windows.GdiPlus_6595b64144ccf1df_1.0.6001.22319_x-ww_f0b4c2df\gdiplus.dll
0x03050000 - 0x030cc000 	C:\WINDOWS\system32\MSVCP71.dll
0x7c360000 - 0x7c3b6000 	C:\WINDOWS\system32\MSVCR71.dll
0x76d20000 - 0x76d39000 	C:\WINDOWS\system32\iphlpapi.dll
0x74210000 - 0x74214000 	C:\WINDOWS\system32\icmp.Dll
0x79190000 - 0x793e0000 	C:\Archivos de programa\MATLAB\R2009a\sys\java\jre\win32\jre\bin\client\jvm.dll
0x76b00000 - 0x76b2e000 	C:\WINDOWS\system32\WINMM.dll
0x05120000 - 0x051c1000 	C:\WINDOWS\system32\DBGHELP.dll
0x77bd0000 - 0x77bd8000 	C:\WINDOWS\system32\VERSION.dll
0x79920000 - 0x79928000 	C:\Archivos de programa\MATLAB\R2009a\sys\java\jre\win32\jre\bin\hpi.dll
0x79940000 - 0x7994c000 	C:\Archivos de programa\MATLAB\R2009a\sys\java\jre\win32\jre\bin\verify.dll
0x787c0000 - 0x787df000 	C:\Archivos de programa\MATLAB\R2009a\sys\java\jre\win32\jre\bin\java.dll
0x79950000 - 0x7995f000 	C:\Archivos de programa\MATLAB\R2009a\sys\java\jre\win32\jre\bin\zip.dll
0x78fc0000 - 0x790ee000 	C:\Archivos de programa\MATLAB\R2009a\sys\java\jre\win32\jre\bin\awt.dll
0x76340000 - 0x7635d000 	C:\WINDOWS\system32\IMM32.dll
0x78760000 - 0x78778000 	C:\Archivos de programa\MATLAB\R2009a\bin\win32\nativejava.dll
0x78780000 - 0x7879d000 	C:\Archivos de programa\MATLAB\R2009a\bin\win32\nativejmi.dll
0x7aed0000 - 0x7aed6000 	C:\Archivos de programa\MATLAB\R2009a\bin\win32\nativeservices.dll
0x799c0000 - 0x79a13000 	C:\Archivos de programa\MATLAB\R2009a\sys\java\jre\win32\jre\bin\fontmanager.dll
0x787e0000 - 0x787f3000 	C:\Archivos de programa\MATLAB\R2009a\sys\java\jre\win32\jre\bin\net.dll
0x79930000 - 0x79939000 	C:\Archivos de programa\MATLAB\R2009a\sys\java\jre\win32\jre\bin\nio.dll
0x0a490000 - 0x0a496000 	C:\Archivos de programa\MATLAB\R2009a\bin\win32\nativelmgr.dll
0x0a540000 - 0x0a564000 	C:\Archivos de programa\MATLAB\R2009a\sys\java\jre\win32\jre\bin\jpeg.dll
0x0a680000 - 0x0a810000 	C:\Archivos de programa\MATLAB\R2009a\bin\win32\instutil.dll
0x719d0000 - 0x71a10000 	C:\WINDOWS\System32\mswsock.dll
0x76ee0000 - 0x76f07000 	C:\WINDOWS\system32\DNSAPI.dll
0x76f70000 - 0x76f78000 	C:\WINDOWS\System32\winrnr.dll
0x76f20000 - 0x76f4d000 	C:\WINDOWS\system32\WLDAP32.dll
0x0a870000 - 0x0a895000 	C:\Archivos de programa\Bonjour\mdnsNSP.dll
0x76f80000 - 0x76f86000 	C:\WINDOWS\system32\rasadhlp.dll
0x77b10000 - 0x77b32000 	C:\WINDOWS\system32\appHelp.dll
0x76f90000 - 0x7700f000 	C:\WINDOWS\system32\CLBCATQ.DLL

VM Arguments:
jvm_args: -Xss512k -XX:PermSize=32m -Xms64m -XX:NewRatio=3 -XX:MaxPermSize=64m -Xmx128m -XX:MaxDirectMemorySize=1200000000 -Dsun.java2d.noddraw=true -Dsun.awt.nopixfmt=true -Xshare:off -Xrs -Djava.library.path=C:\Archivos de programa\MATLAB\R2009a\bin\win32 vfprintf abort 
java_command: <unknown>
Launcher Type: generic

Environment Variables:
CLASSPATH=.;C:\Archivos de programa\Java\jre6\lib\ext\QTJava.zip
PATH=C:\Archivos de programa\PC Connectivity Solution\;C:\WINDOWS\system32;C:\WINDOWS;C:\WINDOWS\System32\Wbem;C:\Archivos de programa\MATLAB\R2009a\bin;C:\Archivos de programa\MATLAB\R2009a\bin\win32;C:\Archivos de programa\Intel\WiFi\bin\;C:\Archivos de programa\QuickTime\QTSystem\
USERNAME=nani
OS=Windows_NT
PROCESSOR_IDENTIFIER=x86 Family 6 Model 15 Stepping 13, GenuineIntel



---------------  S Y S T E M  ---------------

OS: Windows XP Build 2600 Service Pack 3

CPU:total 2 (2 cores per cpu, 1 threads per core) family 6 model 15 stepping 13, cmov, cx8, fxsr, mmx, sse, sse2, sse3, ssse3

Memory: 4k page, physical 3144044k(1834460k free), swap 4194303k(3742416k free)

vm_info: Java HotSpot(TM) Client VM (10.0-b19) for windows-x86 JRE (1.6.0_04-b12), built on Dec 14 2007 00:51:20 by "java_re" with MS VC++ 7.1

time: Mon Jun 14 00:04:22 2010
elapsed time: 31514 seconds

