#
# An unexpected error has been detected by Java Runtime Environment:
#
#  EXCEPTION_ACCESS_VIOLATION (0xc0000005) at pc=0x000000003373fe55, pid=740, tid=3100
#
# Java VM: Java HotSpot(TM) 64-Bit Server VM (10.0-b19 mixed mode windows-amd64)
# Problematic frame:
# C  [awt.dll+0x9fe55]
#
# If you would like to submit a bug report, please visit:
#   http://java.sun.com/webapps/bugreport/crash.jsp
# The crash happened outside the Java Virtual Machine in native code.
# See problematic frame for where to report the bug.
#

---------------  T H R E A D  ---------------

Current thread (0x0000000011b8a800):  JavaThread "AWT-Windows" daemon [_thread_in_native, id=3100, stack(0x00000000338c0000,0x0000000033940000)]

siginfo: ExceptionCode=0xc0000005, reading address 0x0000000000000009

Registers:
EAX=0x0000000000000001, EBX=0x0000000000000001, ECX=0x0000000015a758d0, EDX=0x000000003379bd30
ESP=0x000000003393efe0, EBP=0x000000000001a220, ESI=0x0000000011e01690, EDI=0x00000000336a0000
EIP=0x000000003373fe55, EFLAGS=0x0000000000010202

Top of Stack: (sp=0x000000003393efe0)
0x000000003393efe0:   0000000011b8a800 0000000000000000
0x000000003393eff0:   0000000000000001 00000000336a0000
0x000000003393f000:   0000000011b8a998 0000000033745539
0x000000003393f010:   0000000047053b60 0000000011b8a998
0x000000003393f020:   0000000011e01690 0000000000000111
0x000000003393f030:   0000000004e1d5a8 0000000000060326
0x000000003393f040:   0000000000000000 000000000000c053
0x000000003393f050:   0000000000000000 0000000000000000
0x000000003393f060:   000000000000c053 fffffffffffffffe
0x000000003393f070:   0000000011b8a998 0000000000000001
0x000000003393f080:   0000000000000000 0000000000000111
0x000000003393f090:   0000000000000111 0000000000000111
0x000000003393f0a0:   000000000001a220 0000000000000000
0x000000003393f0b0:   0000000011e01690 000000003377d807
0x000000003393f0c0:   0000000000000000 000000007772b98f
0x000000003393f0d0:   00000000ffffffeb 0000000000000000 

Instructions: (pc=0x000000003373fe55)
0x000000003373fe45:   e8 46 8a 03 00 48 85 c0 48 8b c8 74 06 48 8b 00
0x000000003373fe55:   ff 50 08 b8 02 00 00 00 48 83 c4 20 5b c3 49 8b 


Stack: [0x00000000338c0000,0x0000000033940000],  sp=0x000000003393efe0,  free space=507k
Native frames: (J=compiled Java code, j=interpreted, Vv=VM code, C=native code)
C  [awt.dll+0x9fe55]

Java frames: (J=compiled Java code, j=interpreted, Vv=VM code)
v  ~BufferBlob::Interpreter
v  ~BufferBlob::Interpreter
v  ~BufferBlob::Interpreter
v  ~BufferBlob::StubRoutines (1)

---------------  P R O C E S S  ---------------

Java Threads: ( => current thread )
  0x000000003c35e000 JavaThread "Thread-477" [_thread_blocked, id=6132, stack(0x000000003cec0000,0x000000003cf40000)]
  0x00000000347bac00 JavaThread "Thread-474" [_thread_blocked, id=5636, stack(0x0000000039c20000,0x0000000039ca0000)]
  0x00000000347bdc00 JavaThread "Thread-471" [_thread_blocked, id=6076, stack(0x0000000037be0000,0x0000000037c60000)]
  0x00000000347b8800 JavaThread "Thread-185" [_thread_blocked, id=5648, stack(0x000000003aca0000,0x000000003ad20000)]
  0x00000000347bb800 JavaThread "Thread-132" [_thread_blocked, id=4848, stack(0x0000000039ba0000,0x0000000039c20000)]
  0x00000000347bd400 JavaThread "Thread-109" [_thread_blocked, id=1832, stack(0x0000000037040000,0x00000000370c0000)]
  0x00000000347bcc00 JavaThread "Foxtrot Single Worker Thread #1" daemon [_thread_blocked, id=5072, stack(0x0000000036e90000,0x0000000036f10000)]
  0x00000000347ba400 JavaThread "Prefs Updater" [_thread_blocked, id=1072, stack(0x000000000d5d0000,0x000000000d650000)]
  0x00000000347b9c00 JavaThread "Active Reference Queue Daemon" daemon [_thread_blocked, id=2396, stack(0x0000000037140000,0x00000000371c0000)]
  0x00000000347b9000 JavaThread "Timer-16" daemon [_thread_blocked, id=2680, stack(0x00000000370c0000,0x0000000037140000)]
  0x00000000347b8000 JavaThread "Timer-13" daemon [_thread_blocked, id=3712, stack(0x0000000036d10000,0x0000000036d90000)]
  0x00000000347b7400 JavaThread "Timer-1" [_thread_blocked, id=5084, stack(0x00000000359b0000,0x0000000035a30000)]
  0x00000000347b6c00 JavaThread "TimerQueue" daemon [_thread_blocked, id=2888, stack(0x00000000356c0000,0x0000000035740000)]
  0x0000000011de9400 JavaThread "AWT-EventQueue-0" [_thread_in_native, id=4336, stack(0x0000000034570000,0x00000000345f0000)]
=>0x0000000011b8a800 JavaThread "AWT-Windows" daemon [_thread_in_native, id=3100, stack(0x00000000338c0000,0x0000000033940000)]
  0x0000000011b8a400 JavaThread "AWT-Shutdown" [_thread_blocked, id=3200, stack(0x0000000033840000,0x00000000338c0000)]
  0x0000000011b17c00 JavaThread "Java2D Disposer" daemon [_thread_blocked, id=3980, stack(0x0000000011f70000,0x0000000011ff0000)]
  0x00000000112f4000 JavaThread "Timer-0" [_thread_blocked, id=1240, stack(0x000000000ff40000,0x000000000ffc0000)]
  0x000000001139cc00 JavaThread "JMI Unnamed Thread" [_thread_in_native, id=2760, stack(0x0000000009310000,0x000000000a310000)]
  0x000000000fdd0000 JavaThread "Low Memory Detector" daemon [_thread_blocked, id=1208, stack(0x000000000fec0000,0x000000000ff40000)]
  0x000000000fdcbc00 JavaThread "CompilerThread1" daemon [_thread_blocked, id=2720, stack(0x00000000316a0000,0x00000000326a0000)]
  0x000000000fdc7000 JavaThread "CompilerThread0" daemon [_thread_blocked, id=4392, stack(0x00000000306a0000,0x00000000316a0000)]
  0x000000000fdc6800 JavaThread "Attach Listener" daemon [_thread_blocked, id=4736, stack(0x000000000fe40000,0x000000000fec0000)]
  0x0000000004bff000 JavaThread "Finalizer" daemon [_thread_blocked, id=1300, stack(0x000000000fb30000,0x000000000fbb0000)]
  0x0000000004bfe400 JavaThread "Reference Handler" daemon [_thread_blocked, id=1392, stack(0x000000000fab0000,0x000000000fb30000)]
  0x0000000004cbe800 JavaThread "main" [_thread_in_native, id=1976, stack(0x0000000000030000,0x0000000001030000)]

Other Threads:
  0x0000000004bfd800 VMThread [stack: 0x000000002f6a0000,0x00000000306a0000] [id=4352]
  0x000000000fdec800 WatcherThread [stack: 0x00000000326a0000,0x00000000336a0000] [id=1404]

VM state:not at safepoint (normal execution)

VM Mutex/Monitor currently owned by a thread: None

Heap
 PSYoungGen      total 15616K, used 10275K [0x00000000265a0000, 0x00000000275a0000, 0x00000000296a0000)
  eden space 14976K, 64% used [0x00000000265a0000,0x0000000026f1ce60,0x0000000027440000)
  from space 640K, 87% used [0x0000000027500000,0x000000002758bf18,0x00000000275a0000)
  to   space 704K, 0% used [0x0000000027440000,0x0000000027440000,0x00000000274f0000)
 PSOldGen        total 132928K, used 121786K [0x000000001d2a0000, 0x0000000025470000, 0x00000000265a0000)
  object space 132928K, 91% used [0x000000001d2a0000,0x000000002498eab0,0x0000000025470000)
 PSPermGen       total 96704K, used 55520K [0x00000000152a0000, 0x000000001b110000, 0x000000001d2a0000)
  object space 96704K, 57% used [0x00000000152a0000,0x00000000188d8388,0x000000001b110000)

Dynamic libraries:
0x0000000140000000 - 0x0000000140032000 	C:\Program Files\MATLAB\R2009a\bin\win64\MATLAB.exe
0x0000000077810000 - 0x00000000779bb000 	C:\Windows\SYSTEM32\ntdll.dll
0x00000000775f0000 - 0x000000007770f000 	C:\Windows\system32\kernel32.dll
0x000007fefda90000 - 0x000007fefdafb000 	C:\Windows\system32\KERNELBASE.dll
0x0000000180000000 - 0x0000000180406000 	C:\Program Files\MATLAB\R2009a\bin\win64\libut.dll
0x000007fefe380000 - 0x000007fefe397000 	C:\Windows\system32\imagehlp.dll
0x000007fefe3a0000 - 0x000007fefe43f000 	C:\Windows\system32\msvcrt.dll
0x00000000779d0000 - 0x00000000779d7000 	C:\Windows\system32\PSAPI.DLL
0x0000000001060000 - 0x0000000001088000 	C:\Program Files\MATLAB\R2009a\bin\win64\LIBEXPAT.dll
0x00000000706d0000 - 0x0000000070799000 	C:\Windows\WinSxS\amd64_microsoft.vc80.crt_1fc8b3b9a1e18e3b_8.0.50727.4927_none_88dce9872fb18caf\MSVCR80.dll
0x000000004a800000 - 0x000000004a923000 	C:\Program Files\MATLAB\R2009a\bin\win64\icuuc38.dll
0x000007feff750000 - 0x000007feff82b000 	C:\Windows\system32\ADVAPI32.dll
0x000007fefe440000 - 0x000007fefe45f000 	C:\Windows\SYSTEM32\sechost.dll
0x000007fefdb40000 - 0x000007fefdc6e000 	C:\Windows\system32\RPCRT4.dll
0x000000004ad00000 - 0x000000004ad03000 	C:\Program Files\MATLAB\R2009a\bin\win64\icudt38.dll
0x000000004ab00000 - 0x000000004ab0f000 	C:\Program Files\MATLAB\R2009a\bin\win64\icuio38.dll
0x0000000001230000 - 0x000000000136a000 	C:\Program Files\MATLAB\R2009a\bin\win64\icuin38.dll
0x0000000075340000 - 0x0000000075449000 	C:\Windows\WinSxS\amd64_microsoft.vc80.crt_1fc8b3b9a1e18e3b_8.0.50727.4927_none_88dce9872fb18caf\MSVCP80.dll
0x0000000077710000 - 0x000000007780a000 	C:\Windows\system32\USER32.dll
0x000007feff830000 - 0x000007feff897000 	C:\Windows\system32\GDI32.dll
0x000007feff1f0000 - 0x000007feff1fe000 	C:\Windows\system32\LPK.dll
0x000007fefe120000 - 0x000007fefe1ea000 	C:\Windows\system32\USP10.dll
0x0000000001380000 - 0x00000000013ee000 	C:\Program Files\MATLAB\R2009a\bin\win64\libmwfl.dll
0x0000000001400000 - 0x000000000140f000 	C:\Program Files\MATLAB\R2009a\bin\win64\boost_date_time-vc80-mt-1_36.dll
0x0000000001420000 - 0x0000000001436000 	C:\Program Files\MATLAB\R2009a\bin\win64\boost_signals-vc80-mt-1_36.dll
0x0000000001450000 - 0x0000000001459000 	C:\Program Files\MATLAB\R2009a\bin\win64\boost_system-vc80-mt-1_36.dll
0x0000000001470000 - 0x0000000001481000 	C:\Program Files\MATLAB\R2009a\bin\win64\boost_thread-vc80-mt-1_36.dll
0x00000000014a0000 - 0x00000000016d7000 	C:\Program Files\MATLAB\R2009a\bin\win64\libmwservices.dll
0x00000000016f0000 - 0x0000000001761000 	C:\Program Files\MATLAB\R2009a\bin\win64\libmx.dll
0x0000000001780000 - 0x0000000001797000 	C:\Program Files\MATLAB\R2009a\bin\win64\zlib1.dll
0x00000000017a0000 - 0x00000000018c5000 	C:\Program Files\MATLAB\R2009a\bin\win64\libmwmathutil.dll
0x00000000018e0000 - 0x0000000001935000 	C:\Program Files\MATLAB\R2009a\bin\win64\mpath.dll
0x0000000001950000 - 0x000000000199f000 	C:\Program Files\MATLAB\R2009a\bin\win64\mlutil.dll
0x0000000010000000 - 0x0000000010049000 	C:\Program Files\MATLAB\R2009a\bin\win64\tbb.dll
0x000007fefd9f0000 - 0x000007fefda90000 	C:\Windows\WinSxS\amd64_microsoft.windows.common-controls_6595b64144ccf1df_5.82.7600.16385_none_a44af8ec57f961cf\COMCTL32.dll
0x000007fefdcf0000 - 0x000007fefdd88000 	C:\Windows\system32\comdlg32.dll
0x000007fefdc70000 - 0x000007fefdce1000 	C:\Windows\system32\SHLWAPI.dll
0x000007fefe460000 - 0x000007feff1e6000 	C:\Windows\system32\SHELL32.dll
0x000007fefbb10000 - 0x000007fefbb26000 	C:\Windows\system32\NETAPI32.dll
0x000007fefbb00000 - 0x000007fefbb0c000 	C:\Windows\system32\netutils.dll
0x000007fefd3b0000 - 0x000007fefd3d3000 	C:\Windows\system32\srvcli.dll
0x000007fefbae0000 - 0x000007fefbaf5000 	C:\Windows\system32\wkscli.dll
0x000007fefdd90000 - 0x000007fefdddd000 	C:\Windows\system32\WS2_32.dll
0x000007feff490000 - 0x000007feff498000 	C:\Windows\system32\NSI.dll
0x00000000019b0000 - 0x0000000001a32000 	C:\Program Files\MATLAB\R2009a\bin\win64\mcr.dll
0x0000000001a50000 - 0x0000000001ab2000 	C:\Program Files\MATLAB\R2009a\bin\win64\iqm.dll
0x0000000001ad0000 - 0x00000000023b7000 	C:\Program Files\MATLAB\R2009a\bin\win64\m_interpreter.dll
0x00000000023d0000 - 0x00000000023df000 	C:\Program Files\MATLAB\R2009a\bin\win64\libmex.dll
0x00000000023f0000 - 0x0000000002480000 	C:\Program Files\MATLAB\R2009a\bin\win64\m_dispatcher.dll
0x0000000002490000 - 0x00000000024b5000 	C:\Program Files\MATLAB\R2009a\bin\win64\datasvcs.dll
0x0000000012000000 - 0x0000000012295000 	C:\Program Files\MATLAB\R2009a\bin\win64\xerces-c_2_7.dll
0x00000000024e0000 - 0x00000000025d1000 	C:\Program Files\MATLAB\R2009a\bin\win64\boost_regex-vc80-mt-1_36.dll
0x00000000025f0000 - 0x0000000002681000 	C:\Program Files\MATLAB\R2009a\bin\win64\profiler.dll
0x00000000026a0000 - 0x00000000026ca000 	C:\Program Files\MATLAB\R2009a\bin\win64\libmwmathrng.dll
0x00000000026e0000 - 0x00000000026fa000 	C:\Program Files\MATLAB\R2009a\bin\win64\m_pcodeio.dll
0x0000000002710000 - 0x000000000275d000 	C:\Program Files\MATLAB\R2009a\bin\win64\m_ir.dll
0x0000000002770000 - 0x0000000002d76000 	C:\Program Files\MATLAB\R2009a\bin\win64\m_parser.dll
0x0000000002d90000 - 0x0000000002da4000 	C:\Program Files\MATLAB\R2009a\bin\win64\ir_xfmr.dll
0x0000000002dc0000 - 0x0000000003041000 	C:\Program Files\MATLAB\R2009a\bin\win64\mcos.dll
0x0000000003060000 - 0x000000000306c000 	C:\Program Files\MATLAB\R2009a\bin\win64\mtok.dll
0x0000000003080000 - 0x00000000030a0000 	C:\Program Files\MATLAB\R2009a\bin\win64\m_pcodegen.dll
0x000007feed430000 - 0x000007feed555000 	C:\Windows\system32\dbghelp.dll
0x00000000030b0000 - 0x00000000030d4000 	C:\Program Files\MATLAB\R2009a\bin\win64\bridge.dll
0x00000000030f0000 - 0x00000000031b0000 	C:\Program Files\MATLAB\R2009a\bin\win64\udd.dll
0x00000000031c0000 - 0x0000000003317000 	C:\Program Files\MATLAB\R2009a\bin\win64\libmwgui.dll
0x0000000003330000 - 0x0000000003615000 	C:\Program Files\MATLAB\R2009a\bin\win64\hg.dll
0x0000000003630000 - 0x0000000003662000 	C:\Program Files\MATLAB\R2009a\bin\win64\libmat.dll
0x0000000003680000 - 0x000000000386e000 	C:\Program Files\MATLAB\R2009a\bin\win64\libhdf5.dll
0x0000000003880000 - 0x00000000038e0000 	C:\Program Files\MATLAB\R2009a\bin\win64\jmi.dll
0x00000000038f0000 - 0x0000000003930000 	C:\Program Files\MATLAB\R2009a\bin\win64\libmwhardcopy.dll
0x0000000003940000 - 0x0000000003998000 	C:\Program Files\MATLAB\R2009a\bin\win64\libuij.dll
0x00000000039b0000 - 0x0000000003aa2000 	C:\Program Files\MATLAB\R2009a\bin\win64\libmwmathlinalg.dll
0x0000000003ac0000 - 0x0000000003e6c000 	C:\Program Files\MATLAB\R2009a\bin\win64\libmwmathelem.dll
0x0000000003e80000 - 0x0000000003eec000 	C:\Program Files\MATLAB\R2009a\bin\win64\libmwmathcore.dll
0x0000000003f00000 - 0x0000000003f62000 	C:\Program Files\MATLAB\R2009a\bin\win64\libmwcholmod.dll
0x0000000003f80000 - 0x0000000003f8d000 	C:\Program Files\MATLAB\R2009a\bin\win64\libmwamd.dll
0x0000000003fa0000 - 0x0000000003fac000 	C:\Program Files\MATLAB\R2009a\bin\win64\libmwcolamd.dll
0x0000000003fc0000 - 0x0000000003fd5000 	C:\Program Files\MATLAB\R2009a\bin\win64\libmwblas.dll
0x0000000003ff0000 - 0x0000000004001000 	C:\Program Files\MATLAB\R2009a\bin\win64\libmwbinder.dll
0x0000000004020000 - 0x000000000409d000 	C:\Program Files\MATLAB\R2009a\bin\win64\libmwlapack.dll
0x00000000040b0000 - 0x00000000040eb000 	C:\Program Files\MATLAB\R2009a\bin\win64\libmwrookfastbp.dll
0x0000000004100000 - 0x000000000414c000 	C:\Program Files\MATLAB\R2009a\bin\win64\libmwma57.dll
0x0000000004160000 - 0x000000000427c000 	C:\Program Files\MATLAB\R2009a\bin\win64\libifcoremd.dll
0x0000000004280000 - 0x0000000004550000 	C:\Program Files\MATLAB\R2009a\bin\win64\libmmd.dll
0x0000000004550000 - 0x0000000004560000 	C:\Program Files\MATLAB\R2009a\bin\win64\libmwcsparse.dll
0x0000000004570000 - 0x00000000045de000 	C:\Program Files\MATLAB\R2009a\bin\win64\libmwumfpack.dll
0x00000000045f0000 - 0x00000000046dd000 	C:\Program Files\MATLAB\R2009a\bin\win64\hgdatatypes.dll
0x00000000046f0000 - 0x0000000004934000 	C:\Program Files\MATLAB\R2009a\bin\win64\uiw.dll
0x0000000004950000 - 0x000000000495a000 	C:\Program Files\MATLAB\R2009a\bin\win64\uinone.dll
0x0000000074010000 - 0x00000000741ab000 	C:\Windows\WinSxS\amd64_microsoft.vc80.mfc_1fc8b3b9a1e18e3b_8.0.50727.762_none_c46a533c8a667ee7\MFC80.DLL
0x000007fef7e50000 - 0x000007fef7ec0000 	C:\Windows\system32\WINSPOOL.DRV
0x000007feff250000 - 0x000007feff451000 	C:\Windows\system32\ole32.dll
0x000007fefdde0000 - 0x000007fefdeb7000 	C:\Windows\system32\OLEAUT32.dll
0x0000000004970000 - 0x0000000004a1b000 	C:\Program Files\MATLAB\R2009a\bin\win64\udd_mi.dll
0x0000000004a30000 - 0x0000000004a48000 	C:\Program Files\MATLAB\R2009a\bin\win64\mwoles05.DLL
0x0000000004a60000 - 0x0000000004aca000 	C:\Program Files\MATLAB\R2009a\bin\win64\comcli.dll
0x0000000075320000 - 0x000000007533f000 	C:\Windows\WinSxS\amd64_microsoft.vc80.atl_1fc8b3b9a1e18e3b_8.0.50727.762_none_ca3f79d486b08636\ATL80.DLL
0x0000000004ae0000 - 0x0000000004aee000 	C:\Program Files\MATLAB\R2009a\bin\win64\mlautoregister.dll
0x000007feff460000 - 0x000007feff48e000 	C:\Windows\system32\IMM32.DLL
0x000007fefe1f0000 - 0x000007fefe2f9000 	C:\Windows\system32\MSCTF.dll
0x000007fefd770000 - 0x000007fefd77f000 	C:\Windows\system32\profapi.dll
0x000007fefc210000 - 0x000007fefc266000 	C:\Windows\system32\uxtheme.dll
0x000007fefb110000 - 0x000007fefb137000 	C:\Windows\system32\iphlpapi.dll
0x000007fefb100000 - 0x000007fefb10b000 	C:\Windows\system32\WINNSI.DLL
0x000007fefce60000 - 0x000007fefcebb000 	C:\Windows\system32\DNSAPI.dll
0x000007fefb0e0000 - 0x000007fefb0f8000 	C:\Windows\system32\dhcpcsvc.DLL
0x000007fefab60000 - 0x000007fefab71000 	C:\Windows\system32\dhcpcsvc6.DLL
0x0000000075510000 - 0x0000000075513000 	C:\Windows\system32\icmp.Dll
0x000007fefd640000 - 0x000007fefd64f000 	C:\Windows\system32\CRYPTBASE.dll
0x000000000e500000 - 0x000000000eaaa000 	C:\Program Files\MATLAB\R2009a\sys\java\jre\win64\jre\bin\server\jvm.dll
0x000007fefb450000 - 0x000007fefb48b000 	C:\Windows\system32\WINMM.dll
0x00000000073f0000 - 0x00000000073fa000 	C:\Program Files\MATLAB\R2009a\sys\java\jre\win64\jre\bin\hpi.dll
0x0000000007410000 - 0x000000000741e000 	C:\Program Files\MATLAB\R2009a\sys\java\jre\win64\jre\bin\verify.dll
0x00000000075d0000 - 0x00000000075f7000 	C:\Program Files\MATLAB\R2009a\sys\java\jre\win64\jre\bin\java.dll
0x0000000007420000 - 0x0000000007432000 	C:\Program Files\MATLAB\R2009a\sys\java\jre\win64\jre\bin\zip.dll
0x0000000007650000 - 0x0000000007671000 	C:\Program Files\MATLAB\R2009a\bin\win64\nativejava.dll
0x0000000008120000 - 0x0000000008148000 	C:\Program Files\MATLAB\R2009a\bin\win64\nativejmi.dll
0x0000000008160000 - 0x0000000008167000 	C:\Program Files\MATLAB\R2009a\bin\win64\nativeservices.dll
0x00000000336a0000 - 0x000000003383f000 	C:\Program Files\MATLAB\R2009a\sys\java\jre\win64\jre\bin\awt.dll
0x000007fefbde0000 - 0x000007fefbdf8000 	C:\Windows\system32\dwmapi.dll
0x0000000033e40000 - 0x0000000033eaa000 	C:\Program Files\MATLAB\R2009a\sys\java\jre\win64\jre\bin\fontmanager.dll
0x0000000034540000 - 0x0000000034557000 	C:\Program Files\MATLAB\R2009a\sys\java\jre\win64\jre\bin\net.dll
0x000007fefcfe0000 - 0x000007fefd034000 	C:\Windows\system32\mswsock.dll
0x000007fefcfd0000 - 0x000007fefcfd7000 	C:\Windows\System32\wship6.dll
0x0000000034560000 - 0x000000003456b000 	C:\Program Files\MATLAB\R2009a\sys\java\jre\win64\jre\bin\nio.dll
0x00000000345f0000 - 0x00000000345f7000 	C:\Program Files\MATLAB\R2009a\bin\win64\nativelmgr.dll
0x0000000034610000 - 0x0000000034645000 	C:\Program Files\MATLAB\R2009a\sys\java\jre\win64\jre\bin\jpeg.dll
0x0000000035740000 - 0x00000000358de000 	C:\Program Files\MATLAB\R2009a\bin\win64\instutil.dll

VM Arguments:
jvm_args: -Xss512k -XX:PermSize=32m -Xms64m -XX:NewRatio=3 -XX:MaxPermSize=128m -Xmx196m -XX:MaxDirectMemorySize=2147400000 -Dsun.java2d.noddraw=true -Dsun.awt.nopixfmt=true -Xshare:off -Xrs -Djava.library.path=C:\Program Files\MATLAB\R2009a\bin\win64 vfprintf abort 
java_command: <unknown>
Launcher Type: generic

Environment Variables:
PATH=C:\Windows\system32;C:\Windows;C:\Windows\System32\Wbem;C:\Windows\System32\WindowsPowerShell\v1.0\;c:\Program Files (x86)\Common Files\Roxio Shared\10.0\DLLShared\;c:\Program Files (x86)\Common Files\Roxio Shared\DLLShared\;C:\Program Files\MATLAB\R2009a\bin;C:\Program Files\MATLAB\R2009a\bin\win64
USERNAME=micro
OS=Windows_NT
PROCESSOR_IDENTIFIER=Intel64 Family 6 Model 30 Stepping 5, GenuineIntel



---------------  S Y S T E M  ---------------

OS: Windows NT 6.1 Build 7600 

CPU:total 8 (8 cores per cpu, 2 threads per core) family 6 model 14 stepping 5, cmov, cx8, fxsr, mmx, sse, sse2, sse3, ssse3, ht

Memory: 4k page, physical 8346704k(5112428k free), swap 16691508k(12992200k free)

vm_info: Java HotSpot(TM) 64-Bit Server VM (10.0-b19) for windows-amd64 JRE (1.6.0_04-b12), built on Dec 14 2007 00:44:23 by "java_re" with MS VC++ 8.0

time: Fri Jul 30 17:13:47 2010
elapsed time: 93787 seconds

