#
# An unexpected error has been detected by Java Runtime Environment:
#
#  EXCEPTION_ACCESS_VIOLATION (0xc0000005) at pc=0x000000000f96fe52, pid=5092, tid=4904
#
# Java VM: Java HotSpot(TM) 64-Bit Server VM (10.0-b19 mixed mode windows-amd64)
# Problematic frame:
# C  [awt.dll+0x9fe52]
#
# If you would like to submit a bug report, please visit:
#   http://java.sun.com/webapps/bugreport/crash.jsp
# The crash happened outside the Java Virtual Machine in native code.
# See problematic frame for where to report the bug.
#

---------------  T H R E A D  ---------------

Current thread (0x0000000011489000):  JavaThread "AWT-Windows" daemon [_thread_in_native, id=4904, stack(0x000000000fb70000,0x000000000fbf0000)]

siginfo: ExceptionCode=0xc0000005, reading address 0x00000000cbb21906

Registers:
EAX=0x00000000cbb21906, EBX=0x0000000000000001, ECX=0x00000000cbb21906, EDX=0x000000000f9cbd30
ESP=0x000000000fbeefe0, EBP=0x000000000001a220, ESI=0x00000000350173d0, EDI=0x000000000f8d0000
EIP=0x000000000f96fe52, EFLAGS=0x0000000000010206

Top of Stack: (sp=0x000000000fbeefe0)
0x000000000fbeefe0:   0000000011489000 0000000000000000
0x000000000fbeeff0:   0000000000000001 000000000f8d0000
0x000000000fbef000:   0000000011489198 000000000f975539
0x000000000fbef010:   00000000644c4e80 0000000011489198
0x000000000fbef020:   00000000350173d0 0000000000000111
0x000000000fbef030:   0000000004ecd368 0000000000020400
0x000000000fbef040:   0000000000000000 000000000000c1df
0x000000000fbef050:   0000000000000000 0000000000000000
0x000000000fbef060:   000000000000c1df fffffffffffffffe
0x000000000fbef070:   0000000011489198 0000000000000001
0x000000000fbef080:   0000000000000000 0000000000000111
0x000000000fbef090:   0000000000000111 0000000000000111
0x000000000fbef0a0:   000000000001a220 0000000000000000
0x000000000fbef0b0:   00000000350173d0 000000000f9ad807
0x000000000fbef0c0:   0000000000000000 0000000076c4b98f
0x000000000fbef0d0:   00000000ffffffeb 0000000000000000 

Instructions: (pc=0x000000000f96fe52)
0x000000000f96fe42:   53 0b 00 e8 46 8a 03 00 48 85 c0 48 8b c8 74 06
0x000000000f96fe52:   48 8b 00 ff 50 08 b8 02 00 00 00 48 83 c4 20 5b 


Stack: [0x000000000fb70000,0x000000000fbf0000],  sp=0x000000000fbeefe0,  free space=507k
Native frames: (J=compiled Java code, j=interpreted, Vv=VM code, C=native code)
C  [awt.dll+0x9fe52]

Java frames: (J=compiled Java code, j=interpreted, Vv=VM code)
v  ~BufferBlob::Interpreter
v  ~BufferBlob::Interpreter
v  ~BufferBlob::Interpreter
v  ~BufferBlob::StubRoutines (1)

---------------  P R O C E S S  ---------------

Java Threads: ( => current thread )
  0x000000003d048000 JavaThread "Thread-922" [_thread_blocked, id=5676, stack(0x0000000036670000,0x00000000366f0000)]
  0x000000003d04b000 JavaThread "Thread-775" [_thread_blocked, id=5104, stack(0x00000000360a0000,0x0000000036120000)]
  0x000000003d04a000 JavaThread "Thread-651" [_thread_blocked, id=5396, stack(0x0000000011870000,0x00000000118f0000)]
  0x000000003d048800 JavaThread "Timer queue for AWT thread" daemon [_thread_blocked, id=5204, stack(0x00000000361b0000,0x0000000036230000)]
  0x0000000034aab800 JavaThread "Thread-79" [_thread_blocked, id=4784, stack(0x000000000db00000,0x000000000db80000)]
  0x0000000034aacc00 JavaThread "Foxtrot Single Worker Thread #1" daemon [_thread_blocked, id=4792, stack(0x0000000011950000,0x00000000119d0000)]
  0x0000000034aac400 JavaThread "Thread-76" [_thread_blocked, id=4952, stack(0x000000000fc60000,0x000000000fce0000)]
  0x0000000034aa9c00 JavaThread "Prefs Updater" [_thread_blocked, id=4664, stack(0x000000000d680000,0x000000000d700000)]
  0x0000000034aa9000 JavaThread "Thread-36" [_thread_blocked, id=3076, stack(0x000000003e770000,0x000000003e7f0000)]
  0x0000000034aa8800 JavaThread "Thread-35" [_thread_blocked, id=4212, stack(0x000000003e560000,0x000000003e5e0000)]
  0x0000000034aa8000 JavaThread "Thread-34" [_thread_blocked, id=4344, stack(0x000000003e4e0000,0x000000003e560000)]
  0x0000000034aa7c00 JavaThread "Thread-33" [_thread_blocked, id=4556, stack(0x000000003e460000,0x000000003e4e0000)]
  0x0000000034aa6c00 JavaThread "Thread-32" [_thread_blocked, id=3384, stack(0x000000003e3e0000,0x000000003e460000)]
  0x0000000034aa6400 JavaThread "Thread-31" [_thread_blocked, id=1296, stack(0x000000003e360000,0x000000003e3e0000)]
  0x00000000349f7400 JavaThread "Thread-30" [_thread_blocked, id=4688, stack(0x000000003e1e0000,0x000000003e260000)]
  0x00000000349f7000 JavaThread "Thread-29" [_thread_blocked, id=4424, stack(0x000000003e160000,0x000000003e1e0000)]
  0x00000000349f6800 JavaThread "Thread-28" [_thread_blocked, id=524, stack(0x000000003e0e0000,0x000000003e160000)]
  0x00000000349f6000 JavaThread "Thread-27" [_thread_blocked, id=4824, stack(0x000000003e060000,0x000000003e0e0000)]
  0x00000000349f5c00 JavaThread "Thread-26" [_thread_blocked, id=4692, stack(0x000000003dfe0000,0x000000003e060000)]
  0x00000000349f5400 JavaThread "Thread-25" [_thread_blocked, id=4684, stack(0x000000003df60000,0x000000003dfe0000)]
  0x00000000349f4c00 JavaThread "Thread-24" [_thread_blocked, id=4708, stack(0x000000003dee0000,0x000000003df60000)]
  0x00000000349f4000 JavaThread "Thread-23" [_thread_blocked, id=4712, stack(0x000000003de60000,0x000000003dee0000)]
  0x00000000349f3800 JavaThread "Thread-22" [_thread_blocked, id=4704, stack(0x000000003dde0000,0x000000003de60000)]
  0x00000000349f3000 JavaThread "Thread-21" [_thread_blocked, id=3584, stack(0x000000003cd90000,0x000000003ce10000)]
  0x00000000349f2c00 JavaThread "Thread-20" [_thread_blocked, id=1500, stack(0x000000003cd10000,0x000000003cd90000)]
  0x00000000349f2400 JavaThread "Thread-19" [_thread_blocked, id=4896, stack(0x000000003cc90000,0x000000003cd10000)]
  0x00000000349f1c00 JavaThread "Thread-18" [_thread_blocked, id=1056, stack(0x000000003cc00000,0x000000003cc80000)]
  0x00000000349f1800 JavaThread "Thread-17" [_thread_blocked, id=4008, stack(0x0000000039b80000,0x0000000039c00000)]
  0x00000000349f1000 JavaThread "Active Reference Queue Daemon" daemon [_thread_blocked, id=1252, stack(0x0000000039150000,0x00000000391d0000)]
  0x00000000349f0800 JavaThread "Timer-12" daemon [_thread_blocked, id=3232, stack(0x0000000036fe0000,0x0000000037060000)]
  0x00000000349f0000 JavaThread "Timer-11" daemon [_thread_blocked, id=1944, stack(0x0000000036ef0000,0x0000000036f70000)]
  0x0000000034d24c00 JavaThread "Timer-1" [_thread_blocked, id=4680, stack(0x0000000035a20000,0x0000000035aa0000)]
  0x0000000011432400 JavaThread "TimerQueue" daemon [_thread_blocked, id=4908, stack(0x00000000357e0000,0x0000000035860000)]
  0x000000001150a400 JavaThread "AWT-EventQueue-0" [_thread_in_native, id=3156, stack(0x00000000346b0000,0x0000000034730000)]
=>0x0000000011489000 JavaThread "AWT-Windows" daemon [_thread_in_native, id=4904, stack(0x000000000fb70000,0x000000000fbf0000)]
  0x0000000011488800 JavaThread "AWT-Shutdown" [_thread_blocked, id=4408, stack(0x000000000faf0000,0x000000000fb70000)]
  0x000000001143b000 JavaThread "Java2D Disposer" daemon [_thread_blocked, id=4588, stack(0x000000000fa70000,0x000000000faf0000)]
  0x000000000f651400 JavaThread "Timer-0" [_thread_blocked, id=4592, stack(0x000000000f140000,0x000000000f1c0000)]
  0x000000000f5f7800 JavaThread "JMI Unnamed Thread" [_thread_in_native, id=2636, stack(0x00000000094c0000,0x000000000a4c0000)]
  0x000000000f460400 JavaThread "Low Memory Detector" daemon [_thread_blocked, id=4832, stack(0x000000000f030000,0x000000000f0b0000)]
  0x000000000f45e000 JavaThread "CompilerThread1" daemon [_thread_blocked, id=4788, stack(0x00000000326a0000,0x00000000336a0000)]
  0x000000000f457000 JavaThread "CompilerThread0" daemon [_thread_blocked, id=4776, stack(0x00000000316a0000,0x00000000326a0000)]
  0x000000000f456800 JavaThread "Attach Listener" daemon [_thread_blocked, id=4672, stack(0x000000000efb0000,0x000000000f030000)]
  0x0000000004cef400 JavaThread "Finalizer" daemon [_thread_blocked, id=4900, stack(0x000000000a540000,0x000000000a5c0000)]
  0x0000000004cee800 JavaThread "Reference Handler" daemon [_thread_blocked, id=4980, stack(0x000000000a4c0000,0x000000000a540000)]
  0x0000000004beec00 JavaThread "main" [_thread_in_native, id=1036, stack(0x0000000000030000,0x0000000001030000)]

Other Threads:
  0x0000000004ced800 VMThread [stack: 0x00000000306a0000,0x00000000316a0000] [id=4972]
  0x000000000f48d000 WatcherThread [stack: 0x00000000336a0000,0x00000000346a0000] [id=4880]

VM state:not at safepoint (normal execution)

VM Mutex/Monitor currently owned by a thread: None

Heap
 PSYoungGen      total 15808K, used 8727K [0x00000000265a0000, 0x00000000275a0000, 0x00000000296a0000)
  eden space 15360K, 54% used [0x00000000265a0000,0x0000000026dd5d98,0x00000000274a0000)
  from space 448K, 71% used [0x0000000027530000,0x0000000027580000,0x00000000275a0000)
  to   space 512K, 0% used [0x00000000274a0000,0x00000000274a0000,0x0000000027520000)
 PSOldGen        total 150528K, used 133078K [0x000000001d2a0000, 0x00000000265a0000, 0x00000000265a0000)
  object space 150528K, 88% used [0x000000001d2a0000,0x0000000025495ba0,0x00000000265a0000)
 PSPermGen       total 65792K, used 62210K [0x00000000152a0000, 0x00000000192e0000, 0x000000001d2a0000)
  object space 65792K, 94% used [0x00000000152a0000,0x0000000018f60a10,0x00000000192e0000)

Dynamic libraries:
0x0000000140000000 - 0x0000000140032000 	C:\Program Files\MATLAB\R2009a\bin\win64\MATLAB.exe
0x0000000076d30000 - 0x0000000076edb000 	C:\Windows\SYSTEM32\ntdll.dll
0x0000000076b10000 - 0x0000000076c2f000 	C:\Windows\system32\kernel32.dll
0x000007fefce20000 - 0x000007fefce8b000 	C:\Windows\system32\KERNELBASE.dll
0x0000000180000000 - 0x0000000180406000 	C:\Program Files\MATLAB\R2009a\bin\win64\libut.dll
0x000007fefd2f0000 - 0x000007fefd307000 	C:\Windows\system32\imagehlp.dll
0x000007fefd780000 - 0x000007fefd81f000 	C:\Windows\system32\msvcrt.dll
0x0000000076ef0000 - 0x0000000076ef7000 	C:\Windows\system32\PSAPI.DLL
0x00000000010d0000 - 0x00000000010f8000 	C:\Program Files\MATLAB\R2009a\bin\win64\LIBEXPAT.dll
0x0000000072310000 - 0x00000000723d9000 	C:\Windows\WinSxS\amd64_microsoft.vc80.crt_1fc8b3b9a1e18e3b_8.0.50727.4927_none_88dce9872fb18caf\MSVCR80.dll
0x000000004a800000 - 0x000000004a923000 	C:\Program Files\MATLAB\R2009a\bin\win64\icuuc38.dll
0x000007fefeb40000 - 0x000007fefec1b000 	C:\Windows\system32\ADVAPI32.dll
0x000007fefedd0000 - 0x000007fefedef000 	C:\Windows\SYSTEM32\sechost.dll
0x000007fefedf0000 - 0x000007fefef1e000 	C:\Windows\system32\RPCRT4.dll
0x000000004ad00000 - 0x000000004ad03000 	C:\Program Files\MATLAB\R2009a\bin\win64\icudt38.dll
0x000000004ab00000 - 0x000000004ab0f000 	C:\Program Files\MATLAB\R2009a\bin\win64\icuio38.dll
0x0000000001340000 - 0x000000000147a000 	C:\Program Files\MATLAB\R2009a\bin\win64\icuin38.dll
0x0000000072120000 - 0x0000000072229000 	C:\Windows\WinSxS\amd64_microsoft.vc80.crt_1fc8b3b9a1e18e3b_8.0.50727.4927_none_88dce9872fb18caf\MSVCP80.dll
0x0000000076c30000 - 0x0000000076d2a000 	C:\Windows\system32\USER32.dll
0x000007fefd910000 - 0x000007fefd977000 	C:\Windows\system32\GDI32.dll
0x000007fefdab0000 - 0x000007fefdabe000 	C:\Windows\system32\LPK.dll
0x000007fefd1e0000 - 0x000007fefd2aa000 	C:\Windows\system32\USP10.dll
0x0000000001140000 - 0x00000000011ae000 	C:\Program Files\MATLAB\R2009a\bin\win64\libmwfl.dll
0x00000000011c0000 - 0x00000000011cf000 	C:\Program Files\MATLAB\R2009a\bin\win64\boost_date_time-vc80-mt-1_36.dll
0x00000000011e0000 - 0x00000000011f6000 	C:\Program Files\MATLAB\R2009a\bin\win64\boost_signals-vc80-mt-1_36.dll
0x0000000001210000 - 0x0000000001219000 	C:\Program Files\MATLAB\R2009a\bin\win64\boost_system-vc80-mt-1_36.dll
0x0000000001480000 - 0x0000000001491000 	C:\Program Files\MATLAB\R2009a\bin\win64\boost_thread-vc80-mt-1_36.dll
0x00000000014a0000 - 0x00000000016d7000 	C:\Program Files\MATLAB\R2009a\bin\win64\libmwservices.dll
0x00000000016f0000 - 0x0000000001761000 	C:\Program Files\MATLAB\R2009a\bin\win64\libmx.dll
0x0000000001780000 - 0x0000000001797000 	C:\Program Files\MATLAB\R2009a\bin\win64\zlib1.dll
0x00000000017a0000 - 0x00000000018c5000 	C:\Program Files\MATLAB\R2009a\bin\win64\libmwmathutil.dll
0x00000000018e0000 - 0x0000000001935000 	C:\Program Files\MATLAB\R2009a\bin\win64\mpath.dll
0x0000000001950000 - 0x000000000199f000 	C:\Program Files\MATLAB\R2009a\bin\win64\mlutil.dll
0x0000000010000000 - 0x0000000010049000 	C:\Program Files\MATLAB\R2009a\bin\win64\tbb.dll
0x000007fefa4f0000 - 0x000007fefa590000 	C:\Windows\WinSxS\amd64_microsoft.windows.common-controls_6595b64144ccf1df_5.82.7600.16661_none_a44e1fc257f685f6\COMCTL32.dll
0x000007fefef20000 - 0x000007fefefb8000 	C:\Windows\system32\comdlg32.dll
0x000007fefed50000 - 0x000007fefedc1000 	C:\Windows\system32\SHLWAPI.dll
0x000007fefddb0000 - 0x000007fefeb36000 	C:\Windows\system32\SHELL32.dll
0x000007fefad80000 - 0x000007fefad96000 	C:\Windows\system32\NETAPI32.dll
0x000007fefad70000 - 0x000007fefad7c000 	C:\Windows\system32\netutils.dll
0x000007fefc8c0000 - 0x000007fefc8e3000 	C:\Windows\system32\srvcli.dll
0x000007fefad50000 - 0x000007fefad65000 	C:\Windows\system32\wkscli.dll
0x000007fefd820000 - 0x000007fefd86d000 	C:\Windows\system32\WS2_32.dll
0x000007fefd2b0000 - 0x000007fefd2b8000 	C:\Windows\system32\NSI.dll
0x00000000019b0000 - 0x0000000001a32000 	C:\Program Files\MATLAB\R2009a\bin\win64\mcr.dll
0x0000000001a50000 - 0x0000000001ab2000 	C:\Program Files\MATLAB\R2009a\bin\win64\iqm.dll
0x0000000001ad0000 - 0x00000000023b7000 	C:\Program Files\MATLAB\R2009a\bin\win64\m_interpreter.dll
0x00000000023d0000 - 0x00000000023df000 	C:\Program Files\MATLAB\R2009a\bin\win64\libmex.dll
0x00000000023f0000 - 0x0000000002480000 	C:\Program Files\MATLAB\R2009a\bin\win64\m_dispatcher.dll
0x0000000002490000 - 0x00000000024b5000 	C:\Program Files\MATLAB\R2009a\bin\win64\datasvcs.dll
0x0000000012000000 - 0x0000000012295000 	C:\Program Files\MATLAB\R2009a\bin\win64\xerces-c_2_7.dll
0x00000000024e0000 - 0x00000000025d1000 	C:\Program Files\MATLAB\R2009a\bin\win64\boost_regex-vc80-mt-1_36.dll
0x00000000025f0000 - 0x0000000002681000 	C:\Program Files\MATLAB\R2009a\bin\win64\profiler.dll
0x00000000026a0000 - 0x00000000026ca000 	C:\Program Files\MATLAB\R2009a\bin\win64\libmwmathrng.dll
0x00000000026e0000 - 0x00000000026fa000 	C:\Program Files\MATLAB\R2009a\bin\win64\m_pcodeio.dll
0x0000000002710000 - 0x000000000275d000 	C:\Program Files\MATLAB\R2009a\bin\win64\m_ir.dll
0x0000000002770000 - 0x0000000002d76000 	C:\Program Files\MATLAB\R2009a\bin\win64\m_parser.dll
0x0000000002d90000 - 0x0000000002da4000 	C:\Program Files\MATLAB\R2009a\bin\win64\ir_xfmr.dll
0x0000000002dc0000 - 0x0000000003041000 	C:\Program Files\MATLAB\R2009a\bin\win64\mcos.dll
0x0000000003060000 - 0x000000000306c000 	C:\Program Files\MATLAB\R2009a\bin\win64\mtok.dll
0x0000000003080000 - 0x00000000030a0000 	C:\Program Files\MATLAB\R2009a\bin\win64\m_pcodegen.dll
0x000007fef6b70000 - 0x000007fef6c95000 	C:\Windows\system32\dbghelp.dll
0x00000000030b0000 - 0x00000000030d4000 	C:\Program Files\MATLAB\R2009a\bin\win64\bridge.dll
0x00000000030f0000 - 0x00000000031b0000 	C:\Program Files\MATLAB\R2009a\bin\win64\udd.dll
0x00000000031c0000 - 0x0000000003317000 	C:\Program Files\MATLAB\R2009a\bin\win64\libmwgui.dll
0x0000000003330000 - 0x0000000003615000 	C:\Program Files\MATLAB\R2009a\bin\win64\hg.dll
0x0000000003630000 - 0x0000000003662000 	C:\Program Files\MATLAB\R2009a\bin\win64\libmat.dll
0x0000000003680000 - 0x000000000386e000 	C:\Program Files\MATLAB\R2009a\bin\win64\libhdf5.dll
0x0000000003880000 - 0x00000000038e0000 	C:\Program Files\MATLAB\R2009a\bin\win64\jmi.dll
0x00000000038f0000 - 0x0000000003930000 	C:\Program Files\MATLAB\R2009a\bin\win64\libmwhardcopy.dll
0x0000000003940000 - 0x0000000003998000 	C:\Program Files\MATLAB\R2009a\bin\win64\libuij.dll
0x00000000039b0000 - 0x0000000003aa2000 	C:\Program Files\MATLAB\R2009a\bin\win64\libmwmathlinalg.dll
0x0000000003ac0000 - 0x0000000003e6c000 	C:\Program Files\MATLAB\R2009a\bin\win64\libmwmathelem.dll
0x0000000003e80000 - 0x0000000003eec000 	C:\Program Files\MATLAB\R2009a\bin\win64\libmwmathcore.dll
0x0000000003f00000 - 0x0000000003f62000 	C:\Program Files\MATLAB\R2009a\bin\win64\libmwcholmod.dll
0x0000000003f80000 - 0x0000000003f8d000 	C:\Program Files\MATLAB\R2009a\bin\win64\libmwamd.dll
0x0000000003fa0000 - 0x0000000003fac000 	C:\Program Files\MATLAB\R2009a\bin\win64\libmwcolamd.dll
0x0000000003fc0000 - 0x0000000003fd5000 	C:\Program Files\MATLAB\R2009a\bin\win64\libmwblas.dll
0x0000000003ff0000 - 0x0000000004001000 	C:\Program Files\MATLAB\R2009a\bin\win64\libmwbinder.dll
0x0000000004020000 - 0x000000000409d000 	C:\Program Files\MATLAB\R2009a\bin\win64\libmwlapack.dll
0x00000000040b0000 - 0x00000000040eb000 	C:\Program Files\MATLAB\R2009a\bin\win64\libmwrookfastbp.dll
0x0000000004100000 - 0x000000000414c000 	C:\Program Files\MATLAB\R2009a\bin\win64\libmwma57.dll
0x0000000004160000 - 0x000000000427c000 	C:\Program Files\MATLAB\R2009a\bin\win64\libifcoremd.dll
0x0000000004280000 - 0x0000000004550000 	C:\Program Files\MATLAB\R2009a\bin\win64\libmmd.dll
0x0000000004550000 - 0x0000000004560000 	C:\Program Files\MATLAB\R2009a\bin\win64\libmwcsparse.dll
0x0000000004570000 - 0x00000000045de000 	C:\Program Files\MATLAB\R2009a\bin\win64\libmwumfpack.dll
0x00000000045f0000 - 0x00000000046dd000 	C:\Program Files\MATLAB\R2009a\bin\win64\hgdatatypes.dll
0x00000000046f0000 - 0x0000000004934000 	C:\Program Files\MATLAB\R2009a\bin\win64\uiw.dll
0x0000000004950000 - 0x000000000495a000 	C:\Program Files\MATLAB\R2009a\bin\win64\uinone.dll
0x000000006d150000 - 0x000000006d2ec000 	C:\Windows\WinSxS\amd64_microsoft.vc80.mfc_1fc8b3b9a1e18e3b_8.0.50727.1833_none_8442d417329336b1\MFC80.DLL
0x000007fef7ae0000 - 0x000007fef7b50000 	C:\Windows\system32\WINSPOOL.DRV
0x000007fefd310000 - 0x000007fefd512000 	C:\Windows\system32\ole32.dll
0x000007fefd9d0000 - 0x000007fefdaa7000 	C:\Windows\system32\OLEAUT32.dll
0x0000000004970000 - 0x0000000004a1b000 	C:\Program Files\MATLAB\R2009a\bin\win64\udd_mi.dll
0x0000000004a30000 - 0x0000000004a48000 	C:\Program Files\MATLAB\R2009a\bin\win64\mwoles05.DLL
0x0000000004a60000 - 0x0000000004aca000 	C:\Program Files\MATLAB\R2009a\bin\win64\comcli.dll
0x0000000073c00000 - 0x0000000073c1f000 	C:\Windows\WinSxS\amd64_microsoft.vc80.atl_1fc8b3b9a1e18e3b_8.0.50727.1833_none_8a17faaf2edd3e00\ATL80.DLL
0x0000000004ae0000 - 0x0000000004aee000 	C:\Program Files\MATLAB\R2009a\bin\win64\mlautoregister.dll
0x000007fefd2c0000 - 0x000007fefd2ee000 	C:\Windows\system32\IMM32.DLL
0x000007fefdac0000 - 0x000007fefdbc9000 	C:\Windows\system32\MSCTF.dll
0x000007fefcc90000 - 0x000007fefcc9f000 	C:\Windows\system32\profapi.dll
0x000007fefb420000 - 0x000007fefb476000 	C:\Windows\system32\uxtheme.dll
0x000007fefa620000 - 0x000007fefa647000 	C:\Windows\system32\iphlpapi.dll
0x000007fefa610000 - 0x000007fefa61b000 	C:\Windows\system32\WINNSI.DLL
0x000007fefc430000 - 0x000007fefc48b000 	C:\Windows\system32\DNSAPI.dll
0x000007fefa5f0000 - 0x000007fefa608000 	C:\Windows\system32\dhcpcsvc.DLL
0x000007fef9c20000 - 0x000007fef9c31000 	C:\Windows\system32\dhcpcsvc6.DLL
0x0000000073c30000 - 0x0000000073c33000 	C:\Windows\system32\icmp.Dll
0x000007fefcbc0000 - 0x000007fefcbcf000 	C:\Windows\system32\CRYPTBASE.dll
0x000000000e680000 - 0x000000000ec2a000 	C:\Program Files\MATLAB\R2009a\sys\java\jre\win64\jre\bin\server\jvm.dll
0x000007fefa970000 - 0x000007fefa9ab000 	C:\Windows\system32\WINMM.dll
0x0000000004bd0000 - 0x0000000004bda000 	C:\Program Files\MATLAB\R2009a\sys\java\jre\win64\jre\bin\hpi.dll
0x0000000004d00000 - 0x0000000004d0e000 	C:\Program Files\MATLAB\R2009a\sys\java\jre\win64\jre\bin\verify.dll
0x0000000004d10000 - 0x0000000004d37000 	C:\Program Files\MATLAB\R2009a\sys\java\jre\win64\jre\bin\java.dll
0x0000000004d40000 - 0x0000000004d52000 	C:\Program Files\MATLAB\R2009a\sys\java\jre\win64\jre\bin\zip.dll
0x0000000004d60000 - 0x0000000004d81000 	C:\Program Files\MATLAB\R2009a\bin\win64\nativejava.dll
0x00000000078f0000 - 0x0000000007918000 	C:\Program Files\MATLAB\R2009a\bin\win64\nativejmi.dll
0x0000000007720000 - 0x0000000007727000 	C:\Program Files\MATLAB\R2009a\bin\win64\nativeservices.dll
0x000000000f8d0000 - 0x000000000fa6f000 	C:\Program Files\MATLAB\R2009a\sys\java\jre\win64\jre\bin\awt.dll
0x000007fefb050000 - 0x000007fefb068000 	C:\Windows\system32\dwmapi.dll
0x000000000fbf0000 - 0x000000000fc5a000 	C:\Program Files\MATLAB\R2009a\sys\java\jre\win64\jre\bin\fontmanager.dll
0x0000000011fe0000 - 0x0000000011ff7000 	C:\Program Files\MATLAB\R2009a\sys\java\jre\win64\jre\bin\net.dll
0x000007fefc4f0000 - 0x000007fefc544000 	C:\Windows\system32\mswsock.dll
0x000007fefc760000 - 0x000007fefc767000 	C:\Windows\System32\wship6.dll
0x00000000346a0000 - 0x00000000346ab000 	C:\Program Files\MATLAB\R2009a\sys\java\jre\win64\jre\bin\nio.dll
0x0000000034730000 - 0x0000000034737000 	C:\Program Files\MATLAB\R2009a\bin\win64\nativelmgr.dll
0x0000000034750000 - 0x0000000034785000 	C:\Program Files\MATLAB\R2009a\sys\java\jre\win64\jre\bin\jpeg.dll
0x0000000035860000 - 0x00000000359fe000 	C:\Program Files\MATLAB\R2009a\bin\win64\instutil.dll

VM Arguments:
jvm_args: -Xss512k -XX:PermSize=32m -Xms64m -XX:NewRatio=3 -XX:MaxPermSize=128m -Xmx196m -XX:MaxDirectMemorySize=2147400000 -Dsun.java2d.noddraw=true -Dsun.awt.nopixfmt=true -Xshare:off -Xrs -Djava.library.path=C:\Program Files\MATLAB\R2009a\bin\win64 vfprintf abort 
java_command: <unknown>
Launcher Type: generic

Environment Variables:
CLASSPATH=.;C:\Program Files (x86)\Java\jre6\lib\ext\QTJava.zip
PATH=C:\Windows\system32;C:\Windows;C:\Windows\System32\Wbem;C:\Windows\System32\WindowsPowerShell\v1.0\;c:\Program Files (x86)\Common Files\Roxio Shared\10.0\DLLShared\;c:\Program Files (x86)\Common Files\Roxio Shared\DLLShared\;C:\Program Files\MATLAB\R2009a\bin;C:\Program Files\MATLAB\R2009a\bin\win64;C:\Program Files (x86)\QuickTime\QTSystem\;C:\Program Files (x86)\Microsoft SQL Server\100\Tools\Binn\;C:\Program Files (x86)\Microsoft SQL Server\100\DTS\Binn\;C:\Python26;C:\Python26\DLLs;C:\Python26\Scripts;C:\Python26\Lib\site-packages\PyQt4;C:\Python26\gnuplot\bin;C:\Python26\Lib\site-packages\vtk;C:\Program Files (x86)\pythonxy\console;C:\Program Files (x86)\pythonxy\SciTE-2.21;C:\Program Files (x86)\pythonxy\mingw\bin;C:\Windows\System32
USERNAME=micro
OS=Windows_NT
PROCESSOR_IDENTIFIER=Intel64 Family 6 Model 30 Stepping 5, GenuineIntel



---------------  S Y S T E M  ---------------

OS: Windows NT 6.1 Build 7600 

CPU:total 8 (8 cores per cpu, 2 threads per core) family 6 model 14 stepping 5, cmov, cx8, fxsr, mmx, sse, sse2, sse3, ssse3, ht

Memory: 4k page, physical 8346704k(3812076k free), swap 16691508k(11949352k free)

vm_info: Java HotSpot(TM) 64-Bit Server VM (10.0-b19) for windows-amd64 JRE (1.6.0_04-b12), built on Dec 14 2007 00:44:23 by "java_re" with MS VC++ 8.0

time: Wed Jan 19 18:31:57 2011
elapsed time: 110619 seconds

