#
# An unexpected error has been detected by Java Runtime Environment:
#
#  EXCEPTION_ACCESS_VIOLATION (0xc0000005) at pc=0x00000000119dfe52, pid=3460, tid=5840
#
# Java VM: Java HotSpot(TM) 64-Bit Server VM (10.0-b19 mixed mode windows-amd64)
# Problematic frame:
# C  [awt.dll+0x9fe52]
#
# If you would like to submit a bug report, please visit:
#   http://java.sun.com/webapps/bugreport/crash.jsp
# The crash happened outside the Java Virtual Machine in native code.
# See problematic frame for where to report the bug.
#

---------------  T H R E A D  ---------------

Current thread (0x0000000033ad6800):  JavaThread "AWT-Windows" daemon [_thread_in_native, id=5840, stack(0x0000000011be0000,0x0000000011c60000)]

siginfo: ExceptionCode=0xc0000005, reading address 0xffffffffffffffff

Registers:
EAX=0x6d200a3e736e6f69, EBX=0x0000000000000001, ECX=0x6d200a3e736e6f69, EDX=0x0000000011a3bd30
ESP=0x0000000011c5efe0, EBP=0x000000000001a220, ESI=0x000000003b950860, EDI=0x0000000011940000
EIP=0x00000000119dfe52, EFLAGS=0x0000000000010206

Top of Stack: (sp=0x0000000011c5efe0)
0x0000000011c5efe0:   0000000033ad6800 0000000000000000
0x0000000011c5eff0:   0000000000000001 0000000011940000
0x0000000011c5f000:   0000000033ad6998 00000000119e5539
0x0000000011c5f010:   0000000007b44e70 0000000033ad6998
0x0000000011c5f020:   000000003b950860 0000000000000111
0x0000000011c5f030:   0000000004e5d428 0000000001b4041a
0x0000000011c5f040:   0000000000000000 000000000000c1df
0x0000000011c5f050:   0000000000000000 0000000000000000
0x0000000011c5f060:   000000000000c1df fffffffffffffffe
0x0000000011c5f070:   0000000033ad6998 0000000000000001
0x0000000011c5f080:   0000000000000000 0000000000000111
0x0000000011c5f090:   0000000000000111 0000000000000111
0x0000000011c5f0a0:   000000000001a220 0000000000000000
0x0000000011c5f0b0:   000000003b950860 0000000011a1d807
0x0000000011c5f0c0:   0000000000000000 0000000076c4b98f
0x0000000011c5f0d0:   00000000ffffffeb 0000000000000000 

Instructions: (pc=0x00000000119dfe52)
0x00000000119dfe42:   53 0b 00 e8 46 8a 03 00 48 85 c0 48 8b c8 74 06
0x00000000119dfe52:   48 8b 00 ff 50 08 b8 02 00 00 00 48 83 c4 20 5b 


Stack: [0x0000000011be0000,0x0000000011c60000],  sp=0x0000000011c5efe0,  free space=507k
Native frames: (J=compiled Java code, j=interpreted, Vv=VM code, C=native code)
C  [awt.dll+0x9fe52]

Java frames: (J=compiled Java code, j=interpreted, Vv=VM code)
v  ~BufferBlob::Interpreter
v  ~BufferBlob::Interpreter
v  ~BufferBlob::Interpreter
v  ~BufferBlob::StubRoutines (1)

---------------  P R O C E S S  ---------------

Java Threads: ( => current thread )
  0x0000000033bd7800 JavaThread "Timer-99" [_thread_blocked, id=6632, stack(0x0000000036440000,0x00000000364c0000)]
  0x0000000033bd6c00 JavaThread "Thread-428" [_thread_blocked, id=6840, stack(0x0000000036340000,0x00000000363c0000)]
  0x0000000033bd6000 JavaThread "Thread-419" [_thread_blocked, id=4792, stack(0x0000000036210000,0x0000000036290000)]
  0x0000000035251000 JavaThread "Thread-144" [_thread_blocked, id=2552, stack(0x0000000035aa0000,0x0000000035b20000)]
  0x0000000035252800 JavaThread "Thread-111" [_thread_blocked, id=5968, stack(0x0000000035a20000,0x0000000035aa0000)]
  0x0000000035252400 JavaThread "Thread-107" [_thread_blocked, id=5676, stack(0x0000000011c60000,0x0000000011ce0000)]
  0x0000000035251c00 JavaThread "Prefs Updater" [_thread_blocked, id=6452, stack(0x000000000e3f0000,0x000000000e470000)]
  0x0000000035253000 JavaThread "Foxtrot Single Worker Thread #1" daemon [_thread_blocked, id=4672, stack(0x000000003c7b0000,0x000000003c830000)]
  0x0000000034e56800 JavaThread "Timer queue for AWT thread" daemon [_thread_blocked, id=7064, stack(0x000000003bc60000,0x000000003bce0000)]
  0x0000000011445000 JavaThread "Thread-55" [_thread_blocked, id=6188, stack(0x000000003c270000,0x000000003c2f0000)]
  0x0000000011444800 JavaThread "Thread-54" [_thread_blocked, id=5980, stack(0x000000003c730000,0x000000003c7b0000)]
  0x0000000011444400 JavaThread "Thread-53" [_thread_blocked, id=908, stack(0x000000003d830000,0x000000003d8b0000)]
  0x0000000011443c00 JavaThread "Thread-52" [_thread_blocked, id=3212, stack(0x000000003c6b0000,0x000000003c730000)]
  0x0000000011443400 JavaThread "Thread-50" [_thread_blocked, id=6292, stack(0x000000003c630000,0x000000003c6b0000)]
  0x0000000011443000 JavaThread "Thread-49" [_thread_blocked, id=5392, stack(0x000000003c530000,0x000000003c5b0000)]
  0x0000000011442800 JavaThread "Thread-48" [_thread_blocked, id=1632, stack(0x000000003c4b0000,0x000000003c530000)]
  0x0000000011442000 JavaThread "Thread-47" [_thread_blocked, id=4788, stack(0x000000003c430000,0x000000003c4b0000)]
  0x0000000011441c00 JavaThread "Thread-46" [_thread_blocked, id=7152, stack(0x000000003c5b0000,0x000000003c630000)]
  0x0000000011441400 JavaThread "Thread-45" [_thread_blocked, id=6076, stack(0x000000003c3b0000,0x000000003c430000)]
  0x0000000011440c00 JavaThread "Thread-43" [_thread_blocked, id=5952, stack(0x000000003c330000,0x000000003c3b0000)]
  0x0000000011440400 JavaThread "Thread-42" [_thread_blocked, id=2524, stack(0x000000003bce0000,0x000000003bd60000)]
  0x000000001143f800 JavaThread "Thread-41" [_thread_blocked, id=2032, stack(0x000000003c1f0000,0x000000003c270000)]
  0x000000001143f000 JavaThread "Thread-40" [_thread_blocked, id=776, stack(0x000000003c170000,0x000000003c1f0000)]
  0x000000001143ec00 JavaThread "Thread-39" [_thread_blocked, id=5000, stack(0x000000003bff0000,0x000000003c070000)]
  0x000000001143e400 JavaThread "Thread-38" [_thread_blocked, id=6532, stack(0x000000003bf70000,0x000000003bff0000)]
  0x0000000034e58800 JavaThread "Thread-36" [_thread_blocked, id=6636, stack(0x000000003bef0000,0x000000003bf70000)]
  0x0000000034e58000 JavaThread "Thread-35" [_thread_blocked, id=3388, stack(0x000000003be70000,0x000000003bef0000)]
  0x0000000034e57c00 JavaThread "Thread-34" [_thread_blocked, id=3412, stack(0x000000003bdf0000,0x000000003be70000)]
  0x0000000034e57400 JavaThread "Thread-33" [_thread_blocked, id=5364, stack(0x000000003bd70000,0x000000003bdf0000)]
  0x0000000034e56c00 JavaThread "Thread-32" [_thread_blocked, id=7068, stack(0x0000000036a20000,0x0000000036aa0000)]
  0x0000000034e56000 JavaThread "Thread-30" [_thread_blocked, id=6056, stack(0x0000000037270000,0x00000000372f0000)]
  0x0000000034e55800 JavaThread "Thread-29" [_thread_blocked, id=1716, stack(0x00000000371f0000,0x0000000037270000)]
  0x0000000034e55400 JavaThread "Thread-28" [_thread_blocked, id=3776, stack(0x0000000037170000,0x00000000371f0000)]
  0x0000000034e54c00 JavaThread "Thread-27" [_thread_blocked, id=3968, stack(0x00000000370f0000,0x0000000037170000)]
  0x0000000034e54400 JavaThread "Thread-26" [_thread_blocked, id=6628, stack(0x0000000036fd0000,0x0000000037050000)]
  0x0000000034e53c00 JavaThread "Thread-24" [_thread_blocked, id=4664, stack(0x0000000036f50000,0x0000000036fd0000)]
  0x0000000034e53800 JavaThread "Thread-22" [_thread_blocked, id=6660, stack(0x0000000036e60000,0x0000000036ee0000)]
  0x0000000034e53000 JavaThread "Active Reference Queue Daemon" daemon [_thread_blocked, id=5864, stack(0x0000000036d80000,0x0000000036e00000)]
  0x0000000034e51c00 JavaThread "Timer-17" daemon [_thread_blocked, id=5736, stack(0x0000000036aa0000,0x0000000036b20000)]
  0x0000000034e52800 JavaThread "Timer-13" daemon [_thread_blocked, id=4248, stack(0x0000000036b20000,0x0000000036ba0000)]
  0x00000000347d0c00 JavaThread "Timer-1" [_thread_blocked, id=6196, stack(0x0000000035540000,0x00000000355c0000)]
  0x0000000033e3d400 JavaThread "TimerQueue" daemon [_thread_blocked, id=6584, stack(0x0000000034160000,0x00000000341e0000)]
  0x0000000033e9f800 JavaThread "AWT-EventQueue-0" [_thread_in_native, id=6440, stack(0x0000000033fe0000,0x0000000034060000)]
=>0x0000000033ad6800 JavaThread "AWT-Windows" daemon [_thread_in_native, id=5840, stack(0x0000000011be0000,0x0000000011c60000)]
  0x0000000033ad6400 JavaThread "AWT-Shutdown" [_thread_blocked, id=6408, stack(0x0000000011b60000,0x0000000011be0000)]
  0x0000000033abe000 JavaThread "Java2D Disposer" daemon [_thread_blocked, id=6468, stack(0x0000000011ae0000,0x0000000011b60000)]
  0x0000000011564400 JavaThread "Timer-0" [_thread_blocked, id=2068, stack(0x00000000117e0000,0x0000000011860000)]
  0x0000000011505800 JavaThread "JMI Unnamed Thread" [_thread_in_native, id=1220, stack(0x00000000093e0000,0x000000000a3e0000)]
  0x0000000011370400 JavaThread "Low Memory Detector" daemon [_thread_blocked, id=6256, stack(0x0000000011150000,0x00000000111d0000)]
  0x000000001136c000 JavaThread "CompilerThread1" daemon [_thread_blocked, id=3348, stack(0x00000000316a0000,0x00000000326a0000)]
  0x0000000011367000 JavaThread "CompilerThread0" daemon [_thread_blocked, id=5868, stack(0x00000000306a0000,0x00000000316a0000)]
  0x0000000011366800 JavaThread "Attach Listener" daemon [_thread_blocked, id=7116, stack(0x00000000110d0000,0x0000000011150000)]
  0x0000000004bff400 JavaThread "Finalizer" daemon [_thread_blocked, id=2044, stack(0x0000000011050000,0x00000000110d0000)]
  0x0000000004bfe800 JavaThread "Reference Handler" daemon [_thread_blocked, id=5016, stack(0x000000000ff10000,0x000000000ff90000)]
  0x0000000004c5ec00 JavaThread "main" [_thread_in_native, id=7044, stack(0x0000000000030000,0x0000000001030000)]

Other Threads:
  0x0000000004bfd800 VMThread [stack: 0x000000002f6a0000,0x00000000306a0000] [id=7080]
  0x000000001139cc00 WatcherThread [stack: 0x00000000326a0000,0x00000000336a0000] [id=6616]

VM state:not at safepoint (normal execution)

VM Mutex/Monitor currently owned by a thread: None

Heap
 PSYoungGen      total 18048K, used 3083K [0x00000000265a0000, 0x00000000286b0000, 0x00000000296a0000)
  eden space 15808K, 5% used [0x00000000265a0000,0x00000000266752c8,0x0000000027510000)
  from space 2240K, 99% used [0x0000000027530000,0x000000002775dae8,0x0000000027760000)
  to   space 9024K, 0% used [0x0000000027de0000,0x0000000027de0000,0x00000000286b0000)
 PSOldGen        total 150528K, used 147751K [0x000000001d2a0000, 0x00000000265a0000, 0x00000000265a0000)
  object space 150528K, 98% used [0x000000001d2a0000,0x00000000262e9e68,0x00000000265a0000)
 PSPermGen       total 92736K, used 59658K [0x00000000152a0000, 0x000000001ad30000, 0x000000001d2a0000)
  object space 92736K, 64% used [0x00000000152a0000,0x0000000018ce2988,0x000000001ad30000)

Dynamic libraries:
0x0000000140000000 - 0x0000000140032000 	C:\Program Files\MATLAB\R2009a\bin\win64\MATLAB.exe
0x0000000076d30000 - 0x0000000076edb000 	C:\Windows\SYSTEM32\ntdll.dll
0x0000000076b10000 - 0x0000000076c2f000 	C:\Windows\system32\kernel32.dll
0x000007fefce20000 - 0x000007fefce8b000 	C:\Windows\system32\KERNELBASE.dll
0x0000000180000000 - 0x0000000180406000 	C:\Program Files\MATLAB\R2009a\bin\win64\libut.dll
0x000007fefd2f0000 - 0x000007fefd307000 	C:\Windows\system32\imagehlp.dll
0x000007fefd780000 - 0x000007fefd81f000 	C:\Windows\system32\msvcrt.dll
0x0000000076ef0000 - 0x0000000076ef7000 	C:\Windows\system32\PSAPI.DLL
0x00000000010d0000 - 0x00000000010f8000 	C:\Program Files\MATLAB\R2009a\bin\win64\LIBEXPAT.dll
0x0000000072310000 - 0x00000000723d9000 	C:\Windows\WinSxS\amd64_microsoft.vc80.crt_1fc8b3b9a1e18e3b_8.0.50727.4927_none_88dce9872fb18caf\MSVCR80.dll
0x000000004a800000 - 0x000000004a923000 	C:\Program Files\MATLAB\R2009a\bin\win64\icuuc38.dll
0x000007fefeb40000 - 0x000007fefec1b000 	C:\Windows\system32\ADVAPI32.dll
0x000007fefedd0000 - 0x000007fefedef000 	C:\Windows\SYSTEM32\sechost.dll
0x000007fefedf0000 - 0x000007fefef1e000 	C:\Windows\system32\RPCRT4.dll
0x000000004ad00000 - 0x000000004ad03000 	C:\Program Files\MATLAB\R2009a\bin\win64\icudt38.dll
0x000000004ab00000 - 0x000000004ab0f000 	C:\Program Files\MATLAB\R2009a\bin\win64\icuio38.dll
0x0000000001240000 - 0x000000000137a000 	C:\Program Files\MATLAB\R2009a\bin\win64\icuin38.dll
0x0000000072120000 - 0x0000000072229000 	C:\Windows\WinSxS\amd64_microsoft.vc80.crt_1fc8b3b9a1e18e3b_8.0.50727.4927_none_88dce9872fb18caf\MSVCP80.dll
0x0000000076c30000 - 0x0000000076d2a000 	C:\Windows\system32\USER32.dll
0x000007fefd910000 - 0x000007fefd977000 	C:\Windows\system32\GDI32.dll
0x000007fefdab0000 - 0x000007fefdabe000 	C:\Windows\system32\LPK.dll
0x000007fefd1e0000 - 0x000007fefd2aa000 	C:\Windows\system32\USP10.dll
0x0000000001380000 - 0x00000000013ee000 	C:\Program Files\MATLAB\R2009a\bin\win64\libmwfl.dll
0x0000000001400000 - 0x000000000140f000 	C:\Program Files\MATLAB\R2009a\bin\win64\boost_date_time-vc80-mt-1_36.dll
0x0000000001420000 - 0x0000000001436000 	C:\Program Files\MATLAB\R2009a\bin\win64\boost_signals-vc80-mt-1_36.dll
0x0000000001450000 - 0x0000000001459000 	C:\Program Files\MATLAB\R2009a\bin\win64\boost_system-vc80-mt-1_36.dll
0x0000000001470000 - 0x0000000001481000 	C:\Program Files\MATLAB\R2009a\bin\win64\boost_thread-vc80-mt-1_36.dll
0x00000000014a0000 - 0x00000000016d7000 	C:\Program Files\MATLAB\R2009a\bin\win64\libmwservices.dll
0x00000000016f0000 - 0x0000000001761000 	C:\Program Files\MATLAB\R2009a\bin\win64\libmx.dll
0x0000000001780000 - 0x0000000001797000 	C:\Program Files\MATLAB\R2009a\bin\win64\zlib1.dll
0x00000000017a0000 - 0x00000000018c5000 	C:\Program Files\MATLAB\R2009a\bin\win64\libmwmathutil.dll
0x00000000018e0000 - 0x0000000001935000 	C:\Program Files\MATLAB\R2009a\bin\win64\mpath.dll
0x0000000001950000 - 0x000000000199f000 	C:\Program Files\MATLAB\R2009a\bin\win64\mlutil.dll
0x0000000010000000 - 0x0000000010049000 	C:\Program Files\MATLAB\R2009a\bin\win64\tbb.dll
0x000007fefa4f0000 - 0x000007fefa590000 	C:\Windows\WinSxS\amd64_microsoft.windows.common-controls_6595b64144ccf1df_5.82.7600.16661_none_a44e1fc257f685f6\COMCTL32.dll
0x000007fefef20000 - 0x000007fefefb8000 	C:\Windows\system32\comdlg32.dll
0x000007fefed50000 - 0x000007fefedc1000 	C:\Windows\system32\SHLWAPI.dll
0x000007fefddb0000 - 0x000007fefeb36000 	C:\Windows\system32\SHELL32.dll
0x000007fefad80000 - 0x000007fefad96000 	C:\Windows\system32\NETAPI32.dll
0x000007fefad70000 - 0x000007fefad7c000 	C:\Windows\system32\netutils.dll
0x000007fefc8c0000 - 0x000007fefc8e3000 	C:\Windows\system32\srvcli.dll
0x000007fefad50000 - 0x000007fefad65000 	C:\Windows\system32\wkscli.dll
0x000007fefd820000 - 0x000007fefd86d000 	C:\Windows\system32\WS2_32.dll
0x000007fefd2b0000 - 0x000007fefd2b8000 	C:\Windows\system32\NSI.dll
0x00000000019b0000 - 0x0000000001a32000 	C:\Program Files\MATLAB\R2009a\bin\win64\mcr.dll
0x0000000001a50000 - 0x0000000001ab2000 	C:\Program Files\MATLAB\R2009a\bin\win64\iqm.dll
0x0000000001ad0000 - 0x00000000023b7000 	C:\Program Files\MATLAB\R2009a\bin\win64\m_interpreter.dll
0x00000000023d0000 - 0x00000000023df000 	C:\Program Files\MATLAB\R2009a\bin\win64\libmex.dll
0x00000000023f0000 - 0x0000000002480000 	C:\Program Files\MATLAB\R2009a\bin\win64\m_dispatcher.dll
0x0000000002490000 - 0x00000000024b5000 	C:\Program Files\MATLAB\R2009a\bin\win64\datasvcs.dll
0x0000000012000000 - 0x0000000012295000 	C:\Program Files\MATLAB\R2009a\bin\win64\xerces-c_2_7.dll
0x00000000024e0000 - 0x00000000025d1000 	C:\Program Files\MATLAB\R2009a\bin\win64\boost_regex-vc80-mt-1_36.dll
0x00000000025f0000 - 0x0000000002681000 	C:\Program Files\MATLAB\R2009a\bin\win64\profiler.dll
0x00000000026a0000 - 0x00000000026ca000 	C:\Program Files\MATLAB\R2009a\bin\win64\libmwmathrng.dll
0x00000000026e0000 - 0x00000000026fa000 	C:\Program Files\MATLAB\R2009a\bin\win64\m_pcodeio.dll
0x0000000002710000 - 0x000000000275d000 	C:\Program Files\MATLAB\R2009a\bin\win64\m_ir.dll
0x0000000002770000 - 0x0000000002d76000 	C:\Program Files\MATLAB\R2009a\bin\win64\m_parser.dll
0x0000000002d90000 - 0x0000000002da4000 	C:\Program Files\MATLAB\R2009a\bin\win64\ir_xfmr.dll
0x0000000002dc0000 - 0x0000000003041000 	C:\Program Files\MATLAB\R2009a\bin\win64\mcos.dll
0x0000000003060000 - 0x000000000306c000 	C:\Program Files\MATLAB\R2009a\bin\win64\mtok.dll
0x0000000003080000 - 0x00000000030a0000 	C:\Program Files\MATLAB\R2009a\bin\win64\m_pcodegen.dll
0x000007fef6b70000 - 0x000007fef6c95000 	C:\Windows\system32\dbghelp.dll
0x00000000030b0000 - 0x00000000030d4000 	C:\Program Files\MATLAB\R2009a\bin\win64\bridge.dll
0x00000000030f0000 - 0x00000000031b0000 	C:\Program Files\MATLAB\R2009a\bin\win64\udd.dll
0x00000000031c0000 - 0x0000000003317000 	C:\Program Files\MATLAB\R2009a\bin\win64\libmwgui.dll
0x0000000003330000 - 0x0000000003615000 	C:\Program Files\MATLAB\R2009a\bin\win64\hg.dll
0x0000000003630000 - 0x0000000003662000 	C:\Program Files\MATLAB\R2009a\bin\win64\libmat.dll
0x0000000003680000 - 0x000000000386e000 	C:\Program Files\MATLAB\R2009a\bin\win64\libhdf5.dll
0x0000000003880000 - 0x00000000038e0000 	C:\Program Files\MATLAB\R2009a\bin\win64\jmi.dll
0x00000000038f0000 - 0x0000000003930000 	C:\Program Files\MATLAB\R2009a\bin\win64\libmwhardcopy.dll
0x0000000003940000 - 0x0000000003998000 	C:\Program Files\MATLAB\R2009a\bin\win64\libuij.dll
0x00000000039b0000 - 0x0000000003aa2000 	C:\Program Files\MATLAB\R2009a\bin\win64\libmwmathlinalg.dll
0x0000000003ac0000 - 0x0000000003e6c000 	C:\Program Files\MATLAB\R2009a\bin\win64\libmwmathelem.dll
0x0000000003e80000 - 0x0000000003eec000 	C:\Program Files\MATLAB\R2009a\bin\win64\libmwmathcore.dll
0x0000000003f00000 - 0x0000000003f62000 	C:\Program Files\MATLAB\R2009a\bin\win64\libmwcholmod.dll
0x0000000003f80000 - 0x0000000003f8d000 	C:\Program Files\MATLAB\R2009a\bin\win64\libmwamd.dll
0x0000000003fa0000 - 0x0000000003fac000 	C:\Program Files\MATLAB\R2009a\bin\win64\libmwcolamd.dll
0x0000000003fc0000 - 0x0000000003fd5000 	C:\Program Files\MATLAB\R2009a\bin\win64\libmwblas.dll
0x0000000003ff0000 - 0x0000000004001000 	C:\Program Files\MATLAB\R2009a\bin\win64\libmwbinder.dll
0x0000000004020000 - 0x000000000409d000 	C:\Program Files\MATLAB\R2009a\bin\win64\libmwlapack.dll
0x00000000040b0000 - 0x00000000040eb000 	C:\Program Files\MATLAB\R2009a\bin\win64\libmwrookfastbp.dll
0x0000000004100000 - 0x000000000414c000 	C:\Program Files\MATLAB\R2009a\bin\win64\libmwma57.dll
0x0000000004160000 - 0x000000000427c000 	C:\Program Files\MATLAB\R2009a\bin\win64\libifcoremd.dll
0x0000000004280000 - 0x0000000004550000 	C:\Program Files\MATLAB\R2009a\bin\win64\libmmd.dll
0x0000000004550000 - 0x0000000004560000 	C:\Program Files\MATLAB\R2009a\bin\win64\libmwcsparse.dll
0x0000000004570000 - 0x00000000045de000 	C:\Program Files\MATLAB\R2009a\bin\win64\libmwumfpack.dll
0x00000000045f0000 - 0x00000000046dd000 	C:\Program Files\MATLAB\R2009a\bin\win64\hgdatatypes.dll
0x00000000046f0000 - 0x0000000004934000 	C:\Program Files\MATLAB\R2009a\bin\win64\uiw.dll
0x0000000004950000 - 0x000000000495a000 	C:\Program Files\MATLAB\R2009a\bin\win64\uinone.dll
0x00000000651c0000 - 0x000000006535c000 	C:\Windows\WinSxS\amd64_microsoft.vc80.mfc_1fc8b3b9a1e18e3b_8.0.50727.1833_none_8442d417329336b1\MFC80.DLL
0x000007fef7ae0000 - 0x000007fef7b50000 	C:\Windows\system32\WINSPOOL.DRV
0x000007fefd310000 - 0x000007fefd512000 	C:\Windows\system32\ole32.dll
0x000007fefd9d0000 - 0x000007fefdaa7000 	C:\Windows\system32\OLEAUT32.dll
0x0000000004970000 - 0x0000000004a1b000 	C:\Program Files\MATLAB\R2009a\bin\win64\udd_mi.dll
0x0000000004a30000 - 0x0000000004a48000 	C:\Program Files\MATLAB\R2009a\bin\win64\mwoles05.DLL
0x0000000004a60000 - 0x0000000004aca000 	C:\Program Files\MATLAB\R2009a\bin\win64\comcli.dll
0x000000006e7d0000 - 0x000000006e7ef000 	C:\Windows\WinSxS\amd64_microsoft.vc80.atl_1fc8b3b9a1e18e3b_8.0.50727.1833_none_8a17faaf2edd3e00\ATL80.DLL
0x0000000004ae0000 - 0x0000000004aee000 	C:\Program Files\MATLAB\R2009a\bin\win64\mlautoregister.dll
0x000007fefd2c0000 - 0x000007fefd2ee000 	C:\Windows\system32\IMM32.DLL
0x000007fefdac0000 - 0x000007fefdbc9000 	C:\Windows\system32\MSCTF.dll
0x000007fefcc90000 - 0x000007fefcc9f000 	C:\Windows\system32\profapi.dll
0x000007fefb420000 - 0x000007fefb476000 	C:\Windows\system32\uxtheme.dll
0x000007fefa620000 - 0x000007fefa647000 	C:\Windows\system32\iphlpapi.dll
0x000007fefa610000 - 0x000007fefa61b000 	C:\Windows\system32\WINNSI.DLL
0x000007fefc430000 - 0x000007fefc48b000 	C:\Windows\system32\DNSAPI.dll
0x000007fefa5f0000 - 0x000007fefa608000 	C:\Windows\system32\dhcpcsvc.DLL
0x000007fef9c20000 - 0x000007fef9c31000 	C:\Windows\system32\dhcpcsvc6.DLL
0x0000000073c10000 - 0x0000000073c13000 	C:\Windows\system32\icmp.Dll
0x000007fefcbc0000 - 0x000007fefcbcf000 	C:\Windows\system32\CRYPTBASE.dll
0x000000000e520000 - 0x000000000eaca000 	C:\Program Files\MATLAB\R2009a\sys\java\jre\win64\jre\bin\server\jvm.dll
0x000007fefa970000 - 0x000007fefa9ab000 	C:\Windows\system32\WINMM.dll
0x0000000004cd0000 - 0x0000000004cda000 	C:\Program Files\MATLAB\R2009a\sys\java\jre\win64\jre\bin\hpi.dll
0x0000000004cf0000 - 0x0000000004cfe000 	C:\Program Files\MATLAB\R2009a\sys\java\jre\win64\jre\bin\verify.dll
0x0000000007530000 - 0x0000000007557000 	C:\Program Files\MATLAB\R2009a\sys\java\jre\win64\jre\bin\java.dll
0x0000000007560000 - 0x0000000007572000 	C:\Program Files\MATLAB\R2009a\sys\java\jre\win64\jre\bin\zip.dll
0x0000000007690000 - 0x00000000076b1000 	C:\Program Files\MATLAB\R2009a\bin\win64\nativejava.dll
0x0000000007dd0000 - 0x0000000007df8000 	C:\Program Files\MATLAB\R2009a\bin\win64\nativejmi.dll
0x0000000007e10000 - 0x0000000007e17000 	C:\Program Files\MATLAB\R2009a\bin\win64\nativeservices.dll
0x0000000011940000 - 0x0000000011adf000 	C:\Program Files\MATLAB\R2009a\sys\java\jre\win64\jre\bin\awt.dll
0x000007fefb050000 - 0x000007fefb068000 	C:\Windows\system32\dwmapi.dll
0x000000000ff90000 - 0x000000000fffa000 	C:\Program Files\MATLAB\R2009a\sys\java\jre\win64\jre\bin\fontmanager.dll
0x0000000033fb0000 - 0x0000000033fc7000 	C:\Program Files\MATLAB\R2009a\sys\java\jre\win64\jre\bin\net.dll
0x000007fefc4f0000 - 0x000007fefc544000 	C:\Windows\system32\mswsock.dll
0x000007fefc760000 - 0x000007fefc767000 	C:\Windows\System32\wship6.dll
0x0000000033fd0000 - 0x0000000033fdb000 	C:\Program Files\MATLAB\R2009a\sys\java\jre\win64\jre\bin\nio.dll
0x0000000034060000 - 0x0000000034067000 	C:\Program Files\MATLAB\R2009a\bin\win64\nativelmgr.dll
0x0000000034080000 - 0x00000000340b5000 	C:\Program Files\MATLAB\R2009a\sys\java\jre\win64\jre\bin\jpeg.dll
0x00000000341e0000 - 0x000000003437e000 	C:\Program Files\MATLAB\R2009a\bin\win64\instutil.dll

VM Arguments:
jvm_args: -Xss512k -XX:PermSize=32m -Xms64m -XX:NewRatio=3 -XX:MaxPermSize=128m -Xmx196m -XX:MaxDirectMemorySize=2147400000 -Dsun.java2d.noddraw=true -Dsun.awt.nopixfmt=true -Xshare:off -Xrs -Djava.library.path=C:\Program Files\MATLAB\R2009a\bin\win64 vfprintf abort 
java_command: <unknown>
Launcher Type: generic

Environment Variables:
CLASSPATH=.;C:\Program Files (x86)\Java\jre6\lib\ext\QTJava.zip
PATH=C:\Windows\system32;C:\Windows;C:\Windows\System32\Wbem;C:\Windows\System32\WindowsPowerShell\v1.0\;c:\Program Files (x86)\Common Files\Roxio Shared\10.0\DLLShared\;c:\Program Files (x86)\Common Files\Roxio Shared\DLLShared\;C:\Program Files\MATLAB\R2009a\bin;C:\Program Files\MATLAB\R2009a\bin\win64;C:\Program Files (x86)\QuickTime\QTSystem\;C:\Program Files (x86)\Microsoft SQL Server\100\Tools\Binn\;C:\Program Files (x86)\Microsoft SQL Server\100\DTS\Binn\;C:\Python26;C:\Python26\DLLs;C:\Python26\Scripts;C:\Python26\Lib\site-packages\PyQt4;C:\Python26\gnuplot\bin;C:\Python26\Lib\site-packages\vtk;C:\Program Files (x86)\pythonxy\console;C:\Program Files (x86)\pythonxy\SciTE-2.21;C:\Program Files (x86)\pythonxy\mingw\bin;C:\Windows\System32
USERNAME=micro
OS=Windows_NT
PROCESSOR_IDENTIFIER=Intel64 Family 6 Model 30 Stepping 5, GenuineIntel



---------------  S Y S T E M  ---------------

OS: Windows NT 6.1 Build 7600 

CPU:total 8 (8 cores per cpu, 2 threads per core) family 6 model 14 stepping 5, cmov, cx8, fxsr, mmx, sse, sse2, sse3, ssse3, ht

Memory: 4k page, physical 8346704k(4044384k free), swap 16691508k(11811892k free)

vm_info: Java HotSpot(TM) 64-Bit Server VM (10.0-b19) for windows-amd64 JRE (1.6.0_04-b12), built on Dec 14 2007 00:44:23 by "java_re" with MS VC++ 8.0

time: Mon Jan 24 09:46:49 2011
elapsed time: 235331 seconds

