#
# An unexpected error has been detected by Java Runtime Environment:
#
#  EXCEPTION_ACCESS_VIOLATION (0xc0000005) at pc=0x000000003373fe55, pid=5808, tid=5564
#
# Java VM: Java HotSpot(TM) 64-Bit Server VM (10.0-b19 mixed mode windows-amd64)
# Problematic frame:
# C  [awt.dll+0x9fe55]
#
# If you would like to submit a bug report, please visit:
#   http://java.sun.com/webapps/bugreport/crash.jsp
# The crash happened outside the Java Virtual Machine in native code.
# See problematic frame for where to report the bug.
#

---------------  T H R E A D  ---------------

Current thread (0x0000000011c34800):  JavaThread "AWT-Windows" daemon [_thread_in_native, id=5564, stack(0x0000000033940000,0x00000000339c0000)]

siginfo: ExceptionCode=0xc0000005, reading address 0xffffffffffffffff

Registers:
EAX=0x715f676f5de5e6cb, EBX=0x0000000000000001, ECX=0x0000000011328810, EDX=0x000000003379bd30
ESP=0x00000000339bf1e0, EBP=0x000000000001a220, ESI=0x000000003d150900, EDI=0x00000000336a0000
EIP=0x000000003373fe55, EFLAGS=0x0000000000010202

Top of Stack: (sp=0x00000000339bf1e0)
0x00000000339bf1e0:   0000000011c34800 0000000000000000
0x00000000339bf1f0:   0000000000000001 00000000336a0000
0x00000000339bf200:   0000000011c34998 0000000033745539
0x00000000339bf210:   000000004b500040 0000000011c34998
0x00000000339bf220:   000000003d150900 0000000000000111
0x00000000339bf230:   0000000004f0d218 0000000000030392
0x00000000339bf240:   0000000000000000 000000000000c203
0x00000000339bf250:   0000000000000000 0000000000000000
0x00000000339bf260:   000000000000c203 fffffffffffffffe
0x00000000339bf270:   0000000011c34998 0000000000000001
0x00000000339bf280:   0000000000000000 0000000000000111
0x00000000339bf290:   0000000000000111 0000000000000111
0x00000000339bf2a0:   000000000001a220 0000000000000000
0x00000000339bf2b0:   000000003d150900 000000003377d807
0x00000000339bf2c0:   0000000000000000 000000007791b98f
0x00000000339bf2d0:   00000000ffffffeb 0000000000000000 

Instructions: (pc=0x000000003373fe55)
0x000000003373fe45:   e8 46 8a 03 00 48 85 c0 48 8b c8 74 06 48 8b 00
0x000000003373fe55:   ff 50 08 b8 02 00 00 00 48 83 c4 20 5b c3 49 8b 


Stack: [0x0000000033940000,0x00000000339c0000],  sp=0x00000000339bf1e0,  free space=508k
Native frames: (J=compiled Java code, j=interpreted, Vv=VM code, C=native code)
C  [awt.dll+0x9fe55]

Java frames: (J=compiled Java code, j=interpreted, Vv=VM code)
v  ~BufferBlob::Interpreter
v  ~BufferBlob::Interpreter
v  ~BufferBlob::Interpreter
v  ~BufferBlob::StubRoutines (1)

---------------  P R O C E S S  ---------------

Java Threads: ( => current thread )
  0x000000003cf4a000 JavaThread "Timer queue for AWT thread" daemon [_thread_blocked, id=3316, stack(0x00000000401c0000,0x0000000040240000)]
  0x000000003cf49400 JavaThread "Prefs Updater" [_thread_blocked, id=5796, stack(0x000000003e090000,0x000000003e110000)]
  0x000000003cf48400 JavaThread "Thread-32" [_thread_blocked, id=4004, stack(0x000000003e010000,0x000000003e090000)]
  0x000000003cf48000 JavaThread "Thread-31" [_thread_blocked, id=5444, stack(0x000000003df90000,0x000000003e010000)]
  0x000000003cf47800 JavaThread "Thread-30" [_thread_blocked, id=6032, stack(0x000000003df10000,0x000000003df90000)]
  0x000000003cf47000 JavaThread "Thread-29" [_thread_blocked, id=5540, stack(0x000000003de90000,0x000000003df10000)]
  0x000000003cf46c00 JavaThread "Thread-28" [_thread_blocked, id=904, stack(0x000000003dd10000,0x000000003dd90000)]
  0x0000000034832400 JavaThread "Thread-27" [_thread_blocked, id=1040, stack(0x000000003dc90000,0x000000003dd10000)]
  0x0000000034831c00 JavaThread "Thread-26" [_thread_blocked, id=5820, stack(0x000000003dc10000,0x000000003dc90000)]
  0x0000000034831800 JavaThread "Thread-25" [_thread_blocked, id=6108, stack(0x000000003db90000,0x000000003dc10000)]
  0x0000000034831000 JavaThread "Thread-24" [_thread_blocked, id=3252, stack(0x0000000039140000,0x00000000391c0000)]
  0x0000000034830800 JavaThread "Thread-23" [_thread_blocked, id=5708, stack(0x00000000390c0000,0x0000000039140000)]
  0x0000000034830400 JavaThread "Thread-22" [_thread_blocked, id=6004, stack(0x0000000038f90000,0x0000000039010000)]
  0x000000003482fc00 JavaThread "Thread-21" [_thread_blocked, id=2508, stack(0x0000000038f10000,0x0000000038f90000)]
  0x000000003482f400 JavaThread "Thread-20" [_thread_blocked, id=1084, stack(0x0000000039040000,0x00000000390c0000)]
  0x000000003482f000 JavaThread "Thread-19" [_thread_blocked, id=2724, stack(0x0000000038e90000,0x0000000038f10000)]
  0x000000003482e800 JavaThread "Thread-18" [_thread_blocked, id=5512, stack(0x0000000038e10000,0x0000000038e90000)]
  0x000000003482e000 JavaThread "Thread-17" [_thread_blocked, id=4992, stack(0x0000000038d90000,0x0000000038e10000)]
  0x000000003482d800 JavaThread "Thread-16" [_thread_blocked, id=6044, stack(0x0000000038d10000,0x0000000038d90000)]
  0x000000003482d400 JavaThread "Thread-15" [_thread_blocked, id=4556, stack(0x0000000039b40000,0x0000000039bc0000)]
  0x000000003482cc00 JavaThread "Active Reference Queue Daemon" daemon [_thread_blocked, id=3152, stack(0x0000000038c30000,0x0000000038cb0000)]
  0x000000003482c400 JavaThread "Timer-10" daemon [_thread_blocked, id=5752, stack(0x0000000038bb0000,0x0000000038c30000)]
  0x000000003482c000 JavaThread "Timer-9" daemon [_thread_blocked, id=860, stack(0x00000000369f0000,0x0000000036a70000)]
  0x0000000034b7fc00 JavaThread "Timer-1" [_thread_blocked, id=4644, stack(0x0000000035570000,0x00000000355f0000)]
  0x00000000342c8000 JavaThread "TimerQueue" daemon [_thread_blocked, id=6084, stack(0x0000000035180000,0x0000000035200000)]
  0x0000000011f09000 JavaThread "AWT-EventQueue-0" [_thread_in_native, id=4672, stack(0x0000000034090000,0x0000000034110000)]
  0x0000000011f00000 JavaThread "AWT-Shutdown" [_thread_blocked, id=5932, stack(0x0000000034010000,0x0000000034090000)]
=>0x0000000011c34800 JavaThread "AWT-Windows" daemon [_thread_in_native, id=5564, stack(0x0000000033940000,0x00000000339c0000)]
  0x0000000011c33c00 JavaThread "Java2D Disposer" daemon [_thread_blocked, id=4440, stack(0x0000000033840000,0x00000000338c0000)]
  0x000000001130a400 JavaThread "Timer-0" [_thread_blocked, id=4208, stack(0x0000000011690000,0x0000000011710000)]
  0x0000000011483c00 JavaThread "JMI Unnamed Thread" [_thread_in_native, id=2180, stack(0x00000000094e0000,0x000000000a4e0000)]
  0x000000000ff2c800 JavaThread "Low Memory Detector" daemon [_thread_blocked, id=968, stack(0x000000000fd20000,0x000000000fda0000)]
  0x000000000ff28400 JavaThread "CompilerThread1" daemon [_thread_blocked, id=5320, stack(0x00000000316a0000,0x00000000326a0000)]
  0x000000000ff23400 JavaThread "CompilerThread0" daemon [_thread_blocked, id=5956, stack(0x00000000306a0000,0x00000000316a0000)]
  0x000000000ff22c00 JavaThread "Attach Listener" daemon [_thread_blocked, id=5980, stack(0x000000000fca0000,0x000000000fd20000)]
  0x0000000004bff800 JavaThread "Finalizer" daemon [_thread_blocked, id=5852, stack(0x000000000a560000,0x000000000a5e0000)]
  0x0000000004bfec00 JavaThread "Reference Handler" daemon [_thread_blocked, id=5636, stack(0x000000000a4e0000,0x000000000a560000)]
  0x0000000004c8ec00 JavaThread "main" [_thread_in_native, id=5664, stack(0x0000000000030000,0x0000000001030000)]

Other Threads:
  0x0000000004bfdc00 VMThread [stack: 0x000000002f6a0000,0x00000000306a0000] [id=5920]
  0x0000000004b77c00 WatcherThread [stack: 0x00000000326a0000,0x00000000336a0000] [id=3364]

VM state:not at safepoint (normal execution)

VM Mutex/Monitor currently owned by a thread: None

Heap
 PSYoungGen      total 43008K, used 26883K [0x00000000265a0000, 0x00000000291d0000, 0x00000000296a0000)
  eden space 41536K, 61% used [0x00000000265a0000,0x0000000027e74ac8,0x0000000028e30000)
  from space 1472K, 98% used [0x0000000028fe0000,0x000000002914c210,0x0000000029150000)
  to   space 1728K, 0% used [0x0000000028e30000,0x0000000028e30000,0x0000000028fe0000)
 PSOldGen        total 150528K, used 120078K [0x000000001d2a0000, 0x00000000265a0000, 0x00000000265a0000)
  object space 150528K, 79% used [0x000000001d2a0000,0x00000000247e3ab0,0x00000000265a0000)
 PSPermGen       total 83136K, used 55781K [0x00000000152a0000, 0x000000001a3d0000, 0x000000001d2a0000)
  object space 83136K, 67% used [0x00000000152a0000,0x0000000018919480,0x000000001a3d0000)

Dynamic libraries:
0x0000000140000000 - 0x0000000140032000 	C:\Program Files\MATLAB\R2009a\bin\win64\MATLAB.exe
0x0000000077a00000 - 0x0000000077bab000 	C:\Windows\SYSTEM32\ntdll.dll
0x00000000777e0000 - 0x00000000778ff000 	C:\Windows\system32\kernel32.dll
0x000007fefdcc0000 - 0x000007fefdd2b000 	C:\Windows\system32\KERNELBASE.dll
0x0000000180000000 - 0x0000000180406000 	C:\Program Files\MATLAB\R2009a\bin\win64\libut.dll
0x000007fefe970000 - 0x000007fefe987000 	C:\Windows\system32\imagehlp.dll
0x000007fefdd40000 - 0x000007fefdddf000 	C:\Windows\system32\msvcrt.dll
0x0000000077bd0000 - 0x0000000077bd7000 	C:\Windows\system32\PSAPI.DLL
0x00000000010d0000 - 0x00000000010f8000 	C:\Program Files\MATLAB\R2009a\bin\win64\LIBEXPAT.dll
0x0000000073150000 - 0x0000000073219000 	C:\Windows\WinSxS\amd64_microsoft.vc80.crt_1fc8b3b9a1e18e3b_8.0.50727.4927_none_88dce9872fb18caf\MSVCR80.dll
0x000000004a800000 - 0x000000004a923000 	C:\Program Files\MATLAB\R2009a\bin\win64\icuuc38.dll
0x000007fefe740000 - 0x000007fefe81b000 	C:\Windows\system32\ADVAPI32.dll
0x000007fefdde0000 - 0x000007fefddff000 	C:\Windows\SYSTEM32\sechost.dll
0x000007fefdfc0000 - 0x000007fefe0ee000 	C:\Windows\system32\RPCRT4.dll
0x000000004ad00000 - 0x000000004ad03000 	C:\Program Files\MATLAB\R2009a\bin\win64\icudt38.dll
0x000000004ab00000 - 0x000000004ab0f000 	C:\Program Files\MATLAB\R2009a\bin\win64\icuio38.dll
0x0000000001330000 - 0x000000000146a000 	C:\Program Files\MATLAB\R2009a\bin\win64\icuin38.dll
0x0000000073040000 - 0x0000000073149000 	C:\Windows\WinSxS\amd64_microsoft.vc80.crt_1fc8b3b9a1e18e3b_8.0.50727.4927_none_88dce9872fb18caf\MSVCP80.dll
0x0000000077900000 - 0x00000000779fa000 	C:\Windows\system32\USER32.dll
0x000007fefe470000 - 0x000007fefe4d7000 	C:\Windows\system32\GDI32.dll
0x000007fefdd30000 - 0x000007fefdd3e000 	C:\Windows\system32\LPK.dll
0x000007fefe3a0000 - 0x000007fefe46a000 	C:\Windows\system32\USP10.dll
0x0000000001140000 - 0x00000000011ae000 	C:\Program Files\MATLAB\R2009a\bin\win64\libmwfl.dll
0x00000000011c0000 - 0x00000000011cf000 	C:\Program Files\MATLAB\R2009a\bin\win64\boost_date_time-vc80-mt-1_36.dll
0x00000000011e0000 - 0x00000000011f6000 	C:\Program Files\MATLAB\R2009a\bin\win64\boost_signals-vc80-mt-1_36.dll
0x0000000001210000 - 0x0000000001219000 	C:\Program Files\MATLAB\R2009a\bin\win64\boost_system-vc80-mt-1_36.dll
0x0000000001470000 - 0x0000000001481000 	C:\Program Files\MATLAB\R2009a\bin\win64\boost_thread-vc80-mt-1_36.dll
0x00000000014a0000 - 0x00000000016d7000 	C:\Program Files\MATLAB\R2009a\bin\win64\libmwservices.dll
0x00000000016f0000 - 0x0000000001761000 	C:\Program Files\MATLAB\R2009a\bin\win64\libmx.dll
0x0000000001780000 - 0x0000000001797000 	C:\Program Files\MATLAB\R2009a\bin\win64\zlib1.dll
0x00000000017a0000 - 0x00000000018c5000 	C:\Program Files\MATLAB\R2009a\bin\win64\libmwmathutil.dll
0x00000000018e0000 - 0x0000000001935000 	C:\Program Files\MATLAB\R2009a\bin\win64\mpath.dll
0x0000000001950000 - 0x000000000199f000 	C:\Program Files\MATLAB\R2009a\bin\win64\mlutil.dll
0x0000000010000000 - 0x0000000010049000 	C:\Program Files\MATLAB\R2009a\bin\win64\tbb.dll
0x000007fefda10000 - 0x000007fefdab0000 	C:\Windows\WinSxS\amd64_microsoft.windows.common-controls_6595b64144ccf1df_5.82.7600.16385_none_a44af8ec57f961cf\COMCTL32.dll
0x000007fefec50000 - 0x000007fefece8000 	C:\Windows\system32\comdlg32.dll
0x000007fefe8f0000 - 0x000007fefe961000 	C:\Windows\system32\SHLWAPI.dll
0x000007fefef80000 - 0x000007feffd06000 	C:\Windows\system32\SHELL32.dll
0x000007fefba50000 - 0x000007fefba66000 	C:\Windows\system32\NETAPI32.dll
0x000007fefba40000 - 0x000007fefba4c000 	C:\Windows\system32\netutils.dll
0x000007fefd590000 - 0x000007fefd5b3000 	C:\Windows\system32\srvcli.dll
0x000007fefba20000 - 0x000007fefba35000 	C:\Windows\system32\wkscli.dll
0x000007fefe820000 - 0x000007fefe86d000 	C:\Windows\system32\WS2_32.dll
0x000007fefde00000 - 0x000007fefde08000 	C:\Windows\system32\NSI.dll
0x00000000019b0000 - 0x0000000001a32000 	C:\Program Files\MATLAB\R2009a\bin\win64\mcr.dll
0x0000000001a50000 - 0x0000000001ab2000 	C:\Program Files\MATLAB\R2009a\bin\win64\iqm.dll
0x0000000001ad0000 - 0x00000000023b7000 	C:\Program Files\MATLAB\R2009a\bin\win64\m_interpreter.dll
0x00000000023d0000 - 0x00000000023df000 	C:\Program Files\MATLAB\R2009a\bin\win64\libmex.dll
0x00000000023f0000 - 0x0000000002480000 	C:\Program Files\MATLAB\R2009a\bin\win64\m_dispatcher.dll
0x0000000002490000 - 0x00000000024b5000 	C:\Program Files\MATLAB\R2009a\bin\win64\datasvcs.dll
0x0000000012000000 - 0x0000000012295000 	C:\Program Files\MATLAB\R2009a\bin\win64\xerces-c_2_7.dll
0x00000000024e0000 - 0x00000000025d1000 	C:\Program Files\MATLAB\R2009a\bin\win64\boost_regex-vc80-mt-1_36.dll
0x00000000025f0000 - 0x0000000002681000 	C:\Program Files\MATLAB\R2009a\bin\win64\profiler.dll
0x00000000026a0000 - 0x00000000026ca000 	C:\Program Files\MATLAB\R2009a\bin\win64\libmwmathrng.dll
0x00000000026e0000 - 0x00000000026fa000 	C:\Program Files\MATLAB\R2009a\bin\win64\m_pcodeio.dll
0x0000000002710000 - 0x000000000275d000 	C:\Program Files\MATLAB\R2009a\bin\win64\m_ir.dll
0x0000000002770000 - 0x0000000002d76000 	C:\Program Files\MATLAB\R2009a\bin\win64\m_parser.dll
0x0000000002d90000 - 0x0000000002da4000 	C:\Program Files\MATLAB\R2009a\bin\win64\ir_xfmr.dll
0x0000000002dc0000 - 0x0000000003041000 	C:\Program Files\MATLAB\R2009a\bin\win64\mcos.dll
0x0000000003060000 - 0x000000000306c000 	C:\Program Files\MATLAB\R2009a\bin\win64\mtok.dll
0x0000000003080000 - 0x00000000030a0000 	C:\Program Files\MATLAB\R2009a\bin\win64\m_pcodegen.dll
0x000007feed600000 - 0x000007feed725000 	C:\Windows\system32\dbghelp.dll
0x00000000030b0000 - 0x00000000030d4000 	C:\Program Files\MATLAB\R2009a\bin\win64\bridge.dll
0x00000000030f0000 - 0x00000000031b0000 	C:\Program Files\MATLAB\R2009a\bin\win64\udd.dll
0x00000000031c0000 - 0x0000000003317000 	C:\Program Files\MATLAB\R2009a\bin\win64\libmwgui.dll
0x0000000003330000 - 0x0000000003615000 	C:\Program Files\MATLAB\R2009a\bin\win64\hg.dll
0x0000000003630000 - 0x0000000003662000 	C:\Program Files\MATLAB\R2009a\bin\win64\libmat.dll
0x0000000003680000 - 0x000000000386e000 	C:\Program Files\MATLAB\R2009a\bin\win64\libhdf5.dll
0x0000000003880000 - 0x00000000038e0000 	C:\Program Files\MATLAB\R2009a\bin\win64\jmi.dll
0x00000000038f0000 - 0x0000000003930000 	C:\Program Files\MATLAB\R2009a\bin\win64\libmwhardcopy.dll
0x0000000003940000 - 0x0000000003998000 	C:\Program Files\MATLAB\R2009a\bin\win64\libuij.dll
0x00000000039b0000 - 0x0000000003aa2000 	C:\Program Files\MATLAB\R2009a\bin\win64\libmwmathlinalg.dll
0x0000000003ac0000 - 0x0000000003e6c000 	C:\Program Files\MATLAB\R2009a\bin\win64\libmwmathelem.dll
0x0000000003e80000 - 0x0000000003eec000 	C:\Program Files\MATLAB\R2009a\bin\win64\libmwmathcore.dll
0x0000000003f00000 - 0x0000000003f62000 	C:\Program Files\MATLAB\R2009a\bin\win64\libmwcholmod.dll
0x0000000003f80000 - 0x0000000003f8d000 	C:\Program Files\MATLAB\R2009a\bin\win64\libmwamd.dll
0x0000000003fa0000 - 0x0000000003fac000 	C:\Program Files\MATLAB\R2009a\bin\win64\libmwcolamd.dll
0x0000000003fc0000 - 0x0000000003fd5000 	C:\Program Files\MATLAB\R2009a\bin\win64\libmwblas.dll
0x0000000003ff0000 - 0x0000000004001000 	C:\Program Files\MATLAB\R2009a\bin\win64\libmwbinder.dll
0x0000000004020000 - 0x000000000409d000 	C:\Program Files\MATLAB\R2009a\bin\win64\libmwlapack.dll
0x00000000040b0000 - 0x00000000040eb000 	C:\Program Files\MATLAB\R2009a\bin\win64\libmwrookfastbp.dll
0x0000000004100000 - 0x000000000414c000 	C:\Program Files\MATLAB\R2009a\bin\win64\libmwma57.dll
0x0000000004160000 - 0x000000000427c000 	C:\Program Files\MATLAB\R2009a\bin\win64\libifcoremd.dll
0x0000000004280000 - 0x0000000004550000 	C:\Program Files\MATLAB\R2009a\bin\win64\libmmd.dll
0x0000000004550000 - 0x0000000004560000 	C:\Program Files\MATLAB\R2009a\bin\win64\libmwcsparse.dll
0x0000000004570000 - 0x00000000045de000 	C:\Program Files\MATLAB\R2009a\bin\win64\libmwumfpack.dll
0x00000000045f0000 - 0x00000000046dd000 	C:\Program Files\MATLAB\R2009a\bin\win64\hgdatatypes.dll
0x00000000046f0000 - 0x0000000004934000 	C:\Program Files\MATLAB\R2009a\bin\win64\uiw.dll
0x0000000004950000 - 0x000000000495a000 	C:\Program Files\MATLAB\R2009a\bin\win64\uinone.dll
0x000000006b870000 - 0x000000006ba0c000 	C:\Windows\WinSxS\amd64_microsoft.vc80.mfc_1fc8b3b9a1e18e3b_8.0.50727.1833_none_8442d417329336b1\MFC80.DLL
0x000007fef86b0000 - 0x000007fef8720000 	C:\Windows\system32\WINSPOOL.DRV
0x000007fefe190000 - 0x000007fefe391000 	C:\Windows\system32\ole32.dll
0x000007fefe990000 - 0x000007fefea67000 	C:\Windows\system32\OLEAUT32.dll
0x0000000004970000 - 0x0000000004a1b000 	C:\Program Files\MATLAB\R2009a\bin\win64\udd_mi.dll
0x0000000004a30000 - 0x0000000004a48000 	C:\Program Files\MATLAB\R2009a\bin\win64\mwoles05.DLL
0x0000000004a60000 - 0x0000000004aca000 	C:\Program Files\MATLAB\R2009a\bin\win64\comcli.dll
0x0000000073ce0000 - 0x0000000073cff000 	C:\Windows\WinSxS\amd64_microsoft.vc80.atl_1fc8b3b9a1e18e3b_8.0.50727.1833_none_8a17faaf2edd3e00\ATL80.DLL
0x0000000004ae0000 - 0x0000000004aee000 	C:\Program Files\MATLAB\R2009a\bin\win64\mlautoregister.dll
0x000007fefdf90000 - 0x000007fefdfbe000 	C:\Windows\system32\IMM32.DLL
0x000007fefee70000 - 0x000007fefef79000 	C:\Windows\system32\MSCTF.dll
0x000007fefd960000 - 0x000007fefd96f000 	C:\Windows\system32\profapi.dll
0x000007fefc260000 - 0x000007fefc2b6000 	C:\Windows\system32\uxtheme.dll
0x000007fefb2f0000 - 0x000007fefb317000 	C:\Windows\system32\iphlpapi.dll
0x000007fefb2e0000 - 0x000007fefb2eb000 	C:\Windows\system32\WINNSI.DLL
0x000007fefd050000 - 0x000007fefd0ab000 	C:\Windows\system32\DNSAPI.dll
0x000007fefb2c0000 - 0x000007fefb2d8000 	C:\Windows\system32\dhcpcsvc.DLL
0x000007fefac30000 - 0x000007fefac41000 	C:\Windows\system32\dhcpcsvc6.DLL
0x000000006ebe0000 - 0x000000006ebe3000 	C:\Windows\system32\icmp.Dll
0x000007fefd830000 - 0x000007fefd83f000 	C:\Windows\system32\CRYPTBASE.dll
0x000000000e660000 - 0x000000000ec0a000 	C:\Program Files\MATLAB\R2009a\sys\java\jre\win64\jre\bin\server\jvm.dll
0x000007fefb640000 - 0x000007fefb67b000 	C:\Windows\system32\WINMM.dll
0x0000000004cd0000 - 0x0000000004cda000 	C:\Program Files\MATLAB\R2009a\sys\java\jre\win64\jre\bin\hpi.dll
0x0000000004cf0000 - 0x0000000004cfe000 	C:\Program Files\MATLAB\R2009a\sys\java\jre\win64\jre\bin\verify.dll
0x0000000004da0000 - 0x0000000004dc7000 	C:\Program Files\MATLAB\R2009a\sys\java\jre\win64\jre\bin\java.dll
0x0000000004d00000 - 0x0000000004d12000 	C:\Program Files\MATLAB\R2009a\sys\java\jre\win64\jre\bin\zip.dll
0x0000000007690000 - 0x00000000076b1000 	C:\Program Files\MATLAB\R2009a\bin\win64\nativejava.dll
0x0000000007710000 - 0x0000000007738000 	C:\Program Files\MATLAB\R2009a\bin\win64\nativejmi.dll
0x0000000007740000 - 0x0000000007747000 	C:\Program Files\MATLAB\R2009a\bin\win64\nativeservices.dll
0x00000000336a0000 - 0x000000003383f000 	C:\Program Files\MATLAB\R2009a\sys\java\jre\win64\jre\bin\awt.dll
0x000007fefbe30000 - 0x000007fefbe48000 	C:\Windows\system32\dwmapi.dll
0x0000000033ec0000 - 0x0000000033f2a000 	C:\Program Files\MATLAB\R2009a\sys\java\jre\win64\jre\bin\fontmanager.dll
0x00000000338f0000 - 0x0000000033907000 	C:\Program Files\MATLAB\R2009a\sys\java\jre\win64\jre\bin\net.dll
0x000007fefd1d0000 - 0x000007fefd224000 	C:\Windows\system32\mswsock.dll
0x000007fefd1c0000 - 0x000007fefd1c7000 	C:\Windows\System32\wship6.dll
0x0000000033910000 - 0x000000003391b000 	C:\Program Files\MATLAB\R2009a\sys\java\jre\win64\jre\bin\nio.dll
0x0000000033920000 - 0x0000000033927000 	C:\Program Files\MATLAB\R2009a\bin\win64\nativelmgr.dll
0x0000000035200000 - 0x0000000035235000 	C:\Program Files\MATLAB\R2009a\sys\java\jre\win64\jre\bin\jpeg.dll
0x0000000035240000 - 0x00000000353de000 	C:\Program Files\MATLAB\R2009a\bin\win64\instutil.dll

VM Arguments:
jvm_args: -Xss512k -XX:PermSize=32m -Xms64m -XX:NewRatio=3 -XX:MaxPermSize=128m -Xmx196m -XX:MaxDirectMemorySize=2147400000 -Dsun.java2d.noddraw=true -Dsun.awt.nopixfmt=true -Xshare:off -Xrs -Djava.library.path=C:\Program Files\MATLAB\R2009a\bin\win64 vfprintf abort 
java_command: <unknown>
Launcher Type: generic

Environment Variables:
CLASSPATH=.;C:\Program Files (x86)\Java\jre6\lib\ext\QTJava.zip
PATH=C:\Windows\system32;C:\Windows;C:\Windows\System32\Wbem;C:\Windows\System32\WindowsPowerShell\v1.0\;c:\Program Files (x86)\Common Files\Roxio Shared\10.0\DLLShared\;c:\Program Files (x86)\Common Files\Roxio Shared\DLLShared\;C:\Program Files\MATLAB\R2009a\bin;C:\Program Files\MATLAB\R2009a\bin\win64;C:\Program Files (x86)\QuickTime\QTSystem\;C:\Program Files (x86)\Microsoft SQL Server\100\Tools\Binn\;C:\Program Files (x86)\Microsoft SQL Server\100\DTS\Binn\
USERNAME=micro
OS=Windows_NT
PROCESSOR_IDENTIFIER=Intel64 Family 6 Model 30 Stepping 5, GenuineIntel



---------------  S Y S T E M  ---------------

OS: Windows NT 6.1 Build 7600 

CPU:total 8 (8 cores per cpu, 2 threads per core) family 6 model 14 stepping 5, cmov, cx8, fxsr, mmx, sse, sse2, sse3, ssse3, ht

Memory: 4k page, physical 8346704k(2818076k free), swap 15710884k(10818364k free)

vm_info: Java HotSpot(TM) 64-Bit Server VM (10.0-b19) for windows-amd64 JRE (1.6.0_04-b12), built on Dec 14 2007 00:44:23 by "java_re" with MS VC++ 8.0

time: Fri Sep 24 15:10:24 2010
elapsed time: 186556 seconds

