#
# An unexpected error has been detected by Java Runtime Environment:
#
#  EXCEPTION_ACCESS_VIOLATION (0xc0000005) at pc=0x000000000fc9fe55, pid=2788, tid=3028
#
# Java VM: Java HotSpot(TM) 64-Bit Server VM (10.0-b19 mixed mode windows-amd64)
# Problematic frame:
# C  [awt.dll+0x9fe55]
#
# If you would like to submit a bug report, please visit:
#   http://java.sun.com/webapps/bugreport/crash.jsp
# The crash happened outside the Java Virtual Machine in native code.
# See problematic frame for where to report the bug.
#

---------------  T H R E A D  ---------------

Current thread (0x000000001150c000):  JavaThread "AWT-Windows" daemon [_thread_in_native, id=3028, stack(0x000000000fda0000,0x000000000fe20000)]

siginfo: ExceptionCode=0xc0000005, reading address 0x0000000000000009

Registers:
EAX=0x0000000000000001, EBX=0x0000000000000001, ECX=0x00000000159e3b30, EDX=0x000000000fcfbd30
ESP=0x000000000fe1f200, EBP=0x000000000001a220, ESI=0x0000000035371580, EDI=0x000000000fc00000
EIP=0x000000000fc9fe55, EFLAGS=0x0000000000010206

Top of Stack: (sp=0x000000000fe1f200)
0x000000000fe1f200:   000000001150c000 0000000000000000
0x000000000fe1f210:   0000000000000001 000000000fc00000
0x000000000fe1f220:   000000001150c198 000000000fca5539
0x000000000fe1f230:   0000000000000bd4 000000001150c198
0x000000000fe1f240:   0000000035371580 0000000000000111
0x000000000fe1f250:   0000000000000000 0000000000000001
0x000000000fe1f260:   000000000fe1f408 000000000fcda7c5
0x000000000fe1f270:   0000000000000000 000000000fe1f408
0x000000000fe1f280:   000000000fd55210 fffffffffffffffe
0x000000000fe1f290:   000000001150c198 000000000fcdba9c
0x000000000fe1f2a0:   0000000000000000 0000000000000111
0x000000000fe1f2b0:   0000000000000111 0000000000000111
0x000000000fe1f2c0:   000000000001a220 0000000000000000
0x000000000fe1f2d0:   0000000035371580 000000000fcdd807
0x000000000fe1f2e0:   0000000000000000 00000000777bb98f
0x000000000fe1f2f0:   00000000ffffffeb 0000000000000000 

Instructions: (pc=0x000000000fc9fe55)
0x000000000fc9fe45:   e8 46 8a 03 00 48 85 c0 48 8b c8 74 06 48 8b 00
0x000000000fc9fe55:   ff 50 08 b8 02 00 00 00 48 83 c4 20 5b c3 49 8b 


Stack: [0x000000000fda0000,0x000000000fe20000],  sp=0x000000000fe1f200,  free space=508k
Native frames: (J=compiled Java code, j=interpreted, Vv=VM code, C=native code)
C  [awt.dll+0x9fe55]

Java frames: (J=compiled Java code, j=interpreted, Vv=VM code)
v  ~BufferBlob::Interpreter
v  ~BufferBlob::Interpreter
v  ~BufferBlob::Interpreter
v  ~BufferBlob::StubRoutines (1)

---------------  P R O C E S S  ---------------

Java Threads: ( => current thread )
  0x000000003526e800 JavaThread "Thread-977" [_thread_blocked, id=3616, stack(0x00000000361e0000,0x0000000036260000)]
  0x0000000035272400 JavaThread "Thread-248" [_thread_blocked, id=3804, stack(0x0000000037510000,0x0000000037590000)]
  0x0000000035270800 JavaThread "Thread-245" [_thread_blocked, id=6948, stack(0x0000000011c60000,0x0000000011ce0000)]
  0x000000003526f400 JavaThread "Foxtrot Single Worker Thread #1" daemon [_thread_blocked, id=3084, stack(0x0000000036050000,0x00000000360d0000)]
  0x000000003526c400 JavaThread "Thread-91" [_thread_blocked, id=6392, stack(0x000000000ddb0000,0x000000000de30000)]
  0x0000000035271800 JavaThread "Prefs Updater" [_thread_blocked, id=4480, stack(0x000000000db70000,0x000000000dbf0000)]
  0x000000003526d800 JavaThread "Active Reference Queue Daemon" daemon [_thread_blocked, id=540, stack(0x0000000037670000,0x00000000376f0000)]
  0x000000003526cc00 JavaThread "Timer-25" daemon [_thread_blocked, id=6412, stack(0x0000000037490000,0x0000000037510000)]
  0x000000003526c000 JavaThread "Timer-14" daemon [_thread_blocked, id=1336, stack(0x0000000037320000,0x00000000373a0000)]
  0x0000000011577c00 JavaThread "Timer-1" [_thread_blocked, id=1644, stack(0x0000000035c60000,0x0000000035ce0000)]
  0x0000000011811800 JavaThread "TimerQueue" daemon [_thread_blocked, id=6456, stack(0x0000000035990000,0x0000000035a10000)]
  0x0000000011666400 JavaThread "AWT-EventQueue-0" [_thread_in_native, id=5128, stack(0x0000000034880000,0x0000000034900000)]
  0x0000000011738400 JavaThread "AWT-Shutdown" [_thread_blocked, id=3528, stack(0x000000000f550000,0x000000000f5d0000)]
=>0x000000001150c000 JavaThread "AWT-Windows" daemon [_thread_in_native, id=3028, stack(0x000000000fda0000,0x000000000fe20000)]
  0x00000000114aac00 JavaThread "Java2D Disposer" daemon [_thread_blocked, id=3016, stack(0x000000000f320000,0x000000000f3a0000)]
  0x000000000f9b0c00 JavaThread "Timer-0" [_thread_blocked, id=5908, stack(0x000000000f2a0000,0x000000000f320000)]
  0x000000000f9b0400 JavaThread "JMI Unnamed Thread" [_thread_in_native, id=7032, stack(0x000000000a780000,0x000000000b780000)]
  0x000000000f78dc00 JavaThread "Low Memory Detector" daemon [_thread_blocked, id=5204, stack(0x000000000b780000,0x000000000b800000)]
  0x000000000f789800 JavaThread "CompilerThread1" daemon [_thread_blocked, id=4588, stack(0x00000000326a0000,0x00000000336a0000)]
  0x000000000f784c00 JavaThread "CompilerThread0" daemon [_thread_blocked, id=4608, stack(0x00000000316a0000,0x00000000326a0000)]
  0x000000000f784400 JavaThread "Attach Listener" daemon [_thread_blocked, id=6180, stack(0x0000000009560000,0x00000000095e0000)]
  0x000000000f75d400 JavaThread "Finalizer" daemon [_thread_blocked, id=6440, stack(0x0000000007f80000,0x0000000008000000)]
  0x000000000f753400 JavaThread "Reference Handler" daemon [_thread_blocked, id=5164, stack(0x00000000078a0000,0x0000000007920000)]
  0x0000000004cfec00 JavaThread "main" [_thread_in_native, id=3908, stack(0x0000000000030000,0x0000000001030000)]

Other Threads:
  0x000000000f74c400 VMThread [stack: 0x00000000306a0000,0x00000000316a0000] [id=5824]
  0x000000000f7ba400 WatcherThread [stack: 0x00000000336a0000,0x00000000346a0000] [id=1236]

VM state:not at safepoint (normal execution)

VM Mutex/Monitor currently owned by a thread: None

Heap
 PSYoungGen      total 15680K, used 5583K [0x00000000265a0000, 0x00000000275c0000, 0x00000000296a0000)
  eden space 15104K, 33% used [0x00000000265a0000,0x0000000026a87e58,0x0000000027460000)
  from space 576K, 97% used [0x0000000027510000,0x000000002759bf50,0x00000000275a0000)
  to   space 704K, 0% used [0x0000000027460000,0x0000000027460000,0x0000000027510000)
 PSOldGen        total 143424K, used 114388K [0x000000001d2a0000, 0x0000000025eb0000, 0x00000000265a0000)
  object space 143424K, 79% used [0x000000001d2a0000,0x0000000024255148,0x0000000025eb0000)
 PSPermGen       total 91968K, used 54552K [0x00000000152a0000, 0x000000001ac70000, 0x000000001d2a0000)
  object space 91968K, 59% used [0x00000000152a0000,0x00000000187e60d0,0x000000001ac70000)

Dynamic libraries:
0x0000000140000000 - 0x0000000140032000 	C:\Program Files\MATLAB\R2009a\bin\win64\MATLAB.exe
0x00000000778a0000 - 0x0000000077a4c000 	C:\Windows\SYSTEM32\ntdll.dll
0x0000000077680000 - 0x000000007779f000 	C:\Windows\system32\kernel32.dll
0x000007fefdae0000 - 0x000007fefdb4c000 	C:\Windows\system32\KERNELBASE.dll
0x0000000180000000 - 0x0000000180406000 	C:\Program Files\MATLAB\R2009a\bin\win64\libut.dll
0x000007feff640000 - 0x000007feff657000 	C:\Windows\system32\imagehlp.dll
0x000007fefefd0000 - 0x000007feff06f000 	C:\Windows\system32\msvcrt.dll
0x0000000077a70000 - 0x0000000077a77000 	C:\Windows\system32\PSAPI.DLL
0x00000000010e0000 - 0x0000000001108000 	C:\Program Files\MATLAB\R2009a\bin\win64\LIBEXPAT.dll
0x0000000073a20000 - 0x0000000073ae9000 	C:\Windows\WinSxS\amd64_microsoft.vc80.crt_1fc8b3b9a1e18e3b_8.0.50727.6195_none_88e41e092fab0294\MSVCR80.dll
0x000000004a800000 - 0x000000004a923000 	C:\Program Files\MATLAB\R2009a\bin\win64\icuuc38.dll
0x000007fefdcd0000 - 0x000007fefddab000 	C:\Windows\system32\ADVAPI32.dll
0x000007feff0f0000 - 0x000007feff10f000 	C:\Windows\SYSTEM32\sechost.dll
0x000007feff7b0000 - 0x000007feff8de000 	C:\Windows\system32\RPCRT4.dll
0x000000004ad00000 - 0x000000004ad03000 	C:\Program Files\MATLAB\R2009a\bin\win64\icudt38.dll
0x000000004ab00000 - 0x000000004ab0f000 	C:\Program Files\MATLAB\R2009a\bin\win64\icuio38.dll
0x0000000001350000 - 0x000000000148a000 	C:\Program Files\MATLAB\R2009a\bin\win64\icuin38.dll
0x0000000072110000 - 0x0000000072219000 	C:\Windows\WinSxS\amd64_microsoft.vc80.crt_1fc8b3b9a1e18e3b_8.0.50727.6195_none_88e41e092fab0294\MSVCP80.dll
0x00000000777a0000 - 0x000000007789a000 	C:\Windows\system32\USER32.dll
0x000007feff740000 - 0x000007feff7a7000 	C:\Windows\system32\GDI32.dll
0x000007feff8f0000 - 0x000007feff8fe000 	C:\Windows\system32\LPK.dll
0x000007fefdc00000 - 0x000007fefdcca000 	C:\Windows\system32\USP10.dll
0x0000000001150000 - 0x00000000011be000 	C:\Program Files\MATLAB\R2009a\bin\win64\libmwfl.dll
0x00000000011d0000 - 0x00000000011df000 	C:\Program Files\MATLAB\R2009a\bin\win64\boost_date_time-vc80-mt-1_36.dll
0x00000000011f0000 - 0x0000000001206000 	C:\Program Files\MATLAB\R2009a\bin\win64\boost_signals-vc80-mt-1_36.dll
0x0000000001220000 - 0x0000000001229000 	C:\Program Files\MATLAB\R2009a\bin\win64\boost_system-vc80-mt-1_36.dll
0x0000000001490000 - 0x00000000014a1000 	C:\Program Files\MATLAB\R2009a\bin\win64\boost_thread-vc80-mt-1_36.dll
0x00000000014b0000 - 0x00000000016e7000 	C:\Program Files\MATLAB\R2009a\bin\win64\libmwservices.dll
0x0000000001700000 - 0x0000000001771000 	C:\Program Files\MATLAB\R2009a\bin\win64\libmx.dll
0x0000000001790000 - 0x00000000017a7000 	C:\Program Files\MATLAB\R2009a\bin\win64\zlib1.dll
0x00000000017b0000 - 0x00000000018d5000 	C:\Program Files\MATLAB\R2009a\bin\win64\libmwmathutil.dll
0x00000000018f0000 - 0x0000000001945000 	C:\Program Files\MATLAB\R2009a\bin\win64\mpath.dll
0x0000000001960000 - 0x00000000019af000 	C:\Program Files\MATLAB\R2009a\bin\win64\mlutil.dll
0x0000000010000000 - 0x0000000010049000 	C:\Program Files\MATLAB\R2009a\bin\win64\tbb.dll
0x000007fef35c0000 - 0x000007fef3660000 	C:\Windows\WinSxS\amd64_microsoft.windows.common-controls_6595b64144ccf1df_5.82.7600.16661_none_a44e1fc257f685f6\COMCTL32.dll
0x000007feff340000 - 0x000007feff3d8000 	C:\Windows\system32\comdlg32.dll
0x000007feff070000 - 0x000007feff0e1000 	C:\Windows\system32\SHLWAPI.dll
0x000007fefe240000 - 0x000007fefefc6000 	C:\Windows\system32\SHELL32.dll
0x000007fefb1d0000 - 0x000007fefb1e6000 	C:\Windows\system32\NETAPI32.dll
0x000007fefb1c0000 - 0x000007fefb1cc000 	C:\Windows\system32\netutils.dll
0x000007fefd3f0000 - 0x000007fefd413000 	C:\Windows\system32\srvcli.dll
0x000007fefb1a0000 - 0x000007fefb1b5000 	C:\Windows\system32\wkscli.dll
0x000007fefdf90000 - 0x000007fefdfdd000 	C:\Windows\system32\WS2_32.dll
0x000007feff8e0000 - 0x000007feff8e8000 	C:\Windows\system32\NSI.dll
0x00000000019c0000 - 0x0000000001a42000 	C:\Program Files\MATLAB\R2009a\bin\win64\mcr.dll
0x0000000001a60000 - 0x0000000001ac2000 	C:\Program Files\MATLAB\R2009a\bin\win64\iqm.dll
0x0000000001ae0000 - 0x00000000023c7000 	C:\Program Files\MATLAB\R2009a\bin\win64\m_interpreter.dll
0x00000000023e0000 - 0x00000000023ef000 	C:\Program Files\MATLAB\R2009a\bin\win64\libmex.dll
0x0000000002400000 - 0x0000000002490000 	C:\Program Files\MATLAB\R2009a\bin\win64\m_dispatcher.dll
0x00000000024a0000 - 0x00000000024c5000 	C:\Program Files\MATLAB\R2009a\bin\win64\datasvcs.dll
0x0000000012000000 - 0x0000000012295000 	C:\Program Files\MATLAB\R2009a\bin\win64\xerces-c_2_7.dll
0x00000000024f0000 - 0x00000000025e1000 	C:\Program Files\MATLAB\R2009a\bin\win64\boost_regex-vc80-mt-1_36.dll
0x0000000002600000 - 0x0000000002691000 	C:\Program Files\MATLAB\R2009a\bin\win64\profiler.dll
0x00000000026b0000 - 0x00000000026da000 	C:\Program Files\MATLAB\R2009a\bin\win64\libmwmathrng.dll
0x00000000026f0000 - 0x000000000270a000 	C:\Program Files\MATLAB\R2009a\bin\win64\m_pcodeio.dll
0x0000000002720000 - 0x000000000276d000 	C:\Program Files\MATLAB\R2009a\bin\win64\m_ir.dll
0x0000000002780000 - 0x0000000002d86000 	C:\Program Files\MATLAB\R2009a\bin\win64\m_parser.dll
0x0000000002da0000 - 0x0000000002db4000 	C:\Program Files\MATLAB\R2009a\bin\win64\ir_xfmr.dll
0x0000000002dd0000 - 0x0000000003051000 	C:\Program Files\MATLAB\R2009a\bin\win64\mcos.dll
0x0000000003070000 - 0x000000000307c000 	C:\Program Files\MATLAB\R2009a\bin\win64\mtok.dll
0x0000000003090000 - 0x00000000030b0000 	C:\Program Files\MATLAB\R2009a\bin\win64\m_pcodegen.dll
0x000007fee9f00000 - 0x000007feea025000 	C:\Windows\system32\dbghelp.dll
0x00000000030c0000 - 0x00000000030e4000 	C:\Program Files\MATLAB\R2009a\bin\win64\bridge.dll
0x0000000003100000 - 0x00000000031c0000 	C:\Program Files\MATLAB\R2009a\bin\win64\udd.dll
0x00000000031d0000 - 0x0000000003327000 	C:\Program Files\MATLAB\R2009a\bin\win64\libmwgui.dll
0x0000000003340000 - 0x0000000003625000 	C:\Program Files\MATLAB\R2009a\bin\win64\hg.dll
0x0000000003640000 - 0x0000000003672000 	C:\Program Files\MATLAB\R2009a\bin\win64\libmat.dll
0x0000000003690000 - 0x000000000387e000 	C:\Program Files\MATLAB\R2009a\bin\win64\libhdf5.dll
0x0000000003890000 - 0x00000000038f0000 	C:\Program Files\MATLAB\R2009a\bin\win64\jmi.dll
0x0000000003900000 - 0x0000000003940000 	C:\Program Files\MATLAB\R2009a\bin\win64\libmwhardcopy.dll
0x0000000003950000 - 0x00000000039a8000 	C:\Program Files\MATLAB\R2009a\bin\win64\libuij.dll
0x00000000039c0000 - 0x0000000003ab2000 	C:\Program Files\MATLAB\R2009a\bin\win64\libmwmathlinalg.dll
0x0000000003ad0000 - 0x0000000003e7c000 	C:\Program Files\MATLAB\R2009a\bin\win64\libmwmathelem.dll
0x0000000003e90000 - 0x0000000003efc000 	C:\Program Files\MATLAB\R2009a\bin\win64\libmwmathcore.dll
0x0000000003f10000 - 0x0000000003f72000 	C:\Program Files\MATLAB\R2009a\bin\win64\libmwcholmod.dll
0x0000000003f90000 - 0x0000000003f9d000 	C:\Program Files\MATLAB\R2009a\bin\win64\libmwamd.dll
0x0000000003fb0000 - 0x0000000003fbc000 	C:\Program Files\MATLAB\R2009a\bin\win64\libmwcolamd.dll
0x0000000003fd0000 - 0x0000000003fe5000 	C:\Program Files\MATLAB\R2009a\bin\win64\libmwblas.dll
0x0000000004000000 - 0x0000000004011000 	C:\Program Files\MATLAB\R2009a\bin\win64\libmwbinder.dll
0x0000000004030000 - 0x00000000040ad000 	C:\Program Files\MATLAB\R2009a\bin\win64\libmwlapack.dll
0x00000000040c0000 - 0x00000000040fb000 	C:\Program Files\MATLAB\R2009a\bin\win64\libmwrookfastbp.dll
0x0000000004110000 - 0x000000000415c000 	C:\Program Files\MATLAB\R2009a\bin\win64\libmwma57.dll
0x0000000004170000 - 0x000000000428c000 	C:\Program Files\MATLAB\R2009a\bin\win64\libifcoremd.dll
0x0000000004290000 - 0x0000000004560000 	C:\Program Files\MATLAB\R2009a\bin\win64\libmmd.dll
0x0000000004560000 - 0x0000000004570000 	C:\Program Files\MATLAB\R2009a\bin\win64\libmwcsparse.dll
0x0000000004580000 - 0x00000000045ee000 	C:\Program Files\MATLAB\R2009a\bin\win64\libmwumfpack.dll
0x0000000004600000 - 0x00000000046ed000 	C:\Program Files\MATLAB\R2009a\bin\win64\hgdatatypes.dll
0x0000000004700000 - 0x0000000004944000 	C:\Program Files\MATLAB\R2009a\bin\win64\uiw.dll
0x0000000004960000 - 0x000000000496a000 	C:\Program Files\MATLAB\R2009a\bin\win64\uinone.dll
0x00000000698d0000 - 0x0000000069a6c000 	C:\Windows\WinSxS\amd64_microsoft.vc80.mfc_1fc8b3b9a1e18e3b_8.0.50727.6195_none_8448b2bd328df189\MFC80.DLL
0x000007fef56d0000 - 0x000007fef5740000 	C:\Windows\system32\WINSPOOL.DRV
0x000007fefdfe0000 - 0x000007fefe1e2000 	C:\Windows\system32\ole32.dll
0x000007feff660000 - 0x000007feff737000 	C:\Windows\system32\OLEAUT32.dll
0x0000000004980000 - 0x0000000004a2b000 	C:\Program Files\MATLAB\R2009a\bin\win64\udd_mi.dll
0x0000000004a40000 - 0x0000000004a58000 	C:\Program Files\MATLAB\R2009a\bin\win64\mwoles05.DLL
0x0000000004a70000 - 0x0000000004ada000 	C:\Program Files\MATLAB\R2009a\bin\win64\comcli.dll
0x000000006a200000 - 0x000000006a220000 	C:\Windows\WinSxS\amd64_microsoft.vc80.atl_1fc8b3b9a1e18e3b_8.0.50727.6195_none_8a1dd9552ed7f8d8\ATL80.DLL
0x0000000004af0000 - 0x0000000004afe000 	C:\Program Files\MATLAB\R2009a\bin\win64\mlautoregister.dll
0x000007fefd690000 - 0x000007fefd6e7000 	C:\Windows\system32\apphelp.dll
0x000007fefb4a0000 - 0x000007fefb4f1000 	C:\Windows\AppPatch\AppPatch64\AcGenral.DLL
0x000007fefd660000 - 0x000007fefd685000 	C:\Windows\system32\SspiCli.dll
0x0000000072be0000 - 0x0000000072be3000 	C:\Windows\system32\sfc.dll
0x000007fef7430000 - 0x000007fef7440000 	C:\Windows\system32\sfc_os.DLL
0x000007fefcaf0000 - 0x000007fefcb0e000 	C:\Windows\system32\USERENV.dll
0x000007fefd800000 - 0x000007fefd80f000 	C:\Windows\system32\profapi.dll
0x000007fefb860000 - 0x000007fefb878000 	C:\Windows\system32\dwmapi.dll
0x000007fef72d0000 - 0x000007fef72e8000 	C:\Windows\system32\MPR.dll
0x000007fefdbd0000 - 0x000007fefdbfe000 	C:\Windows\system32\IMM32.DLL
0x000007feff230000 - 0x000007feff339000 	C:\Windows\system32\MSCTF.dll
0x000007fefbf20000 - 0x000007fefbf76000 	C:\Windows\system32\uxtheme.dll
0x0000004500000000 - 0x0000004500011000 	C:\Program Files (x86)\TeamViewer\Version6\tv_x64.dll
0x000007fefb6b0000 - 0x000007fefb6d7000 	C:\Windows\system32\iphlpapi.dll
0x000007fefb6a0000 - 0x000007fefb6ab000 	C:\Windows\system32\WINNSI.DLL
0x000007fefceb0000 - 0x000007fefcf0b000 	C:\Windows\system32\DNSAPI.dll
0x000007fefb550000 - 0x000007fefb568000 	C:\Windows\system32\dhcpcsvc.DLL
0x000007fefabb0000 - 0x000007fefabc1000 	C:\Windows\system32\dhcpcsvc6.DLL
0x000000006dd80000 - 0x000000006dd83000 	C:\Windows\system32\icmp.Dll
0x000007fefd6f0000 - 0x000007fefd6ff000 	C:\Windows\system32\CRYPTBASE.dll
0x000000000e8f0000 - 0x000000000ee9a000 	C:\Program Files\MATLAB\R2009a\sys\java\jre\win64\jre\bin\server\jvm.dll
0x000007fefb910000 - 0x000007fefb94b000 	C:\Windows\system32\WINMM.dll
0x0000000004e10000 - 0x0000000004e1a000 	C:\Program Files\MATLAB\R2009a\sys\java\jre\win64\jre\bin\hpi.dll
0x0000000004e30000 - 0x0000000004e3e000 	C:\Program Files\MATLAB\R2009a\sys\java\jre\win64\jre\bin\verify.dll
0x0000000004e40000 - 0x0000000004e67000 	C:\Program Files\MATLAB\R2009a\sys\java\jre\win64\jre\bin\java.dll
0x0000000004e90000 - 0x0000000004ea2000 	C:\Program Files\MATLAB\R2009a\sys\java\jre\win64\jre\bin\zip.dll
0x0000000008020000 - 0x0000000008041000 	C:\Program Files\MATLAB\R2009a\bin\win64\nativejava.dll
0x0000000008050000 - 0x0000000008078000 	C:\Program Files\MATLAB\R2009a\bin\win64\nativejmi.dll
0x0000000008000000 - 0x0000000008007000 	C:\Program Files\MATLAB\R2009a\bin\win64\nativeservices.dll
0x000000000fc00000 - 0x000000000fd9f000 	C:\Program Files\MATLAB\R2009a\sys\java\jre\win64\jre\bin\awt.dll

VM Arguments:
jvm_args: -Xss512k -XX:PermSize=32m -Xms64m -XX:NewRatio=3 -XX:MaxPermSize=128m -Xmx196m -XX:MaxDirectMemorySize=2147400000 -Dsun.java2d.noddraw=true -Dsun.awt.nopixfmt=true -Xshare:off -Xrs -Djava.library.path=C:\Program Files\MATLAB\R2009a\bin\win64 vfprintf abort 
java_command: <unknown>
Launcher Type: generic

Environment Variables:
CLASSPATH=.;C:\Program Files (x86)\Java\jre6\lib\ext\QTJava.zip
PATH=C:\Program Files\Common Files\Microsoft Shared\Windows Live;C:\Program Files (x86)\Common Files\Microsoft Shared\Windows Live;C:\Windows\system32;C:\Windows;C:\Windows\System32\Wbem;C:\Windows\System32\WindowsPowerShell\v1.0\;c:\Program Files (x86)\Common Files\Roxio Shared\10.0\DLLShared\;c:\Program Files (x86)\Common Files\Roxio Shared\DLLShared\;C:\Program Files\MATLAB\R2009a\bin;C:\Program Files\MATLAB\R2009a\bin\win64;C:\Program Files (x86)\Microsoft SQL Server\100\Tools\Binn\;C:\Program Files (x86)\Microsoft SQL Server\100\DTS\Binn\;C:\Python26;C:\Python26\DLLs;C:\Python26\Scripts;C:\Python26\Lib\site-packages\PyQt4;C:\Python26\gnuplot\bin;C:\Python26\Lib\site-packages\vtk;C:\Program Files (x86)\pythonxy\console;C:\Program Files (x86)\pythonxy\SciTE-2.21;C:\Program Files (x86)\pythonxy\mingw\bin;C:\Program Files (x86)\Windows Live\Shared;C:\Program Files (x86)\QuickTime\QTSystem\;C:\Windows\System32
USERNAME=micro
OS=Windows_NT
PROCESSOR_IDENTIFIER=Intel64 Family 6 Model 30 Stepping 5, GenuineIntel



---------------  S Y S T E M  ---------------

OS: Windows NT 6.1 Build 7600 

CPU:total 8 (8 cores per cpu, 2 threads per core) family 6 model 14 stepping 5, cmov, cx8, fxsr, mmx, sse, sse2, sse3, ssse3, ht

Memory: 4k page, physical 8346704k(4042220k free), swap 16691508k(11636512k free)

vm_info: Java HotSpot(TM) 64-Bit Server VM (10.0-b19) for windows-amd64 JRE (1.6.0_04-b12), built on Dec 14 2007 00:44:23 by "java_re" with MS VC++ 8.0

time: Thu Jul 21 11:52:40 2011
elapsed time: 69802 seconds

