#
# An unexpected error has been detected by Java Runtime Environment:
#
#  EXCEPTION_ACCESS_VIOLATION (0xc0000005) at pc=0x000000000fdefe55, pid=4832, tid=4236
#
# Java VM: Java HotSpot(TM) 64-Bit Server VM (10.0-b19 mixed mode windows-amd64)
# Problematic frame:
# C  [awt.dll+0x9fe55]
#
# If you would like to submit a bug report, please visit:
#   http://java.sun.com/webapps/bugreport/crash.jsp
# The crash happened outside the Java Virtual Machine in native code.
# See problematic frame for where to report the bug.
#

---------------  T H R E A D  ---------------

Current thread (0x0000000011862c00):  JavaThread "AWT-Windows" daemon [_thread_in_native, id=4236, stack(0x0000000011c50000,0x0000000011cd0000)]

siginfo: ExceptionCode=0xc0000005, reading address 0x00000000000008db

Registers:
EAX=0x00000000000008d3, EBX=0x0000000000000001, ECX=0x00000000118b41b0, EDX=0x000000000fe4bd30
ESP=0x0000000011ccf400, EBP=0x000000000001a220, ESI=0x000000003ade2580, EDI=0x000000000fd50000
EIP=0x000000000fdefe55, EFLAGS=0x0000000000010202

Top of Stack: (sp=0x0000000011ccf400)
0x0000000011ccf400:   0000000011862c00 0000000000000000
0x0000000011ccf410:   0000000000000001 000000000fd50000
0x0000000011ccf420:   0000000011862d98 000000000fdf5539
0x0000000011ccf430:   000000000000108c 0000000011862d98
0x0000000011ccf440:   000000003ade2580 0000000000000111
0x0000000011ccf450:   0000000000000000 0000000000000001
0x0000000011ccf460:   0000000011ccf608 000000000fe2a7c5
0x0000000011ccf470:   0000000000000000 0000000011ccf608
0x0000000011ccf480:   000000000fea5210 fffffffffffffffe
0x0000000011ccf490:   0000000011862d98 000000000fe2ba9c
0x0000000011ccf4a0:   0000000000000000 0000000000000111
0x0000000011ccf4b0:   0000000000000111 0000000000000111
0x0000000011ccf4c0:   000000000001a220 0000000000000000
0x0000000011ccf4d0:   000000003ade2580 000000000fe2d807
0x0000000011ccf4e0:   0000000000000000 00000000779ab98f
0x0000000011ccf4f0:   00000000ffffffeb 0000000000000000 

Instructions: (pc=0x000000000fdefe55)
0x000000000fdefe45:   e8 46 8a 03 00 48 85 c0 48 8b c8 74 06 48 8b 00
0x000000000fdefe55:   ff 50 08 b8 02 00 00 00 48 83 c4 20 5b c3 49 8b 


Stack: [0x0000000011c50000,0x0000000011cd0000],  sp=0x0000000011ccf400,  free space=509k
Native frames: (J=compiled Java code, j=interpreted, Vv=VM code, C=native code)
C  [awt.dll+0x9fe55]

Java frames: (J=compiled Java code, j=interpreted, Vv=VM code)
v  ~BufferBlob::Interpreter
v  ~BufferBlob::Interpreter
v  ~BufferBlob::Interpreter
v  ~BufferBlob::StubRoutines (1)

---------------  P R O C E S S  ---------------

Java Threads: ( => current thread )
  0x00000000586ac400 JavaThread "Thread-3669" [_thread_blocked, id=5716, stack(0x00000000368b0000,0x0000000036930000)]
  0x00000000586abc00 JavaThread "Thread-3666" [_thread_blocked, id=1128, stack(0x00000000367b0000,0x0000000036830000)]
  0x00000000351d6000 JavaThread "Thread-3631" [_thread_blocked, id=5904, stack(0x00000000366b0000,0x0000000036730000)]
  0x000000003437e000 JavaThread "Thread-2972" [_thread_blocked, id=1768, stack(0x00000000365b0000,0x0000000036630000)]
  0x00000000351d7000 JavaThread "Timer-449" [_thread_blocked, id=296, stack(0x0000000036630000,0x00000000366b0000)]
  0x00000000351d4c00 JavaThread "Timer queue for AWT thread" daemon [_thread_blocked, id=5532, stack(0x0000000036830000,0x00000000368b0000)]
  0x000000003437d000 JavaThread "Thread-970" [_thread_blocked, id=696, stack(0x0000000036530000,0x00000000365b0000)]
  0x000000003437bc00 JavaThread "Prefs Updater" [_thread_blocked, id=6048, stack(0x0000000036310000,0x0000000036390000)]
  0x000000003437c800 JavaThread "Foxtrot Single Worker Thread #1" daemon [_thread_blocked, id=5852, stack(0x0000000036730000,0x00000000367b0000)]
  0x000000003437a800 JavaThread "Thread-91" [_thread_blocked, id=912, stack(0x000000003bae0000,0x000000003bb60000)]
  0x000000003437a000 JavaThread "Thread-90" [_thread_blocked, id=4432, stack(0x000000003ba60000,0x000000003bae0000)]
  0x0000000034379800 JavaThread "Thread-89" [_thread_blocked, id=4592, stack(0x000000003b9e0000,0x000000003ba60000)]
  0x0000000034379400 JavaThread "Thread-88" [_thread_blocked, id=1276, stack(0x00000000378f0000,0x0000000037970000)]
  0x0000000034378c00 JavaThread "Thread-86" [_thread_blocked, id=1204, stack(0x0000000037870000,0x00000000378f0000)]
  0x0000000034378400 JavaThread "Thread-85" [_thread_blocked, id=3052, stack(0x00000000377f0000,0x0000000037870000)]
  0x0000000034378000 JavaThread "Thread-83" [_thread_blocked, id=5096, stack(0x0000000036cf0000,0x0000000036d70000)]
  0x0000000034377800 JavaThread "Active Reference Queue Daemon" daemon [_thread_blocked, id=3152, stack(0x0000000036d70000,0x0000000036df0000)]
  0x0000000034377000 JavaThread "Timer-75" daemon [_thread_blocked, id=2076, stack(0x0000000036ba0000,0x0000000036c20000)]
  0x00000000349ec000 JavaThread "Timer-14" daemon [_thread_blocked, id=5088, stack(0x00000000369b0000,0x0000000036a30000)]
  0x0000000034364000 JavaThread "Timer-1" [_thread_blocked, id=2604, stack(0x0000000035480000,0x0000000035500000)]
  0x00000000119ec000 JavaThread "TimerQueue" daemon [_thread_blocked, id=2144, stack(0x0000000034060000,0x00000000340e0000)]
  0x0000000011a69400 JavaThread "AWT-EventQueue-0" [_thread_in_native, id=2856, stack(0x0000000033fc0000,0x0000000034040000)]
=>0x0000000011862c00 JavaThread "AWT-Windows" daemon [_thread_in_native, id=4236, stack(0x0000000011c50000,0x0000000011cd0000)]
  0x0000000011862800 JavaThread "AWT-Shutdown" [_thread_blocked, id=4232, stack(0x000000000ff70000,0x000000000fff0000)]
  0x0000000011862000 JavaThread "Java2D Disposer" daemon [_thread_blocked, id=1068, stack(0x000000000fef0000,0x000000000ff70000)]
  0x00000000111e5c00 JavaThread "Timer-0" [_thread_blocked, id=4196, stack(0x000000000f9c0000,0x000000000fa40000)]
  0x00000000110adc00 JavaThread "JMI Unnamed Thread" [_thread_in_native, id=3412, stack(0x00000000090f0000,0x000000000a0f0000)]
  0x000000000fc00400 JavaThread "Low Memory Detector" daemon [_thread_blocked, id=1212, stack(0x000000000f8e0000,0x000000000f960000)]
  0x000000000fbfc000 JavaThread "CompilerThread1" daemon [_thread_blocked, id=4000, stack(0x00000000316a0000,0x00000000326a0000)]
  0x000000000fbf7000 JavaThread "CompilerThread0" daemon [_thread_blocked, id=4240, stack(0x00000000306a0000,0x00000000316a0000)]
  0x000000000fbf6800 JavaThread "Attach Listener" daemon [_thread_blocked, id=704, stack(0x000000000e7d0000,0x000000000e850000)]
  0x0000000004ccf400 JavaThread "Finalizer" daemon [_thread_blocked, id=1904, stack(0x000000000e750000,0x000000000e7d0000)]
  0x0000000004cce800 JavaThread "Reference Handler" daemon [_thread_blocked, id=712, stack(0x0000000008fd0000,0x0000000009050000)]
  0x0000000004bcec00 JavaThread "main" [_thread_in_native, id=2572, stack(0x0000000000030000,0x0000000001030000)]

Other Threads:
  0x0000000004ccd800 VMThread [stack: 0x000000002f6a0000,0x00000000306a0000] [id=4596]
  0x000000000fc2cc00 WatcherThread [stack: 0x00000000326a0000,0x00000000336a0000] [id=3712]

VM state:not at safepoint (normal execution)

VM Mutex/Monitor currently owned by a thread: None

Heap
 PSYoungGen      total 15040K, used 8604K [0x00000000265a0000, 0x00000000275a0000, 0x00000000296a0000)
  eden space 13632K, 60% used [0x00000000265a0000,0x0000000026daf0c0,0x00000000272f0000)
  from space 1408K, 25% used [0x0000000027440000,0x0000000027498000,0x00000000275a0000)
  to   space 1344K, 0% used [0x00000000272f0000,0x00000000272f0000,0x0000000027440000)
 PSOldGen        total 150528K, used 126733K [0x000000001d2a0000, 0x00000000265a0000, 0x00000000265a0000)
  object space 150528K, 84% used [0x000000001d2a0000,0x0000000024e634d8,0x00000000265a0000)
 PSPermGen       total 77696K, used 61233K [0x00000000152a0000, 0x0000000019e80000, 0x000000001d2a0000)
  object space 77696K, 78% used [0x00000000152a0000,0x0000000018e6c478,0x0000000019e80000)

Dynamic libraries:
0x0000000140000000 - 0x0000000140032000 	C:\Program Files\MATLAB\R2009a\bin\win64\MATLAB.exe
0x0000000077bb0000 - 0x0000000077d5b000 	C:\Windows\SYSTEM32\ntdll.dll
0x0000000077a90000 - 0x0000000077baf000 	C:\Windows\system32\kernel32.dll
0x000007fefde70000 - 0x000007fefdedb000 	C:\Windows\system32\KERNELBASE.dll
0x0000000180000000 - 0x0000000180406000 	C:\Program Files\MATLAB\R2009a\bin\win64\libut.dll
0x000007fefe910000 - 0x000007fefe927000 	C:\Windows\system32\imagehlp.dll
0x000007feffe20000 - 0x000007feffebf000 	C:\Windows\system32\msvcrt.dll
0x0000000077d80000 - 0x0000000077d87000 	C:\Windows\system32\PSAPI.DLL
0x0000000001060000 - 0x0000000001088000 	C:\Program Files\MATLAB\R2009a\bin\win64\LIBEXPAT.dll
0x0000000074840000 - 0x0000000074909000 	C:\Windows\WinSxS\amd64_microsoft.vc80.crt_1fc8b3b9a1e18e3b_8.0.50727.4927_none_88dce9872fb18caf\MSVCR80.dll
0x000000004a800000 - 0x000000004a923000 	C:\Program Files\MATLAB\R2009a\bin\win64\icuuc38.dll
0x000007fefecc0000 - 0x000007fefed9b000 	C:\Windows\system32\ADVAPI32.dll
0x000007fefefa0000 - 0x000007fefefbf000 	C:\Windows\SYSTEM32\sechost.dll
0x000007fefe5a0000 - 0x000007fefe6ce000 	C:\Windows\system32\RPCRT4.dll
0x000000004ad00000 - 0x000000004ad03000 	C:\Program Files\MATLAB\R2009a\bin\win64\icudt38.dll
0x000000004ab00000 - 0x000000004ab0f000 	C:\Program Files\MATLAB\R2009a\bin\win64\icuio38.dll
0x0000000001230000 - 0x000000000136a000 	C:\Program Files\MATLAB\R2009a\bin\win64\icuin38.dll
0x00000000746c0000 - 0x00000000747c9000 	C:\Windows\WinSxS\amd64_microsoft.vc80.crt_1fc8b3b9a1e18e3b_8.0.50727.4927_none_88dce9872fb18caf\MSVCP80.dll
0x0000000077990000 - 0x0000000077a8a000 	C:\Windows\system32\USER32.dll
0x000007fefef30000 - 0x000007fefef97000 	C:\Windows\system32\GDI32.dll
0x000007fefeda0000 - 0x000007fefedae000 	C:\Windows\system32\LPK.dll
0x000007fefe3a0000 - 0x000007fefe46a000 	C:\Windows\system32\USP10.dll
0x0000000001380000 - 0x00000000013ee000 	C:\Program Files\MATLAB\R2009a\bin\win64\libmwfl.dll
0x0000000001400000 - 0x000000000140f000 	C:\Program Files\MATLAB\R2009a\bin\win64\boost_date_time-vc80-mt-1_36.dll
0x0000000001420000 - 0x0000000001436000 	C:\Program Files\MATLAB\R2009a\bin\win64\boost_signals-vc80-mt-1_36.dll
0x0000000001450000 - 0x0000000001459000 	C:\Program Files\MATLAB\R2009a\bin\win64\boost_system-vc80-mt-1_36.dll
0x0000000001470000 - 0x0000000001481000 	C:\Program Files\MATLAB\R2009a\bin\win64\boost_thread-vc80-mt-1_36.dll
0x00000000014a0000 - 0x00000000016d7000 	C:\Program Files\MATLAB\R2009a\bin\win64\libmwservices.dll
0x00000000016f0000 - 0x0000000001761000 	C:\Program Files\MATLAB\R2009a\bin\win64\libmx.dll
0x0000000001780000 - 0x0000000001797000 	C:\Program Files\MATLAB\R2009a\bin\win64\zlib1.dll
0x00000000017a0000 - 0x00000000018c5000 	C:\Program Files\MATLAB\R2009a\bin\win64\libmwmathutil.dll
0x00000000018e0000 - 0x0000000001935000 	C:\Program Files\MATLAB\R2009a\bin\win64\mpath.dll
0x0000000001950000 - 0x000000000199f000 	C:\Program Files\MATLAB\R2009a\bin\win64\mlutil.dll
0x0000000010000000 - 0x0000000010049000 	C:\Program Files\MATLAB\R2009a\bin\win64\tbb.dll
0x000007fefb390000 - 0x000007fefb430000 	C:\Windows\WinSxS\amd64_microsoft.windows.common-controls_6595b64144ccf1df_5.82.7600.16661_none_a44e1fc257f685f6\COMCTL32.dll
0x000007fefe750000 - 0x000007fefe7e8000 	C:\Windows\system32\comdlg32.dll
0x000007fefdee0000 - 0x000007fefdf51000 	C:\Windows\system32\SHLWAPI.dll
0x000007fefefc0000 - 0x000007feffd46000 	C:\Windows\system32\SHELL32.dll
0x000007fefbc00000 - 0x000007fefbc16000 	C:\Windows\system32\NETAPI32.dll
0x000007fefbbf0000 - 0x000007fefbbfc000 	C:\Windows\system32\netutils.dll
0x000007fefd740000 - 0x000007fefd763000 	C:\Windows\system32\srvcli.dll
0x000007fefbbd0000 - 0x000007fefbbe5000 	C:\Windows\system32\wkscli.dll
0x000007fefe470000 - 0x000007fefe4bd000 	C:\Windows\system32\WS2_32.dll
0x000007fefe7f0000 - 0x000007fefe7f8000 	C:\Windows\system32\NSI.dll
0x00000000019b0000 - 0x0000000001a32000 	C:\Program Files\MATLAB\R2009a\bin\win64\mcr.dll
0x0000000001a50000 - 0x0000000001ab2000 	C:\Program Files\MATLAB\R2009a\bin\win64\iqm.dll
0x0000000001ad0000 - 0x00000000023b7000 	C:\Program Files\MATLAB\R2009a\bin\win64\m_interpreter.dll
0x00000000023d0000 - 0x00000000023df000 	C:\Program Files\MATLAB\R2009a\bin\win64\libmex.dll
0x00000000023f0000 - 0x0000000002480000 	C:\Program Files\MATLAB\R2009a\bin\win64\m_dispatcher.dll
0x0000000002490000 - 0x00000000024b5000 	C:\Program Files\MATLAB\R2009a\bin\win64\datasvcs.dll
0x0000000012000000 - 0x0000000012295000 	C:\Program Files\MATLAB\R2009a\bin\win64\xerces-c_2_7.dll
0x00000000024e0000 - 0x00000000025d1000 	C:\Program Files\MATLAB\R2009a\bin\win64\boost_regex-vc80-mt-1_36.dll
0x00000000025f0000 - 0x0000000002681000 	C:\Program Files\MATLAB\R2009a\bin\win64\profiler.dll
0x00000000026a0000 - 0x00000000026ca000 	C:\Program Files\MATLAB\R2009a\bin\win64\libmwmathrng.dll
0x00000000026e0000 - 0x00000000026fa000 	C:\Program Files\MATLAB\R2009a\bin\win64\m_pcodeio.dll
0x0000000002710000 - 0x000000000275d000 	C:\Program Files\MATLAB\R2009a\bin\win64\m_ir.dll
0x0000000002770000 - 0x0000000002d76000 	C:\Program Files\MATLAB\R2009a\bin\win64\m_parser.dll
0x0000000002d90000 - 0x0000000002da4000 	C:\Program Files\MATLAB\R2009a\bin\win64\ir_xfmr.dll
0x0000000002dc0000 - 0x0000000003041000 	C:\Program Files\MATLAB\R2009a\bin\win64\mcos.dll
0x0000000003060000 - 0x000000000306c000 	C:\Program Files\MATLAB\R2009a\bin\win64\mtok.dll
0x0000000003080000 - 0x00000000030a0000 	C:\Program Files\MATLAB\R2009a\bin\win64\m_pcodegen.dll
0x000007fefb100000 - 0x000007fefb225000 	C:\Windows\system32\dbghelp.dll
0x00000000030b0000 - 0x00000000030d4000 	C:\Program Files\MATLAB\R2009a\bin\win64\bridge.dll
0x00000000030f0000 - 0x00000000031b0000 	C:\Program Files\MATLAB\R2009a\bin\win64\udd.dll
0x00000000031c0000 - 0x0000000003317000 	C:\Program Files\MATLAB\R2009a\bin\win64\libmwgui.dll
0x0000000003330000 - 0x0000000003615000 	C:\Program Files\MATLAB\R2009a\bin\win64\hg.dll
0x0000000003630000 - 0x0000000003662000 	C:\Program Files\MATLAB\R2009a\bin\win64\libmat.dll
0x0000000003680000 - 0x000000000386e000 	C:\Program Files\MATLAB\R2009a\bin\win64\libhdf5.dll
0x0000000003880000 - 0x00000000038e0000 	C:\Program Files\MATLAB\R2009a\bin\win64\jmi.dll
0x00000000038f0000 - 0x0000000003930000 	C:\Program Files\MATLAB\R2009a\bin\win64\libmwhardcopy.dll
0x0000000003940000 - 0x0000000003998000 	C:\Program Files\MATLAB\R2009a\bin\win64\libuij.dll
0x00000000039b0000 - 0x0000000003aa2000 	C:\Program Files\MATLAB\R2009a\bin\win64\libmwmathlinalg.dll
0x0000000003ac0000 - 0x0000000003e6c000 	C:\Program Files\MATLAB\R2009a\bin\win64\libmwmathelem.dll
0x0000000003e80000 - 0x0000000003eec000 	C:\Program Files\MATLAB\R2009a\bin\win64\libmwmathcore.dll
0x0000000003f00000 - 0x0000000003f62000 	C:\Program Files\MATLAB\R2009a\bin\win64\libmwcholmod.dll
0x0000000003f80000 - 0x0000000003f8d000 	C:\Program Files\MATLAB\R2009a\bin\win64\libmwamd.dll
0x0000000003fa0000 - 0x0000000003fac000 	C:\Program Files\MATLAB\R2009a\bin\win64\libmwcolamd.dll
0x0000000003fc0000 - 0x0000000003fd5000 	C:\Program Files\MATLAB\R2009a\bin\win64\libmwblas.dll
0x0000000003ff0000 - 0x0000000004001000 	C:\Program Files\MATLAB\R2009a\bin\win64\libmwbinder.dll
0x0000000004020000 - 0x000000000409d000 	C:\Program Files\MATLAB\R2009a\bin\win64\libmwlapack.dll
0x00000000040b0000 - 0x00000000040eb000 	C:\Program Files\MATLAB\R2009a\bin\win64\libmwrookfastbp.dll
0x0000000004100000 - 0x000000000414c000 	C:\Program Files\MATLAB\R2009a\bin\win64\libmwma57.dll
0x0000000004160000 - 0x000000000427c000 	C:\Program Files\MATLAB\R2009a\bin\win64\libifcoremd.dll
0x0000000004280000 - 0x0000000004550000 	C:\Program Files\MATLAB\R2009a\bin\win64\libmmd.dll
0x0000000004550000 - 0x0000000004560000 	C:\Program Files\MATLAB\R2009a\bin\win64\libmwcsparse.dll
0x0000000004570000 - 0x00000000045de000 	C:\Program Files\MATLAB\R2009a\bin\win64\libmwumfpack.dll
0x00000000045f0000 - 0x00000000046dd000 	C:\Program Files\MATLAB\R2009a\bin\win64\hgdatatypes.dll
0x00000000046f0000 - 0x0000000004934000 	C:\Program Files\MATLAB\R2009a\bin\win64\uiw.dll
0x0000000004950000 - 0x000000000495a000 	C:\Program Files\MATLAB\R2009a\bin\win64\uinone.dll
0x000000006b720000 - 0x000000006b8bc000 	C:\Windows\WinSxS\amd64_microsoft.vc80.mfc_1fc8b3b9a1e18e3b_8.0.50727.1833_none_8442d417329336b1\MFC80.DLL
0x000007fef8d70000 - 0x000007fef8de0000 	C:\Windows\system32\WINSPOOL.DRV
0x000007fefeab0000 - 0x000007fefecb2000 	C:\Windows\system32\ole32.dll
0x000007fefe4c0000 - 0x000007fefe597000 	C:\Windows\system32\OLEAUT32.dll
0x0000000004970000 - 0x0000000004a1b000 	C:\Program Files\MATLAB\R2009a\bin\win64\udd_mi.dll
0x0000000004a30000 - 0x0000000004a48000 	C:\Program Files\MATLAB\R2009a\bin\win64\mwoles05.DLL
0x0000000004a60000 - 0x0000000004aca000 	C:\Program Files\MATLAB\R2009a\bin\win64\comcli.dll
0x000000006b700000 - 0x000000006b71f000 	C:\Windows\WinSxS\amd64_microsoft.vc80.atl_1fc8b3b9a1e18e3b_8.0.50727.1833_none_8a17faaf2edd3e00\ATL80.DLL
0x0000000004ae0000 - 0x0000000004aee000 	C:\Program Files\MATLAB\R2009a\bin\win64\mlautoregister.dll
0x000007feffdf0000 - 0x000007feffe1e000 	C:\Windows\system32\IMM32.DLL
0x000007fefe800000 - 0x000007fefe909000 	C:\Windows\system32\MSCTF.dll
0x000007fefdb10000 - 0x000007fefdb1f000 	C:\Windows\system32\profapi.dll
0x000007fefc5b0000 - 0x000007fefc606000 	C:\Windows\system32\uxtheme.dll
0x000007fefb4d0000 - 0x000007fefb4f7000 	C:\Windows\system32\iphlpapi.dll
0x000007fefb4a0000 - 0x000007fefb4ab000 	C:\Windows\system32\WINNSI.DLL
0x000007fefd1e0000 - 0x000007fefd23b000 	C:\Windows\system32\DNSAPI.dll
0x000007fefb430000 - 0x000007fefb448000 	C:\Windows\system32\dhcpcsvc.DLL
0x000007fefa6e0000 - 0x000007fefa6f1000 	C:\Windows\system32\dhcpcsvc6.DLL
0x000000006b6f0000 - 0x000000006b6f3000 	C:\Windows\system32\icmp.Dll
0x000007fefda40000 - 0x000007fefda4f000 	C:\Windows\system32\CRYPTBASE.dll
0x000000000e0f0000 - 0x000000000e69a000 	C:\Program Files\MATLAB\R2009a\sys\java\jre\win64\jre\bin\server\jvm.dll
0x000007fefb7f0000 - 0x000007fefb82b000 	C:\Windows\system32\WINMM.dll
0x0000000004df0000 - 0x0000000004dfa000 	C:\Program Files\MATLAB\R2009a\sys\java\jre\win64\jre\bin\hpi.dll
0x0000000004e10000 - 0x0000000004e1e000 	C:\Program Files\MATLAB\R2009a\sys\java\jre\win64\jre\bin\verify.dll
0x00000000071c0000 - 0x00000000071e7000 	C:\Program Files\MATLAB\R2009a\sys\java\jre\win64\jre\bin\java.dll
0x0000000004e20000 - 0x0000000004e32000 	C:\Program Files\MATLAB\R2009a\sys\java\jre\win64\jre\bin\zip.dll
0x000000000f960000 - 0x000000000f981000 	C:\Program Files\MATLAB\R2009a\bin\win64\nativejava.dll
0x000000000f990000 - 0x000000000f9b8000 	C:\Program Files\MATLAB\R2009a\bin\win64\nativejmi.dll
0x0000000007ef0000 - 0x0000000007ef7000 	C:\Program Files\MATLAB\R2009a\bin\win64\nativeservices.dll
0x000000000fd50000 - 0x000000000feef000 	C:\Program Files\MATLAB\R2009a\sys\java\jre\win64\jre\bin\awt.dll
0x000007fefc040000 - 0x000007fefc058000 	C:\Windows\system32\dwmapi.dll
0x0000000011cd0000 - 0x0000000011d3a000 	C:\Program Files\MATLAB\R2009a\sys\java\jre\win64\jre\bin\fontmanager.dll
0x0000000033f90000 - 0x0000000033fa7000 	C:\Program Files\MATLAB\R2009a\sys\java\jre\win64\jre\bin\net.dll
0x000007fefd360000 - 0x000007fefd3b4000 	C:\Windows\system32\mswsock.dll
0x000007fefd350000 - 0x000007fefd357000 	C:\Windows\System32\wship6.dll
0x0000000033fb0000 - 0x0000000033fbb000 	C:\Program Files\MATLAB\R2009a\sys\java\jre\win64\jre\bin\nio.dll
0x0000000034040000 - 0x0000000034047000 	C:\Program Files\MATLAB\R2009a\bin\win64\nativelmgr.dll
0x00000000340e0000 - 0x0000000034115000 	C:\Program Files\MATLAB\R2009a\sys\java\jre\win64\jre\bin\jpeg.dll
0x0000000035260000 - 0x00000000353fe000 	C:\Program Files\MATLAB\R2009a\bin\win64\instutil.dll

VM Arguments:
jvm_args: -Xss512k -XX:PermSize=32m -Xms64m -XX:NewRatio=3 -XX:MaxPermSize=128m -Xmx196m -XX:MaxDirectMemorySize=2147400000 -Dsun.java2d.noddraw=true -Dsun.awt.nopixfmt=true -Xshare:off -Xrs -Djava.library.path=C:\Program Files\MATLAB\R2009a\bin\win64 vfprintf abort 
java_command: <unknown>
Launcher Type: generic

Environment Variables:
CLASSPATH=.;C:\Program Files (x86)\Java\jre6\lib\ext\QTJava.zip
PATH=C:\Windows\system32;C:\Windows;C:\Windows\System32\Wbem;C:\Windows\System32\WindowsPowerShell\v1.0\;c:\Program Files (x86)\Common Files\Roxio Shared\10.0\DLLShared\;c:\Program Files (x86)\Common Files\Roxio Shared\DLLShared\;C:\Program Files\MATLAB\R2009a\bin;C:\Program Files\MATLAB\R2009a\bin\win64;C:\Program Files (x86)\QuickTime\QTSystem\;C:\Program Files (x86)\Microsoft SQL Server\100\Tools\Binn\;C:\Program Files (x86)\Microsoft SQL Server\100\DTS\Binn\;C:\Python26;C:\Python26\DLLs;C:\Python26\Scripts;C:\Python26\Lib\site-packages\PyQt4;C:\Python26\gnuplot\bin;C:\Python26\Lib\site-packages\vtk;C:\Program Files (x86)\pythonxy\console;C:\Program Files (x86)\pythonxy\SciTE-2.21;C:\Program Files (x86)\pythonxy\mingw\bin;C:\Windows\System32
USERNAME=micro
OS=Windows_NT
PROCESSOR_IDENTIFIER=Intel64 Family 6 Model 30 Stepping 5, GenuineIntel



---------------  S Y S T E M  ---------------

OS: Windows NT 6.1 Build 7600 

CPU:total 8 (8 cores per cpu, 2 threads per core) family 6 model 14 stepping 5, cmov, cx8, fxsr, mmx, sse, sse2, sse3, ssse3, ht

Memory: 4k page, physical 8346704k(2068148k free), swap 16691508k(10241748k free)

vm_info: Java HotSpot(TM) 64-Bit Server VM (10.0-b19) for windows-amd64 JRE (1.6.0_04-b12), built on Dec 14 2007 00:44:23 by "java_re" with MS VC++ 8.0

time: Fri Jan 14 16:23:06 2011
elapsed time: 109817 seconds

