#
# An unexpected error has been detected by Java Runtime Environment:
#
#  EXCEPTION_ACCESS_VIOLATION (0xc0000005) at pc=0x0000000011b0fe52, pid=5036, tid=5440
#
# Java VM: Java HotSpot(TM) 64-Bit Server VM (10.0-b19 mixed mode windows-amd64)
# Problematic frame:
# C  [awt.dll+0x9fe52]
#
# If you would like to submit a bug report, please visit:
#   http://java.sun.com/webapps/bugreport/crash.jsp
# The crash happened outside the Java Virtual Machine in native code.
# See problematic frame for where to report the bug.
#

---------------  T H R E A D  ---------------

Current thread (0x0000000033ae4800):  JavaThread "AWT-Windows" daemon [_thread_in_native, id=5440, stack(0x0000000011c10000,0x0000000011c90000)]

siginfo: ExceptionCode=0xc0000005, reading address 0x00000000ead29a34

Registers:
EAX=0x00000000ead29a34, EBX=0x0000000000000001, ECX=0x00000000ead29a34, EDX=0x0000000011b6bd30
ESP=0x0000000011c8efe0, EBP=0x000000000001a220, ESI=0x000000003ecf29b0, EDI=0x0000000011a70000
EIP=0x0000000011b0fe52, EFLAGS=0x0000000000010202

Top of Stack: (sp=0x0000000011c8efe0)
0x0000000011c8efe0:   0000000033ae4800 0000000000000000
0x0000000011c8eff0:   0000000000000001 0000000011a70000
0x0000000011c8f000:   0000000033ae4998 0000000011b15539
0x0000000011c8f010:   0000000055650010 0000000033ae4998
0x0000000011c8f020:   000000003ecf29b0 0000000000000111
0x0000000011c8f030:   0000000004cfd1b8 00000000000d0a58
0x0000000011c8f040:   0000000000000000 000000000000c205
0x0000000011c8f050:   0000000000000000 0000000000000000
0x0000000011c8f060:   000000000000c205 fffffffffffffffe
0x0000000011c8f070:   0000000033ae4998 0000000000000001
0x0000000011c8f080:   0000000000000000 0000000000000111
0x0000000011c8f090:   0000000000000111 0000000000000111
0x0000000011c8f0a0:   000000000001a220 0000000000000000
0x0000000011c8f0b0:   000000003ecf29b0 0000000011b4d807
0x0000000011c8f0c0:   0000000000000000 000000007731b98f
0x0000000011c8f0d0:   00000000ffffffeb 0000000000000000 

Instructions: (pc=0x0000000011b0fe52)
0x0000000011b0fe42:   53 0b 00 e8 46 8a 03 00 48 85 c0 48 8b c8 74 06
0x0000000011b0fe52:   48 8b 00 ff 50 08 b8 02 00 00 00 48 83 c4 20 5b 


Stack: [0x0000000011c10000,0x0000000011c90000],  sp=0x0000000011c8efe0,  free space=507k
Native frames: (J=compiled Java code, j=interpreted, Vv=VM code, C=native code)
C  [awt.dll+0x9fe52]

Java frames: (J=compiled Java code, j=interpreted, Vv=VM code)
v  ~BufferBlob::Interpreter
v  ~BufferBlob::Interpreter
v  ~BufferBlob::Interpreter
v  ~BufferBlob::StubRoutines (1)

---------------  P R O C E S S  ---------------

Java Threads: ( => current thread )
  0x000000003ddc5c00 JavaThread "Thread-168" [_thread_blocked, id=4284, stack(0x0000000049d80000,0x0000000049e00000)]
  0x00000000348d5000 JavaThread "Thread-158" [_thread_blocked, id=4916, stack(0x0000000049d00000,0x0000000049d80000)]
  0x00000000348d8000 JavaThread "Thread-149" [_thread_blocked, id=2764, stack(0x0000000038bd0000,0x0000000038c50000)]
  0x00000000348d7000 JavaThread "Timer queue for AWT thread" daemon [_thread_blocked, id=4276, stack(0x000000004a3e0000,0x000000004a460000)]
  0x00000000348d6c00 JavaThread "Thread-93" [_thread_blocked, id=5544, stack(0x0000000038c50000,0x0000000038cd0000)]
  0x00000000348d5c00 JavaThread "Thread-90" [_thread_blocked, id=3528, stack(0x0000000038ad0000,0x0000000038b50000)]
  0x00000000348d4800 JavaThread "Foxtrot Single Worker Thread #1" daemon [_thread_blocked, id=2660, stack(0x0000000038b50000,0x0000000038bd0000)]
  0x00000000348d2800 JavaThread "Prefs Updater" [_thread_blocked, id=2952, stack(0x000000003c410000,0x000000003c490000)]
  0x00000000348d3c00 JavaThread "Thread-31" [_thread_blocked, id=5532, stack(0x0000000036cc0000,0x0000000036d40000)]
  0x00000000348d3400 JavaThread "Thread-24" [_thread_blocked, id=5248, stack(0x000000003bf90000,0x000000003c010000)]
  0x00000000348d2000 JavaThread "Active Reference Queue Daemon" daemon [_thread_blocked, id=2192, stack(0x0000000038e60000,0x0000000038ee0000)]
  0x00000000348d2c00 JavaThread "Timer-17" daemon [_thread_blocked, id=5156, stack(0x0000000038de0000,0x0000000038e60000)]
  0x00000000348d1800 JavaThread "Timer-9" daemon [_thread_blocked, id=4944, stack(0x0000000038d40000,0x0000000038dc0000)]
  0x0000000034e59000 JavaThread "Timer-1" [_thread_blocked, id=5656, stack(0x0000000035890000,0x0000000035910000)]
  0x0000000033e70800 JavaThread "TimerQueue" daemon [_thread_blocked, id=2936, stack(0x00000000342d0000,0x0000000034350000)]
  0x0000000033d7e000 JavaThread "AWT-EventQueue-0" [_thread_in_native, id=2088, stack(0x0000000034250000,0x00000000342d0000)]
  0x0000000033b98400 JavaThread "AWT-Shutdown" [_thread_blocked, id=2096, stack(0x00000000341d0000,0x0000000034250000)]
=>0x0000000033ae4800 JavaThread "AWT-Windows" daemon [_thread_in_native, id=5440, stack(0x0000000011c10000,0x0000000011c90000)]
  0x0000000033ae3c00 JavaThread "Java2D Disposer" daemon [_thread_blocked, id=5436, stack(0x000000000fd70000,0x000000000fdf0000)]
  0x0000000011602c00 JavaThread "Timer-0" [_thread_blocked, id=2408, stack(0x000000000fcf0000,0x000000000fd70000)]
  0x0000000011646000 JavaThread "JMI Unnamed Thread" [_thread_in_native, id=5816, stack(0x0000000009450000,0x000000000a450000)]
  0x000000000ff8dc00 JavaThread "Low Memory Detector" daemon [_thread_blocked, id=4708, stack(0x000000000fc70000,0x000000000fcf0000)]
  0x000000000ff8b800 JavaThread "CompilerThread1" daemon [_thread_blocked, id=5560, stack(0x00000000316a0000,0x00000000326a0000)]
  0x000000000ff84800 JavaThread "CompilerThread0" daemon [_thread_blocked, id=4132, stack(0x00000000306a0000,0x00000000316a0000)]
  0x000000000ff84000 JavaThread "Attach Listener" daemon [_thread_blocked, id=2324, stack(0x000000000a580000,0x000000000a600000)]
  0x000000000ff5d400 JavaThread "Finalizer" daemon [_thread_blocked, id=5152, stack(0x000000000a500000,0x000000000a580000)]
  0x000000000ff53000 JavaThread "Reference Handler" daemon [_thread_blocked, id=5932, stack(0x0000000009330000,0x00000000093b0000)]
  0x0000000004b1ec00 JavaThread "main" [_thread_in_native, id=5704, stack(0x0000000000030000,0x0000000001030000)]

Other Threads:
  0x000000000ff4c000 VMThread [stack: 0x000000002f6a0000,0x00000000306a0000] [id=6080]
  0x000000000ffba000 WatcherThread [stack: 0x00000000326a0000,0x00000000336a0000] [id=6132]

VM state:not at safepoint (normal execution)

VM Mutex/Monitor currently owned by a thread: None

Heap
 PSYoungGen      total 16064K, used 11096K [0x00000000265a0000, 0x00000000275a0000, 0x00000000296a0000)
  eden space 15744K, 69% used [0x00000000265a0000,0x0000000027056350,0x0000000027500000)
  from space 320K, 40% used [0x0000000027550000,0x0000000027570000,0x00000000275a0000)
  to   space 320K, 0% used [0x0000000027500000,0x0000000027500000,0x0000000027550000)
 PSOldGen        total 101696K, used 87984K [0x000000001d2a0000, 0x00000000235f0000, 0x00000000265a0000)
  object space 101696K, 86% used [0x000000001d2a0000,0x000000002288c2f8,0x00000000235f0000)
 PSPermGen       total 58048K, used 56177K [0x00000000152a0000, 0x0000000018b50000, 0x000000001d2a0000)
  object space 58048K, 96% used [0x00000000152a0000,0x000000001897c768,0x0000000018b50000)

Dynamic libraries:
0x0000000140000000 - 0x0000000140032000 	C:\Program Files\MATLAB\R2009a\bin\win64\MATLAB.exe
0x0000000077400000 - 0x00000000775ab000 	C:\Windows\SYSTEM32\ntdll.dll
0x00000000771e0000 - 0x00000000772ff000 	C:\Windows\system32\kernel32.dll
0x000007fefd620000 - 0x000007fefd68b000 	C:\Windows\system32\KERNELBASE.dll
0x0000000180000000 - 0x0000000180406000 	C:\Program Files\MATLAB\R2009a\bin\win64\libut.dll
0x000007fefebb0000 - 0x000007fefebc7000 	C:\Windows\system32\imagehlp.dll
0x000007feff090000 - 0x000007feff12f000 	C:\Windows\system32\msvcrt.dll
0x00000000775c0000 - 0x00000000775c7000 	C:\Windows\system32\PSAPI.DLL
0x00000000011f0000 - 0x0000000001218000 	C:\Program Files\MATLAB\R2009a\bin\win64\LIBEXPAT.dll
0x0000000072c90000 - 0x0000000072d59000 	C:\Windows\WinSxS\amd64_microsoft.vc80.crt_1fc8b3b9a1e18e3b_8.0.50727.4927_none_88dce9872fb18caf\MSVCR80.dll
0x000000004a800000 - 0x000000004a923000 	C:\Program Files\MATLAB\R2009a\bin\win64\icuuc38.dll
0x000007feff550000 - 0x000007feff62b000 	C:\Windows\system32\ADVAPI32.dll
0x000007feff460000 - 0x000007feff47f000 	C:\Windows\SYSTEM32\sechost.dll
0x000007fefdae0000 - 0x000007fefdc0e000 	C:\Windows\system32\RPCRT4.dll
0x000000004ad00000 - 0x000000004ad03000 	C:\Program Files\MATLAB\R2009a\bin\win64\icudt38.dll
0x000000004ab00000 - 0x000000004ab0f000 	C:\Program Files\MATLAB\R2009a\bin\win64\icuio38.dll
0x0000000001230000 - 0x000000000136a000 	C:\Program Files\MATLAB\R2009a\bin\win64\icuin38.dll
0x0000000072b10000 - 0x0000000072c19000 	C:\Windows\WinSxS\amd64_microsoft.vc80.crt_1fc8b3b9a1e18e3b_8.0.50727.4927_none_88dce9872fb18caf\MSVCP80.dll
0x0000000077300000 - 0x00000000773fa000 	C:\Windows\system32\USER32.dll
0x000007feff020000 - 0x000007feff087000 	C:\Windows\system32\GDI32.dll
0x000007fefebd0000 - 0x000007fefebde000 	C:\Windows\system32\LPK.dll
0x000007feff390000 - 0x000007feff45a000 	C:\Windows\system32\USP10.dll
0x0000000001380000 - 0x00000000013ee000 	C:\Program Files\MATLAB\R2009a\bin\win64\libmwfl.dll
0x0000000001400000 - 0x000000000140f000 	C:\Program Files\MATLAB\R2009a\bin\win64\boost_date_time-vc80-mt-1_36.dll
0x0000000001420000 - 0x0000000001436000 	C:\Program Files\MATLAB\R2009a\bin\win64\boost_signals-vc80-mt-1_36.dll
0x0000000001450000 - 0x0000000001459000 	C:\Program Files\MATLAB\R2009a\bin\win64\boost_system-vc80-mt-1_36.dll
0x0000000001470000 - 0x0000000001481000 	C:\Program Files\MATLAB\R2009a\bin\win64\boost_thread-vc80-mt-1_36.dll
0x00000000014a0000 - 0x00000000016d7000 	C:\Program Files\MATLAB\R2009a\bin\win64\libmwservices.dll
0x00000000016f0000 - 0x0000000001761000 	C:\Program Files\MATLAB\R2009a\bin\win64\libmx.dll
0x0000000001780000 - 0x0000000001797000 	C:\Program Files\MATLAB\R2009a\bin\win64\zlib1.dll
0x00000000017a0000 - 0x00000000018c5000 	C:\Program Files\MATLAB\R2009a\bin\win64\libmwmathutil.dll
0x00000000018e0000 - 0x0000000001935000 	C:\Program Files\MATLAB\R2009a\bin\win64\mpath.dll
0x0000000001950000 - 0x000000000199f000 	C:\Program Files\MATLAB\R2009a\bin\win64\mlutil.dll
0x0000000010000000 - 0x0000000010049000 	C:\Program Files\MATLAB\R2009a\bin\win64\tbb.dll
0x000007fef6950000 - 0x000007fef69f0000 	C:\Windows\WinSxS\amd64_microsoft.windows.common-controls_6595b64144ccf1df_5.82.7600.16661_none_a44e1fc257f685f6\COMCTL32.dll
0x000007feff480000 - 0x000007feff518000 	C:\Windows\system32\comdlg32.dll
0x000007fefefa0000 - 0x000007feff011000 	C:\Windows\system32\SHLWAPI.dll
0x000007fefdd90000 - 0x000007fefeb16000 	C:\Windows\system32\SHELL32.dll
0x000007fefb450000 - 0x000007fefb466000 	C:\Windows\system32\NETAPI32.dll
0x000007fefb440000 - 0x000007fefb44c000 	C:\Windows\system32\netutils.dll
0x000007fefcfb0000 - 0x000007fefcfd3000 	C:\Windows\system32\srvcli.dll
0x000007fefb420000 - 0x000007fefb435000 	C:\Windows\system32\wkscli.dll
0x000007fefdc10000 - 0x000007fefdc5d000 	C:\Windows\system32\WS2_32.dll
0x000007fefeb20000 - 0x000007fefeb28000 	C:\Windows\system32\NSI.dll
0x00000000019b0000 - 0x0000000001a32000 	C:\Program Files\MATLAB\R2009a\bin\win64\mcr.dll
0x0000000001a50000 - 0x0000000001ab2000 	C:\Program Files\MATLAB\R2009a\bin\win64\iqm.dll
0x0000000001ad0000 - 0x00000000023b7000 	C:\Program Files\MATLAB\R2009a\bin\win64\m_interpreter.dll
0x00000000023d0000 - 0x00000000023df000 	C:\Program Files\MATLAB\R2009a\bin\win64\libmex.dll
0x00000000023f0000 - 0x0000000002480000 	C:\Program Files\MATLAB\R2009a\bin\win64\m_dispatcher.dll
0x0000000002490000 - 0x00000000024b5000 	C:\Program Files\MATLAB\R2009a\bin\win64\datasvcs.dll
0x0000000012000000 - 0x0000000012295000 	C:\Program Files\MATLAB\R2009a\bin\win64\xerces-c_2_7.dll
0x00000000024e0000 - 0x00000000025d1000 	C:\Program Files\MATLAB\R2009a\bin\win64\boost_regex-vc80-mt-1_36.dll
0x00000000025f0000 - 0x0000000002681000 	C:\Program Files\MATLAB\R2009a\bin\win64\profiler.dll
0x00000000026a0000 - 0x00000000026ca000 	C:\Program Files\MATLAB\R2009a\bin\win64\libmwmathrng.dll
0x00000000026e0000 - 0x00000000026fa000 	C:\Program Files\MATLAB\R2009a\bin\win64\m_pcodeio.dll
0x0000000002710000 - 0x000000000275d000 	C:\Program Files\MATLAB\R2009a\bin\win64\m_ir.dll
0x0000000002770000 - 0x0000000002d76000 	C:\Program Files\MATLAB\R2009a\bin\win64\m_parser.dll
0x0000000002d90000 - 0x0000000002da4000 	C:\Program Files\MATLAB\R2009a\bin\win64\ir_xfmr.dll
0x0000000002dc0000 - 0x0000000003041000 	C:\Program Files\MATLAB\R2009a\bin\win64\mcos.dll
0x0000000003060000 - 0x000000000306c000 	C:\Program Files\MATLAB\R2009a\bin\win64\mtok.dll
0x0000000003080000 - 0x00000000030a0000 	C:\Program Files\MATLAB\R2009a\bin\win64\m_pcodegen.dll
0x000007feecf40000 - 0x000007feed065000 	C:\Windows\system32\dbghelp.dll
0x00000000030b0000 - 0x00000000030d4000 	C:\Program Files\MATLAB\R2009a\bin\win64\bridge.dll
0x00000000030f0000 - 0x00000000031b0000 	C:\Program Files\MATLAB\R2009a\bin\win64\udd.dll
0x00000000031c0000 - 0x0000000003317000 	C:\Program Files\MATLAB\R2009a\bin\win64\libmwgui.dll
0x0000000003330000 - 0x0000000003615000 	C:\Program Files\MATLAB\R2009a\bin\win64\hg.dll
0x0000000003630000 - 0x0000000003662000 	C:\Program Files\MATLAB\R2009a\bin\win64\libmat.dll
0x0000000003680000 - 0x000000000386e000 	C:\Program Files\MATLAB\R2009a\bin\win64\libhdf5.dll
0x0000000003880000 - 0x00000000038e0000 	C:\Program Files\MATLAB\R2009a\bin\win64\jmi.dll
0x00000000038f0000 - 0x0000000003930000 	C:\Program Files\MATLAB\R2009a\bin\win64\libmwhardcopy.dll
0x0000000003940000 - 0x0000000003998000 	C:\Program Files\MATLAB\R2009a\bin\win64\libuij.dll
0x00000000039b0000 - 0x0000000003aa2000 	C:\Program Files\MATLAB\R2009a\bin\win64\libmwmathlinalg.dll
0x0000000003ac0000 - 0x0000000003e6c000 	C:\Program Files\MATLAB\R2009a\bin\win64\libmwmathelem.dll
0x0000000003e80000 - 0x0000000003eec000 	C:\Program Files\MATLAB\R2009a\bin\win64\libmwmathcore.dll
0x0000000003f00000 - 0x0000000003f62000 	C:\Program Files\MATLAB\R2009a\bin\win64\libmwcholmod.dll
0x0000000003f80000 - 0x0000000003f8d000 	C:\Program Files\MATLAB\R2009a\bin\win64\libmwamd.dll
0x0000000003fa0000 - 0x0000000003fac000 	C:\Program Files\MATLAB\R2009a\bin\win64\libmwcolamd.dll
0x0000000003fc0000 - 0x0000000003fd5000 	C:\Program Files\MATLAB\R2009a\bin\win64\libmwblas.dll
0x0000000003ff0000 - 0x0000000004001000 	C:\Program Files\MATLAB\R2009a\bin\win64\libmwbinder.dll
0x0000000004020000 - 0x000000000409d000 	C:\Program Files\MATLAB\R2009a\bin\win64\libmwlapack.dll
0x00000000040b0000 - 0x00000000040eb000 	C:\Program Files\MATLAB\R2009a\bin\win64\libmwrookfastbp.dll
0x0000000004100000 - 0x000000000414c000 	C:\Program Files\MATLAB\R2009a\bin\win64\libmwma57.dll
0x0000000004160000 - 0x000000000427c000 	C:\Program Files\MATLAB\R2009a\bin\win64\libifcoremd.dll
0x0000000004280000 - 0x0000000004550000 	C:\Program Files\MATLAB\R2009a\bin\win64\libmmd.dll
0x0000000004550000 - 0x0000000004560000 	C:\Program Files\MATLAB\R2009a\bin\win64\libmwcsparse.dll
0x0000000004570000 - 0x00000000045de000 	C:\Program Files\MATLAB\R2009a\bin\win64\libmwumfpack.dll
0x00000000045f0000 - 0x00000000046dd000 	C:\Program Files\MATLAB\R2009a\bin\win64\hgdatatypes.dll
0x00000000046f0000 - 0x0000000004934000 	C:\Program Files\MATLAB\R2009a\bin\win64\uiw.dll
0x0000000004950000 - 0x000000000495a000 	C:\Program Files\MATLAB\R2009a\bin\win64\uinone.dll
0x000000006a9e0000 - 0x000000006ab7c000 	C:\Windows\WinSxS\amd64_microsoft.vc80.mfc_1fc8b3b9a1e18e3b_8.0.50727.1833_none_8442d417329336b1\MFC80.DLL
0x000007fef7e00000 - 0x000007fef7e70000 	C:\Windows\system32\WINSPOOL.DRV
0x000007fefec80000 - 0x000007fefee82000 	C:\Windows\system32\ole32.dll
0x000007feff630000 - 0x000007feff707000 	C:\Windows\system32\OLEAUT32.dll
0x0000000004970000 - 0x0000000004a1b000 	C:\Program Files\MATLAB\R2009a\bin\win64\udd_mi.dll
0x0000000004a30000 - 0x0000000004a48000 	C:\Program Files\MATLAB\R2009a\bin\win64\mwoles05.DLL
0x0000000004a60000 - 0x0000000004aca000 	C:\Program Files\MATLAB\R2009a\bin\win64\comcli.dll
0x0000000074fb0000 - 0x0000000074fcf000 	C:\Windows\WinSxS\amd64_microsoft.vc80.atl_1fc8b3b9a1e18e3b_8.0.50727.1833_none_8a17faaf2edd3e00\ATL80.DLL
0x0000000004ae0000 - 0x0000000004aee000 	C:\Program Files\MATLAB\R2009a\bin\win64\mlautoregister.dll
0x000007feff520000 - 0x000007feff54e000 	C:\Windows\system32\IMM32.DLL
0x000007fefee90000 - 0x000007fefef99000 	C:\Windows\system32\MSCTF.dll
0x000007fefd360000 - 0x000007fefd36f000 	C:\Windows\system32\profapi.dll
0x000007fefbc30000 - 0x000007fefbc86000 	C:\Windows\system32\uxtheme.dll
0x000007fefae10000 - 0x000007fefae37000 	C:\Windows\system32\iphlpapi.dll
0x000007fefae00000 - 0x000007fefae0b000 	C:\Windows\system32\WINNSI.DLL
0x000007fefca10000 - 0x000007fefca6b000 	C:\Windows\system32\DNSAPI.dll
0x000007fefade0000 - 0x000007fefadf8000 	C:\Windows\system32\dhcpcsvc.DLL
0x000007fefa6d0000 - 0x000007fefa6e1000 	C:\Windows\system32\dhcpcsvc6.DLL
0x0000000074fe0000 - 0x0000000074fe3000 	C:\Windows\system32\icmp.Dll
0x000007fefd230000 - 0x000007fefd23f000 	C:\Windows\system32\CRYPTBASE.dll
0x000000000e6c0000 - 0x000000000ec6a000 	C:\Program Files\MATLAB\R2009a\sys\java\jre\win64\jre\bin\server\jvm.dll
0x000007fefb170000 - 0x000007fefb1ab000 	C:\Windows\system32\WINMM.dll
0x00000000074f0000 - 0x00000000074fa000 	C:\Program Files\MATLAB\R2009a\sys\java\jre\win64\jre\bin\hpi.dll
0x0000000007510000 - 0x000000000751e000 	C:\Program Files\MATLAB\R2009a\sys\java\jre\win64\jre\bin\verify.dll
0x0000000007520000 - 0x0000000007547000 	C:\Program Files\MATLAB\R2009a\sys\java\jre\win64\jre\bin\java.dll
0x0000000007680000 - 0x0000000007692000 	C:\Program Files\MATLAB\R2009a\sys\java\jre\win64\jre\bin\zip.dll
0x00000000078b0000 - 0x00000000078d1000 	C:\Program Files\MATLAB\R2009a\bin\win64\nativejava.dll
0x00000000078e0000 - 0x0000000007908000 	C:\Program Files\MATLAB\R2009a\bin\win64\nativejmi.dll
0x0000000008050000 - 0x0000000008057000 	C:\Program Files\MATLAB\R2009a\bin\win64\nativeservices.dll
0x0000000011a70000 - 0x0000000011c0f000 	C:\Program Files\MATLAB\R2009a\sys\java\jre\win64\jre\bin\awt.dll
0x000007fefb720000 - 0x000007fefb738000 	C:\Windows\system32\dwmapi.dll
0x0000000011c90000 - 0x0000000011cfa000 	C:\Program Files\MATLAB\R2009a\sys\java\jre\win64\jre\bin\fontmanager.dll
0x0000000011480000 - 0x0000000011497000 	C:\Program Files\MATLAB\R2009a\sys\java\jre\win64\jre\bin\net.dll
0x000007fefcb90000 - 0x000007fefcbe4000 	C:\Windows\system32\mswsock.dll
0x000007fefcb80000 - 0x000007fefcb87000 	C:\Windows\System32\wship6.dll
0x00000000114a0000 - 0x00000000114ab000 	C:\Program Files\MATLAB\R2009a\sys\java\jre\win64\jre\bin\nio.dll
0x00000000114b0000 - 0x00000000114b7000 	C:\Program Files\MATLAB\R2009a\bin\win64\nativelmgr.dll
0x0000000034350000 - 0x0000000034385000 	C:\Program Files\MATLAB\R2009a\sys\java\jre\win64\jre\bin\jpeg.dll
0x0000000035570000 - 0x000000003570e000 	C:\Program Files\MATLAB\R2009a\bin\win64\instutil.dll

VM Arguments:
jvm_args: -Xss512k -XX:PermSize=32m -Xms64m -XX:NewRatio=3 -XX:MaxPermSize=128m -Xmx196m -XX:MaxDirectMemorySize=2147400000 -Dsun.java2d.noddraw=true -Dsun.awt.nopixfmt=true -Xshare:off -Xrs -Djava.library.path=C:\Program Files\MATLAB\R2009a\bin\win64 vfprintf abort 
java_command: <unknown>
Launcher Type: generic

Environment Variables:
CLASSPATH=.;C:\Program Files (x86)\Java\jre6\lib\ext\QTJava.zip
PATH=C:\Windows\system32;C:\Windows;C:\Windows\System32\Wbem;C:\Windows\System32\WindowsPowerShell\v1.0\;c:\Program Files (x86)\Common Files\Roxio Shared\10.0\DLLShared\;c:\Program Files (x86)\Common Files\Roxio Shared\DLLShared\;C:\Program Files\MATLAB\R2009a\bin;C:\Program Files\MATLAB\R2009a\bin\win64;C:\Program Files (x86)\QuickTime\QTSystem\;C:\Program Files (x86)\Microsoft SQL Server\100\Tools\Binn\;C:\Program Files (x86)\Microsoft SQL Server\100\DTS\Binn\
USERNAME=micro
OS=Windows_NT
PROCESSOR_IDENTIFIER=Intel64 Family 6 Model 30 Stepping 5, GenuineIntel



---------------  S Y S T E M  ---------------

OS: Windows NT 6.1 Build 7600 

CPU:total 8 (8 cores per cpu, 2 threads per core) family 6 model 14 stepping 5, cmov, cx8, fxsr, mmx, sse, sse2, sse3, ssse3, ht

Memory: 4k page, physical 8346704k(5008724k free), swap 11126612k(5415668k free)

vm_info: Java HotSpot(TM) 64-Bit Server VM (10.0-b19) for windows-amd64 JRE (1.6.0_04-b12), built on Dec 14 2007 00:44:23 by "java_re" with MS VC++ 8.0

time: Tue Nov 23 09:45:15 2010
elapsed time: 295521 seconds

