#
# An unexpected error has been detected by Java Runtime Environment:
#
#  EXCEPTION_ACCESS_VIOLATION (0xc0000005) at pc=0x0000000002042afe, pid=4584, tid=4508
#
# Java VM: Java HotSpot(TM) 64-Bit Server VM (10.0-b19 mixed mode windows-amd64)
# Problematic frame:
# C  [m_interpreter.dll+0x572afe]
#
# If you would like to submit a bug report, please visit:
#   http://java.sun.com/webapps/bugreport/crash.jsp
# The crash happened outside the Java Virtual Machine in native code.
# See problematic frame for where to report the bug.
#

---------------  T H R E A D  ---------------

Current thread (0x0000000004caec00):  JavaThread "main" [_thread_in_native, id=4508, stack(0x0000000000030000,0x0000000001030000)]

siginfo: ExceptionCode=0xc0000005, reading address 0x0000000000000052

Registers:
EAX=0x000000003d294d80, EBX=0x0000000001016930, ECX=0x0000000000000000, EDX=0x000000000d7d70e0
ESP=0x0000000001016860, EBP=0x0000000058c7cc50, ESI=0x0000000058c7cbf0, EDI=0x000000000000004a
EIP=0x0000000002042afe, EFLAGS=0x0000000000010202

Top of Stack: (sp=0x0000000001016860)
0x0000000001016860:   0000000001016930 0000000000000000
0x0000000001016870:   0000000000000200 0000000007b55c00
0x0000000001016880:   fffffffffffffffe 000000000d7d6ff0
0x0000000001016890:   0000000000000000 0000000000000000
0x00000000010168a0:   0000000007b55c00 0000000001b09926
0x00000000010168b0:   0000000000000200 0000000007b55c00
0x00000000010168c0:   0000000001016930 0000000000000200
0x00000000010168d0:   fffffffffffffffe 0000000000000000
0x00000000010168e0:   0000000000000000 00000000019f7d45
0x00000000010168f0:   0000000007b0bee0 0000000001016930
0x0000000001016900:   0000000000000200 0000000007b55c00
0x0000000001016910:   0000000000000001 0000000001016eb8
0x0000000001016920:   0000000001016970 0000000004d90080
0x0000000001016930:   000000000d7b2060 0000000001a02bd4
0x0000000001016940:   0000000000000000 0000000001016930
0x0000000001016950:   fffffffffffffffe 0000000007a3ff40 

Instructions: (pc=0x0000000002042afe)
0x0000000002042aee:   3b f5 0f 83 8d 00 00 00 48 8b 3e 48 85 ff 74 78
0x0000000002042afe:   83 7f 08 00 75 72 8b 47 24 25 00 60 00 00 3d 00 


Stack: [0x0000000000030000,0x0000000001030000],  sp=0x0000000001016860,  free space=16282k
Native frames: (J=compiled Java code, j=interpreted, Vv=VM code, C=native code)
C  [m_interpreter.dll+0x572afe]

Java frames: (J=compiled Java code, j=interpreted, Vv=VM code)
v  ~BufferBlob::Interpreter
v  ~BufferBlob::Interpreter
v  ~BufferBlob::Interpreter
v  ~BufferBlob::Interpreter
v  ~BufferBlob::Interpreter
v  ~BufferBlob::Interpreter
v  ~BufferBlob::StubRoutines (1)

---------------  P R O C E S S  ---------------

Java Threads: ( => current thread )
  0x00000000116fc000 JavaThread "Foxtrot Single Worker Thread #1" daemon [_thread_blocked, id=5100, stack(0x0000000038850000,0x00000000388d0000)]
  0x00000000116f7c00 JavaThread "Prefs Updater" [_thread_blocked, id=1068, stack(0x000000004a4d0000,0x000000004a550000)]
  0x00000000352f9000 JavaThread "Active Reference Queue Daemon" daemon [_thread_blocked, id=196, stack(0x000000003f060000,0x000000003f0e0000)]
  0x00000000352f7800 JavaThread "Timer-16" daemon [_thread_blocked, id=2248, stack(0x000000003b0c0000,0x000000003b140000)]
  0x00000000352f8c00 JavaThread "Timer-11" daemon [_thread_blocked, id=4808, stack(0x000000003b170000,0x000000003b1f0000)]
  0x00000000352c7800 JavaThread "Timer-1" [_thread_blocked, id=2628, stack(0x0000000035b20000,0x0000000035ba0000)]
  0x0000000033c45000 JavaThread "TimerQueue" daemon [_thread_blocked, id=3344, stack(0x00000000347d0000,0x0000000034850000)]
  0x0000000034b48800 JavaThread "AWT-EventQueue-0" [_thread_blocked, id=4892, stack(0x0000000034730000,0x00000000347b0000)]
  0x0000000033b22800 JavaThread "AWT-Windows" daemon [_thread_in_native, id=4124, stack(0x0000000011ca0000,0x0000000011d20000)]
  0x0000000033b22400 JavaThread "AWT-Shutdown" [_thread_blocked, id=2332, stack(0x0000000011c20000,0x0000000011ca0000)]
  0x0000000033b21c00 JavaThread "Java2D Disposer" daemon [_thread_blocked, id=4700, stack(0x0000000011ba0000,0x0000000011c20000)]
  0x00000000118d5400 JavaThread "Timer-0" [_thread_blocked, id=2852, stack(0x000000000ff20000,0x000000000ffa0000)]
  0x00000000116d1000 JavaThread "JMI Unnamed Thread" [_thread_in_native, id=1160, stack(0x00000000093c0000,0x000000000a3c0000)]
  0x000000000fe2dc00 JavaThread "Low Memory Detector" daemon [_thread_blocked, id=3124, stack(0x000000000fea0000,0x000000000ff20000)]
  0x000000000fe2b800 JavaThread "CompilerThread1" daemon [_thread_blocked, id=2672, stack(0x00000000316a0000,0x00000000326a0000)]
  0x000000000fe24800 JavaThread "CompilerThread0" daemon [_thread_blocked, id=4712, stack(0x00000000306a0000,0x00000000316a0000)]
  0x000000000fe24400 JavaThread "Attach Listener" daemon [_thread_blocked, id=2676, stack(0x000000000fc10000,0x000000000fc90000)]
  0x000000000fdfd400 JavaThread "Finalizer" daemon [_thread_blocked, id=5004, stack(0x000000000fb90000,0x000000000fc10000)]
  0x000000000fdf3000 JavaThread "Reference Handler" daemon [_thread_blocked, id=3652, stack(0x000000000fb10000,0x000000000fb90000)]
=>0x0000000004caec00 JavaThread "main" [_thread_in_native, id=4508, stack(0x0000000000030000,0x0000000001030000)]

Other Threads:
  0x000000000fdec000 VMThread [stack: 0x000000002f6a0000,0x00000000306a0000] [id=3196]
  0x000000000fe5a400 WatcherThread [stack: 0x00000000326a0000,0x00000000336a0000] [id=4996]

VM state:not at safepoint (normal execution)

VM Mutex/Monitor currently owned by a thread: None

Heap
 PSYoungGen      total 27904K, used 5902K [0x00000000265a0000, 0x0000000028910000, 0x00000000296a0000)
  eden space 20672K, 18% used [0x00000000265a0000,0x000000002696e258,0x00000000279d0000)
  from space 7232K, 27% used [0x0000000028200000,0x00000000283f5690,0x0000000028910000)
  to   space 7808K, 0% used [0x00000000279d0000,0x00000000279d0000,0x0000000028170000)
 PSOldGen        total 126016K, used 87666K [0x000000001d2a0000, 0x0000000024db0000, 0x00000000265a0000)
  object space 126016K, 69% used [0x000000001d2a0000,0x000000002283c820,0x0000000024db0000)
 PSPermGen       total 94272K, used 53880K [0x00000000152a0000, 0x000000001aeb0000, 0x000000001d2a0000)
  object space 94272K, 57% used [0x00000000152a0000,0x000000001873e3e0,0x000000001aeb0000)

Dynamic libraries:
0x0000000140000000 - 0x0000000140032000 	C:\Program Files\MATLAB\R2009a\bin\win64\MATLAB.exe
0x0000000077400000 - 0x00000000775ab000 	C:\Windows\SYSTEM32\ntdll.dll
0x00000000771e0000 - 0x00000000772ff000 	C:\Windows\system32\kernel32.dll
0x000007fefd620000 - 0x000007fefd68b000 	C:\Windows\system32\KERNELBASE.dll
0x0000000180000000 - 0x0000000180406000 	C:\Program Files\MATLAB\R2009a\bin\win64\libut.dll
0x000007fefebb0000 - 0x000007fefebc7000 	C:\Windows\system32\imagehlp.dll
0x000007feff090000 - 0x000007feff12f000 	C:\Windows\system32\msvcrt.dll
0x00000000775c0000 - 0x00000000775c7000 	C:\Windows\system32\PSAPI.DLL
0x0000000001060000 - 0x0000000001088000 	C:\Program Files\MATLAB\R2009a\bin\win64\LIBEXPAT.dll
0x0000000072c90000 - 0x0000000072d59000 	C:\Windows\WinSxS\amd64_microsoft.vc80.crt_1fc8b3b9a1e18e3b_8.0.50727.4927_none_88dce9872fb18caf\MSVCR80.dll
0x000000004a800000 - 0x000000004a923000 	C:\Program Files\MATLAB\R2009a\bin\win64\icuuc38.dll
0x000007feff550000 - 0x000007feff62b000 	C:\Windows\system32\ADVAPI32.dll
0x000007feff460000 - 0x000007feff47f000 	C:\Windows\SYSTEM32\sechost.dll
0x000007fefdae0000 - 0x000007fefdc0e000 	C:\Windows\system32\RPCRT4.dll
0x000000004ad00000 - 0x000000004ad03000 	C:\Program Files\MATLAB\R2009a\bin\win64\icudt38.dll
0x000000004ab00000 - 0x000000004ab0f000 	C:\Program Files\MATLAB\R2009a\bin\win64\icuio38.dll
0x0000000001230000 - 0x000000000136a000 	C:\Program Files\MATLAB\R2009a\bin\win64\icuin38.dll
0x0000000072b10000 - 0x0000000072c19000 	C:\Windows\WinSxS\amd64_microsoft.vc80.crt_1fc8b3b9a1e18e3b_8.0.50727.4927_none_88dce9872fb18caf\MSVCP80.dll
0x0000000077300000 - 0x00000000773fa000 	C:\Windows\system32\USER32.dll
0x000007feff020000 - 0x000007feff087000 	C:\Windows\system32\GDI32.dll
0x000007fefebd0000 - 0x000007fefebde000 	C:\Windows\system32\LPK.dll
0x000007feff390000 - 0x000007feff45a000 	C:\Windows\system32\USP10.dll
0x0000000001380000 - 0x00000000013ee000 	C:\Program Files\MATLAB\R2009a\bin\win64\libmwfl.dll
0x0000000001400000 - 0x000000000140f000 	C:\Program Files\MATLAB\R2009a\bin\win64\boost_date_time-vc80-mt-1_36.dll
0x0000000001420000 - 0x0000000001436000 	C:\Program Files\MATLAB\R2009a\bin\win64\boost_signals-vc80-mt-1_36.dll
0x0000000001450000 - 0x0000000001459000 	C:\Program Files\MATLAB\R2009a\bin\win64\boost_system-vc80-mt-1_36.dll
0x0000000001470000 - 0x0000000001481000 	C:\Program Files\MATLAB\R2009a\bin\win64\boost_thread-vc80-mt-1_36.dll
0x00000000014a0000 - 0x00000000016d7000 	C:\Program Files\MATLAB\R2009a\bin\win64\libmwservices.dll
0x00000000016f0000 - 0x0000000001761000 	C:\Program Files\MATLAB\R2009a\bin\win64\libmx.dll
0x0000000001780000 - 0x0000000001797000 	C:\Program Files\MATLAB\R2009a\bin\win64\zlib1.dll
0x00000000017a0000 - 0x00000000018c5000 	C:\Program Files\MATLAB\R2009a\bin\win64\libmwmathutil.dll
0x00000000018e0000 - 0x0000000001935000 	C:\Program Files\MATLAB\R2009a\bin\win64\mpath.dll
0x0000000001950000 - 0x000000000199f000 	C:\Program Files\MATLAB\R2009a\bin\win64\mlutil.dll
0x0000000010000000 - 0x0000000010049000 	C:\Program Files\MATLAB\R2009a\bin\win64\tbb.dll
0x000007fef6950000 - 0x000007fef69f0000 	C:\Windows\WinSxS\amd64_microsoft.windows.common-controls_6595b64144ccf1df_5.82.7600.16661_none_a44e1fc257f685f6\COMCTL32.dll
0x000007feff480000 - 0x000007feff518000 	C:\Windows\system32\comdlg32.dll
0x000007fefefa0000 - 0x000007feff011000 	C:\Windows\system32\SHLWAPI.dll
0x000007fefdd90000 - 0x000007fefeb16000 	C:\Windows\system32\SHELL32.dll
0x000007fefb450000 - 0x000007fefb466000 	C:\Windows\system32\NETAPI32.dll
0x000007fefb440000 - 0x000007fefb44c000 	C:\Windows\system32\netutils.dll
0x000007fefcfb0000 - 0x000007fefcfd3000 	C:\Windows\system32\srvcli.dll
0x000007fefb420000 - 0x000007fefb435000 	C:\Windows\system32\wkscli.dll
0x000007fefdc10000 - 0x000007fefdc5d000 	C:\Windows\system32\WS2_32.dll
0x000007fefeb20000 - 0x000007fefeb28000 	C:\Windows\system32\NSI.dll
0x00000000019b0000 - 0x0000000001a32000 	C:\Program Files\MATLAB\R2009a\bin\win64\mcr.dll
0x0000000001a50000 - 0x0000000001ab2000 	C:\Program Files\MATLAB\R2009a\bin\win64\iqm.dll
0x0000000001ad0000 - 0x00000000023b7000 	C:\Program Files\MATLAB\R2009a\bin\win64\m_interpreter.dll
0x00000000023d0000 - 0x00000000023df000 	C:\Program Files\MATLAB\R2009a\bin\win64\libmex.dll
0x00000000023f0000 - 0x0000000002480000 	C:\Program Files\MATLAB\R2009a\bin\win64\m_dispatcher.dll
0x0000000002490000 - 0x00000000024b5000 	C:\Program Files\MATLAB\R2009a\bin\win64\datasvcs.dll
0x0000000012000000 - 0x0000000012295000 	C:\Program Files\MATLAB\R2009a\bin\win64\xerces-c_2_7.dll
0x00000000024e0000 - 0x00000000025d1000 	C:\Program Files\MATLAB\R2009a\bin\win64\boost_regex-vc80-mt-1_36.dll
0x00000000025f0000 - 0x0000000002681000 	C:\Program Files\MATLAB\R2009a\bin\win64\profiler.dll
0x00000000026a0000 - 0x00000000026ca000 	C:\Program Files\MATLAB\R2009a\bin\win64\libmwmathrng.dll
0x00000000026e0000 - 0x00000000026fa000 	C:\Program Files\MATLAB\R2009a\bin\win64\m_pcodeio.dll
0x0000000002710000 - 0x000000000275d000 	C:\Program Files\MATLAB\R2009a\bin\win64\m_ir.dll
0x0000000002770000 - 0x0000000002d76000 	C:\Program Files\MATLAB\R2009a\bin\win64\m_parser.dll
0x0000000002d90000 - 0x0000000002da4000 	C:\Program Files\MATLAB\R2009a\bin\win64\ir_xfmr.dll
0x0000000002dc0000 - 0x0000000003041000 	C:\Program Files\MATLAB\R2009a\bin\win64\mcos.dll
0x0000000003060000 - 0x000000000306c000 	C:\Program Files\MATLAB\R2009a\bin\win64\mtok.dll
0x0000000003080000 - 0x00000000030a0000 	C:\Program Files\MATLAB\R2009a\bin\win64\m_pcodegen.dll
0x000007feecf40000 - 0x000007feed065000 	C:\Windows\system32\dbghelp.dll
0x00000000030b0000 - 0x00000000030d4000 	C:\Program Files\MATLAB\R2009a\bin\win64\bridge.dll
0x00000000030f0000 - 0x00000000031b0000 	C:\Program Files\MATLAB\R2009a\bin\win64\udd.dll
0x00000000031c0000 - 0x0000000003317000 	C:\Program Files\MATLAB\R2009a\bin\win64\libmwgui.dll
0x0000000003330000 - 0x0000000003615000 	C:\Program Files\MATLAB\R2009a\bin\win64\hg.dll
0x0000000003630000 - 0x0000000003662000 	C:\Program Files\MATLAB\R2009a\bin\win64\libmat.dll
0x0000000003680000 - 0x000000000386e000 	C:\Program Files\MATLAB\R2009a\bin\win64\libhdf5.dll
0x0000000003880000 - 0x00000000038e0000 	C:\Program Files\MATLAB\R2009a\bin\win64\jmi.dll
0x00000000038f0000 - 0x0000000003930000 	C:\Program Files\MATLAB\R2009a\bin\win64\libmwhardcopy.dll
0x0000000003940000 - 0x0000000003998000 	C:\Program Files\MATLAB\R2009a\bin\win64\libuij.dll
0x00000000039b0000 - 0x0000000003aa2000 	C:\Program Files\MATLAB\R2009a\bin\win64\libmwmathlinalg.dll
0x0000000003ac0000 - 0x0000000003e6c000 	C:\Program Files\MATLAB\R2009a\bin\win64\libmwmathelem.dll
0x0000000003e80000 - 0x0000000003eec000 	C:\Program Files\MATLAB\R2009a\bin\win64\libmwmathcore.dll
0x0000000003f00000 - 0x0000000003f62000 	C:\Program Files\MATLAB\R2009a\bin\win64\libmwcholmod.dll
0x0000000003f80000 - 0x0000000003f8d000 	C:\Program Files\MATLAB\R2009a\bin\win64\libmwamd.dll
0x0000000003fa0000 - 0x0000000003fac000 	C:\Program Files\MATLAB\R2009a\bin\win64\libmwcolamd.dll
0x0000000003fc0000 - 0x0000000003fd5000 	C:\Program Files\MATLAB\R2009a\bin\win64\libmwblas.dll
0x0000000003ff0000 - 0x0000000004001000 	C:\Program Files\MATLAB\R2009a\bin\win64\libmwbinder.dll
0x0000000004020000 - 0x000000000409d000 	C:\Program Files\MATLAB\R2009a\bin\win64\libmwlapack.dll
0x00000000040b0000 - 0x00000000040eb000 	C:\Program Files\MATLAB\R2009a\bin\win64\libmwrookfastbp.dll
0x0000000004100000 - 0x000000000414c000 	C:\Program Files\MATLAB\R2009a\bin\win64\libmwma57.dll
0x0000000004160000 - 0x000000000427c000 	C:\Program Files\MATLAB\R2009a\bin\win64\libifcoremd.dll
0x0000000004280000 - 0x0000000004550000 	C:\Program Files\MATLAB\R2009a\bin\win64\libmmd.dll
0x0000000004550000 - 0x0000000004560000 	C:\Program Files\MATLAB\R2009a\bin\win64\libmwcsparse.dll
0x0000000004570000 - 0x00000000045de000 	C:\Program Files\MATLAB\R2009a\bin\win64\libmwumfpack.dll
0x00000000045f0000 - 0x00000000046dd000 	C:\Program Files\MATLAB\R2009a\bin\win64\hgdatatypes.dll
0x00000000046f0000 - 0x0000000004934000 	C:\Program Files\MATLAB\R2009a\bin\win64\uiw.dll
0x0000000004950000 - 0x000000000495a000 	C:\Program Files\MATLAB\R2009a\bin\win64\uinone.dll
0x000000006a9e0000 - 0x000000006ab7c000 	C:\Windows\WinSxS\amd64_microsoft.vc80.mfc_1fc8b3b9a1e18e3b_8.0.50727.1833_none_8442d417329336b1\MFC80.DLL
0x000007fef7e00000 - 0x000007fef7e70000 	C:\Windows\system32\WINSPOOL.DRV
0x000007fefec80000 - 0x000007fefee82000 	C:\Windows\system32\ole32.dll
0x000007feff630000 - 0x000007feff707000 	C:\Windows\system32\OLEAUT32.dll
0x0000000004970000 - 0x0000000004a1b000 	C:\Program Files\MATLAB\R2009a\bin\win64\udd_mi.dll
0x0000000004a30000 - 0x0000000004a48000 	C:\Program Files\MATLAB\R2009a\bin\win64\mwoles05.DLL
0x0000000004a60000 - 0x0000000004aca000 	C:\Program Files\MATLAB\R2009a\bin\win64\comcli.dll
0x0000000074fb0000 - 0x0000000074fcf000 	C:\Windows\WinSxS\amd64_microsoft.vc80.atl_1fc8b3b9a1e18e3b_8.0.50727.1833_none_8a17faaf2edd3e00\ATL80.DLL
0x0000000004ae0000 - 0x0000000004aee000 	C:\Program Files\MATLAB\R2009a\bin\win64\mlautoregister.dll
0x000007feff520000 - 0x000007feff54e000 	C:\Windows\system32\IMM32.DLL
0x000007fefee90000 - 0x000007fefef99000 	C:\Windows\system32\MSCTF.dll
0x000007fefd360000 - 0x000007fefd36f000 	C:\Windows\system32\profapi.dll
0x000007fefbc30000 - 0x000007fefbc86000 	C:\Windows\system32\uxtheme.dll
0x000007fefae10000 - 0x000007fefae37000 	C:\Windows\system32\iphlpapi.dll
0x000007fefae00000 - 0x000007fefae0b000 	C:\Windows\system32\WINNSI.DLL
0x000007fefca10000 - 0x000007fefca6b000 	C:\Windows\system32\DNSAPI.dll
0x000007fefade0000 - 0x000007fefadf8000 	C:\Windows\system32\dhcpcsvc.DLL
0x000007fefa6d0000 - 0x000007fefa6e1000 	C:\Windows\system32\dhcpcsvc6.DLL
0x0000000074fe0000 - 0x0000000074fe3000 	C:\Windows\system32\icmp.Dll
0x000007fefd230000 - 0x000007fefd23f000 	C:\Windows\system32\CRYPTBASE.dll
0x000000000e560000 - 0x000000000eb0a000 	C:\Program Files\MATLAB\R2009a\sys\java\jre\win64\jre\bin\server\jvm.dll
0x000007fefb170000 - 0x000007fefb1ab000 	C:\Windows\system32\WINMM.dll
0x0000000004c80000 - 0x0000000004c8a000 	C:\Program Files\MATLAB\R2009a\sys\java\jre\win64\jre\bin\hpi.dll
0x0000000004d00000 - 0x0000000004d0e000 	C:\Program Files\MATLAB\R2009a\sys\java\jre\win64\jre\bin\verify.dll
0x0000000007d20000 - 0x0000000007d47000 	C:\Program Files\MATLAB\R2009a\sys\java\jre\win64\jre\bin\java.dll
0x0000000007d50000 - 0x0000000007d62000 	C:\Program Files\MATLAB\R2009a\sys\java\jre\win64\jre\bin\zip.dll
0x0000000008130000 - 0x0000000008151000 	C:\Program Files\MATLAB\R2009a\bin\win64\nativejava.dll
0x0000000008160000 - 0x0000000008188000 	C:\Program Files\MATLAB\R2009a\bin\win64\nativejmi.dll
0x00000000076c0000 - 0x00000000076c7000 	C:\Program Files\MATLAB\R2009a\bin\win64\nativeservices.dll
0x0000000011a00000 - 0x0000000011b9f000 	C:\Program Files\MATLAB\R2009a\sys\java\jre\win64\jre\bin\awt.dll
0x000007fefb720000 - 0x000007fefb738000 	C:\Windows\system32\dwmapi.dll
0x0000000011d20000 - 0x0000000011d8a000 	C:\Program Files\MATLAB\R2009a\sys\java\jre\win64\jre\bin\fontmanager.dll
0x0000000034700000 - 0x0000000034717000 	C:\Program Files\MATLAB\R2009a\sys\java\jre\win64\jre\bin\net.dll
0x000007fefcb90000 - 0x000007fefcbe4000 	C:\Windows\system32\mswsock.dll
0x000007fefcb80000 - 0x000007fefcb87000 	C:\Windows\System32\wship6.dll
0x0000000034720000 - 0x000000003472b000 	C:\Program Files\MATLAB\R2009a\sys\java\jre\win64\jre\bin\nio.dll
0x00000000347b0000 - 0x00000000347b7000 	C:\Program Files\MATLAB\R2009a\bin\win64\nativelmgr.dll
0x0000000034850000 - 0x0000000034885000 	C:\Program Files\MATLAB\R2009a\sys\java\jre\win64\jre\bin\jpeg.dll
0x0000000035940000 - 0x0000000035ade000 	C:\Program Files\MATLAB\R2009a\bin\win64\instutil.dll

VM Arguments:
jvm_args: -Xss512k -XX:PermSize=32m -Xms64m -XX:NewRatio=3 -XX:MaxPermSize=128m -Xmx196m -XX:MaxDirectMemorySize=2147400000 -Dsun.java2d.noddraw=true -Dsun.awt.nopixfmt=true -Xshare:off -Xrs -Djava.library.path=C:\Program Files\MATLAB\R2009a\bin\win64 vfprintf abort 
java_command: <unknown>
Launcher Type: generic

Environment Variables:
CLASSPATH=.;C:\Program Files (x86)\Java\jre6\lib\ext\QTJava.zip
PATH=C:\Windows\system32;C:\Windows;C:\Windows\System32\Wbem;C:\Windows\System32\WindowsPowerShell\v1.0\;c:\Program Files (x86)\Common Files\Roxio Shared\10.0\DLLShared\;c:\Program Files (x86)\Common Files\Roxio Shared\DLLShared\;C:\Program Files\MATLAB\R2009a\bin;C:\Program Files\MATLAB\R2009a\bin\win64;C:\Program Files (x86)\QuickTime\QTSystem\;C:\Program Files (x86)\Microsoft SQL Server\100\Tools\Binn\;C:\Program Files (x86)\Microsoft SQL Server\100\DTS\Binn\
USERNAME=micro
OS=Windows_NT
PROCESSOR_IDENTIFIER=Intel64 Family 6 Model 30 Stepping 5, GenuineIntel



---------------  S Y S T E M  ---------------

OS: Windows NT 6.1 Build 7600 

CPU:total 8 (8 cores per cpu, 2 threads per core) family 6 model 14 stepping 5, cmov, cx8, fxsr, mmx, sse, sse2, sse3, ssse3, ht

Memory: 4k page, physical 8346704k(5583620k free), swap 10110804k(6080340k free)

vm_info: Java HotSpot(TM) 64-Bit Server VM (10.0-b19) for windows-amd64 JRE (1.6.0_04-b12), built on Dec 14 2007 00:44:23 by "java_re" with MS VC++ 8.0

time: Thu Nov 18 17:24:31 2010
elapsed time: 12410 seconds

