#
# An unexpected error has been detected by Java Runtime Environment:
#
#  EXCEPTION_ACCESS_VIOLATION (0xc0000005) at pc=0x000000003381fe55, pid=2932, tid=5364
#
# Java VM: Java HotSpot(TM) 64-Bit Server VM (10.0-b19 mixed mode windows-amd64)
# Problematic frame:
# C  [awt.dll+0x9fe55]
#
# If you would like to submit a bug report, please visit:
#   http://java.sun.com/webapps/bugreport/crash.jsp
# The crash happened outside the Java Virtual Machine in native code.
# See problematic frame for where to report the bug.
#

---------------  T H R E A D  ---------------

Current thread (0x0000000011bef800):  JavaThread "AWT-Windows" daemon [_thread_in_native, id=5364, stack(0x0000000033a20000,0x0000000033aa0000)]

siginfo: ExceptionCode=0xc0000005, reading address 0xffffffffffffffff

Registers:
EAX=0xfb9d800000000070, EBX=0x0000000000000001, ECX=0x0000000070fb9d83, EDX=0x000000003387bd30
ESP=0x0000000033a9f200, EBP=0x000000000001a220, ESI=0x00000000348ad760, EDI=0x0000000033780000
EIP=0x000000003381fe55, EFLAGS=0x0000000000010202

Top of Stack: (sp=0x0000000033a9f200)
0x0000000033a9f200:   0000000011bef800 0000000000000000
0x0000000033a9f210:   0000000000000001 0000000033780000
0x0000000033a9f220:   0000000011bef998 0000000033825539
0x0000000033a9f230:   00000000000014f4 0000000011bef998
0x0000000033a9f240:   00000000348ad760 0000000000000111
0x0000000033a9f250:   0000000000000000 0000000000000001
0x0000000033a9f260:   0000000033a9f408 000000003385a7c5
0x0000000033a9f270:   0000000000000000 0000000033a9f408
0x0000000033a9f280:   00000000338d5210 fffffffffffffffe
0x0000000033a9f290:   0000000011bef998 000000003385ba9c
0x0000000033a9f2a0:   0000000000000000 0000000000000111
0x0000000033a9f2b0:   0000000000000111 0000000000000111
0x0000000033a9f2c0:   000000000001a220 0000000000000000
0x0000000033a9f2d0:   00000000348ad760 000000003385d807
0x0000000033a9f2e0:   0000000000000000 0000000076cfb98f
0x0000000033a9f2f0:   00000000ffffffeb 0000000000000000 

Instructions: (pc=0x000000003381fe55)
0x000000003381fe45:   e8 46 8a 03 00 48 85 c0 48 8b c8 74 06 48 8b 00
0x000000003381fe55:   ff 50 08 b8 02 00 00 00 48 83 c4 20 5b c3 49 8b 


Stack: [0x0000000033a20000,0x0000000033aa0000],  sp=0x0000000033a9f200,  free space=508k
Native frames: (J=compiled Java code, j=interpreted, Vv=VM code, C=native code)
C  [awt.dll+0x9fe55]

Java frames: (J=compiled Java code, j=interpreted, Vv=VM code)
v  ~BufferBlob::Interpreter
v  ~BufferBlob::Interpreter
v  ~BufferBlob::Interpreter
v  ~BufferBlob::StubRoutines (1)

---------------  P R O C E S S  ---------------

Java Threads: ( => current thread )
  0x000000003434b800 JavaThread "Thread-820" [_thread_blocked, id=7008, stack(0x0000000039dd0000,0x0000000039e50000)]
  0x000000003434c000 JavaThread "Thread-819" [_thread_blocked, id=5620, stack(0x0000000039cd0000,0x0000000039d50000)]
  0x000000003434c400 JavaThread "Thread-818" [_thread_blocked, id=6436, stack(0x00000000391a0000,0x0000000039220000)]
  0x000000003434cc00 JavaThread "Thread-815" [_thread_blocked, id=7112, stack(0x0000000039120000,0x00000000391a0000)]
  0x0000000034c57c00 JavaThread "Thread-812" [_thread_blocked, id=2492, stack(0x00000000390a0000,0x0000000039120000)]
  0x0000000034c57400 JavaThread "Thread-809" [_thread_blocked, id=6036, stack(0x0000000039020000,0x00000000390a0000)]
  0x0000000034c54c00 JavaThread "Thread-806" [_thread_blocked, id=6920, stack(0x0000000038fa0000,0x0000000039020000)]
  0x0000000034c54400 JavaThread "Thread-803" [_thread_blocked, id=5732, stack(0x0000000038f20000,0x0000000038fa0000)]
  0x0000000034c56000 JavaThread "Thread-800" [_thread_blocked, id=6244, stack(0x0000000038ea0000,0x0000000038f20000)]
  0x0000000034c56800 JavaThread "Thread-797" [_thread_blocked, id=5600, stack(0x0000000038e20000,0x0000000038ea0000)]
  0x0000000034c55400 JavaThread "Thread-794" [_thread_blocked, id=6452, stack(0x0000000038da0000,0x0000000038e20000)]
  0x000000003d12bc00 JavaThread "Thread-791" [_thread_blocked, id=6192, stack(0x0000000038d20000,0x0000000038da0000)]
  0x0000000034c55c00 JavaThread "Thread-208" [_thread_blocked, id=2820, stack(0x0000000039ed0000,0x0000000039f50000)]
  0x000000003d0fec00 JavaThread "Thread-198" [_thread_blocked, id=6796, stack(0x0000000039d50000,0x0000000039dd0000)]
  0x000000003d12b400 JavaThread "Thread-192" [_thread_blocked, id=4840, stack(0x0000000039bd0000,0x0000000039c50000)]
  0x000000003d12a400 JavaThread "Thread-189" [_thread_blocked, id=3728, stack(0x0000000039c50000,0x0000000039cd0000)]
  0x000000003d0fd800 JavaThread "Thread-186" [_thread_blocked, id=5672, stack(0x0000000039b50000,0x0000000039bd0000)]
  0x000000003d101400 JavaThread "Thread-183" [_thread_blocked, id=6856, stack(0x0000000035b20000,0x0000000035ba0000)]
  0x000000003d101000 JavaThread "Foxtrot Single Worker Thread #1" daemon [_thread_blocked, id=5792, stack(0x0000000036850000,0x00000000368d0000)]
  0x000000003d0ff800 JavaThread "Timer queue for AWT thread" daemon [_thread_blocked, id=5820, stack(0x00000000492f0000,0x0000000049370000)]
  0x000000003d0fe000 JavaThread "Prefs Updater" [_thread_blocked, id=5552, stack(0x000000003e4a0000,0x000000003e520000)]
  0x0000000034346800 JavaThread "Active Reference Queue Daemon" daemon [_thread_blocked, id=4984, stack(0x0000000038c40000,0x0000000038cc0000)]
  0x0000000034345800 JavaThread "Timer-9" daemon [_thread_blocked, id=148, stack(0x0000000038bc0000,0x0000000038c40000)]
  0x0000000034346000 JavaThread "Timer-8" daemon [_thread_blocked, id=4284, stack(0x0000000036a00000,0x0000000036a80000)]
  0x0000000034583000 JavaThread "Timer-1" [_thread_blocked, id=6040, stack(0x0000000035620000,0x00000000356a0000)]
  0x0000000011dab000 JavaThread "TimerQueue" daemon [_thread_blocked, id=5220, stack(0x00000000352a0000,0x0000000035320000)]
  0x0000000011d21400 JavaThread "AWT-EventQueue-0" [_thread_in_native, id=4192, stack(0x0000000035200000,0x0000000035280000)]
=>0x0000000011bef800 JavaThread "AWT-Windows" daemon [_thread_in_native, id=5364, stack(0x0000000033a20000,0x0000000033aa0000)]
  0x0000000011bef400 JavaThread "AWT-Shutdown" [_thread_blocked, id=2456, stack(0x00000000339a0000,0x0000000033a20000)]
  0x0000000011350000 JavaThread "Java2D Disposer" daemon [_thread_blocked, id=4752, stack(0x0000000033920000,0x00000000339a0000)]
  0x0000000011537800 JavaThread "Timer-0" [_thread_blocked, id=5216, stack(0x0000000011130000,0x00000000111b0000)]
  0x0000000011543400 JavaThread "JMI Unnamed Thread" [_thread_in_native, id=3992, stack(0x0000000009420000,0x000000000a420000)]
  0x0000000011370400 JavaThread "Low Memory Detector" daemon [_thread_blocked, id=5312, stack(0x0000000011050000,0x00000000110d0000)]
  0x000000001136e000 JavaThread "CompilerThread1" daemon [_thread_blocked, id=5760, stack(0x00000000316a0000,0x00000000326a0000)]
  0x0000000011367000 JavaThread "CompilerThread0" daemon [_thread_blocked, id=1176, stack(0x00000000306a0000,0x00000000316a0000)]
  0x0000000011366800 JavaThread "Attach Listener" daemon [_thread_blocked, id=5764, stack(0x000000000ff70000,0x000000000fff0000)]
  0x0000000004bff400 JavaThread "Finalizer" daemon [_thread_blocked, id=4448, stack(0x000000000ee70000,0x000000000eef0000)]
  0x0000000004bfe800 JavaThread "Reference Handler" daemon [_thread_blocked, id=3892, stack(0x000000000a420000,0x000000000a4a0000)]
  0x0000000004c0ec00 JavaThread "main" [_thread_in_native, id=3320, stack(0x0000000000030000,0x0000000001030000)]

Other Threads:
  0x0000000004bfd800 VMThread [stack: 0x000000002f6a0000,0x00000000306a0000] [id=4600]
  0x00000000113a7400 WatcherThread [stack: 0x00000000326a0000,0x00000000336a0000] [id=5984]

VM state:not at safepoint (normal execution)

VM Mutex/Monitor currently owned by a thread: None

Heap
 PSYoungGen      total 15808K, used 4046K [0x00000000265a0000, 0x00000000275a0000, 0x00000000296a0000)
  eden space 15232K, 24% used [0x00000000265a0000,0x000000002693b938,0x0000000027480000)
  from space 576K, 61% used [0x0000000027480000,0x00000000274d8000,0x0000000027510000)
  to   space 576K, 0% used [0x0000000027510000,0x0000000027510000,0x00000000275a0000)
 PSOldGen        total 150528K, used 130090K [0x000000001d2a0000, 0x00000000265a0000, 0x00000000265a0000)
  object space 150528K, 86% used [0x000000001d2a0000,0x00000000251aabd0,0x00000000265a0000)
 PSPermGen       total 67136K, used 60442K [0x00000000152a0000, 0x0000000019430000, 0x000000001d2a0000)
  object space 67136K, 90% used [0x00000000152a0000,0x0000000018da6a38,0x0000000019430000)

Dynamic libraries:
0x0000000140000000 - 0x0000000140032000 	C:\Program Files\MATLAB\R2009a\bin\win64\MATLAB.exe
0x0000000076f00000 - 0x00000000770ab000 	C:\Windows\SYSTEM32\ntdll.dll
0x0000000076de0000 - 0x0000000076eff000 	C:\Windows\system32\kernel32.dll
0x000007fefcf70000 - 0x000007fefcfdb000 	C:\Windows\system32\KERNELBASE.dll
0x0000000180000000 - 0x0000000180406000 	C:\Program Files\MATLAB\R2009a\bin\win64\libut.dll
0x000007fefd4c0000 - 0x000007fefd4d7000 	C:\Windows\system32\imagehlp.dll
0x000007fefd230000 - 0x000007fefd2cf000 	C:\Windows\system32\msvcrt.dll
0x00000000770c0000 - 0x00000000770c7000 	C:\Windows\system32\PSAPI.DLL
0x00000000010d0000 - 0x00000000010f8000 	C:\Program Files\MATLAB\R2009a\bin\win64\LIBEXPAT.dll
0x0000000071c60000 - 0x0000000071d29000 	C:\Windows\WinSxS\amd64_microsoft.vc80.crt_1fc8b3b9a1e18e3b_8.0.50727.4927_none_88dce9872fb18caf\MSVCR80.dll
0x000000004a800000 - 0x000000004a923000 	C:\Program Files\MATLAB\R2009a\bin\win64\icuuc38.dll
0x000007feff000000 - 0x000007feff0db000 	C:\Windows\system32\ADVAPI32.dll
0x000007fefe250000 - 0x000007fefe26f000 	C:\Windows\SYSTEM32\sechost.dll
0x000007feff0e0000 - 0x000007feff20e000 	C:\Windows\system32\RPCRT4.dll
0x000000004ad00000 - 0x000000004ad03000 	C:\Program Files\MATLAB\R2009a\bin\win64\icudt38.dll
0x000000004ab00000 - 0x000000004ab0f000 	C:\Program Files\MATLAB\R2009a\bin\win64\icuio38.dll
0x0000000001280000 - 0x00000000013ba000 	C:\Program Files\MATLAB\R2009a\bin\win64\icuin38.dll
0x0000000071ae0000 - 0x0000000071be9000 	C:\Windows\WinSxS\amd64_microsoft.vc80.crt_1fc8b3b9a1e18e3b_8.0.50727.4927_none_88dce9872fb18caf\MSVCP80.dll
0x0000000076ce0000 - 0x0000000076dda000 	C:\Windows\system32\USER32.dll
0x000007fefd660000 - 0x000007fefd6c7000 	C:\Windows\system32\GDI32.dll
0x000007fefd4b0000 - 0x000007fefd4be000 	C:\Windows\system32\LPK.dll
0x000007fefe0c0000 - 0x000007fefe18a000 	C:\Windows\system32\USP10.dll
0x00000000013c0000 - 0x000000000142e000 	C:\Program Files\MATLAB\R2009a\bin\win64\libmwfl.dll
0x0000000001150000 - 0x000000000115f000 	C:\Program Files\MATLAB\R2009a\bin\win64\boost_date_time-vc80-mt-1_36.dll
0x0000000001430000 - 0x0000000001446000 	C:\Program Files\MATLAB\R2009a\bin\win64\boost_signals-vc80-mt-1_36.dll
0x0000000001450000 - 0x0000000001459000 	C:\Program Files\MATLAB\R2009a\bin\win64\boost_system-vc80-mt-1_36.dll
0x0000000001470000 - 0x0000000001481000 	C:\Program Files\MATLAB\R2009a\bin\win64\boost_thread-vc80-mt-1_36.dll
0x00000000014a0000 - 0x00000000016d7000 	C:\Program Files\MATLAB\R2009a\bin\win64\libmwservices.dll
0x00000000016f0000 - 0x0000000001761000 	C:\Program Files\MATLAB\R2009a\bin\win64\libmx.dll
0x0000000001780000 - 0x0000000001797000 	C:\Program Files\MATLAB\R2009a\bin\win64\zlib1.dll
0x00000000017a0000 - 0x00000000018c5000 	C:\Program Files\MATLAB\R2009a\bin\win64\libmwmathutil.dll
0x00000000018e0000 - 0x0000000001935000 	C:\Program Files\MATLAB\R2009a\bin\win64\mpath.dll
0x0000000001950000 - 0x000000000199f000 	C:\Program Files\MATLAB\R2009a\bin\win64\mlutil.dll
0x0000000010000000 - 0x0000000010049000 	C:\Program Files\MATLAB\R2009a\bin\win64\tbb.dll
0x000007fef7040000 - 0x000007fef70e0000 	C:\Windows\WinSxS\amd64_microsoft.windows.common-controls_6595b64144ccf1df_5.82.7600.16661_none_a44e1fc257f685f6\COMCTL32.dll
0x000007fefde40000 - 0x000007fefded8000 	C:\Windows\system32\comdlg32.dll
0x000007fefd2d0000 - 0x000007fefd341000 	C:\Windows\system32\SHLWAPI.dll
0x000007fefe270000 - 0x000007fefeff6000 	C:\Windows\system32\SHELL32.dll
0x000007fefb200000 - 0x000007fefb216000 	C:\Windows\system32\NETAPI32.dll
0x000007fefb1f0000 - 0x000007fefb1fc000 	C:\Windows\system32\netutils.dll
0x000007fefca90000 - 0x000007fefcab3000 	C:\Windows\system32\srvcli.dll
0x000007fefb1d0000 - 0x000007fefb1e5000 	C:\Windows\system32\wkscli.dll
0x000007fefd460000 - 0x000007fefd4ad000 	C:\Windows\system32\WS2_32.dll
0x000007fefe190000 - 0x000007fefe198000 	C:\Windows\system32\NSI.dll
0x00000000019b0000 - 0x0000000001a32000 	C:\Program Files\MATLAB\R2009a\bin\win64\mcr.dll
0x0000000001a50000 - 0x0000000001ab2000 	C:\Program Files\MATLAB\R2009a\bin\win64\iqm.dll
0x0000000001ad0000 - 0x00000000023b7000 	C:\Program Files\MATLAB\R2009a\bin\win64\m_interpreter.dll
0x00000000023d0000 - 0x00000000023df000 	C:\Program Files\MATLAB\R2009a\bin\win64\libmex.dll
0x00000000023f0000 - 0x0000000002480000 	C:\Program Files\MATLAB\R2009a\bin\win64\m_dispatcher.dll
0x0000000002490000 - 0x00000000024b5000 	C:\Program Files\MATLAB\R2009a\bin\win64\datasvcs.dll
0x0000000012000000 - 0x0000000012295000 	C:\Program Files\MATLAB\R2009a\bin\win64\xerces-c_2_7.dll
0x00000000024e0000 - 0x00000000025d1000 	C:\Program Files\MATLAB\R2009a\bin\win64\boost_regex-vc80-mt-1_36.dll
0x00000000025f0000 - 0x0000000002681000 	C:\Program Files\MATLAB\R2009a\bin\win64\profiler.dll
0x00000000026a0000 - 0x00000000026ca000 	C:\Program Files\MATLAB\R2009a\bin\win64\libmwmathrng.dll
0x00000000026e0000 - 0x00000000026fa000 	C:\Program Files\MATLAB\R2009a\bin\win64\m_pcodeio.dll
0x0000000002710000 - 0x000000000275d000 	C:\Program Files\MATLAB\R2009a\bin\win64\m_ir.dll
0x0000000002770000 - 0x0000000002d76000 	C:\Program Files\MATLAB\R2009a\bin\win64\m_parser.dll
0x0000000002d90000 - 0x0000000002da4000 	C:\Program Files\MATLAB\R2009a\bin\win64\ir_xfmr.dll
0x0000000002dc0000 - 0x0000000003041000 	C:\Program Files\MATLAB\R2009a\bin\win64\mcos.dll
0x0000000003060000 - 0x000000000306c000 	C:\Program Files\MATLAB\R2009a\bin\win64\mtok.dll
0x0000000003080000 - 0x00000000030a0000 	C:\Program Files\MATLAB\R2009a\bin\win64\m_pcodegen.dll
0x000007feec530000 - 0x000007feec655000 	C:\Windows\system32\dbghelp.dll
0x00000000030b0000 - 0x00000000030d4000 	C:\Program Files\MATLAB\R2009a\bin\win64\bridge.dll
0x00000000030f0000 - 0x00000000031b0000 	C:\Program Files\MATLAB\R2009a\bin\win64\udd.dll
0x00000000031c0000 - 0x0000000003317000 	C:\Program Files\MATLAB\R2009a\bin\win64\libmwgui.dll
0x0000000003330000 - 0x0000000003615000 	C:\Program Files\MATLAB\R2009a\bin\win64\hg.dll
0x0000000003630000 - 0x0000000003662000 	C:\Program Files\MATLAB\R2009a\bin\win64\libmat.dll
0x0000000003680000 - 0x000000000386e000 	C:\Program Files\MATLAB\R2009a\bin\win64\libhdf5.dll
0x0000000003880000 - 0x00000000038e0000 	C:\Program Files\MATLAB\R2009a\bin\win64\jmi.dll
0x00000000038f0000 - 0x0000000003930000 	C:\Program Files\MATLAB\R2009a\bin\win64\libmwhardcopy.dll
0x0000000003940000 - 0x0000000003998000 	C:\Program Files\MATLAB\R2009a\bin\win64\libuij.dll
0x00000000039b0000 - 0x0000000003aa2000 	C:\Program Files\MATLAB\R2009a\bin\win64\libmwmathlinalg.dll
0x0000000003ac0000 - 0x0000000003e6c000 	C:\Program Files\MATLAB\R2009a\bin\win64\libmwmathelem.dll
0x0000000003e80000 - 0x0000000003eec000 	C:\Program Files\MATLAB\R2009a\bin\win64\libmwmathcore.dll
0x0000000003f00000 - 0x0000000003f62000 	C:\Program Files\MATLAB\R2009a\bin\win64\libmwcholmod.dll
0x0000000003f80000 - 0x0000000003f8d000 	C:\Program Files\MATLAB\R2009a\bin\win64\libmwamd.dll
0x0000000003fa0000 - 0x0000000003fac000 	C:\Program Files\MATLAB\R2009a\bin\win64\libmwcolamd.dll
0x0000000003fc0000 - 0x0000000003fd5000 	C:\Program Files\MATLAB\R2009a\bin\win64\libmwblas.dll
0x0000000003ff0000 - 0x0000000004001000 	C:\Program Files\MATLAB\R2009a\bin\win64\libmwbinder.dll
0x0000000004020000 - 0x000000000409d000 	C:\Program Files\MATLAB\R2009a\bin\win64\libmwlapack.dll
0x00000000040b0000 - 0x00000000040eb000 	C:\Program Files\MATLAB\R2009a\bin\win64\libmwrookfastbp.dll
0x0000000004100000 - 0x000000000414c000 	C:\Program Files\MATLAB\R2009a\bin\win64\libmwma57.dll
0x0000000004160000 - 0x000000000427c000 	C:\Program Files\MATLAB\R2009a\bin\win64\libifcoremd.dll
0x0000000004280000 - 0x0000000004550000 	C:\Program Files\MATLAB\R2009a\bin\win64\libmmd.dll
0x0000000004550000 - 0x0000000004560000 	C:\Program Files\MATLAB\R2009a\bin\win64\libmwcsparse.dll
0x0000000004570000 - 0x00000000045de000 	C:\Program Files\MATLAB\R2009a\bin\win64\libmwumfpack.dll
0x00000000045f0000 - 0x00000000046dd000 	C:\Program Files\MATLAB\R2009a\bin\win64\hgdatatypes.dll
0x00000000046f0000 - 0x0000000004934000 	C:\Program Files\MATLAB\R2009a\bin\win64\uiw.dll
0x0000000004950000 - 0x000000000495a000 	C:\Program Files\MATLAB\R2009a\bin\win64\uinone.dll
0x0000000068aa0000 - 0x0000000068c3c000 	C:\Windows\WinSxS\amd64_microsoft.vc80.mfc_1fc8b3b9a1e18e3b_8.0.50727.1833_none_8442d417329336b1\MFC80.DLL
0x000007fef8770000 - 0x000007fef87e0000 	C:\Windows\system32\WINSPOOL.DRV
0x000007fefd930000 - 0x000007fefdb32000 	C:\Windows\system32\ole32.dll
0x000007fefdbe0000 - 0x000007fefdcb7000 	C:\Windows\system32\OLEAUT32.dll
0x0000000004970000 - 0x0000000004a1b000 	C:\Program Files\MATLAB\R2009a\bin\win64\udd_mi.dll
0x0000000004a30000 - 0x0000000004a48000 	C:\Program Files\MATLAB\R2009a\bin\win64\mwoles05.DLL
0x0000000004a60000 - 0x0000000004aca000 	C:\Program Files\MATLAB\R2009a\bin\win64\comcli.dll
0x0000000074a00000 - 0x0000000074a1f000 	C:\Windows\WinSxS\amd64_microsoft.vc80.atl_1fc8b3b9a1e18e3b_8.0.50727.1833_none_8a17faaf2edd3e00\ATL80.DLL
0x0000000004ae0000 - 0x0000000004aee000 	C:\Program Files\MATLAB\R2009a\bin\win64\mlautoregister.dll
0x000007fefe1a0000 - 0x000007fefe1ce000 	C:\Windows\system32\IMM32.DLL
0x000007fefd350000 - 0x000007fefd459000 	C:\Windows\system32\MSCTF.dll
0x000007fefce60000 - 0x000007fefce6f000 	C:\Windows\system32\profapi.dll
0x000007fefb900000 - 0x000007fefb956000 	C:\Windows\system32\uxtheme.dll
0x000007fefa800000 - 0x000007fefa827000 	C:\Windows\system32\iphlpapi.dll
0x000007fefa7f0000 - 0x000007fefa7fb000 	C:\Windows\system32\WINNSI.DLL
0x000007fefc550000 - 0x000007fefc5ab000 	C:\Windows\system32\DNSAPI.dll
0x000007fefa1d0000 - 0x000007fefa1e1000 	C:\Windows\system32\dhcpcsvc6.DLL
0x000007fefa7c0000 - 0x000007fefa7d8000 	C:\Windows\system32\dhcpcsvc.DLL
0x0000000074c00000 - 0x0000000074c03000 	C:\Windows\system32\icmp.Dll
0x000007fefcd90000 - 0x000007fefcd9f000 	C:\Windows\system32\CRYPTBASE.dll
0x000000000e540000 - 0x000000000eaea000 	C:\Program Files\MATLAB\R2009a\sys\java\jre\win64\jre\bin\server\jvm.dll
0x000007fefab40000 - 0x000007fefab7b000 	C:\Windows\system32\WINMM.dll
0x00000000073e0000 - 0x00000000073ea000 	C:\Program Files\MATLAB\R2009a\sys\java\jre\win64\jre\bin\hpi.dll
0x0000000007400000 - 0x000000000740e000 	C:\Program Files\MATLAB\R2009a\sys\java\jre\win64\jre\bin\verify.dll
0x0000000007410000 - 0x0000000007437000 	C:\Program Files\MATLAB\R2009a\sys\java\jre\win64\jre\bin\java.dll
0x0000000007560000 - 0x0000000007572000 	C:\Program Files\MATLAB\R2009a\sys\java\jre\win64\jre\bin\zip.dll
0x00000000110d0000 - 0x00000000110f1000 	C:\Program Files\MATLAB\R2009a\bin\win64\nativejava.dll
0x0000000011100000 - 0x0000000011128000 	C:\Program Files\MATLAB\R2009a\bin\win64\nativejmi.dll
0x0000000007fa0000 - 0x0000000007fa7000 	C:\Program Files\MATLAB\R2009a\bin\win64\nativeservices.dll
0x0000000033780000 - 0x000000003391f000 	C:\Program Files\MATLAB\R2009a\sys\java\jre\win64\jre\bin\awt.dll
0x000007fefb4d0000 - 0x000007fefb4e8000 	C:\Windows\system32\dwmapi.dll
0x0000000033fa0000 - 0x000000003400a000 	C:\Program Files\MATLAB\R2009a\sys\java\jre\win64\jre\bin\fontmanager.dll
0x0000000033f70000 - 0x0000000033f87000 	C:\Program Files\MATLAB\R2009a\sys\java\jre\win64\jre\bin\net.dll
0x000007fefc6d0000 - 0x000007fefc724000 	C:\Windows\system32\mswsock.dll
0x000007fefc6c0000 - 0x000007fefc6c7000 	C:\Windows\System32\wship6.dll
0x0000000033f90000 - 0x0000000033f9b000 	C:\Program Files\MATLAB\R2009a\sys\java\jre\win64\jre\bin\nio.dll
0x0000000035280000 - 0x0000000035287000 	C:\Program Files\MATLAB\R2009a\bin\win64\nativelmgr.dll
0x0000000035320000 - 0x0000000035355000 	C:\Program Files\MATLAB\R2009a\sys\java\jre\win64\jre\bin\jpeg.dll
0x0000000035360000 - 0x00000000354fe000 	C:\Program Files\MATLAB\R2009a\bin\win64\instutil.dll

VM Arguments:
jvm_args: -Xss512k -XX:PermSize=32m -Xms64m -XX:NewRatio=3 -XX:MaxPermSize=128m -Xmx196m -XX:MaxDirectMemorySize=2147400000 -Dsun.java2d.noddraw=true -Dsun.awt.nopixfmt=true -Xshare:off -Xrs -Djava.library.path=C:\Program Files\MATLAB\R2009a\bin\win64 vfprintf abort 
java_command: <unknown>
Launcher Type: generic

Environment Variables:
CLASSPATH=.;C:\Program Files (x86)\Java\jre6\lib\ext\QTJava.zip
PATH=C:\Windows\system32;C:\Windows;C:\Windows\System32\Wbem;C:\Windows\System32\WindowsPowerShell\v1.0\;c:\Program Files (x86)\Common Files\Roxio Shared\10.0\DLLShared\;c:\Program Files (x86)\Common Files\Roxio Shared\DLLShared\;C:\Program Files\MATLAB\R2009a\bin;C:\Program Files\MATLAB\R2009a\bin\win64;C:\Program Files (x86)\QuickTime\QTSystem\;C:\Program Files (x86)\Microsoft SQL Server\100\Tools\Binn\;C:\Program Files (x86)\Microsoft SQL Server\100\DTS\Binn\;C:\Python26;C:\Python26\DLLs;C:\Python26\Scripts;C:\Python26\Lib\site-packages\PyQt4;C:\Python26\gnuplot\bin;C:\Python26\Lib\site-packages\vtk;C:\Program Files (x86)\pythonxy\console;C:\Program Files (x86)\pythonxy\SciTE-2.21;C:\Program Files (x86)\pythonxy\mingw\bin;C:\Windows\System32
USERNAME=micro
OS=Windows_NT
PROCESSOR_IDENTIFIER=Intel64 Family 6 Model 30 Stepping 5, GenuineIntel



---------------  S Y S T E M  ---------------

OS: Windows NT 6.1 Build 7600 

CPU:total 8 (8 cores per cpu, 2 threads per core) family 6 model 14 stepping 5, cmov, cx8, fxsr, mmx, sse, sse2, sse3, ssse3, ht

Memory: 4k page, physical 8346704k(4183940k free), swap 16691508k(11670412k free)

vm_info: Java HotSpot(TM) 64-Bit Server VM (10.0-b19) for windows-amd64 JRE (1.6.0_04-b12), built on Dec 14 2007 00:44:23 by "java_re" with MS VC++ 8.0

time: Tue Feb 01 17:08:46 2011
elapsed time: 89041 seconds

