#
# An unexpected error has been detected by Java Runtime Environment:
#
#  EXCEPTION_ACCESS_VIOLATION (0xc0000005) at pc=0x000000000f9dfe52, pid=4140, tid=4956
#
# Java VM: Java HotSpot(TM) 64-Bit Server VM (10.0-b19 mixed mode windows-amd64)
# Problematic frame:
# C  [awt.dll+0x9fe52]
#
# If you would like to submit a bug report, please visit:
#   http://java.sun.com/webapps/bugreport/crash.jsp
# The crash happened outside the Java Virtual Machine in native code.
# See problematic frame for where to report the bug.
#

---------------  T H R E A D  ---------------

Current thread (0x00000000114e6400):  JavaThread "AWT-Windows" daemon [_thread_in_native, id=4956, stack(0x000000000fbe0000,0x000000000fc60000)]

siginfo: ExceptionCode=0xc0000005, reading address 0x00000000001fa775

Registers:
EAX=0x00000000001fa775, EBX=0x0000000000000001, ECX=0x00000000001fa775, EDX=0x000000000fa3bd30
ESP=0x000000000fc5f200, EBP=0x000000000001a220, ESI=0x0000000035586360, EDI=0x000000000f940000
EIP=0x000000000f9dfe52, EFLAGS=0x0000000000010202

Top of Stack: (sp=0x000000000fc5f200)
0x000000000fc5f200:   00000000114e6400 0000000000000000
0x000000000fc5f210:   0000000000000001 000000000f940000
0x000000000fc5f220:   00000000114e6598 000000000f9e5539
0x000000000fc5f230:   000000000000135c 00000000114e6598
0x000000000fc5f240:   0000000035586360 0000000000000111
0x000000000fc5f250:   0000000000000000 0000000000000001
0x000000000fc5f260:   000000000fc5f408 000000000fa1a7c5
0x000000000fc5f270:   0000000000000000 000000000fc5f408
0x000000000fc5f280:   000000000fa95210 fffffffffffffffe
0x000000000fc5f290:   00000000114e6598 000000000fa1ba9c
0x000000000fc5f2a0:   0000000000000000 0000000000000111
0x000000000fc5f2b0:   0000000000000111 0000000000000111
0x000000000fc5f2c0:   000000000001a220 0000000000000000
0x000000000fc5f2d0:   0000000035586360 000000000fa1d807
0x000000000fc5f2e0:   0000000000000000 000000007769b98f
0x000000000fc5f2f0:   00000000ffffffeb 0000000000000000 

Instructions: (pc=0x000000000f9dfe52)
0x000000000f9dfe42:   53 0b 00 e8 46 8a 03 00 48 85 c0 48 8b c8 74 06
0x000000000f9dfe52:   48 8b 00 ff 50 08 b8 02 00 00 00 48 83 c4 20 5b 


Stack: [0x000000000fbe0000,0x000000000fc60000],  sp=0x000000000fc5f200,  free space=508k
Native frames: (J=compiled Java code, j=interpreted, Vv=VM code, C=native code)
C  [awt.dll+0x9fe52]

Java frames: (J=compiled Java code, j=interpreted, Vv=VM code)
v  ~BufferBlob::Interpreter
v  ~BufferBlob::Interpreter
v  ~BufferBlob::Interpreter
v  ~BufferBlob::StubRoutines (1)

---------------  P R O C E S S  ---------------

Java Threads: ( => current thread )
  0x0000000034849000 JavaThread "Thread-30" [_thread_blocked, id=2900, stack(0x0000000035b00000,0x0000000035b80000)]
  0x000000003484a400 JavaThread "Active Reference Queue Daemon" daemon [_thread_blocked, id=2436, stack(0x0000000035a80000,0x0000000035b00000)]
  0x0000000034848000 JavaThread "Timer-16" daemon [_thread_blocked, id=1904, stack(0x00000000359f0000,0x0000000035a70000)]
  0x0000000034846c00 JavaThread "Prefs Updater" [_thread_blocked, id=4580, stack(0x0000000038f00000,0x0000000038f80000)]
  0x0000000034846800 JavaThread "Timer-9" daemon [_thread_blocked, id=2452, stack(0x0000000036c30000,0x0000000036cb0000)]
  0x0000000034846000 JavaThread "Timer-1" [_thread_blocked, id=3176, stack(0x0000000011f40000,0x0000000011fc0000)]
  0x0000000011511400 JavaThread "TimerQueue" daemon [_thread_blocked, id=376, stack(0x0000000011d00000,0x0000000011d80000)]
  0x0000000011691c00 JavaThread "AWT-EventQueue-0" [_thread_in_native, id=5072, stack(0x0000000011c60000,0x0000000011ce0000)]
=>0x00000000114e6400 JavaThread "AWT-Windows" daemon [_thread_in_native, id=4956, stack(0x000000000fbe0000,0x000000000fc60000)]
  0x00000000114e5c00 JavaThread "AWT-Shutdown" [_thread_blocked, id=3712, stack(0x000000000fb60000,0x000000000fbe0000)]
  0x00000000114e1800 JavaThread "Java2D Disposer" daemon [_thread_blocked, id=1324, stack(0x000000000fae0000,0x000000000fb60000)]
  0x000000000f41b400 JavaThread "Timer-0" [_thread_blocked, id=2232, stack(0x000000000f7d0000,0x000000000f850000)]
  0x000000000f4ab400 JavaThread "JMI Unnamed Thread" [_thread_in_native, id=4912, stack(0x00000000093e0000,0x000000000a3e0000)]
  0x000000000f330400 JavaThread "Low Memory Detector" daemon [_thread_blocked, id=3896, stack(0x000000000f110000,0x000000000f190000)]
  0x000000000f32c000 JavaThread "CompilerThread1" daemon [_thread_blocked, id=2456, stack(0x00000000326a0000,0x00000000336a0000)]
  0x000000000f327000 JavaThread "CompilerThread0" daemon [_thread_blocked, id=2524, stack(0x00000000316a0000,0x00000000326a0000)]
  0x000000000f326800 JavaThread "Attach Listener" daemon [_thread_blocked, id=1584, stack(0x000000000f090000,0x000000000f110000)]
  0x0000000004bff400 JavaThread "Finalizer" daemon [_thread_blocked, id=3868, stack(0x000000000f010000,0x000000000f090000)]
  0x0000000004bfe800 JavaThread "Reference Handler" daemon [_thread_blocked, id=3880, stack(0x000000000a3e0000,0x000000000a460000)]
  0x0000000004ceec00 JavaThread "main" [_thread_in_native, id=1848, stack(0x0000000000030000,0x0000000001030000)]

Other Threads:
  0x0000000004bfd800 VMThread [stack: 0x00000000306a0000,0x00000000316a0000] [id=4048]
  0x000000000f35c800 WatcherThread [stack: 0x00000000336a0000,0x00000000346a0000] [id=2856]

VM state:not at safepoint (normal execution)

VM Mutex/Monitor currently owned by a thread: None

Heap
 PSYoungGen      total 15936K, used 5338K [0x00000000265a0000, 0x00000000275a0000, 0x00000000296a0000)
  eden space 15488K, 32% used [0x00000000265a0000,0x0000000026a8eb38,0x00000000274c0000)
  from space 448K, 64% used [0x00000000274c0000,0x0000000027508000,0x0000000027530000)
  to   space 448K, 0% used [0x0000000027530000,0x0000000027530000,0x00000000275a0000)
 PSOldGen        total 134016K, used 111414K [0x000000001d2a0000, 0x0000000025580000, 0x00000000265a0000)
  object space 134016K, 83% used [0x000000001d2a0000,0x0000000023f6dbe8,0x0000000025580000)
 PSPermGen       total 84928K, used 51545K [0x00000000152a0000, 0x000000001a590000, 0x000000001d2a0000)
  object space 84928K, 60% used [0x00000000152a0000,0x00000000184f6488,0x000000001a590000)

Dynamic libraries:
0x0000000140000000 - 0x0000000140032000 	C:\Program Files\MATLAB\R2009a\bin\win64\MATLAB.exe
0x0000000077780000 - 0x000000007792b000 	C:\Windows\SYSTEM32\ntdll.dll
0x0000000077560000 - 0x000000007767f000 	C:\Windows\system32\kernel32.dll
0x000007fefda40000 - 0x000007fefdaab000 	C:\Windows\system32\KERNELBASE.dll
0x0000000180000000 - 0x0000000180406000 	C:\Program Files\MATLAB\R2009a\bin\win64\libut.dll
0x000007feff7f0000 - 0x000007feff807000 	C:\Windows\system32\imagehlp.dll
0x000007feff9f0000 - 0x000007feffa8f000 	C:\Windows\system32\msvcrt.dll
0x0000000077940000 - 0x0000000077947000 	C:\Windows\system32\PSAPI.DLL
0x00000000010d0000 - 0x00000000010f8000 	C:\Program Files\MATLAB\R2009a\bin\win64\LIBEXPAT.dll
0x0000000073010000 - 0x00000000730d9000 	C:\Windows\WinSxS\amd64_microsoft.vc80.crt_1fc8b3b9a1e18e3b_8.0.50727.4927_none_88dce9872fb18caf\MSVCR80.dll
0x000000004a800000 - 0x000000004a923000 	C:\Program Files\MATLAB\R2009a\bin\win64\icuuc38.dll
0x000007fefe3a0000 - 0x000007fefe47b000 	C:\Windows\system32\ADVAPI32.dll
0x000007fefe490000 - 0x000007fefe4af000 	C:\Windows\SYSTEM32\sechost.dll
0x000007fefdcc0000 - 0x000007fefddee000 	C:\Windows\system32\RPCRT4.dll
0x000000004ad00000 - 0x000000004ad03000 	C:\Program Files\MATLAB\R2009a\bin\win64\icudt38.dll
0x000000004ab00000 - 0x000000004ab0f000 	C:\Program Files\MATLAB\R2009a\bin\win64\icuio38.dll
0x0000000001300000 - 0x000000000143a000 	C:\Program Files\MATLAB\R2009a\bin\win64\icuin38.dll
0x0000000072e90000 - 0x0000000072f99000 	C:\Windows\WinSxS\amd64_microsoft.vc80.crt_1fc8b3b9a1e18e3b_8.0.50727.4927_none_88dce9872fb18caf\MSVCP80.dll
0x0000000077680000 - 0x000000007777a000 	C:\Windows\system32\USER32.dll
0x000007fefe060000 - 0x000007fefe0c7000 	C:\Windows\system32\GDI32.dll
0x000007fefe0d0000 - 0x000007fefe0de000 	C:\Windows\system32\LPK.dll
0x000007feff680000 - 0x000007feff74a000 	C:\Windows\system32\USP10.dll
0x0000000001140000 - 0x00000000011ae000 	C:\Program Files\MATLAB\R2009a\bin\win64\libmwfl.dll
0x00000000011c0000 - 0x00000000011cf000 	C:\Program Files\MATLAB\R2009a\bin\win64\boost_date_time-vc80-mt-1_36.dll
0x00000000011e0000 - 0x00000000011f6000 	C:\Program Files\MATLAB\R2009a\bin\win64\boost_signals-vc80-mt-1_36.dll
0x0000000001450000 - 0x0000000001459000 	C:\Program Files\MATLAB\R2009a\bin\win64\boost_system-vc80-mt-1_36.dll
0x0000000001470000 - 0x0000000001481000 	C:\Program Files\MATLAB\R2009a\bin\win64\boost_thread-vc80-mt-1_36.dll
0x00000000014a0000 - 0x00000000016d7000 	C:\Program Files\MATLAB\R2009a\bin\win64\libmwservices.dll
0x00000000016f0000 - 0x0000000001761000 	C:\Program Files\MATLAB\R2009a\bin\win64\libmx.dll
0x0000000001780000 - 0x0000000001797000 	C:\Program Files\MATLAB\R2009a\bin\win64\zlib1.dll
0x00000000017a0000 - 0x00000000018c5000 	C:\Program Files\MATLAB\R2009a\bin\win64\libmwmathutil.dll
0x00000000018e0000 - 0x0000000001935000 	C:\Program Files\MATLAB\R2009a\bin\win64\mpath.dll
0x0000000001950000 - 0x000000000199f000 	C:\Program Files\MATLAB\R2009a\bin\win64\mlutil.dll
0x0000000010000000 - 0x0000000010049000 	C:\Program Files\MATLAB\R2009a\bin\win64\tbb.dll
0x000007fefa4e0000 - 0x000007fefa580000 	C:\Windows\WinSxS\amd64_microsoft.windows.common-controls_6595b64144ccf1df_5.82.7600.16661_none_a44e1fc257f685f6\COMCTL32.dll
0x000007feff750000 - 0x000007feff7e8000 	C:\Windows\system32\comdlg32.dll
0x000007feff4a0000 - 0x000007feff511000 	C:\Windows\system32\SHLWAPI.dll
0x000007fefe4b0000 - 0x000007feff236000 	C:\Windows\system32\SHELL32.dll
0x000007fefb8e0000 - 0x000007fefb8f6000 	C:\Windows\system32\NETAPI32.dll
0x000007fefb8d0000 - 0x000007fefb8dc000 	C:\Windows\system32\netutils.dll
0x000007fefd310000 - 0x000007fefd333000 	C:\Windows\system32\srvcli.dll
0x000007fefb8b0000 - 0x000007fefb8c5000 	C:\Windows\system32\wkscli.dll
0x000007fefddf0000 - 0x000007fefde3d000 	C:\Windows\system32\WS2_32.dll
0x000007fefe480000 - 0x000007fefe488000 	C:\Windows\system32\NSI.dll
0x00000000019b0000 - 0x0000000001a32000 	C:\Program Files\MATLAB\R2009a\bin\win64\mcr.dll
0x0000000001a50000 - 0x0000000001ab2000 	C:\Program Files\MATLAB\R2009a\bin\win64\iqm.dll
0x0000000001ad0000 - 0x00000000023b7000 	C:\Program Files\MATLAB\R2009a\bin\win64\m_interpreter.dll
0x00000000023d0000 - 0x00000000023df000 	C:\Program Files\MATLAB\R2009a\bin\win64\libmex.dll
0x00000000023f0000 - 0x0000000002480000 	C:\Program Files\MATLAB\R2009a\bin\win64\m_dispatcher.dll
0x0000000002490000 - 0x00000000024b5000 	C:\Program Files\MATLAB\R2009a\bin\win64\datasvcs.dll
0x0000000012000000 - 0x0000000012295000 	C:\Program Files\MATLAB\R2009a\bin\win64\xerces-c_2_7.dll
0x00000000024e0000 - 0x00000000025d1000 	C:\Program Files\MATLAB\R2009a\bin\win64\boost_regex-vc80-mt-1_36.dll
0x00000000025f0000 - 0x0000000002681000 	C:\Program Files\MATLAB\R2009a\bin\win64\profiler.dll
0x00000000026a0000 - 0x00000000026ca000 	C:\Program Files\MATLAB\R2009a\bin\win64\libmwmathrng.dll
0x00000000026e0000 - 0x00000000026fa000 	C:\Program Files\MATLAB\R2009a\bin\win64\m_pcodeio.dll
0x0000000002710000 - 0x000000000275d000 	C:\Program Files\MATLAB\R2009a\bin\win64\m_ir.dll
0x0000000002770000 - 0x0000000002d76000 	C:\Program Files\MATLAB\R2009a\bin\win64\m_parser.dll
0x0000000002d90000 - 0x0000000002da4000 	C:\Program Files\MATLAB\R2009a\bin\win64\ir_xfmr.dll
0x0000000002dc0000 - 0x0000000003041000 	C:\Program Files\MATLAB\R2009a\bin\win64\mcos.dll
0x0000000003060000 - 0x000000000306c000 	C:\Program Files\MATLAB\R2009a\bin\win64\mtok.dll
0x0000000003080000 - 0x00000000030a0000 	C:\Program Files\MATLAB\R2009a\bin\win64\m_pcodegen.dll
0x000007feece50000 - 0x000007feecf75000 	C:\Windows\system32\dbghelp.dll
0x00000000030b0000 - 0x00000000030d4000 	C:\Program Files\MATLAB\R2009a\bin\win64\bridge.dll
0x00000000030f0000 - 0x00000000031b0000 	C:\Program Files\MATLAB\R2009a\bin\win64\udd.dll
0x00000000031c0000 - 0x0000000003317000 	C:\Program Files\MATLAB\R2009a\bin\win64\libmwgui.dll
0x0000000003330000 - 0x0000000003615000 	C:\Program Files\MATLAB\R2009a\bin\win64\hg.dll
0x0000000003630000 - 0x0000000003662000 	C:\Program Files\MATLAB\R2009a\bin\win64\libmat.dll
0x0000000003680000 - 0x000000000386e000 	C:\Program Files\MATLAB\R2009a\bin\win64\libhdf5.dll
0x0000000003880000 - 0x00000000038e0000 	C:\Program Files\MATLAB\R2009a\bin\win64\jmi.dll
0x00000000038f0000 - 0x0000000003930000 	C:\Program Files\MATLAB\R2009a\bin\win64\libmwhardcopy.dll
0x0000000003940000 - 0x0000000003998000 	C:\Program Files\MATLAB\R2009a\bin\win64\libuij.dll
0x00000000039b0000 - 0x0000000003aa2000 	C:\Program Files\MATLAB\R2009a\bin\win64\libmwmathlinalg.dll
0x0000000003ac0000 - 0x0000000003e6c000 	C:\Program Files\MATLAB\R2009a\bin\win64\libmwmathelem.dll
0x0000000003e80000 - 0x0000000003eec000 	C:\Program Files\MATLAB\R2009a\bin\win64\libmwmathcore.dll
0x0000000003f00000 - 0x0000000003f62000 	C:\Program Files\MATLAB\R2009a\bin\win64\libmwcholmod.dll
0x0000000003f80000 - 0x0000000003f8d000 	C:\Program Files\MATLAB\R2009a\bin\win64\libmwamd.dll
0x0000000003fa0000 - 0x0000000003fac000 	C:\Program Files\MATLAB\R2009a\bin\win64\libmwcolamd.dll
0x0000000003fc0000 - 0x0000000003fd5000 	C:\Program Files\MATLAB\R2009a\bin\win64\libmwblas.dll
0x0000000003ff0000 - 0x0000000004001000 	C:\Program Files\MATLAB\R2009a\bin\win64\libmwbinder.dll
0x0000000004020000 - 0x000000000409d000 	C:\Program Files\MATLAB\R2009a\bin\win64\libmwlapack.dll
0x00000000040b0000 - 0x00000000040eb000 	C:\Program Files\MATLAB\R2009a\bin\win64\libmwrookfastbp.dll
0x0000000004100000 - 0x000000000414c000 	C:\Program Files\MATLAB\R2009a\bin\win64\libmwma57.dll
0x0000000004160000 - 0x000000000427c000 	C:\Program Files\MATLAB\R2009a\bin\win64\libifcoremd.dll
0x0000000004280000 - 0x0000000004550000 	C:\Program Files\MATLAB\R2009a\bin\win64\libmmd.dll
0x0000000004550000 - 0x0000000004560000 	C:\Program Files\MATLAB\R2009a\bin\win64\libmwcsparse.dll
0x0000000004570000 - 0x00000000045de000 	C:\Program Files\MATLAB\R2009a\bin\win64\libmwumfpack.dll
0x00000000045f0000 - 0x00000000046dd000 	C:\Program Files\MATLAB\R2009a\bin\win64\hgdatatypes.dll
0x00000000046f0000 - 0x0000000004934000 	C:\Program Files\MATLAB\R2009a\bin\win64\uiw.dll
0x0000000004950000 - 0x000000000495a000 	C:\Program Files\MATLAB\R2009a\bin\win64\uinone.dll
0x0000000069ba0000 - 0x0000000069d3c000 	C:\Windows\WinSxS\amd64_microsoft.vc80.mfc_1fc8b3b9a1e18e3b_8.0.50727.1833_none_8442d417329336b1\MFC80.DLL
0x000007fefb680000 - 0x000007fefb6f0000 	C:\Windows\system32\WINSPOOL.DRV
0x000007fefdab0000 - 0x000007fefdcb2000 	C:\Windows\system32\ole32.dll
0x000007fefe0e0000 - 0x000007fefe1b7000 	C:\Windows\system32\OLEAUT32.dll
0x0000000004970000 - 0x0000000004a1b000 	C:\Program Files\MATLAB\R2009a\bin\win64\udd_mi.dll
0x0000000004a30000 - 0x0000000004a48000 	C:\Program Files\MATLAB\R2009a\bin\win64\mwoles05.DLL
0x0000000004a60000 - 0x0000000004aca000 	C:\Program Files\MATLAB\R2009a\bin\win64\comcli.dll
0x0000000075460000 - 0x000000007547f000 	C:\Windows\WinSxS\amd64_microsoft.vc80.atl_1fc8b3b9a1e18e3b_8.0.50727.1833_none_8a17faaf2edd3e00\ATL80.DLL
0x0000000004ae0000 - 0x0000000004aee000 	C:\Program Files\MATLAB\R2009a\bin\win64\mlautoregister.dll
0x000007fefe370000 - 0x000007fefe39e000 	C:\Windows\system32\IMM32.DLL
0x000007feff570000 - 0x000007feff679000 	C:\Windows\system32\MSCTF.dll
0x000007fefd6e0000 - 0x000007fefd6ef000 	C:\Windows\system32\profapi.dll
0x000007fefc180000 - 0x000007fefc1d6000 	C:\Windows\system32\uxtheme.dll
0x000007fefb070000 - 0x000007fefb097000 	C:\Windows\system32\iphlpapi.dll
0x000007fefb060000 - 0x000007fefb06b000 	C:\Windows\system32\WINNSI.DLL
0x000007fefcdd0000 - 0x000007fefce2b000 	C:\Windows\system32\DNSAPI.dll
0x000007fefafe0000 - 0x000007fefaff8000 	C:\Windows\system32\dhcpcsvc.DLL
0x000007fefac50000 - 0x000007fefac61000 	C:\Windows\system32\dhcpcsvc6.DLL
0x0000000075490000 - 0x0000000075493000 	C:\Windows\system32\icmp.Dll
0x000007fefd610000 - 0x000007fefd61f000 	C:\Windows\system32\CRYPTBASE.dll
0x000000000e630000 - 0x000000000ebda000 	C:\Program Files\MATLAB\R2009a\sys\java\jre\win64\jre\bin\server\jvm.dll
0x000007fefb3a0000 - 0x000007fefb3db000 	C:\Windows\system32\WINMM.dll
0x00000000074b0000 - 0x00000000074ba000 	C:\Program Files\MATLAB\R2009a\sys\java\jre\win64\jre\bin\hpi.dll
0x00000000074e0000 - 0x00000000074ee000 	C:\Program Files\MATLAB\R2009a\sys\java\jre\win64\jre\bin\verify.dll
0x00000000074f0000 - 0x0000000007517000 	C:\Program Files\MATLAB\R2009a\sys\java\jre\win64\jre\bin\java.dll
0x0000000007520000 - 0x0000000007532000 	C:\Program Files\MATLAB\R2009a\sys\java\jre\win64\jre\bin\zip.dll
0x0000000009100000 - 0x0000000009121000 	C:\Program Files\MATLAB\R2009a\bin\win64\nativejava.dll
0x000000000f7a0000 - 0x000000000f7c8000 	C:\Program Files\MATLAB\R2009a\bin\win64\nativejmi.dll
0x000000000f190000 - 0x000000000f197000 	C:\Program Files\MATLAB\R2009a\bin\win64\nativeservices.dll
0x000000000f940000 - 0x000000000fadf000 	C:\Program Files\MATLAB\R2009a\sys\java\jre\win64\jre\bin\awt.dll
0x000007fefbd50000 - 0x000007fefbd68000 	C:\Windows\system32\dwmapi.dll
0x000000000fc60000 - 0x000000000fcca000 	C:\Program Files\MATLAB\R2009a\sys\java\jre\win64\jre\bin\fontmanager.dll
0x0000000011c30000 - 0x0000000011c47000 	C:\Program Files\MATLAB\R2009a\sys\java\jre\win64\jre\bin\net.dll
0x000007fefcf50000 - 0x000007fefcfa4000 	C:\Windows\system32\mswsock.dll
0x000007fefcf40000 - 0x000007fefcf47000 	C:\Windows\System32\wship6.dll
0x0000000011c50000 - 0x0000000011c5b000 	C:\Program Files\MATLAB\R2009a\sys\java\jre\win64\jre\bin\nio.dll
0x0000000011ce0000 - 0x0000000011ce7000 	C:\Program Files\MATLAB\R2009a\bin\win64\nativelmgr.dll
0x0000000011e30000 - 0x0000000011e65000 	C:\Program Files\MATLAB\R2009a\sys\java\jre\win64\jre\bin\jpeg.dll
0x0000000035670000 - 0x000000003580e000 	C:\Program Files\MATLAB\R2009a\bin\win64\instutil.dll

VM Arguments:
jvm_args: -Xss512k -XX:PermSize=32m -Xms64m -XX:NewRatio=3 -XX:MaxPermSize=128m -Xmx196m -XX:MaxDirectMemorySize=2147400000 -Dsun.java2d.noddraw=true -Dsun.awt.nopixfmt=true -Xshare:off -Xrs -Djava.library.path=C:\Program Files\MATLAB\R2009a\bin\win64 vfprintf abort 
java_command: <unknown>
Launcher Type: generic

Environment Variables:
CLASSPATH=.;C:\Program Files (x86)\Java\jre6\lib\ext\QTJava.zip
PATH=C:\Windows\system32;C:\Windows;C:\Windows\System32\Wbem;C:\Windows\System32\WindowsPowerShell\v1.0\;c:\Program Files (x86)\Common Files\Roxio Shared\10.0\DLLShared\;c:\Program Files (x86)\Common Files\Roxio Shared\DLLShared\;C:\Program Files\MATLAB\R2009a\bin;C:\Program Files\MATLAB\R2009a\bin\win64;C:\Program Files (x86)\QuickTime\QTSystem\;C:\Program Files (x86)\Microsoft SQL Server\100\Tools\Binn\;C:\Program Files (x86)\Microsoft SQL Server\100\DTS\Binn\;C:\Python26;C:\Python26\DLLs;C:\Python26\Scripts;C:\Python26\Lib\site-packages\PyQt4;C:\Python26\gnuplot\bin;C:\Python26\Lib\site-packages\vtk;C:\Program Files (x86)\pythonxy\console;C:\Program Files (x86)\pythonxy\SciTE-2.21;C:\Program Files (x86)\pythonxy\mingw\bin;C:\Windows\System32
USERNAME=micro
OS=Windows_NT
PROCESSOR_IDENTIFIER=Intel64 Family 6 Model 30 Stepping 5, GenuineIntel



---------------  S Y S T E M  ---------------

OS: Windows NT 6.1 Build 7600 

CPU:total 8 (8 cores per cpu, 2 threads per core) family 6 model 14 stepping 5, cmov, cx8, fxsr, mmx, sse, sse2, sse3, ssse3, ht

Memory: 4k page, physical 8346704k(4840032k free), swap 16691508k(13313340k free)

vm_info: Java HotSpot(TM) 64-Bit Server VM (10.0-b19) for windows-amd64 JRE (1.6.0_04-b12), built on Dec 14 2007 00:44:23 by "java_re" with MS VC++ 8.0

time: Mon Jan 10 10:26:31 2011
elapsed time: 295505 seconds

