#
# An unexpected error has been detected by Java Runtime Environment:
#
#  EXCEPTION_ACCESS_VIOLATION (0xc0000005) at pc=0x000000003381fe55, pid=4960, tid=5960
#
# Java VM: Java HotSpot(TM) 64-Bit Server VM (10.0-b19 mixed mode windows-amd64)
# Problematic frame:
# C  [awt.dll+0x9fe55]
#
# If you would like to submit a bug report, please visit:
#   http://java.sun.com/webapps/bugreport/crash.jsp
# The crash happened outside the Java Virtual Machine in native code.
# See problematic frame for where to report the bug.
#

---------------  T H R E A D  ---------------

Current thread (0x0000000011365400):  JavaThread "AWT-Windows" daemon [_thread_in_native, id=5960, stack(0x00000000339a0000,0x0000000033a20000)]

siginfo: ExceptionCode=0xc0000005, reading address 0x0000029c0000027c

Registers:
EAX=0x0000029c00000274, EBX=0x0000000000000001, ECX=0x0000000011c6f1d0, EDX=0x000000003387bd30
ESP=0x0000000033a1f1e0, EBP=0x000000000001a220, ESI=0x000000003dc42ca0, EDI=0x0000000033780000
EIP=0x000000003381fe55, EFLAGS=0x0000000000010202

Top of Stack: (sp=0x0000000033a1f1e0)
0x0000000033a1f1e0:   0000000011365400 0000000000000000
0x0000000033a1f1f0:   0000000000000001 0000000033780000
0x0000000033a1f200:   0000000011365598 0000000033825539
0x0000000033a1f210:   000000004b3d7bf0 0000000011365598
0x0000000033a1f220:   000000003dc42ca0 0000000000000111
0x0000000033a1f230:   0000000004dbd428 0000000000000000
0x0000000033a1f240:   00000000357bf0c8 0000000000010003
0x0000000033a1f250:   0000000000000000 00000000017b0dd2
0x0000000033a1f260:   0000000000000000 fffffffffffffffe
0x0000000033a1f270:   0000000011365598 0000000000000001
0x0000000033a1f280:   0000000000000000 0000000000000111
0x0000000033a1f290:   0000000000000111 0000000000000111
0x0000000033a1f2a0:   000000000001a220 0000000000000000
0x0000000033a1f2b0:   000000003dc42ca0 000000003385d807
0x0000000033a1f2c0:   0000000000000000 000000007745b98f
0x0000000033a1f2d0:   00000000ffffffeb 0000000000000000 

Instructions: (pc=0x000000003381fe55)
0x000000003381fe45:   e8 46 8a 03 00 48 85 c0 48 8b c8 74 06 48 8b 00
0x000000003381fe55:   ff 50 08 b8 02 00 00 00 48 83 c4 20 5b c3 49 8b 


Stack: [0x00000000339a0000,0x0000000033a20000],  sp=0x0000000033a1f1e0,  free space=508k
Native frames: (J=compiled Java code, j=interpreted, Vv=VM code, C=native code)
C  [awt.dll+0x9fe55]

Java frames: (J=compiled Java code, j=interpreted, Vv=VM code)
v  ~BufferBlob::Interpreter
v  ~BufferBlob::Interpreter
v  ~BufferBlob::Interpreter
v  ~BufferBlob::StubRoutines (1)

---------------  P R O C E S S  ---------------

Java Threads: ( => current thread )
  0x000000003f68f400 JavaThread "Thread-2195" [_thread_blocked, id=4776, stack(0x000000003a2a0000,0x000000003a320000)]
  0x000000003f68f000 JavaThread "Thread-2192" [_thread_blocked, id=5696, stack(0x0000000039dd0000,0x0000000039e50000)]
  0x000000003f68fc00 JavaThread "Thread-1829" [_thread_blocked, id=5412, stack(0x0000000039fc0000,0x000000003a040000)]
  0x000000003f68e800 JavaThread "Thread-1651" [_thread_blocked, id=800, stack(0x0000000033a20000,0x0000000033aa0000)]
  0x0000000011d2b400 JavaThread "Thread-438" [_thread_blocked, id=4916, stack(0x0000000039cd0000,0x0000000039d50000)]
  0x0000000011d29800 JavaThread "Thread-429" [_thread_blocked, id=5932, stack(0x0000000039bd0000,0x0000000039c50000)]
  0x0000000011d2a000 JavaThread "Timer queue for AWT thread" daemon [_thread_blocked, id=5680, stack(0x0000000039d50000,0x0000000039dd0000)]
  0x0000000011d2d000 JavaThread "Thread-315" [_thread_blocked, id=6112, stack(0x0000000039b50000,0x0000000039bd0000)]
  0x0000000011d2c800 JavaThread "Thread-234" [_thread_blocked, id=3980, stack(0x0000000035d60000,0x0000000035de0000)]
  0x0000000011d2d400 JavaThread "Thread-210" [_thread_blocked, id=644, stack(0x0000000035ce0000,0x0000000035d60000)]
  0x0000000011d2f000 JavaThread "Thread-207" [_thread_blocked, id=5256, stack(0x0000000033ad0000,0x0000000033b50000)]
  0x0000000011d2e800 JavaThread "Foxtrot Single Worker Thread #1" daemon [_thread_blocked, id=5844, stack(0x0000000033b50000,0x0000000033bd0000)]
  0x0000000011d2f800 JavaThread "Thread-204" [_thread_blocked, id=5184, stack(0x000000000e100000,0x000000000e180000)]
  0x0000000011d30000 JavaThread "Prefs Updater" [_thread_blocked, id=6028, stack(0x000000000d350000,0x000000000d3d0000)]
  0x0000000011368000 JavaThread "Active Reference Queue Daemon" daemon [_thread_blocked, id=5928, stack(0x0000000039140000,0x00000000391c0000)]
  0x0000000011367800 JavaThread "Timer-17" daemon [_thread_blocked, id=3208, stack(0x00000000390c0000,0x0000000039140000)]
  0x0000000011368400 JavaThread "Timer-16" daemon [_thread_blocked, id=432, stack(0x0000000039040000,0x00000000390c0000)]
  0x0000000011367000 JavaThread "Timer-1" [_thread_blocked, id=3728, stack(0x0000000035aa0000,0x0000000035b20000)]
  0x0000000011366c00 JavaThread "TimerQueue" daemon [_thread_blocked, id=6016, stack(0x00000000357c0000,0x0000000035840000)]
  0x0000000011366400 JavaThread "AWT-EventQueue-0" [_thread_in_native, id=1444, stack(0x0000000035740000,0x00000000357c0000)]
  0x0000000011365000 JavaThread "AWT-Shutdown" [_thread_blocked, id=6012, stack(0x0000000034630000,0x00000000346b0000)]
=>0x0000000011365400 JavaThread "AWT-Windows" daemon [_thread_in_native, id=5960, stack(0x00000000339a0000,0x0000000033a20000)]
  0x0000000011364800 JavaThread "Java2D Disposer" daemon [_thread_blocked, id=5556, stack(0x0000000011160000,0x00000000111e0000)]
  0x0000000011364000 JavaThread "Timer-0" [_thread_blocked, id=5860, stack(0x00000000110d0000,0x0000000011150000)]
  0x0000000011363c00 JavaThread "JMI Unnamed Thread" [_thread_in_native, id=5104, stack(0x0000000009350000,0x000000000a350000)]
  0x0000000011363400 JavaThread "Low Memory Detector" daemon [_thread_blocked, id=5176, stack(0x0000000011050000,0x00000000110d0000)]
  0x000000001136fc00 JavaThread "CompilerThread1" daemon [_thread_blocked, id=5132, stack(0x00000000316a0000,0x00000000326a0000)]
  0x000000001136ac00 JavaThread "CompilerThread0" daemon [_thread_blocked, id=5956, stack(0x00000000306a0000,0x00000000316a0000)]
  0x0000000011362c00 JavaThread "Attach Listener" daemon [_thread_blocked, id=2400, stack(0x000000000ff50000,0x000000000ffd0000)]
  0x0000000004c6f400 JavaThread "Finalizer" daemon [_thread_blocked, id=4436, stack(0x000000000fed0000,0x000000000ff50000)]
  0x0000000004c6ec00 JavaThread "Reference Handler" daemon [_thread_blocked, id=716, stack(0x000000000e820000,0x000000000e8a0000)]
  0x0000000004b6ec00 JavaThread "main" [_thread_in_native, id=6136, stack(0x0000000000030000,0x0000000001030000)]

Other Threads:
  0x0000000004c6dc00 VMThread [stack: 0x000000002f6a0000,0x00000000306a0000] [id=5872]
  0x00000000113a0000 WatcherThread [stack: 0x00000000326a0000,0x00000000336a0000] [id=5008]

VM state:not at safepoint (normal execution)

VM Mutex/Monitor currently owned by a thread: None

Heap
 PSYoungGen      total 15936K, used 10664K [0x00000000265a0000, 0x00000000275a0000, 0x00000000296a0000)
  eden space 15488K, 66% used [0x00000000265a0000,0x0000000026fb2290,0x00000000274c0000)
  from space 448K, 78% used [0x0000000027530000,0x0000000027588000,0x00000000275a0000)
  to   space 448K, 0% used [0x00000000274c0000,0x00000000274c0000,0x0000000027530000)
 PSOldGen        total 147904K, used 115602K [0x000000001d2a0000, 0x0000000026310000, 0x00000000265a0000)
  object space 147904K, 78% used [0x000000001d2a0000,0x0000000024384990,0x0000000026310000)
 PSPermGen       total 60480K, used 59818K [0x00000000152a0000, 0x0000000018db0000, 0x000000001d2a0000)
  object space 60480K, 98% used [0x00000000152a0000,0x0000000018d0abe0,0x0000000018db0000)

Dynamic libraries:
0x0000000140000000 - 0x0000000140032000 	C:\Program Files\MATLAB\R2009a\bin\win64\MATLAB.exe
0x0000000077660000 - 0x000000007780b000 	C:\Windows\SYSTEM32\ntdll.dll
0x0000000077540000 - 0x000000007765f000 	C:\Windows\system32\kernel32.dll
0x000007fefd880000 - 0x000007fefd8eb000 	C:\Windows\system32\KERNELBASE.dll
0x0000000180000000 - 0x0000000180406000 	C:\Program Files\MATLAB\R2009a\bin\win64\libut.dll
0x000007fefef60000 - 0x000007fefef77000 	C:\Windows\system32\imagehlp.dll
0x000007fefef80000 - 0x000007feff01f000 	C:\Windows\system32\msvcrt.dll
0x0000000077830000 - 0x0000000077837000 	C:\Windows\system32\PSAPI.DLL
0x00000000011f0000 - 0x0000000001218000 	C:\Program Files\MATLAB\R2009a\bin\win64\LIBEXPAT.dll
0x0000000072f90000 - 0x0000000073059000 	C:\Windows\WinSxS\amd64_microsoft.vc80.crt_1fc8b3b9a1e18e3b_8.0.50727.4927_none_88dce9872fb18caf\MSVCR80.dll
0x000000004a800000 - 0x000000004a923000 	C:\Program Files\MATLAB\R2009a\bin\win64\icuuc38.dll
0x000007feff020000 - 0x000007feff0fb000 	C:\Windows\system32\ADVAPI32.dll
0x000007fefdb20000 - 0x000007fefdb3f000 	C:\Windows\SYSTEM32\sechost.dll
0x000007feff450000 - 0x000007feff57e000 	C:\Windows\system32\RPCRT4.dll
0x000000004ad00000 - 0x000000004ad03000 	C:\Program Files\MATLAB\R2009a\bin\win64\icudt38.dll
0x000000004ab00000 - 0x000000004ab0f000 	C:\Program Files\MATLAB\R2009a\bin\win64\icuio38.dll
0x0000000001230000 - 0x000000000136a000 	C:\Program Files\MATLAB\R2009a\bin\win64\icuin38.dll
0x0000000072db0000 - 0x0000000072eb9000 	C:\Windows\WinSxS\amd64_microsoft.vc80.crt_1fc8b3b9a1e18e3b_8.0.50727.4927_none_88dce9872fb18caf\MSVCP80.dll
0x0000000077440000 - 0x000000007753a000 	C:\Windows\system32\USER32.dll
0x000007feff300000 - 0x000007feff367000 	C:\Windows\system32\GDI32.dll
0x000007fefd990000 - 0x000007fefd99e000 	C:\Windows\system32\LPK.dll
0x000007feff200000 - 0x000007feff2ca000 	C:\Windows\system32\USP10.dll
0x0000000001380000 - 0x00000000013ee000 	C:\Program Files\MATLAB\R2009a\bin\win64\libmwfl.dll
0x0000000001400000 - 0x000000000140f000 	C:\Program Files\MATLAB\R2009a\bin\win64\boost_date_time-vc80-mt-1_36.dll
0x0000000001420000 - 0x0000000001436000 	C:\Program Files\MATLAB\R2009a\bin\win64\boost_signals-vc80-mt-1_36.dll
0x0000000001450000 - 0x0000000001459000 	C:\Program Files\MATLAB\R2009a\bin\win64\boost_system-vc80-mt-1_36.dll
0x0000000001470000 - 0x0000000001481000 	C:\Program Files\MATLAB\R2009a\bin\win64\boost_thread-vc80-mt-1_36.dll
0x00000000014a0000 - 0x00000000016d7000 	C:\Program Files\MATLAB\R2009a\bin\win64\libmwservices.dll
0x00000000016f0000 - 0x0000000001761000 	C:\Program Files\MATLAB\R2009a\bin\win64\libmx.dll
0x0000000001780000 - 0x0000000001797000 	C:\Program Files\MATLAB\R2009a\bin\win64\zlib1.dll
0x00000000017a0000 - 0x00000000018c5000 	C:\Program Files\MATLAB\R2009a\bin\win64\libmwmathutil.dll
0x00000000018e0000 - 0x0000000001935000 	C:\Program Files\MATLAB\R2009a\bin\win64\mpath.dll
0x0000000001950000 - 0x000000000199f000 	C:\Program Files\MATLAB\R2009a\bin\win64\mlutil.dll
0x0000000010000000 - 0x0000000010049000 	C:\Program Files\MATLAB\R2009a\bin\win64\tbb.dll
0x000007fef8010000 - 0x000007fef80b0000 	C:\Windows\WinSxS\amd64_microsoft.windows.common-controls_6595b64144ccf1df_5.82.7600.16661_none_a44e1fc257f685f6\COMCTL32.dll
0x000007feff150000 - 0x000007feff1e8000 	C:\Windows\system32\comdlg32.dll
0x000007fefdf70000 - 0x000007fefdfe1000 	C:\Windows\system32\SHLWAPI.dll
0x000007fefdff0000 - 0x000007fefed76000 	C:\Windows\system32\SHELL32.dll
0x000007fefb630000 - 0x000007fefb646000 	C:\Windows\system32\NETAPI32.dll
0x000007fefb620000 - 0x000007fefb62c000 	C:\Windows\system32\netutils.dll
0x000007fefd130000 - 0x000007fefd153000 	C:\Windows\system32\srvcli.dll
0x000007fefb600000 - 0x000007fefb615000 	C:\Windows\system32\wkscli.dll
0x000007feff100000 - 0x000007feff14d000 	C:\Windows\system32\WS2_32.dll
0x000007feff1f0000 - 0x000007feff1f8000 	C:\Windows\system32\NSI.dll
0x00000000019b0000 - 0x0000000001a32000 	C:\Program Files\MATLAB\R2009a\bin\win64\mcr.dll
0x0000000001a50000 - 0x0000000001ab2000 	C:\Program Files\MATLAB\R2009a\bin\win64\iqm.dll
0x0000000001ad0000 - 0x00000000023b7000 	C:\Program Files\MATLAB\R2009a\bin\win64\m_interpreter.dll
0x00000000023d0000 - 0x00000000023df000 	C:\Program Files\MATLAB\R2009a\bin\win64\libmex.dll
0x00000000023f0000 - 0x0000000002480000 	C:\Program Files\MATLAB\R2009a\bin\win64\m_dispatcher.dll
0x0000000002490000 - 0x00000000024b5000 	C:\Program Files\MATLAB\R2009a\bin\win64\datasvcs.dll
0x0000000012000000 - 0x0000000012295000 	C:\Program Files\MATLAB\R2009a\bin\win64\xerces-c_2_7.dll
0x00000000024e0000 - 0x00000000025d1000 	C:\Program Files\MATLAB\R2009a\bin\win64\boost_regex-vc80-mt-1_36.dll
0x00000000025f0000 - 0x0000000002681000 	C:\Program Files\MATLAB\R2009a\bin\win64\profiler.dll
0x00000000026a0000 - 0x00000000026ca000 	C:\Program Files\MATLAB\R2009a\bin\win64\libmwmathrng.dll
0x00000000026e0000 - 0x00000000026fa000 	C:\Program Files\MATLAB\R2009a\bin\win64\m_pcodeio.dll
0x0000000002710000 - 0x000000000275d000 	C:\Program Files\MATLAB\R2009a\bin\win64\m_ir.dll
0x0000000002770000 - 0x0000000002d76000 	C:\Program Files\MATLAB\R2009a\bin\win64\m_parser.dll
0x0000000002d90000 - 0x0000000002da4000 	C:\Program Files\MATLAB\R2009a\bin\win64\ir_xfmr.dll
0x0000000002dc0000 - 0x0000000003041000 	C:\Program Files\MATLAB\R2009a\bin\win64\mcos.dll
0x0000000003060000 - 0x000000000306c000 	C:\Program Files\MATLAB\R2009a\bin\win64\mtok.dll
0x0000000003080000 - 0x00000000030a0000 	C:\Program Files\MATLAB\R2009a\bin\win64\m_pcodegen.dll
0x000007fef73f0000 - 0x000007fef7515000 	C:\Windows\system32\dbghelp.dll
0x00000000030b0000 - 0x00000000030d4000 	C:\Program Files\MATLAB\R2009a\bin\win64\bridge.dll
0x00000000030f0000 - 0x00000000031b0000 	C:\Program Files\MATLAB\R2009a\bin\win64\udd.dll
0x00000000031c0000 - 0x0000000003317000 	C:\Program Files\MATLAB\R2009a\bin\win64\libmwgui.dll
0x0000000003330000 - 0x0000000003615000 	C:\Program Files\MATLAB\R2009a\bin\win64\hg.dll
0x0000000003630000 - 0x0000000003662000 	C:\Program Files\MATLAB\R2009a\bin\win64\libmat.dll
0x0000000003680000 - 0x000000000386e000 	C:\Program Files\MATLAB\R2009a\bin\win64\libhdf5.dll
0x0000000003880000 - 0x00000000038e0000 	C:\Program Files\MATLAB\R2009a\bin\win64\jmi.dll
0x00000000038f0000 - 0x0000000003930000 	C:\Program Files\MATLAB\R2009a\bin\win64\libmwhardcopy.dll
0x0000000003940000 - 0x0000000003998000 	C:\Program Files\MATLAB\R2009a\bin\win64\libuij.dll
0x00000000039b0000 - 0x0000000003aa2000 	C:\Program Files\MATLAB\R2009a\bin\win64\libmwmathlinalg.dll
0x0000000003ac0000 - 0x0000000003e6c000 	C:\Program Files\MATLAB\R2009a\bin\win64\libmwmathelem.dll
0x0000000003e80000 - 0x0000000003eec000 	C:\Program Files\MATLAB\R2009a\bin\win64\libmwmathcore.dll
0x0000000003f00000 - 0x0000000003f62000 	C:\Program Files\MATLAB\R2009a\bin\win64\libmwcholmod.dll
0x0000000003f80000 - 0x0000000003f8d000 	C:\Program Files\MATLAB\R2009a\bin\win64\libmwamd.dll
0x0000000003fa0000 - 0x0000000003fac000 	C:\Program Files\MATLAB\R2009a\bin\win64\libmwcolamd.dll
0x0000000003fc0000 - 0x0000000003fd5000 	C:\Program Files\MATLAB\R2009a\bin\win64\libmwblas.dll
0x0000000003ff0000 - 0x0000000004001000 	C:\Program Files\MATLAB\R2009a\bin\win64\libmwbinder.dll
0x0000000004020000 - 0x000000000409d000 	C:\Program Files\MATLAB\R2009a\bin\win64\libmwlapack.dll
0x00000000040b0000 - 0x00000000040eb000 	C:\Program Files\MATLAB\R2009a\bin\win64\libmwrookfastbp.dll
0x0000000004100000 - 0x000000000414c000 	C:\Program Files\MATLAB\R2009a\bin\win64\libmwma57.dll
0x0000000004160000 - 0x000000000427c000 	C:\Program Files\MATLAB\R2009a\bin\win64\libifcoremd.dll
0x0000000004280000 - 0x0000000004550000 	C:\Program Files\MATLAB\R2009a\bin\win64\libmmd.dll
0x0000000004550000 - 0x0000000004560000 	C:\Program Files\MATLAB\R2009a\bin\win64\libmwcsparse.dll
0x0000000004570000 - 0x00000000045de000 	C:\Program Files\MATLAB\R2009a\bin\win64\libmwumfpack.dll
0x00000000045f0000 - 0x00000000046dd000 	C:\Program Files\MATLAB\R2009a\bin\win64\hgdatatypes.dll
0x00000000046f0000 - 0x0000000004934000 	C:\Program Files\MATLAB\R2009a\bin\win64\uiw.dll
0x0000000004950000 - 0x000000000495a000 	C:\Program Files\MATLAB\R2009a\bin\win64\uinone.dll
0x000000006abb0000 - 0x000000006ad4c000 	C:\Windows\WinSxS\amd64_microsoft.vc80.mfc_1fc8b3b9a1e18e3b_8.0.50727.1833_none_8442d417329336b1\MFC80.DLL
0x000007fef8aa0000 - 0x000007fef8b10000 	C:\Windows\system32\WINSPOOL.DRV
0x000007fefdb40000 - 0x000007fefdd42000 	C:\Windows\system32\ole32.dll
0x000007feff370000 - 0x000007feff447000 	C:\Windows\system32\OLEAUT32.dll
0x0000000004970000 - 0x0000000004a1b000 	C:\Program Files\MATLAB\R2009a\bin\win64\udd_mi.dll
0x0000000004a30000 - 0x0000000004a48000 	C:\Program Files\MATLAB\R2009a\bin\win64\mwoles05.DLL
0x0000000004a60000 - 0x0000000004aca000 	C:\Program Files\MATLAB\R2009a\bin\win64\comcli.dll
0x00000000721b0000 - 0x00000000721cf000 	C:\Windows\WinSxS\amd64_microsoft.vc80.atl_1fc8b3b9a1e18e3b_8.0.50727.1833_none_8a17faaf2edd3e00\ATL80.DLL
0x0000000004ae0000 - 0x0000000004aee000 	C:\Program Files\MATLAB\R2009a\bin\win64\mlautoregister.dll
0x000007feff2d0000 - 0x000007feff2fe000 	C:\Windows\system32\IMM32.DLL
0x000007feff860000 - 0x000007feff969000 	C:\Windows\system32\MSCTF.dll
0x000007fefd5c0000 - 0x000007fefd5cf000 	C:\Windows\system32\profapi.dll
0x000007fefbce0000 - 0x000007fefbd36000 	C:\Windows\system32\uxtheme.dll
0x000007fefaf60000 - 0x000007fefaf87000 	C:\Windows\system32\iphlpapi.dll
0x000007fefaf50000 - 0x000007fefaf5b000 	C:\Windows\system32\WINNSI.DLL
0x000007fefccb0000 - 0x000007fefcd0b000 	C:\Windows\system32\DNSAPI.dll
0x000007fefaf30000 - 0x000007fefaf48000 	C:\Windows\system32\dhcpcsvc.DLL
0x000007fefab40000 - 0x000007fefab51000 	C:\Windows\system32\dhcpcsvc6.DLL
0x00000000721e0000 - 0x00000000721e3000 	C:\Windows\system32\icmp.Dll
0x000007fefd4f0000 - 0x000007fefd4ff000 	C:\Windows\system32\CRYPTBASE.dll
0x000000000e920000 - 0x000000000eeca000 	C:\Program Files\MATLAB\R2009a\sys\java\jre\win64\jre\bin\server\jvm.dll
0x000007fefbfc0000 - 0x000007fefbffb000 	C:\Windows\system32\WINMM.dll
0x0000000007570000 - 0x000000000757a000 	C:\Program Files\MATLAB\R2009a\sys\java\jre\win64\jre\bin\hpi.dll
0x00000000075a0000 - 0x00000000075ae000 	C:\Program Files\MATLAB\R2009a\sys\java\jre\win64\jre\bin\verify.dll
0x0000000007640000 - 0x0000000007667000 	C:\Program Files\MATLAB\R2009a\sys\java\jre\win64\jre\bin\java.dll
0x0000000007c60000 - 0x0000000007c72000 	C:\Program Files\MATLAB\R2009a\sys\java\jre\win64\jre\bin\zip.dll
0x0000000007e40000 - 0x0000000007e61000 	C:\Program Files\MATLAB\R2009a\bin\win64\nativejava.dll
0x000000000ffd0000 - 0x000000000fff8000 	C:\Program Files\MATLAB\R2009a\bin\win64\nativejmi.dll
0x0000000007700000 - 0x0000000007707000 	C:\Program Files\MATLAB\R2009a\bin\win64\nativeservices.dll
0x0000000033780000 - 0x000000003391f000 	C:\Program Files\MATLAB\R2009a\sys\java\jre\win64\jre\bin\awt.dll
0x000007fefb900000 - 0x000007fefb918000 	C:\Windows\system32\dwmapi.dll
0x0000000033f20000 - 0x0000000033f8a000 	C:\Program Files\MATLAB\R2009a\sys\java\jre\win64\jre\bin\fontmanager.dll
0x0000000034600000 - 0x0000000034617000 	C:\Program Files\MATLAB\R2009a\sys\java\jre\win64\jre\bin\net.dll
0x000007fefce30000 - 0x000007fefce84000 	C:\Windows\system32\mswsock.dll
0x000007fefce20000 - 0x000007fefce27000 	C:\Windows\System32\wship6.dll
0x0000000034620000 - 0x000000003462b000 	C:\Program Files\MATLAB\R2009a\sys\java\jre\win64\jre\bin\nio.dll
0x00000000346b0000 - 0x00000000346b7000 	C:\Program Files\MATLAB\R2009a\bin\win64\nativelmgr.dll
0x0000000035840000 - 0x0000000035875000 	C:\Program Files\MATLAB\R2009a\sys\java\jre\win64\jre\bin\jpeg.dll
0x0000000035880000 - 0x0000000035a1e000 	C:\Program Files\MATLAB\R2009a\bin\win64\instutil.dll

VM Arguments:
jvm_args: -Xss512k -XX:PermSize=32m -Xms64m -XX:NewRatio=3 -XX:MaxPermSize=128m -Xmx196m -XX:MaxDirectMemorySize=2147400000 -Dsun.java2d.noddraw=true -Dsun.awt.nopixfmt=true -Xshare:off -Xrs -Djava.library.path=C:\Program Files\MATLAB\R2009a\bin\win64 vfprintf abort 
java_command: <unknown>
Launcher Type: generic

Environment Variables:
CLASSPATH=.;C:\Program Files (x86)\Java\jre6\lib\ext\QTJava.zip
PATH=C:\Windows\system32;C:\Windows;C:\Windows\System32\Wbem;C:\Windows\System32\WindowsPowerShell\v1.0\;c:\Program Files (x86)\Common Files\Roxio Shared\10.0\DLLShared\;c:\Program Files (x86)\Common Files\Roxio Shared\DLLShared\;C:\Program Files\MATLAB\R2009a\bin;C:\Program Files\MATLAB\R2009a\bin\win64;C:\Program Files (x86)\QuickTime\QTSystem\;C:\Program Files (x86)\Microsoft SQL Server\100\Tools\Binn\;C:\Program Files (x86)\Microsoft SQL Server\100\DTS\Binn\;C:\Python26;C:\Python26\DLLs;C:\Python26\Scripts;C:\Python26\Lib\site-packages\PyQt4;C:\Python26\gnuplot\bin;C:\Python26\Lib\site-packages\vtk;C:\Program Files (x86)\pythonxy\console;C:\Program Files (x86)\pythonxy\SciTE-2.21;C:\Program Files (x86)\pythonxy\mingw\bin;C:\Windows\System32
USERNAME=micro
OS=Windows_NT
PROCESSOR_IDENTIFIER=Intel64 Family 6 Model 30 Stepping 5, GenuineIntel



---------------  S Y S T E M  ---------------

OS: Windows NT 6.1 Build 7600 

CPU:total 8 (8 cores per cpu, 2 threads per core) family 6 model 14 stepping 5, cmov, cx8, fxsr, mmx, sse, sse2, sse3, ssse3, ht

Memory: 4k page, physical 8346704k(5221188k free), swap 16691508k(12626628k free)

vm_info: Java HotSpot(TM) 64-Bit Server VM (10.0-b19) for windows-amd64 JRE (1.6.0_04-b12), built on Dec 14 2007 00:44:23 by "java_re" with MS VC++ 8.0

time: Thu Jan 27 12:25:17 2011
elapsed time: 81556 seconds

