#
# An unexpected error has been detected by Java Runtime Environment:
#
#  EXCEPTION_ACCESS_VIOLATION (0xc0000005) at pc=0x0000000011a4fe52, pid=5396, tid=4916
#
# Java VM: Java HotSpot(TM) 64-Bit Server VM (10.0-b19 mixed mode windows-amd64)
# Problematic frame:
# C  [awt.dll+0x9fe52]
#
# If you would like to submit a bug report, please visit:
#   http://java.sun.com/webapps/bugreport/crash.jsp
# The crash happened outside the Java Virtual Machine in native code.
# See problematic frame for where to report the bug.
#

---------------  T H R E A D  ---------------

Current thread (0x0000000011504000):  JavaThread "AWT-Windows" daemon [_thread_in_native, id=4916, stack(0x0000000011c50000,0x0000000011cd0000)]

siginfo: ExceptionCode=0xc0000005, reading address 0xffffffffffffffff

Registers:
EAX=0x0734373433696e75, EBX=0x0000000000000001, ECX=0x0734373433696e75, EDX=0x0000000011aabd30
ESP=0x0000000011ccefe0, EBP=0x000000000001a220, ESI=0x0000000033c41cc0, EDI=0x00000000119b0000
EIP=0x0000000011a4fe52, EFLAGS=0x0000000000010202

Top of Stack: (sp=0x0000000011ccefe0)
0x0000000011ccefe0:   0000000011504000 0000000000000000
0x0000000011cceff0:   0000000000000001 00000000119b0000
0x0000000011ccf000:   0000000011504198 0000000011a55539
0x0000000011ccf010:   000000004a016f10 0000000011504198
0x0000000011ccf020:   0000000033c41cc0 0000000000000111
0x0000000011ccf030:   0000000004ebd1b8 0000000001251766
0x0000000011ccf040:   0000000000000000 000000000000c205
0x0000000011ccf050:   0000000000000000 0000000000000000
0x0000000011ccf060:   000000000000c205 fffffffffffffffe
0x0000000011ccf070:   0000000011504198 0000000000000001
0x0000000011ccf080:   0000000000000000 0000000000000111
0x0000000011ccf090:   0000000000000111 0000000000000111
0x0000000011ccf0a0:   000000000001a220 0000000000000000
0x0000000011ccf0b0:   0000000033c41cc0 0000000011a8d807
0x0000000011ccf0c0:   0000000000000000 000000007731b98f
0x0000000011ccf0d0:   00000000ffffffeb 0000000000000000 

Instructions: (pc=0x0000000011a4fe52)
0x0000000011a4fe42:   53 0b 00 e8 46 8a 03 00 48 85 c0 48 8b c8 74 06
0x0000000011a4fe52:   48 8b 00 ff 50 08 b8 02 00 00 00 48 83 c4 20 5b 


Stack: [0x0000000011c50000,0x0000000011cd0000],  sp=0x0000000011ccefe0,  free space=507k
Native frames: (J=compiled Java code, j=interpreted, Vv=VM code, C=native code)
C  [awt.dll+0x9fe52]

Java frames: (J=compiled Java code, j=interpreted, Vv=VM code)
v  ~BufferBlob::Interpreter
v  ~BufferBlob::Interpreter
v  ~BufferBlob::Interpreter
v  ~BufferBlob::StubRoutines (1)

---------------  P R O C E S S  ---------------

Java Threads: ( => current thread )
  0x00000000340e1800 JavaThread "Timer queue for AWT thread" daemon [_thread_blocked, id=6084, stack(0x000000004a060000,0x000000004a0e0000)]
  0x000000000fbdd000 JavaThread "Prefs Updater" [_thread_blocked, id=6960, stack(0x000000000d1b0000,0x000000000d230000)]
  0x000000000fbdbc00 JavaThread "Thread-45" [_thread_blocked, id=6260, stack(0x0000000040040000,0x00000000400c0000)]
  0x000000000fbdb400 JavaThread "Thread-44" [_thread_blocked, id=6860, stack(0x000000003ffc0000,0x0000000040040000)]
  0x000000000fbdac00 JavaThread "Thread-43" [_thread_blocked, id=5404, stack(0x000000003ff40000,0x000000003ffc0000)]
  0x000000000fbda800 JavaThread "Thread-42" [_thread_blocked, id=5236, stack(0x000000003eef0000,0x000000003ef70000)]
  0x000000000fbda000 JavaThread "Thread-41" [_thread_blocked, id=4184, stack(0x000000003ee70000,0x000000003eef0000)]
  0x000000000fbd9800 JavaThread "Thread-40" [_thread_blocked, id=3732, stack(0x000000003edf0000,0x000000003ee70000)]
  0x000000000fbd9400 JavaThread "Thread-39" [_thread_blocked, id=892, stack(0x000000003ed70000,0x000000003edf0000)]
  0x000000000fbd8c00 JavaThread "Thread-38" [_thread_blocked, id=4908, stack(0x000000003ecf0000,0x000000003ed70000)]
  0x000000000fbd7c00 JavaThread "Thread-37" [_thread_blocked, id=5716, stack(0x000000003ec70000,0x000000003ecf0000)]
  0x000000000fbd7000 JavaThread "Thread-36" [_thread_blocked, id=5588, stack(0x0000000036320000,0x00000000363a0000)]
  0x0000000033e20400 JavaThread "Thread-35" [_thread_blocked, id=4528, stack(0x0000000011d40000,0x0000000011dc0000)]
  0x0000000033e1fc00 JavaThread "Thread-34" [_thread_blocked, id=5948, stack(0x000000003eaf0000,0x000000003eb70000)]
  0x0000000033e1f400 JavaThread "Thread-33" [_thread_blocked, id=4480, stack(0x000000003ea70000,0x000000003eaf0000)]
  0x0000000033e1f000 JavaThread "Thread-32" [_thread_blocked, id=6172, stack(0x000000003e9f0000,0x000000003ea70000)]
  0x0000000033e1e800 JavaThread "Thread-31" [_thread_blocked, id=6168, stack(0x000000003e970000,0x000000003e9f0000)]
  0x0000000033e1e000 JavaThread "Thread-30" [_thread_blocked, id=6544, stack(0x000000003e8f0000,0x000000003e970000)]
  0x0000000033e1dc00 JavaThread "Thread-29" [_thread_blocked, id=2908, stack(0x000000003e870000,0x000000003e8f0000)]
  0x0000000033e1d400 JavaThread "Thread-28" [_thread_blocked, id=4852, stack(0x000000003e7f0000,0x000000003e870000)]
  0x0000000033e1cc00 JavaThread "Thread-27" [_thread_blocked, id=6256, stack(0x000000003e770000,0x000000003e7f0000)]
  0x0000000033e1c400 JavaThread "Thread-26" [_thread_blocked, id=4888, stack(0x000000003e6f0000,0x000000003e770000)]
  0x0000000033e1c000 JavaThread "Thread-25" [_thread_blocked, id=800, stack(0x000000003d2a0000,0x000000003d320000)]
  0x0000000033e1b800 JavaThread "Thread-24" [_thread_blocked, id=6816, stack(0x000000003d220000,0x000000003d2a0000)]
  0x0000000033e1b000 JavaThread "Thread-23" [_thread_blocked, id=5712, stack(0x000000003d1a0000,0x000000003d220000)]
  0x0000000033e1ac00 JavaThread "Thread-22" [_thread_blocked, id=6756, stack(0x000000003d120000,0x000000003d1a0000)]
  0x0000000033e1a400 JavaThread "Thread-21" [_thread_blocked, id=6820, stack(0x000000003a0a0000,0x000000003a120000)]
  0x0000000033e19c00 JavaThread "Active Reference Queue Daemon" daemon [_thread_blocked, id=5156, stack(0x0000000039690000,0x0000000039710000)]
  0x0000000033e19800 JavaThread "Timer-16" daemon [_thread_blocked, id=6432, stack(0x0000000039610000,0x0000000039690000)]
  0x0000000033e19000 JavaThread "Timer-15" daemon [_thread_blocked, id=7084, stack(0x0000000036460000,0x00000000364e0000)]
  0x0000000033fc8c00 JavaThread "Timer-1" [_thread_blocked, id=6720, stack(0x0000000035030000,0x00000000350b0000)]
  0x000000001167c000 JavaThread "TimerQueue" daemon [_thread_blocked, id=5184, stack(0x0000000034c00000,0x0000000034c80000)]
  0x000000000fba1c00 JavaThread "AWT-EventQueue-0" [_thread_in_native, id=3644, stack(0x0000000034b80000,0x0000000034c00000)]
  0x000000000fba1400 JavaThread "AWT-Shutdown" [_thread_blocked, id=5288, stack(0x0000000033a40000,0x0000000033ac0000)]
=>0x0000000011504000 JavaThread "AWT-Windows" daemon [_thread_in_native, id=4916, stack(0x0000000011c50000,0x0000000011cd0000)]
  0x000000000fbad800 JavaThread "Java2D Disposer" daemon [_thread_blocked, id=6272, stack(0x0000000011b50000,0x0000000011bd0000)]
  0x000000000fd4c000 JavaThread "Timer-0" [_thread_blocked, id=6044, stack(0x0000000011050000,0x00000000110d0000)]
  0x000000000fc5b000 JavaThread "JMI Unnamed Thread" [_thread_in_native, id=4392, stack(0x0000000009070000,0x000000000a070000)]
  0x000000000fb8cc00 JavaThread "Low Memory Detector" daemon [_thread_blocked, id=2880, stack(0x000000000f8e0000,0x000000000f960000)]
  0x000000000fb88800 JavaThread "CompilerThread1" daemon [_thread_blocked, id=4060, stack(0x00000000316a0000,0x00000000326a0000)]
  0x000000000fb74800 JavaThread "CompilerThread0" daemon [_thread_blocked, id=5172, stack(0x00000000306a0000,0x00000000316a0000)]
  0x000000000fb74000 JavaThread "Attach Listener" daemon [_thread_blocked, id=3224, stack(0x000000000f860000,0x000000000f8e0000)]
  0x000000000fb48000 JavaThread "Finalizer" daemon [_thread_blocked, id=5512, stack(0x000000000f730000,0x000000000f7b0000)]
  0x000000000fb43000 JavaThread "Reference Handler" daemon [_thread_blocked, id=5984, stack(0x000000000f6b0000,0x000000000f730000)]
  0x0000000004caec00 JavaThread "main" [_thread_in_native, id=3008, stack(0x0000000000030000,0x0000000001030000)]

Other Threads:
  0x000000000fb3c000 VMThread [stack: 0x000000002f6a0000,0x00000000306a0000] [id=5796]
  0x000000000fba9400 WatcherThread [stack: 0x00000000326a0000,0x00000000336a0000] [id=2020]

VM state:not at safepoint (normal execution)

VM Mutex/Monitor currently owned by a thread: None

Heap
 PSYoungGen      total 13952K, used 996K [0x00000000265a0000, 0x00000000275a0000, 0x00000000296a0000)
  eden space 11584K, 1% used [0x00000000265a0000,0x00000000265d1020,0x00000000270f0000)
  from space 2368K, 33% used [0x00000000270f0000,0x00000000271b8000,0x0000000027340000)
  to   space 2240K, 0% used [0x0000000027370000,0x0000000027370000,0x00000000275a0000)
 PSOldGen        total 142208K, used 116851K [0x000000001d2a0000, 0x0000000025d80000, 0x00000000265a0000)
  object space 142208K, 82% used [0x000000001d2a0000,0x00000000244bcec8,0x0000000025d80000)
 PSPermGen       total 91008K, used 54131K [0x00000000152a0000, 0x000000001ab80000, 0x000000001d2a0000)
  object space 91008K, 59% used [0x00000000152a0000,0x000000001877cd70,0x000000001ab80000)

Dynamic libraries:
0x0000000140000000 - 0x0000000140032000 	C:\Program Files\MATLAB\R2009a\bin\win64\MATLAB.exe
0x0000000077400000 - 0x00000000775ab000 	C:\Windows\SYSTEM32\ntdll.dll
0x00000000771e0000 - 0x00000000772ff000 	C:\Windows\system32\kernel32.dll
0x000007fefd620000 - 0x000007fefd68b000 	C:\Windows\system32\KERNELBASE.dll
0x0000000180000000 - 0x0000000180406000 	C:\Program Files\MATLAB\R2009a\bin\win64\libut.dll
0x000007fefebb0000 - 0x000007fefebc7000 	C:\Windows\system32\imagehlp.dll
0x000007feff090000 - 0x000007feff12f000 	C:\Windows\system32\msvcrt.dll
0x00000000775c0000 - 0x00000000775c7000 	C:\Windows\system32\PSAPI.DLL
0x00000000010d0000 - 0x00000000010f8000 	C:\Program Files\MATLAB\R2009a\bin\win64\LIBEXPAT.dll
0x0000000072c90000 - 0x0000000072d59000 	C:\Windows\WinSxS\amd64_microsoft.vc80.crt_1fc8b3b9a1e18e3b_8.0.50727.4927_none_88dce9872fb18caf\MSVCR80.dll
0x000000004a800000 - 0x000000004a923000 	C:\Program Files\MATLAB\R2009a\bin\win64\icuuc38.dll
0x000007feff550000 - 0x000007feff62b000 	C:\Windows\system32\ADVAPI32.dll
0x000007feff460000 - 0x000007feff47f000 	C:\Windows\SYSTEM32\sechost.dll
0x000007fefdae0000 - 0x000007fefdc0e000 	C:\Windows\system32\RPCRT4.dll
0x000000004ad00000 - 0x000000004ad03000 	C:\Program Files\MATLAB\R2009a\bin\win64\icudt38.dll
0x000000004ab00000 - 0x000000004ab0f000 	C:\Program Files\MATLAB\R2009a\bin\win64\icuio38.dll
0x0000000001310000 - 0x000000000144a000 	C:\Program Files\MATLAB\R2009a\bin\win64\icuin38.dll
0x0000000072b10000 - 0x0000000072c19000 	C:\Windows\WinSxS\amd64_microsoft.vc80.crt_1fc8b3b9a1e18e3b_8.0.50727.4927_none_88dce9872fb18caf\MSVCP80.dll
0x0000000077300000 - 0x00000000773fa000 	C:\Windows\system32\USER32.dll
0x000007feff020000 - 0x000007feff087000 	C:\Windows\system32\GDI32.dll
0x000007fefebd0000 - 0x000007fefebde000 	C:\Windows\system32\LPK.dll
0x000007feff390000 - 0x000007feff45a000 	C:\Windows\system32\USP10.dll
0x0000000001140000 - 0x00000000011ae000 	C:\Program Files\MATLAB\R2009a\bin\win64\libmwfl.dll
0x00000000011c0000 - 0x00000000011cf000 	C:\Program Files\MATLAB\R2009a\bin\win64\boost_date_time-vc80-mt-1_36.dll
0x00000000011e0000 - 0x00000000011f6000 	C:\Program Files\MATLAB\R2009a\bin\win64\boost_signals-vc80-mt-1_36.dll
0x0000000001450000 - 0x0000000001459000 	C:\Program Files\MATLAB\R2009a\bin\win64\boost_system-vc80-mt-1_36.dll
0x0000000001470000 - 0x0000000001481000 	C:\Program Files\MATLAB\R2009a\bin\win64\boost_thread-vc80-mt-1_36.dll
0x00000000014a0000 - 0x00000000016d7000 	C:\Program Files\MATLAB\R2009a\bin\win64\libmwservices.dll
0x00000000016f0000 - 0x0000000001761000 	C:\Program Files\MATLAB\R2009a\bin\win64\libmx.dll
0x0000000001780000 - 0x0000000001797000 	C:\Program Files\MATLAB\R2009a\bin\win64\zlib1.dll
0x00000000017a0000 - 0x00000000018c5000 	C:\Program Files\MATLAB\R2009a\bin\win64\libmwmathutil.dll
0x00000000018e0000 - 0x0000000001935000 	C:\Program Files\MATLAB\R2009a\bin\win64\mpath.dll
0x0000000001950000 - 0x000000000199f000 	C:\Program Files\MATLAB\R2009a\bin\win64\mlutil.dll
0x0000000010000000 - 0x0000000010049000 	C:\Program Files\MATLAB\R2009a\bin\win64\tbb.dll
0x000007fef6950000 - 0x000007fef69f0000 	C:\Windows\WinSxS\amd64_microsoft.windows.common-controls_6595b64144ccf1df_5.82.7600.16661_none_a44e1fc257f685f6\COMCTL32.dll
0x000007feff480000 - 0x000007feff518000 	C:\Windows\system32\comdlg32.dll
0x000007fefefa0000 - 0x000007feff011000 	C:\Windows\system32\SHLWAPI.dll
0x000007fefdd90000 - 0x000007fefeb16000 	C:\Windows\system32\SHELL32.dll
0x000007fefb450000 - 0x000007fefb466000 	C:\Windows\system32\NETAPI32.dll
0x000007fefb440000 - 0x000007fefb44c000 	C:\Windows\system32\netutils.dll
0x000007fefcfb0000 - 0x000007fefcfd3000 	C:\Windows\system32\srvcli.dll
0x000007fefb420000 - 0x000007fefb435000 	C:\Windows\system32\wkscli.dll
0x000007fefdc10000 - 0x000007fefdc5d000 	C:\Windows\system32\WS2_32.dll
0x000007fefeb20000 - 0x000007fefeb28000 	C:\Windows\system32\NSI.dll
0x00000000019b0000 - 0x0000000001a32000 	C:\Program Files\MATLAB\R2009a\bin\win64\mcr.dll
0x0000000001a50000 - 0x0000000001ab2000 	C:\Program Files\MATLAB\R2009a\bin\win64\iqm.dll
0x0000000001ad0000 - 0x00000000023b7000 	C:\Program Files\MATLAB\R2009a\bin\win64\m_interpreter.dll
0x00000000023d0000 - 0x00000000023df000 	C:\Program Files\MATLAB\R2009a\bin\win64\libmex.dll
0x00000000023f0000 - 0x0000000002480000 	C:\Program Files\MATLAB\R2009a\bin\win64\m_dispatcher.dll
0x0000000002490000 - 0x00000000024b5000 	C:\Program Files\MATLAB\R2009a\bin\win64\datasvcs.dll
0x0000000012000000 - 0x0000000012295000 	C:\Program Files\MATLAB\R2009a\bin\win64\xerces-c_2_7.dll
0x00000000024e0000 - 0x00000000025d1000 	C:\Program Files\MATLAB\R2009a\bin\win64\boost_regex-vc80-mt-1_36.dll
0x00000000025f0000 - 0x0000000002681000 	C:\Program Files\MATLAB\R2009a\bin\win64\profiler.dll
0x00000000026a0000 - 0x00000000026ca000 	C:\Program Files\MATLAB\R2009a\bin\win64\libmwmathrng.dll
0x00000000026e0000 - 0x00000000026fa000 	C:\Program Files\MATLAB\R2009a\bin\win64\m_pcodeio.dll
0x0000000002710000 - 0x000000000275d000 	C:\Program Files\MATLAB\R2009a\bin\win64\m_ir.dll
0x0000000002770000 - 0x0000000002d76000 	C:\Program Files\MATLAB\R2009a\bin\win64\m_parser.dll
0x0000000002d90000 - 0x0000000002da4000 	C:\Program Files\MATLAB\R2009a\bin\win64\ir_xfmr.dll
0x0000000002dc0000 - 0x0000000003041000 	C:\Program Files\MATLAB\R2009a\bin\win64\mcos.dll
0x0000000003060000 - 0x000000000306c000 	C:\Program Files\MATLAB\R2009a\bin\win64\mtok.dll
0x0000000003080000 - 0x00000000030a0000 	C:\Program Files\MATLAB\R2009a\bin\win64\m_pcodegen.dll
0x000007feecf40000 - 0x000007feed065000 	C:\Windows\system32\dbghelp.dll
0x00000000030b0000 - 0x00000000030d4000 	C:\Program Files\MATLAB\R2009a\bin\win64\bridge.dll
0x00000000030f0000 - 0x00000000031b0000 	C:\Program Files\MATLAB\R2009a\bin\win64\udd.dll
0x00000000031c0000 - 0x0000000003317000 	C:\Program Files\MATLAB\R2009a\bin\win64\libmwgui.dll
0x0000000003330000 - 0x0000000003615000 	C:\Program Files\MATLAB\R2009a\bin\win64\hg.dll
0x0000000003630000 - 0x0000000003662000 	C:\Program Files\MATLAB\R2009a\bin\win64\libmat.dll
0x0000000003680000 - 0x000000000386e000 	C:\Program Files\MATLAB\R2009a\bin\win64\libhdf5.dll
0x0000000003880000 - 0x00000000038e0000 	C:\Program Files\MATLAB\R2009a\bin\win64\jmi.dll
0x00000000038f0000 - 0x0000000003930000 	C:\Program Files\MATLAB\R2009a\bin\win64\libmwhardcopy.dll
0x0000000003940000 - 0x0000000003998000 	C:\Program Files\MATLAB\R2009a\bin\win64\libuij.dll
0x00000000039b0000 - 0x0000000003aa2000 	C:\Program Files\MATLAB\R2009a\bin\win64\libmwmathlinalg.dll
0x0000000003ac0000 - 0x0000000003e6c000 	C:\Program Files\MATLAB\R2009a\bin\win64\libmwmathelem.dll
0x0000000003e80000 - 0x0000000003eec000 	C:\Program Files\MATLAB\R2009a\bin\win64\libmwmathcore.dll
0x0000000003f00000 - 0x0000000003f62000 	C:\Program Files\MATLAB\R2009a\bin\win64\libmwcholmod.dll
0x0000000003f80000 - 0x0000000003f8d000 	C:\Program Files\MATLAB\R2009a\bin\win64\libmwamd.dll
0x0000000003fa0000 - 0x0000000003fac000 	C:\Program Files\MATLAB\R2009a\bin\win64\libmwcolamd.dll
0x0000000003fc0000 - 0x0000000003fd5000 	C:\Program Files\MATLAB\R2009a\bin\win64\libmwblas.dll
0x0000000003ff0000 - 0x0000000004001000 	C:\Program Files\MATLAB\R2009a\bin\win64\libmwbinder.dll
0x0000000004020000 - 0x000000000409d000 	C:\Program Files\MATLAB\R2009a\bin\win64\libmwlapack.dll
0x00000000040b0000 - 0x00000000040eb000 	C:\Program Files\MATLAB\R2009a\bin\win64\libmwrookfastbp.dll
0x0000000004100000 - 0x000000000414c000 	C:\Program Files\MATLAB\R2009a\bin\win64\libmwma57.dll
0x0000000004160000 - 0x000000000427c000 	C:\Program Files\MATLAB\R2009a\bin\win64\libifcoremd.dll
0x0000000004280000 - 0x0000000004550000 	C:\Program Files\MATLAB\R2009a\bin\win64\libmmd.dll
0x0000000004550000 - 0x0000000004560000 	C:\Program Files\MATLAB\R2009a\bin\win64\libmwcsparse.dll
0x0000000004570000 - 0x00000000045de000 	C:\Program Files\MATLAB\R2009a\bin\win64\libmwumfpack.dll
0x00000000045f0000 - 0x00000000046dd000 	C:\Program Files\MATLAB\R2009a\bin\win64\hgdatatypes.dll
0x00000000046f0000 - 0x0000000004934000 	C:\Program Files\MATLAB\R2009a\bin\win64\uiw.dll
0x0000000004950000 - 0x000000000495a000 	C:\Program Files\MATLAB\R2009a\bin\win64\uinone.dll
0x000000006a9e0000 - 0x000000006ab7c000 	C:\Windows\WinSxS\amd64_microsoft.vc80.mfc_1fc8b3b9a1e18e3b_8.0.50727.1833_none_8442d417329336b1\MFC80.DLL
0x000007fef7e00000 - 0x000007fef7e70000 	C:\Windows\system32\WINSPOOL.DRV
0x000007fefec80000 - 0x000007fefee82000 	C:\Windows\system32\ole32.dll
0x000007feff630000 - 0x000007feff707000 	C:\Windows\system32\OLEAUT32.dll
0x0000000004970000 - 0x0000000004a1b000 	C:\Program Files\MATLAB\R2009a\bin\win64\udd_mi.dll
0x0000000004a30000 - 0x0000000004a48000 	C:\Program Files\MATLAB\R2009a\bin\win64\mwoles05.DLL
0x0000000004a60000 - 0x0000000004aca000 	C:\Program Files\MATLAB\R2009a\bin\win64\comcli.dll
0x0000000074fb0000 - 0x0000000074fcf000 	C:\Windows\WinSxS\amd64_microsoft.vc80.atl_1fc8b3b9a1e18e3b_8.0.50727.1833_none_8a17faaf2edd3e00\ATL80.DLL
0x0000000004ae0000 - 0x0000000004aee000 	C:\Program Files\MATLAB\R2009a\bin\win64\mlautoregister.dll
0x000007feff520000 - 0x000007feff54e000 	C:\Windows\system32\IMM32.DLL
0x000007fefee90000 - 0x000007fefef99000 	C:\Windows\system32\MSCTF.dll
0x000007fefd360000 - 0x000007fefd36f000 	C:\Windows\system32\profapi.dll
0x000007fefbc30000 - 0x000007fefbc86000 	C:\Windows\system32\uxtheme.dll
0x000007fefae10000 - 0x000007fefae37000 	C:\Windows\system32\iphlpapi.dll
0x000007fefae00000 - 0x000007fefae0b000 	C:\Windows\system32\WINNSI.DLL
0x000007fefca10000 - 0x000007fefca6b000 	C:\Windows\system32\DNSAPI.dll
0x000007fefa6d0000 - 0x000007fefa6e1000 	C:\Windows\system32\dhcpcsvc6.DLL
0x000007fefade0000 - 0x000007fefadf8000 	C:\Windows\system32\dhcpcsvc.DLL
0x0000000074fa0000 - 0x0000000074fa3000 	C:\Windows\system32\icmp.Dll
0x000007fefd230000 - 0x000007fefd23f000 	C:\Windows\system32\CRYPTBASE.dll
0x000000000e070000 - 0x000000000e61a000 	C:\Program Files\MATLAB\R2009a\sys\java\jre\win64\jre\bin\server\jvm.dll
0x000007fefb170000 - 0x000007fefb1ab000 	C:\Windows\system32\WINMM.dll
0x0000000004d70000 - 0x0000000004d7a000 	C:\Program Files\MATLAB\R2009a\sys\java\jre\win64\jre\bin\hpi.dll
0x0000000004f10000 - 0x0000000004f1e000 	C:\Program Files\MATLAB\R2009a\sys\java\jre\win64\jre\bin\verify.dll
0x00000000072d0000 - 0x00000000072f7000 	C:\Program Files\MATLAB\R2009a\sys\java\jre\win64\jre\bin\java.dll
0x0000000007410000 - 0x0000000007422000 	C:\Program Files\MATLAB\R2009a\sys\java\jre\win64\jre\bin\zip.dll
0x000000000f7b0000 - 0x000000000f7d1000 	C:\Program Files\MATLAB\R2009a\bin\win64\nativejava.dll
0x000000000f960000 - 0x000000000f988000 	C:\Program Files\MATLAB\R2009a\bin\win64\nativejmi.dll
0x0000000007b80000 - 0x0000000007b87000 	C:\Program Files\MATLAB\R2009a\bin\win64\nativeservices.dll
0x00000000119b0000 - 0x0000000011b4f000 	C:\Program Files\MATLAB\R2009a\sys\java\jre\win64\jre\bin\awt.dll
0x000007fefb720000 - 0x000007fefb738000 	C:\Windows\system32\dwmapi.dll
0x0000000011cd0000 - 0x0000000011d3a000 	C:\Program Files\MATLAB\R2009a\sys\java\jre\win64\jre\bin\fontmanager.dll
0x0000000033a10000 - 0x0000000033a27000 	C:\Program Files\MATLAB\R2009a\sys\java\jre\win64\jre\bin\net.dll
0x000007fefcb90000 - 0x000007fefcbe4000 	C:\Windows\system32\mswsock.dll
0x000007fefcb80000 - 0x000007fefcb87000 	C:\Windows\System32\wship6.dll
0x0000000033a30000 - 0x0000000033a3b000 	C:\Program Files\MATLAB\R2009a\sys\java\jre\win64\jre\bin\nio.dll
0x0000000033ac0000 - 0x0000000033ac7000 	C:\Program Files\MATLAB\R2009a\bin\win64\nativelmgr.dll
0x0000000033ae0000 - 0x0000000033b15000 	C:\Program Files\MATLAB\R2009a\sys\java\jre\win64\jre\bin\jpeg.dll
0x0000000034c80000 - 0x0000000034e1e000 	C:\Program Files\MATLAB\R2009a\bin\win64\instutil.dll

VM Arguments:
jvm_args: -Xss512k -XX:PermSize=32m -Xms64m -XX:NewRatio=3 -XX:MaxPermSize=128m -Xmx196m -XX:MaxDirectMemorySize=2147400000 -Dsun.java2d.noddraw=true -Dsun.awt.nopixfmt=true -Xshare:off -Xrs -Djava.library.path=C:\Program Files\MATLAB\R2009a\bin\win64 vfprintf abort 
java_command: <unknown>
Launcher Type: generic

Environment Variables:
CLASSPATH=.;C:\Program Files (x86)\Java\jre6\lib\ext\QTJava.zip
PATH=C:\Windows\system32;C:\Windows;C:\Windows\System32\Wbem;C:\Windows\System32\WindowsPowerShell\v1.0\;c:\Program Files (x86)\Common Files\Roxio Shared\10.0\DLLShared\;c:\Program Files (x86)\Common Files\Roxio Shared\DLLShared\;C:\Program Files\MATLAB\R2009a\bin;C:\Program Files\MATLAB\R2009a\bin\win64;C:\Program Files (x86)\QuickTime\QTSystem\;C:\Program Files (x86)\Microsoft SQL Server\100\Tools\Binn\;C:\Program Files (x86)\Microsoft SQL Server\100\DTS\Binn\
USERNAME=micro
OS=Windows_NT
PROCESSOR_IDENTIFIER=Intel64 Family 6 Model 30 Stepping 5, GenuineIntel



---------------  S Y S T E M  ---------------

OS: Windows NT 6.1 Build 7600 

CPU:total 8 (8 cores per cpu, 2 threads per core) family 6 model 14 stepping 5, cmov, cx8, fxsr, mmx, sse, sse2, sse3, ssse3, ht

Memory: 4k page, physical 8346704k(3890208k free), swap 11126612k(4343536k free)

vm_info: Java HotSpot(TM) 64-Bit Server VM (10.0-b19) for windows-amd64 JRE (1.6.0_04-b12), built on Dec 14 2007 00:44:23 by "java_re" with MS VC++ 8.0

time: Mon Nov 29 16:13:13 2010
elapsed time: 2672 seconds

