#
# An unexpected error has been detected by Java Runtime Environment:
#
#  EXCEPTION_ACCESS_VIOLATION (0xc0000005) at pc=0x0000000011a4fe55, pid=5436, tid=1072
#
# Java VM: Java HotSpot(TM) 64-Bit Server VM (10.0-b19 mixed mode windows-amd64)
# Problematic frame:
# C  [awt.dll+0x9fe55]
#
# If you would like to submit a bug report, please visit:
#   http://java.sun.com/webapps/bugreport/crash.jsp
# The crash happened outside the Java Virtual Machine in native code.
# See problematic frame for where to report the bug.
#

---------------  T H R E A D  ---------------

Current thread (0x0000000011603400):  JavaThread "AWT-Windows" daemon [_thread_in_native, id=1072, stack(0x0000000011c50000,0x0000000011cd0000)]

siginfo: ExceptionCode=0xc0000005, reading address 0x0000000000000009

Registers:
EAX=0x0000000000000001, EBX=0x0000000000000001, ECX=0x0000000015aa2bd8, EDX=0x0000000011aabd30
ESP=0x0000000011ccf200, EBP=0x000000000001a220, ESI=0x00000000346aa3f0, EDI=0x00000000119b0000
EIP=0x0000000011a4fe55, EFLAGS=0x0000000000010206

Top of Stack: (sp=0x0000000011ccf200)
0x0000000011ccf200:   0000000011603400 0000000000000000
0x0000000011ccf210:   0000000000000001 00000000119b0000
0x0000000011ccf220:   0000000011603598 0000000011a55539
0x0000000011ccf230:   0000000000000430 0000000011603598
0x0000000011ccf240:   00000000346aa3f0 0000000000000111
0x0000000011ccf250:   0000000000000000 0000000000000001
0x0000000011ccf260:   0000000011ccf408 0000000011a8a7c5
0x0000000011ccf270:   0000000000000000 0000000011ccf408
0x0000000011ccf280:   0000000011b05210 fffffffffffffffe
0x0000000011ccf290:   0000000011603598 0000000011a8ba9c
0x0000000011ccf2a0:   0000000000000000 0000000000000111
0x0000000011ccf2b0:   0000000000000111 0000000000000111
0x0000000011ccf2c0:   000000000001a220 0000000000000000
0x0000000011ccf2d0:   00000000346aa3f0 0000000011a8d807
0x0000000011ccf2e0:   0000000000000000 00000000779ab98f
0x0000000011ccf2f0:   00000000ffffffeb 0000000000000000 

Instructions: (pc=0x0000000011a4fe55)
0x0000000011a4fe45:   e8 46 8a 03 00 48 85 c0 48 8b c8 74 06 48 8b 00
0x0000000011a4fe55:   ff 50 08 b8 02 00 00 00 48 83 c4 20 5b c3 49 8b 


Stack: [0x0000000011c50000,0x0000000011cd0000],  sp=0x0000000011ccf200,  free space=508k
Native frames: (J=compiled Java code, j=interpreted, Vv=VM code, C=native code)
C  [awt.dll+0x9fe55]

Java frames: (J=compiled Java code, j=interpreted, Vv=VM code)
v  ~BufferBlob::Interpreter
v  ~BufferBlob::Interpreter
v  ~BufferBlob::Interpreter
v  ~BufferBlob::StubRoutines (1)

---------------  P R O C E S S  ---------------

Java Threads: ( => current thread )
  0x000000000fd3d400 JavaThread "Thread-4585" [_thread_blocked, id=1396, stack(0x0000000050030000,0x00000000500b0000)]
  0x000000000fd40400 JavaThread "Thread-4440" [_thread_blocked, id=4504, stack(0x000000004fc50000,0x000000004fcd0000)]
  0x000000000fd3fc00 JavaThread "Thread-3100" [_thread_blocked, id=5584, stack(0x000000004fbd0000,0x000000004fc50000)]
  0x000000000fd3e800 JavaThread "Thread-2320" [_thread_blocked, id=2852, stack(0x000000004eb80000,0x000000004ec00000)]
  0x0000000033df4000 JavaThread "Thread-2302" [_thread_blocked, id=784, stack(0x000000004eb00000,0x000000004eb80000)]
  0x0000000033df1c00 JavaThread "Thread-2271" [_thread_blocked, id=5292, stack(0x000000004ea80000,0x000000004eb00000)]
  0x0000000033df4c00 JavaThread "Thread-2253" [_thread_blocked, id=5492, stack(0x000000004e980000,0x000000004ea00000)]
  0x0000000033df3800 JavaThread "Thread-2093" [_thread_blocked, id=5012, stack(0x000000004ea00000,0x000000004ea80000)]
  0x0000000033df3400 JavaThread "Thread-2090" [_thread_blocked, id=952, stack(0x000000004e900000,0x000000004e980000)]
  0x0000000033df2400 JavaThread "Thread-2084" [_thread_blocked, id=3672, stack(0x000000004e880000,0x000000004e900000)]
  0x0000000033df2c00 JavaThread "Thread-2081" [_thread_blocked, id=2264, stack(0x000000004e800000,0x000000004e880000)]
  0x0000000033df1800 JavaThread "Thread-2072" [_thread_blocked, id=4040, stack(0x000000004ab10000,0x000000004ab90000)]
  0x00000000345f6c00 JavaThread "Thread-2037" [_thread_blocked, id=4296, stack(0x000000004aa40000,0x000000004aac0000)]
  0x00000000345f7400 JavaThread "Thread-1335" [_thread_blocked, id=4804, stack(0x0000000039800000,0x0000000039880000)]
  0x00000000348f3000 JavaThread "Thread-1182" [_thread_blocked, id=3428, stack(0x0000000039780000,0x0000000039800000)]
  0x00000000348f3c00 JavaThread "Thread-1129" [_thread_blocked, id=3940, stack(0x000000003ba40000,0x000000003bac0000)]
  0x00000000345f9c00 JavaThread "Thread-965" [_thread_blocked, id=6048, stack(0x000000003b9a0000,0x000000003ba20000)]
  0x00000000345f8c00 JavaThread "Thread-835" [_thread_blocked, id=5564, stack(0x0000000036f00000,0x0000000036f80000)]
  0x00000000345fb000 JavaThread "Thread-818" [_thread_blocked, id=4888, stack(0x00000000352b0000,0x0000000035330000)]
  0x00000000348f3400 JavaThread "Thread-302" [_thread_blocked, id=5236, stack(0x0000000036850000,0x00000000368d0000)]
  0x00000000348f4c00 JavaThread "Thread-267" [_thread_blocked, id=5692, stack(0x00000000365f0000,0x0000000036670000)]
  0x00000000345fbc00 JavaThread "Thread-181" [_thread_blocked, id=3848, stack(0x0000000036470000,0x00000000364f0000)]
  0x00000000345fc400 JavaThread "Prefs Updater" [_thread_blocked, id=5908, stack(0x000000000d730000,0x000000000d7b0000)]
  0x00000000348f4400 JavaThread "Foxtrot Single Worker Thread #1" daemon [_thread_blocked, id=4952, stack(0x000000000e0e0000,0x000000000e160000)]
  0x00000000345fcc00 JavaThread "Timer queue for AWT thread" daemon [_thread_blocked, id=6072, stack(0x000000000d570000,0x000000000d5f0000)]
  0x00000000345f7800 JavaThread "Active Reference Queue Daemon" daemon [_thread_blocked, id=5608, stack(0x00000000369c0000,0x0000000036a40000)]
  0x00000000345f5c00 JavaThread "Timer-18" daemon [_thread_blocked, id=2516, stack(0x0000000036940000,0x00000000369c0000)]
  0x00000000345f6400 JavaThread "Timer-13" daemon [_thread_blocked, id=4484, stack(0x0000000036670000,0x00000000366f0000)]
  0x000000001162c400 JavaThread "Timer-1" [_thread_blocked, id=4348, stack(0x0000000034fb0000,0x0000000035030000)]
  0x0000000011695c00 JavaThread "TimerQueue" daemon [_thread_blocked, id=2804, stack(0x0000000034bd0000,0x0000000034c50000)]
  0x00000000117bdc00 JavaThread "AWT-EventQueue-0" [_thread_in_native, id=4880, stack(0x0000000034b50000,0x0000000034bd0000)]
=>0x0000000011603400 JavaThread "AWT-Windows" daemon [_thread_in_native, id=1072, stack(0x0000000011c50000,0x0000000011cd0000)]
  0x0000000011602c00 JavaThread "AWT-Shutdown" [_thread_blocked, id=4112, stack(0x0000000011bd0000,0x0000000011c50000)]
  0x0000000011602400 JavaThread "Java2D Disposer" daemon [_thread_blocked, id=2196, stack(0x0000000011b50000,0x0000000011bd0000)]
  0x000000000fc9e800 JavaThread "Timer-0" [_thread_blocked, id=288, stack(0x0000000011050000,0x00000000110d0000)]
  0x000000000fc27000 JavaThread "JMI Unnamed Thread" [_thread_in_native, id=2304, stack(0x0000000009010000,0x000000000a010000)]
  0x000000000fadcc00 JavaThread "Low Memory Detector" daemon [_thread_blocked, id=2276, stack(0x000000000fb50000,0x000000000fbd0000)]
  0x000000000fad8c00 JavaThread "CompilerThread1" daemon [_thread_blocked, id=3228, stack(0x00000000316a0000,0x00000000326a0000)]
  0x000000000fad3c00 JavaThread "CompilerThread0" daemon [_thread_blocked, id=2844, stack(0x00000000306a0000,0x00000000316a0000)]
  0x000000000fad3400 JavaThread "Attach Listener" daemon [_thread_blocked, id=5768, stack(0x000000000f8c0000,0x000000000f940000)]
  0x000000000faab400 JavaThread "Finalizer" daemon [_thread_blocked, id=4252, stack(0x000000000f840000,0x000000000f8c0000)]
  0x0000000004caf400 JavaThread "Reference Handler" daemon [_thread_blocked, id=3348, stack(0x000000000f7c0000,0x000000000f840000)]
  0x0000000004baec00 JavaThread "main" [_thread_in_native, id=2948, stack(0x0000000000030000,0x0000000001030000)]

Other Threads:
  0x0000000004cae400 VMThread [stack: 0x000000002f6a0000,0x00000000306a0000] [id=4700]
  0x000000000fb09400 WatcherThread [stack: 0x00000000326a0000,0x00000000336a0000] [id=5324]

VM state:not at safepoint (normal execution)

VM Mutex/Monitor currently owned by a thread: None

Heap
 PSYoungGen      total 16448K, used 8437K [0x00000000265a0000, 0x0000000027620000, 0x00000000296a0000)
  eden space 16000K, 50% used [0x00000000265a0000,0x0000000026d8d680,0x0000000027540000)
  from space 448K, 71% used [0x00000000275b0000,0x0000000027600000,0x0000000027620000)
  to   space 448K, 0% used [0x0000000027540000,0x0000000027540000,0x00000000275b0000)
 PSOldGen        total 150528K, used 134146K [0x000000001d2a0000, 0x00000000265a0000, 0x00000000265a0000)
  object space 150528K, 89% used [0x000000001d2a0000,0x00000000255a0b60,0x00000000265a0000)
 PSPermGen       total 59200K, used 59008K [0x00000000152a0000, 0x0000000018c70000, 0x000000001d2a0000)
  object space 59200K, 99% used [0x00000000152a0000,0x0000000018c40310,0x0000000018c70000)

Dynamic libraries:
0x0000000140000000 - 0x0000000140032000 	C:\Program Files\MATLAB\R2009a\bin\win64\MATLAB.exe
0x0000000077bb0000 - 0x0000000077d5b000 	C:\Windows\SYSTEM32\ntdll.dll
0x0000000077a90000 - 0x0000000077baf000 	C:\Windows\system32\kernel32.dll
0x000007fefde70000 - 0x000007fefdedb000 	C:\Windows\system32\KERNELBASE.dll
0x0000000180000000 - 0x0000000180406000 	C:\Program Files\MATLAB\R2009a\bin\win64\libut.dll
0x000007fefe910000 - 0x000007fefe927000 	C:\Windows\system32\imagehlp.dll
0x000007feffe20000 - 0x000007feffebf000 	C:\Windows\system32\msvcrt.dll
0x0000000077d80000 - 0x0000000077d87000 	C:\Windows\system32\PSAPI.DLL
0x00000000010d0000 - 0x00000000010f8000 	C:\Program Files\MATLAB\R2009a\bin\win64\LIBEXPAT.dll
0x0000000074840000 - 0x0000000074909000 	C:\Windows\WinSxS\amd64_microsoft.vc80.crt_1fc8b3b9a1e18e3b_8.0.50727.4927_none_88dce9872fb18caf\MSVCR80.dll
0x000000004a800000 - 0x000000004a923000 	C:\Program Files\MATLAB\R2009a\bin\win64\icuuc38.dll
0x000007fefecc0000 - 0x000007fefed9b000 	C:\Windows\system32\ADVAPI32.dll
0x000007fefefa0000 - 0x000007fefefbf000 	C:\Windows\SYSTEM32\sechost.dll
0x000007fefe5a0000 - 0x000007fefe6ce000 	C:\Windows\system32\RPCRT4.dll
0x000000004ad00000 - 0x000000004ad03000 	C:\Program Files\MATLAB\R2009a\bin\win64\icudt38.dll
0x000000004ab00000 - 0x000000004ab0f000 	C:\Program Files\MATLAB\R2009a\bin\win64\icuio38.dll
0x0000000001350000 - 0x000000000148a000 	C:\Program Files\MATLAB\R2009a\bin\win64\icuin38.dll
0x00000000746c0000 - 0x00000000747c9000 	C:\Windows\WinSxS\amd64_microsoft.vc80.crt_1fc8b3b9a1e18e3b_8.0.50727.4927_none_88dce9872fb18caf\MSVCP80.dll
0x0000000077990000 - 0x0000000077a8a000 	C:\Windows\system32\USER32.dll
0x000007fefef30000 - 0x000007fefef97000 	C:\Windows\system32\GDI32.dll
0x000007fefeda0000 - 0x000007fefedae000 	C:\Windows\system32\LPK.dll
0x000007fefe3a0000 - 0x000007fefe46a000 	C:\Windows\system32\USP10.dll
0x0000000001140000 - 0x00000000011ae000 	C:\Program Files\MATLAB\R2009a\bin\win64\libmwfl.dll
0x00000000011c0000 - 0x00000000011cf000 	C:\Program Files\MATLAB\R2009a\bin\win64\boost_date_time-vc80-mt-1_36.dll
0x00000000011e0000 - 0x00000000011f6000 	C:\Program Files\MATLAB\R2009a\bin\win64\boost_signals-vc80-mt-1_36.dll
0x0000000001210000 - 0x0000000001219000 	C:\Program Files\MATLAB\R2009a\bin\win64\boost_system-vc80-mt-1_36.dll
0x0000000001230000 - 0x0000000001241000 	C:\Program Files\MATLAB\R2009a\bin\win64\boost_thread-vc80-mt-1_36.dll
0x00000000014a0000 - 0x00000000016d7000 	C:\Program Files\MATLAB\R2009a\bin\win64\libmwservices.dll
0x00000000016f0000 - 0x0000000001761000 	C:\Program Files\MATLAB\R2009a\bin\win64\libmx.dll
0x0000000001780000 - 0x0000000001797000 	C:\Program Files\MATLAB\R2009a\bin\win64\zlib1.dll
0x00000000017a0000 - 0x00000000018c5000 	C:\Program Files\MATLAB\R2009a\bin\win64\libmwmathutil.dll
0x00000000018e0000 - 0x0000000001935000 	C:\Program Files\MATLAB\R2009a\bin\win64\mpath.dll
0x0000000001950000 - 0x000000000199f000 	C:\Program Files\MATLAB\R2009a\bin\win64\mlutil.dll
0x0000000010000000 - 0x0000000010049000 	C:\Program Files\MATLAB\R2009a\bin\win64\tbb.dll
0x000007fef6530000 - 0x000007fef65d0000 	C:\Windows\WinSxS\amd64_microsoft.windows.common-controls_6595b64144ccf1df_5.82.7600.16661_none_a44e1fc257f685f6\COMCTL32.dll
0x000007fefe750000 - 0x000007fefe7e8000 	C:\Windows\system32\comdlg32.dll
0x000007fefdee0000 - 0x000007fefdf51000 	C:\Windows\system32\SHLWAPI.dll
0x000007fefefc0000 - 0x000007feffd46000 	C:\Windows\system32\SHELL32.dll
0x000007fefbc00000 - 0x000007fefbc16000 	C:\Windows\system32\NETAPI32.dll
0x000007fefbbf0000 - 0x000007fefbbfc000 	C:\Windows\system32\netutils.dll
0x000007fefd740000 - 0x000007fefd763000 	C:\Windows\system32\srvcli.dll
0x000007fefbbd0000 - 0x000007fefbbe5000 	C:\Windows\system32\wkscli.dll
0x000007fefe470000 - 0x000007fefe4bd000 	C:\Windows\system32\WS2_32.dll
0x000007fefe7f0000 - 0x000007fefe7f8000 	C:\Windows\system32\NSI.dll
0x00000000019b0000 - 0x0000000001a32000 	C:\Program Files\MATLAB\R2009a\bin\win64\mcr.dll
0x0000000001a50000 - 0x0000000001ab2000 	C:\Program Files\MATLAB\R2009a\bin\win64\iqm.dll
0x0000000001ad0000 - 0x00000000023b7000 	C:\Program Files\MATLAB\R2009a\bin\win64\m_interpreter.dll
0x00000000023d0000 - 0x00000000023df000 	C:\Program Files\MATLAB\R2009a\bin\win64\libmex.dll
0x00000000023f0000 - 0x0000000002480000 	C:\Program Files\MATLAB\R2009a\bin\win64\m_dispatcher.dll
0x0000000002490000 - 0x00000000024b5000 	C:\Program Files\MATLAB\R2009a\bin\win64\datasvcs.dll
0x0000000012000000 - 0x0000000012295000 	C:\Program Files\MATLAB\R2009a\bin\win64\xerces-c_2_7.dll
0x00000000024e0000 - 0x00000000025d1000 	C:\Program Files\MATLAB\R2009a\bin\win64\boost_regex-vc80-mt-1_36.dll
0x00000000025f0000 - 0x0000000002681000 	C:\Program Files\MATLAB\R2009a\bin\win64\profiler.dll
0x00000000026a0000 - 0x00000000026ca000 	C:\Program Files\MATLAB\R2009a\bin\win64\libmwmathrng.dll
0x00000000026e0000 - 0x00000000026fa000 	C:\Program Files\MATLAB\R2009a\bin\win64\m_pcodeio.dll
0x0000000002710000 - 0x000000000275d000 	C:\Program Files\MATLAB\R2009a\bin\win64\m_ir.dll
0x0000000002770000 - 0x0000000002d76000 	C:\Program Files\MATLAB\R2009a\bin\win64\m_parser.dll
0x0000000002d90000 - 0x0000000002da4000 	C:\Program Files\MATLAB\R2009a\bin\win64\ir_xfmr.dll
0x0000000002dc0000 - 0x0000000003041000 	C:\Program Files\MATLAB\R2009a\bin\win64\mcos.dll
0x0000000003060000 - 0x000000000306c000 	C:\Program Files\MATLAB\R2009a\bin\win64\mtok.dll
0x0000000003080000 - 0x00000000030a0000 	C:\Program Files\MATLAB\R2009a\bin\win64\m_pcodegen.dll
0x000007fefb100000 - 0x000007fefb225000 	C:\Windows\system32\dbghelp.dll
0x00000000030b0000 - 0x00000000030d4000 	C:\Program Files\MATLAB\R2009a\bin\win64\bridge.dll
0x00000000030f0000 - 0x00000000031b0000 	C:\Program Files\MATLAB\R2009a\bin\win64\udd.dll
0x00000000031c0000 - 0x0000000003317000 	C:\Program Files\MATLAB\R2009a\bin\win64\libmwgui.dll
0x0000000003330000 - 0x0000000003615000 	C:\Program Files\MATLAB\R2009a\bin\win64\hg.dll
0x0000000003630000 - 0x0000000003662000 	C:\Program Files\MATLAB\R2009a\bin\win64\libmat.dll
0x0000000003680000 - 0x000000000386e000 	C:\Program Files\MATLAB\R2009a\bin\win64\libhdf5.dll
0x0000000003880000 - 0x00000000038e0000 	C:\Program Files\MATLAB\R2009a\bin\win64\jmi.dll
0x00000000038f0000 - 0x0000000003930000 	C:\Program Files\MATLAB\R2009a\bin\win64\libmwhardcopy.dll
0x0000000003940000 - 0x0000000003998000 	C:\Program Files\MATLAB\R2009a\bin\win64\libuij.dll
0x00000000039b0000 - 0x0000000003aa2000 	C:\Program Files\MATLAB\R2009a\bin\win64\libmwmathlinalg.dll
0x0000000003ac0000 - 0x0000000003e6c000 	C:\Program Files\MATLAB\R2009a\bin\win64\libmwmathelem.dll
0x0000000003e80000 - 0x0000000003eec000 	C:\Program Files\MATLAB\R2009a\bin\win64\libmwmathcore.dll
0x0000000003f00000 - 0x0000000003f62000 	C:\Program Files\MATLAB\R2009a\bin\win64\libmwcholmod.dll
0x0000000003f80000 - 0x0000000003f8d000 	C:\Program Files\MATLAB\R2009a\bin\win64\libmwamd.dll
0x0000000003fa0000 - 0x0000000003fac000 	C:\Program Files\MATLAB\R2009a\bin\win64\libmwcolamd.dll
0x0000000003fc0000 - 0x0000000003fd5000 	C:\Program Files\MATLAB\R2009a\bin\win64\libmwblas.dll
0x0000000003ff0000 - 0x0000000004001000 	C:\Program Files\MATLAB\R2009a\bin\win64\libmwbinder.dll
0x0000000004020000 - 0x000000000409d000 	C:\Program Files\MATLAB\R2009a\bin\win64\libmwlapack.dll
0x00000000040b0000 - 0x00000000040eb000 	C:\Program Files\MATLAB\R2009a\bin\win64\libmwrookfastbp.dll
0x0000000004100000 - 0x000000000414c000 	C:\Program Files\MATLAB\R2009a\bin\win64\libmwma57.dll
0x0000000004160000 - 0x000000000427c000 	C:\Program Files\MATLAB\R2009a\bin\win64\libifcoremd.dll
0x0000000004280000 - 0x0000000004550000 	C:\Program Files\MATLAB\R2009a\bin\win64\libmmd.dll
0x0000000004550000 - 0x0000000004560000 	C:\Program Files\MATLAB\R2009a\bin\win64\libmwcsparse.dll
0x0000000004570000 - 0x00000000045de000 	C:\Program Files\MATLAB\R2009a\bin\win64\libmwumfpack.dll
0x00000000045f0000 - 0x00000000046dd000 	C:\Program Files\MATLAB\R2009a\bin\win64\hgdatatypes.dll
0x00000000046f0000 - 0x0000000004934000 	C:\Program Files\MATLAB\R2009a\bin\win64\uiw.dll
0x0000000004950000 - 0x000000000495a000 	C:\Program Files\MATLAB\R2009a\bin\win64\uinone.dll
0x0000000068780000 - 0x000000006891c000 	C:\Windows\WinSxS\amd64_microsoft.vc80.mfc_1fc8b3b9a1e18e3b_8.0.50727.1833_none_8442d417329336b1\MFC80.DLL
0x000007fef8d70000 - 0x000007fef8de0000 	C:\Windows\system32\WINSPOOL.DRV
0x000007fefeab0000 - 0x000007fefecb2000 	C:\Windows\system32\ole32.dll
0x000007fefe4c0000 - 0x000007fefe597000 	C:\Windows\system32\OLEAUT32.dll
0x0000000004970000 - 0x0000000004a1b000 	C:\Program Files\MATLAB\R2009a\bin\win64\udd_mi.dll
0x0000000004a30000 - 0x0000000004a48000 	C:\Program Files\MATLAB\R2009a\bin\win64\mwoles05.DLL
0x0000000004a60000 - 0x0000000004aca000 	C:\Program Files\MATLAB\R2009a\bin\win64\comcli.dll
0x000000006cb20000 - 0x000000006cb3f000 	C:\Windows\WinSxS\amd64_microsoft.vc80.atl_1fc8b3b9a1e18e3b_8.0.50727.1833_none_8a17faaf2edd3e00\ATL80.DLL
0x0000000004ae0000 - 0x0000000004aee000 	C:\Program Files\MATLAB\R2009a\bin\win64\mlautoregister.dll
0x000007feffdf0000 - 0x000007feffe1e000 	C:\Windows\system32\IMM32.DLL
0x000007fefe800000 - 0x000007fefe909000 	C:\Windows\system32\MSCTF.dll
0x000007fefdb10000 - 0x000007fefdb1f000 	C:\Windows\system32\profapi.dll
0x000007fefc5b0000 - 0x000007fefc606000 	C:\Windows\system32\uxtheme.dll
0x000007fefb4d0000 - 0x000007fefb4f7000 	C:\Windows\system32\iphlpapi.dll
0x000007fefb4a0000 - 0x000007fefb4ab000 	C:\Windows\system32\WINNSI.DLL
0x000007fefd1e0000 - 0x000007fefd23b000 	C:\Windows\system32\DNSAPI.dll
0x000007fefb430000 - 0x000007fefb448000 	C:\Windows\system32\dhcpcsvc.DLL
0x000007fefa6e0000 - 0x000007fefa6f1000 	C:\Windows\system32\dhcpcsvc6.DLL
0x0000000075610000 - 0x0000000075613000 	C:\Windows\system32\icmp.Dll
0x000007fefda40000 - 0x000007fefda4f000 	C:\Windows\system32\CRYPTBASE.dll
0x000000000e160000 - 0x000000000e70a000 	C:\Program Files\MATLAB\R2009a\sys\java\jre\win64\jre\bin\server\jvm.dll
0x000007fefb7f0000 - 0x000007fefb82b000 	C:\Windows\system32\WINMM.dll
0x0000000004df0000 - 0x0000000004dfa000 	C:\Program Files\MATLAB\R2009a\sys\java\jre\win64\jre\bin\hpi.dll
0x00000000071a0000 - 0x00000000071ae000 	C:\Program Files\MATLAB\R2009a\sys\java\jre\win64\jre\bin\verify.dll
0x00000000071b0000 - 0x00000000071d7000 	C:\Program Files\MATLAB\R2009a\sys\java\jre\win64\jre\bin\java.dll
0x00000000072f0000 - 0x0000000007302000 	C:\Program Files\MATLAB\R2009a\sys\java\jre\win64\jre\bin\zip.dll
0x00000000074d0000 - 0x00000000074f1000 	C:\Program Files\MATLAB\R2009a\bin\win64\nativejava.dll
0x0000000007500000 - 0x0000000007528000 	C:\Program Files\MATLAB\R2009a\bin\win64\nativejmi.dll
0x0000000007c80000 - 0x0000000007c87000 	C:\Program Files\MATLAB\R2009a\bin\win64\nativeservices.dll
0x00000000119b0000 - 0x0000000011b4f000 	C:\Program Files\MATLAB\R2009a\sys\java\jre\win64\jre\bin\awt.dll
0x000007fefc040000 - 0x000007fefc058000 	C:\Windows\system32\dwmapi.dll
0x0000000011cd0000 - 0x0000000011d3a000 	C:\Program Files\MATLAB\R2009a\sys\java\jre\win64\jre\bin\fontmanager.dll
0x0000000033a90000 - 0x0000000033aa7000 	C:\Program Files\MATLAB\R2009a\sys\java\jre\win64\jre\bin\net.dll
0x000007fefd360000 - 0x000007fefd3b4000 	C:\Windows\system32\mswsock.dll
0x000007fefd350000 - 0x000007fefd357000 	C:\Windows\System32\wship6.dll
0x0000000033ab0000 - 0x0000000033abb000 	C:\Program Files\MATLAB\R2009a\sys\java\jre\win64\jre\bin\nio.dll
0x0000000033ac0000 - 0x0000000033ac7000 	C:\Program Files\MATLAB\R2009a\bin\win64\nativelmgr.dll
0x0000000034c50000 - 0x0000000034c85000 	C:\Program Files\MATLAB\R2009a\sys\java\jre\win64\jre\bin\jpeg.dll
0x0000000034e10000 - 0x0000000034fae000 	C:\Program Files\MATLAB\R2009a\bin\win64\instutil.dll

VM Arguments:
jvm_args: -Xss512k -XX:PermSize=32m -Xms64m -XX:NewRatio=3 -XX:MaxPermSize=128m -Xmx196m -XX:MaxDirectMemorySize=2147400000 -Dsun.java2d.noddraw=true -Dsun.awt.nopixfmt=true -Xshare:off -Xrs -Djava.library.path=C:\Program Files\MATLAB\R2009a\bin\win64 vfprintf abort 
java_command: <unknown>
Launcher Type: generic

Environment Variables:
CLASSPATH=.;C:\Program Files (x86)\Java\jre6\lib\ext\QTJava.zip
PATH=C:\Windows\system32;C:\Windows;C:\Windows\System32\Wbem;C:\Windows\System32\WindowsPowerShell\v1.0\;c:\Program Files (x86)\Common Files\Roxio Shared\10.0\DLLShared\;c:\Program Files (x86)\Common Files\Roxio Shared\DLLShared\;C:\Program Files\MATLAB\R2009a\bin;C:\Program Files\MATLAB\R2009a\bin\win64;C:\Program Files (x86)\QuickTime\QTSystem\;C:\Program Files (x86)\Microsoft SQL Server\100\Tools\Binn\;C:\Program Files (x86)\Microsoft SQL Server\100\DTS\Binn\;C:\Python26;C:\Python26\DLLs;C:\Python26\Scripts;C:\Python26\Lib\site-packages\PyQt4;C:\Python26\gnuplot\bin;C:\Python26\Lib\site-packages\vtk;C:\Program Files (x86)\pythonxy\console;C:\Program Files (x86)\pythonxy\SciTE-2.21;C:\Program Files (x86)\pythonxy\mingw\bin;C:\Windows\System32
USERNAME=micro
OS=Windows_NT
PROCESSOR_IDENTIFIER=Intel64 Family 6 Model 30 Stepping 5, GenuineIntel



---------------  S Y S T E M  ---------------

OS: Windows NT 6.1 Build 7600 

CPU:total 8 (8 cores per cpu, 2 threads per core) family 6 model 14 stepping 5, cmov, cx8, fxsr, mmx, sse, sse2, sse3, ssse3, ht

Memory: 4k page, physical 8346704k(2550928k free), swap 16691508k(11465384k free)

vm_info: Java HotSpot(TM) 64-Bit Server VM (10.0-b19) for windows-amd64 JRE (1.6.0_04-b12), built on Dec 14 2007 00:44:23 by "java_re" with MS VC++ 8.0

time: Mon Jan 17 12:51:37 2011
elapsed time: 231822 seconds

