#
# An unexpected error has been detected by Java Runtime Environment:
#
#  EXCEPTION_ACCESS_VIOLATION (0xc0000005) at pc=0x000000000fb9fe55, pid=13012, tid=12756
#
# Java VM: Java HotSpot(TM) 64-Bit Server VM (10.0-b19 mixed mode windows-amd64)
# Problematic frame:
# C  [awt.dll+0x9fe55]
#
# If you would like to submit a bug report, please visit:
#   http://java.sun.com/webapps/bugreport/crash.jsp
# The crash happened outside the Java Virtual Machine in native code.
# See problematic frame for where to report the bug.
#

---------------  T H R E A D  ---------------

Current thread (0x000000001150d000):  JavaThread "AWT-Windows" daemon [_thread_in_native, id=12756, stack(0x000000000fd20000,0x000000000fda0000)]

siginfo: ExceptionCode=0xc0000005, reading address 0x00000000732a132c

Registers:
EAX=0x00000000732a1324, EBX=0x0000000000000001, ECX=0x000000000f9b6d00, EDX=0x000000000fbfbd30
ESP=0x000000000fd9ee20, EBP=0x000000000001a220, ESI=0x00000000351393d0, EDI=0x000000000fb00000
EIP=0x000000000fb9fe55, EFLAGS=0x0000000000010206

Top of Stack: (sp=0x000000000fd9ee20)
0x000000000fd9ee20:   000000001150d000 0000000000000000
0x000000000fd9ee30:   0000000000000001 000000000fb00000
0x000000000fd9ee40:   000000001150d198 000000000fba5539
0x000000000fd9ee50:   0000000000000000 000000001150d198
0x000000000fd9ee60:   00000000351393d0 0000000000000111
0x000000000fd9ee70:   0000000000000000 0000000000000000
0x000000000fd9ee80:   0000000000000000 0000000000000000
0x000000000fd9ee90:   0000000000000000 000007fefd8810fc
0x000000000fd9eea0:   0000000000000000 fffffffffffffffe
0x000000000fd9eeb0:   000000001150d198 0000000000000001
0x000000000fd9eec0:   0000000000000000 0000000000000111
0x000000000fd9eed0:   0000000000000111 0000000000000111
0x000000000fd9eee0:   000000000001a220 0000000000000000
0x000000000fd9eef0:   00000000351393d0 000000000fbdd807
0x000000000fd9ef00:   0000000000000000 000000007758b98f
0x000000000fd9ef10:   00000000ffffffeb 0000000000000000 

Instructions: (pc=0x000000000fb9fe55)
0x000000000fb9fe45:   e8 46 8a 03 00 48 85 c0 48 8b c8 74 06 48 8b 00
0x000000000fb9fe55:   ff 50 08 b8 02 00 00 00 48 83 c4 20 5b c3 49 8b 


Stack: [0x000000000fd20000,0x000000000fda0000],  sp=0x000000000fd9ee20,  free space=507k
Native frames: (J=compiled Java code, j=interpreted, Vv=VM code, C=native code)
C  [awt.dll+0x9fe55]

Java frames: (J=compiled Java code, j=interpreted, Vv=VM code)
v  ~BufferBlob::Interpreter
v  ~BufferBlob::Interpreter
v  ~BufferBlob::Interpreter
v  ~BufferBlob::StubRoutines (1)

---------------  P R O C E S S  ---------------

Java Threads: ( => current thread )
  0x0000000035494400 JavaThread "Prefs Updater" [_thread_blocked, id=9920, stack(0x0000000037810000,0x0000000037890000)]
  0x0000000035493c00 JavaThread "Thread-62" [_thread_blocked, id=8644, stack(0x0000000037790000,0x0000000037810000)]
  0x0000000035493400 JavaThread "Thread-61" [_thread_blocked, id=13856, stack(0x0000000037710000,0x0000000037790000)]
  0x0000000035492c00 JavaThread "Thread-59" [_thread_blocked, id=14164, stack(0x0000000037690000,0x0000000037710000)]
  0x0000000035492800 JavaThread "Thread-58" [_thread_blocked, id=14204, stack(0x00000000375a0000,0x0000000037620000)]
  0x0000000035492000 JavaThread "Thread-57" [_thread_blocked, id=12996, stack(0x0000000037520000,0x00000000375a0000)]
  0x0000000034de7400 JavaThread "Thread-56" [_thread_blocked, id=12332, stack(0x00000000374a0000,0x0000000037520000)]
  0x0000000034de6c00 JavaThread "Thread-54" [_thread_blocked, id=8632, stack(0x0000000037420000,0x00000000374a0000)]
  0x0000000034de6400 JavaThread "Thread-51" [_thread_blocked, id=11008, stack(0x00000000373a0000,0x0000000037420000)]
  0x0000000034de5c00 JavaThread "Active Reference Queue Daemon" daemon [_thread_blocked, id=4200, stack(0x00000000372a0000,0x0000000037320000)]
  0x0000000034de5800 JavaThread "Timer-43" daemon [_thread_blocked, id=13440, stack(0x0000000037220000,0x00000000372a0000)]
  0x0000000034de3c00 JavaThread "Timer-23" daemon [_thread_blocked, id=6300, stack(0x0000000037120000,0x00000000371a0000)]
  0x0000000034c13800 JavaThread "Timer-1" [_thread_blocked, id=8908, stack(0x00000000358f0000,0x0000000035970000)]
  0x0000000011802400 JavaThread "TimerQueue" daemon [_thread_blocked, id=2252, stack(0x0000000011e40000,0x0000000011ec0000)]
  0x000000001172a400 JavaThread "AWT-EventQueue-0" [_thread_in_native, id=7592, stack(0x0000000011db0000,0x0000000011e30000)]
=>0x000000001150d000 JavaThread "AWT-Windows" daemon [_thread_in_native, id=12756, stack(0x000000000fd20000,0x000000000fda0000)]
  0x000000001150c800 JavaThread "AWT-Shutdown" [_thread_blocked, id=12316, stack(0x000000000fca0000,0x000000000fd20000)]
  0x000000001150c000 JavaThread "Java2D Disposer" daemon [_thread_blocked, id=10144, stack(0x000000000d4f0000,0x000000000d570000)]
  0x000000000f8dec00 JavaThread "Timer-0" [_thread_blocked, id=7328, stack(0x000000000d470000,0x000000000d4f0000)]
  0x000000000f79e000 JavaThread "JMI Unnamed Thread" [_thread_in_native, id=13068, stack(0x000000000a700000,0x000000000b700000)]
  0x000000000cfcdc00 JavaThread "Low Memory Detector" daemon [_thread_blocked, id=5576, stack(0x000000000cdb0000,0x000000000ce30000)]
  0x000000000cfc8800 JavaThread "CompilerThread1" daemon [_thread_blocked, id=7560, stack(0x00000000326a0000,0x00000000336a0000)]
  0x000000000cfc4c00 JavaThread "CompilerThread0" daemon [_thread_blocked, id=7960, stack(0x00000000316a0000,0x00000000326a0000)]
  0x000000000cfc4400 JavaThread "Attach Listener" daemon [_thread_blocked, id=7972, stack(0x000000000cd30000,0x000000000cdb0000)]
  0x000000000cf98000 JavaThread "Finalizer" daemon [_thread_blocked, id=2040, stack(0x000000000ccb0000,0x000000000cd30000)]
  0x000000000cf93400 JavaThread "Reference Handler" daemon [_thread_blocked, id=7436, stack(0x0000000008500000,0x0000000008580000)]
  0x0000000004e7ec00 JavaThread "main" [_thread_in_native, id=9568, stack(0x0000000000030000,0x0000000001030000)]

Other Threads:
  0x000000000cf8c400 VMThread [stack: 0x00000000306a0000,0x00000000316a0000] [id=3192]
  0x000000000cffa400 WatcherThread [stack: 0x00000000336a0000,0x00000000346a0000] [id=8160]

VM state:not at safepoint (normal execution)

VM Mutex/Monitor currently owned by a thread: None

Heap
 PSYoungGen      total 15680K, used 12922K [0x00000000265a0000, 0x00000000275a0000, 0x00000000296a0000)
  eden space 15104K, 81% used [0x00000000265a0000,0x00000000271b4728,0x0000000027460000)
  from space 576K, 96% used [0x0000000027460000,0x00000000274ea478,0x00000000274f0000)
  to   space 704K, 0% used [0x00000000274f0000,0x00000000274f0000,0x00000000275a0000)
 PSOldGen        total 107008K, used 87316K [0x000000001d2a0000, 0x0000000023b20000, 0x00000000265a0000)
  object space 107008K, 81% used [0x000000001d2a0000,0x00000000227e5340,0x0000000023b20000)
 PSPermGen       total 94592K, used 50040K [0x00000000152a0000, 0x000000001af00000, 0x000000001d2a0000)
  object space 94592K, 52% used [0x00000000152a0000,0x000000001837e050,0x000000001af00000)

Dynamic libraries:
0x0000000140000000 - 0x0000000140032000 	C:\Program Files\MATLAB\R2009a\bin\win64\MATLAB.exe
0x0000000077790000 - 0x000000007793c000 	C:\Windows\SYSTEM32\ntdll.dll
0x0000000077670000 - 0x000000007778f000 	C:\Windows\system32\kernel32.dll
0x000007fefd880000 - 0x000007fefd8ec000 	C:\Windows\system32\KERNELBASE.dll
0x0000000180000000 - 0x0000000180406000 	C:\Program Files\MATLAB\R2009a\bin\win64\libut.dll
0x000007fefeaa0000 - 0x000007fefeab7000 	C:\Windows\system32\imagehlp.dll
0x000007fefef90000 - 0x000007feff02f000 	C:\Windows\system32\msvcrt.dll
0x0000000077950000 - 0x0000000077957000 	C:\Windows\system32\PSAPI.DLL
0x00000000010e0000 - 0x0000000001108000 	C:\Program Files\MATLAB\R2009a\bin\win64\LIBEXPAT.dll
0x0000000073910000 - 0x00000000739d9000 	C:\Windows\WinSxS\amd64_microsoft.vc80.crt_1fc8b3b9a1e18e3b_8.0.50727.6195_none_88e41e092fab0294\MSVCR80.dll
0x000000004a800000 - 0x000000004a923000 	C:\Program Files\MATLAB\R2009a\bin\win64\icuuc38.dll
0x000007fefdb40000 - 0x000007fefdc1b000 	C:\Windows\system32\ADVAPI32.dll
0x000007fefeac0000 - 0x000007fefeadf000 	C:\Windows\SYSTEM32\sechost.dll
0x000007feff270000 - 0x000007feff39e000 	C:\Windows\system32\RPCRT4.dll
0x000000004ad00000 - 0x000000004ad03000 	C:\Program Files\MATLAB\R2009a\bin\win64\icudt38.dll
0x000000004ab00000 - 0x000000004ab0f000 	C:\Program Files\MATLAB\R2009a\bin\win64\icuio38.dll
0x0000000001340000 - 0x000000000147a000 	C:\Program Files\MATLAB\R2009a\bin\win64\icuin38.dll
0x00000000720e0000 - 0x00000000721e9000 	C:\Windows\WinSxS\amd64_microsoft.vc80.crt_1fc8b3b9a1e18e3b_8.0.50727.6195_none_88e41e092fab0294\MSVCP80.dll
0x0000000077570000 - 0x000000007766a000 	C:\Windows\system32\USER32.dll
0x000007fefdc20000 - 0x000007fefdc87000 	C:\Windows\system32\GDI32.dll
0x000007fefecf0000 - 0x000007fefecfe000 	C:\Windows\system32\LPK.dll
0x000007feff620000 - 0x000007feff6ea000 	C:\Windows\system32\USP10.dll
0x0000000001150000 - 0x00000000011be000 	C:\Program Files\MATLAB\R2009a\bin\win64\libmwfl.dll
0x00000000011d0000 - 0x00000000011df000 	C:\Program Files\MATLAB\R2009a\bin\win64\boost_date_time-vc80-mt-1_36.dll
0x00000000011f0000 - 0x0000000001206000 	C:\Program Files\MATLAB\R2009a\bin\win64\boost_signals-vc80-mt-1_36.dll
0x0000000001220000 - 0x0000000001229000 	C:\Program Files\MATLAB\R2009a\bin\win64\boost_system-vc80-mt-1_36.dll
0x0000000001480000 - 0x0000000001491000 	C:\Program Files\MATLAB\R2009a\bin\win64\boost_thread-vc80-mt-1_36.dll
0x00000000014b0000 - 0x00000000016e7000 	C:\Program Files\MATLAB\R2009a\bin\win64\libmwservices.dll
0x0000000001700000 - 0x0000000001771000 	C:\Program Files\MATLAB\R2009a\bin\win64\libmx.dll
0x0000000001790000 - 0x00000000017a7000 	C:\Program Files\MATLAB\R2009a\bin\win64\zlib1.dll
0x00000000017b0000 - 0x00000000018d5000 	C:\Program Files\MATLAB\R2009a\bin\win64\libmwmathutil.dll
0x00000000018f0000 - 0x0000000001945000 	C:\Program Files\MATLAB\R2009a\bin\win64\mpath.dll
0x0000000001960000 - 0x00000000019af000 	C:\Program Files\MATLAB\R2009a\bin\win64\mlutil.dll
0x0000000010000000 - 0x0000000010049000 	C:\Program Files\MATLAB\R2009a\bin\win64\tbb.dll
0x000007fef7010000 - 0x000007fef70b0000 	C:\Windows\WinSxS\amd64_microsoft.windows.common-controls_6595b64144ccf1df_5.82.7600.16661_none_a44e1fc257f685f6\COMCTL32.dll
0x000007feff7d0000 - 0x000007feff868000 	C:\Windows\system32\comdlg32.dll
0x000007fefdc90000 - 0x000007fefdd01000 	C:\Windows\system32\SHLWAPI.dll
0x000007fefdd10000 - 0x000007fefea96000 	C:\Windows\system32\SHELL32.dll
0x000007fefb9f0000 - 0x000007fefba06000 	C:\Windows\system32\NETAPI32.dll
0x000007fefb9e0000 - 0x000007fefb9ec000 	C:\Windows\system32\netutils.dll
0x000007fefd320000 - 0x000007fefd343000 	C:\Windows\system32\srvcli.dll
0x000007fefb9c0000 - 0x000007fefb9d5000 	C:\Windows\system32\wkscli.dll
0x000007feff870000 - 0x000007feff8bd000 	C:\Windows\system32\WS2_32.dll
0x000007feff910000 - 0x000007feff918000 	C:\Windows\system32\NSI.dll
0x00000000019c0000 - 0x0000000001a42000 	C:\Program Files\MATLAB\R2009a\bin\win64\mcr.dll
0x0000000001a60000 - 0x0000000001ac2000 	C:\Program Files\MATLAB\R2009a\bin\win64\iqm.dll
0x0000000001ae0000 - 0x00000000023c7000 	C:\Program Files\MATLAB\R2009a\bin\win64\m_interpreter.dll
0x00000000023e0000 - 0x00000000023ef000 	C:\Program Files\MATLAB\R2009a\bin\win64\libmex.dll
0x0000000002400000 - 0x0000000002490000 	C:\Program Files\MATLAB\R2009a\bin\win64\m_dispatcher.dll
0x00000000024a0000 - 0x00000000024c5000 	C:\Program Files\MATLAB\R2009a\bin\win64\datasvcs.dll
0x0000000012000000 - 0x0000000012295000 	C:\Program Files\MATLAB\R2009a\bin\win64\xerces-c_2_7.dll
0x00000000024f0000 - 0x00000000025e1000 	C:\Program Files\MATLAB\R2009a\bin\win64\boost_regex-vc80-mt-1_36.dll
0x0000000002600000 - 0x0000000002691000 	C:\Program Files\MATLAB\R2009a\bin\win64\profiler.dll
0x00000000026b0000 - 0x00000000026da000 	C:\Program Files\MATLAB\R2009a\bin\win64\libmwmathrng.dll
0x00000000026f0000 - 0x000000000270a000 	C:\Program Files\MATLAB\R2009a\bin\win64\m_pcodeio.dll
0x0000000002720000 - 0x000000000276d000 	C:\Program Files\MATLAB\R2009a\bin\win64\m_ir.dll
0x0000000002780000 - 0x0000000002d86000 	C:\Program Files\MATLAB\R2009a\bin\win64\m_parser.dll
0x0000000002da0000 - 0x0000000002db4000 	C:\Program Files\MATLAB\R2009a\bin\win64\ir_xfmr.dll
0x0000000002dd0000 - 0x0000000003051000 	C:\Program Files\MATLAB\R2009a\bin\win64\mcos.dll
0x0000000003070000 - 0x000000000307c000 	C:\Program Files\MATLAB\R2009a\bin\win64\mtok.dll
0x0000000003090000 - 0x00000000030b0000 	C:\Program Files\MATLAB\R2009a\bin\win64\m_pcodegen.dll
0x000007fef32a0000 - 0x000007fef33c5000 	C:\Windows\system32\dbghelp.dll
0x00000000030c0000 - 0x00000000030e4000 	C:\Program Files\MATLAB\R2009a\bin\win64\bridge.dll
0x0000000003100000 - 0x00000000031c0000 	C:\Program Files\MATLAB\R2009a\bin\win64\udd.dll
0x00000000031d0000 - 0x0000000003327000 	C:\Program Files\MATLAB\R2009a\bin\win64\libmwgui.dll
0x0000000003340000 - 0x0000000003625000 	C:\Program Files\MATLAB\R2009a\bin\win64\hg.dll
0x0000000003640000 - 0x0000000003672000 	C:\Program Files\MATLAB\R2009a\bin\win64\libmat.dll
0x0000000003690000 - 0x000000000387e000 	C:\Program Files\MATLAB\R2009a\bin\win64\libhdf5.dll
0x0000000003890000 - 0x00000000038f0000 	C:\Program Files\MATLAB\R2009a\bin\win64\jmi.dll
0x0000000003900000 - 0x0000000003940000 	C:\Program Files\MATLAB\R2009a\bin\win64\libmwhardcopy.dll
0x0000000003950000 - 0x00000000039a8000 	C:\Program Files\MATLAB\R2009a\bin\win64\libuij.dll
0x00000000039c0000 - 0x0000000003ab2000 	C:\Program Files\MATLAB\R2009a\bin\win64\libmwmathlinalg.dll
0x0000000003ad0000 - 0x0000000003e7c000 	C:\Program Files\MATLAB\R2009a\bin\win64\libmwmathelem.dll
0x0000000003e90000 - 0x0000000003efc000 	C:\Program Files\MATLAB\R2009a\bin\win64\libmwmathcore.dll
0x0000000003f10000 - 0x0000000003f72000 	C:\Program Files\MATLAB\R2009a\bin\win64\libmwcholmod.dll
0x0000000003f90000 - 0x0000000003f9d000 	C:\Program Files\MATLAB\R2009a\bin\win64\libmwamd.dll
0x0000000003fb0000 - 0x0000000003fbc000 	C:\Program Files\MATLAB\R2009a\bin\win64\libmwcolamd.dll
0x0000000003fd0000 - 0x0000000003fe5000 	C:\Program Files\MATLAB\R2009a\bin\win64\libmwblas.dll
0x0000000004000000 - 0x0000000004011000 	C:\Program Files\MATLAB\R2009a\bin\win64\libmwbinder.dll
0x0000000004030000 - 0x00000000040ad000 	C:\Program Files\MATLAB\R2009a\bin\win64\libmwlapack.dll
0x00000000040c0000 - 0x00000000040fb000 	C:\Program Files\MATLAB\R2009a\bin\win64\libmwrookfastbp.dll
0x0000000004110000 - 0x000000000415c000 	C:\Program Files\MATLAB\R2009a\bin\win64\libmwma57.dll
0x0000000004170000 - 0x000000000428c000 	C:\Program Files\MATLAB\R2009a\bin\win64\libifcoremd.dll
0x0000000004290000 - 0x0000000004560000 	C:\Program Files\MATLAB\R2009a\bin\win64\libmmd.dll
0x0000000004560000 - 0x0000000004570000 	C:\Program Files\MATLAB\R2009a\bin\win64\libmwcsparse.dll
0x0000000004580000 - 0x00000000045ee000 	C:\Program Files\MATLAB\R2009a\bin\win64\libmwumfpack.dll
0x0000000004600000 - 0x00000000046ed000 	C:\Program Files\MATLAB\R2009a\bin\win64\hgdatatypes.dll
0x0000000004700000 - 0x0000000004944000 	C:\Program Files\MATLAB\R2009a\bin\win64\uiw.dll
0x0000000004960000 - 0x000000000496a000 	C:\Program Files\MATLAB\R2009a\bin\win64\uinone.dll
0x000000006a220000 - 0x000000006a3bc000 	C:\Windows\WinSxS\amd64_microsoft.vc80.mfc_1fc8b3b9a1e18e3b_8.0.50727.6195_none_8448b2bd328df189\MFC80.DLL
0x000007fef5420000 - 0x000007fef5490000 	C:\Windows\system32\WINSPOOL.DRV
0x000007fefeae0000 - 0x000007fefece2000 	C:\Windows\system32\ole32.dll
0x000007feff6f0000 - 0x000007feff7c7000 	C:\Windows\system32\OLEAUT32.dll
0x0000000004980000 - 0x0000000004a2b000 	C:\Program Files\MATLAB\R2009a\bin\win64\udd_mi.dll
0x0000000004a40000 - 0x0000000004a58000 	C:\Program Files\MATLAB\R2009a\bin\win64\mwoles05.DLL
0x0000000004a70000 - 0x0000000004ada000 	C:\Program Files\MATLAB\R2009a\bin\win64\comcli.dll
0x0000000073e70000 - 0x0000000073e90000 	C:\Windows\WinSxS\amd64_microsoft.vc80.atl_1fc8b3b9a1e18e3b_8.0.50727.6195_none_8a1dd9552ed7f8d8\ATL80.DLL
0x0000000004af0000 - 0x0000000004afe000 	C:\Program Files\MATLAB\R2009a\bin\win64\mlautoregister.dll
0x000007fefd5c0000 - 0x000007fefd617000 	C:\Windows\system32\apphelp.dll
0x000007fefbac0000 - 0x000007fefbb11000 	C:\Windows\AppPatch\AppPatch64\AcGenral.DLL
0x000007fefd590000 - 0x000007fefd5b5000 	C:\Windows\system32\SspiCli.dll
0x0000000072ad0000 - 0x0000000072ad3000 	C:\Windows\system32\sfc.dll
0x000007fef72b0000 - 0x000007fef72c0000 	C:\Windows\system32\sfc_os.DLL
0x000007fefc9f0000 - 0x000007fefca0e000 	C:\Windows\system32\USERENV.dll
0x000007fefd6f0000 - 0x000007fefd6ff000 	C:\Windows\system32\profapi.dll
0x000007fefbce0000 - 0x000007fefbcf8000 	C:\Windows\system32\dwmapi.dll
0x000007fef71c0000 - 0x000007fef71d8000 	C:\Windows\system32\MPR.dll
0x000007fefed00000 - 0x000007fefed2e000 	C:\Windows\system32\IMM32.DLL
0x000007feff030000 - 0x000007feff139000 	C:\Windows\system32\MSCTF.dll
0x000007fefc110000 - 0x000007fefc166000 	C:\Windows\system32\uxtheme.dll
0x0000004500000000 - 0x0000004500011000 	C:\Program Files (x86)\TeamViewer\Version6\tv_x64.dll
0x000007fefafb0000 - 0x000007fefafd7000 	C:\Windows\system32\iphlpapi.dll
0x000007fefafa0000 - 0x000007fefafab000 	C:\Windows\system32\WINNSI.DLL
0x000007fefcde0000 - 0x000007fefce3b000 	C:\Windows\system32\DNSAPI.dll
0x000007fefaf80000 - 0x000007fefaf98000 	C:\Windows\system32\dhcpcsvc.DLL
0x000007fefa980000 - 0x000007fefa991000 	C:\Windows\system32\dhcpcsvc6.DLL
0x0000000075140000 - 0x0000000075143000 	C:\Windows\system32\icmp.Dll
0x000007fefd620000 - 0x000007fefd62f000 	C:\Windows\system32\CRYPTBASE.dll
0x000000000c700000 - 0x000000000ccaa000 	C:\Program Files\MATLAB\R2009a\sys\java\jre\win64\jre\bin\server\jvm.dll
0x000007fefb2f0000 - 0x000007fefb32b000 	C:\Windows\system32\WINMM.dll
0x0000000004e00000 - 0x0000000004e0a000 	C:\Program Files\MATLAB\R2009a\sys\java\jre\win64\jre\bin\hpi.dll
0x0000000004e20000 - 0x0000000004e2e000 	C:\Program Files\MATLAB\R2009a\sys\java\jre\win64\jre\bin\verify.dll
0x0000000004e30000 - 0x0000000004e57000 	C:\Program Files\MATLAB\R2009a\sys\java\jre\win64\jre\bin\java.dll
0x0000000004e80000 - 0x0000000004e92000 	C:\Program Files\MATLAB\R2009a\sys\java\jre\win64\jre\bin\zip.dll
0x0000000007970000 - 0x0000000007991000 	C:\Program Files\MATLAB\R2009a\bin\win64\nativejava.dll
0x000000000d440000 - 0x000000000d468000 	C:\Program Files\MATLAB\R2009a\bin\win64\nativejmi.dll
0x0000000004f30000 - 0x0000000004f37000 	C:\Program Files\MATLAB\R2009a\bin\win64\nativeservices.dll
0x000000000fb00000 - 0x000000000fc9f000 	C:\Program Files\MATLAB\R2009a\sys\java\jre\win64\jre\bin\awt.dll

VM Arguments:
jvm_args: -Xss512k -XX:PermSize=32m -Xms64m -XX:NewRatio=3 -XX:MaxPermSize=128m -Xmx196m -XX:MaxDirectMemorySize=2147400000 -Dsun.java2d.noddraw=true -Dsun.awt.nopixfmt=true -Xshare:off -Xrs -Djava.library.path=C:\Program Files\MATLAB\R2009a\bin\win64 vfprintf abort 
java_command: <unknown>
Launcher Type: generic

Environment Variables:
CLASSPATH=.;C:\Program Files (x86)\Java\jre6\lib\ext\QTJava.zip
PATH=C:\Program Files\Common Files\Microsoft Shared\Windows Live;C:\Program Files (x86)\Common Files\Microsoft Shared\Windows Live;C:\Windows\system32;C:\Windows;C:\Windows\System32\Wbem;C:\Windows\System32\WindowsPowerShell\v1.0\;c:\Program Files (x86)\Common Files\Roxio Shared\10.0\DLLShared\;c:\Program Files (x86)\Common Files\Roxio Shared\DLLShared\;C:\Program Files\MATLAB\R2009a\bin;C:\Program Files\MATLAB\R2009a\bin\win64;C:\Program Files (x86)\Microsoft SQL Server\100\Tools\Binn\;C:\Program Files (x86)\Microsoft SQL Server\100\DTS\Binn\;C:\Python26;C:\Python26\DLLs;C:\Python26\Scripts;C:\Python26\Lib\site-packages\PyQt4;C:\Python26\gnuplot\bin;C:\Python26\Lib\site-packages\vtk;C:\Program Files (x86)\pythonxy\console;C:\Program Files (x86)\pythonxy\SciTE-2.21;C:\Program Files (x86)\pythonxy\mingw\bin;C:\Program Files (x86)\Windows Live\Shared;C:\Program Files (x86)\QuickTime\QTSystem\;C:\Windows\System32
USERNAME=micro
OS=Windows_NT
PROCESSOR_IDENTIFIER=Intel64 Family 6 Model 30 Stepping 5, GenuineIntel



---------------  S Y S T E M  ---------------

OS: Windows NT 6.1 Build 7600 

CPU:total 8 (8 cores per cpu, 2 threads per core) family 6 model 14 stepping 5, cmov, cx8, fxsr, mmx, sse, sse2, sse3, ssse3, ht

Memory: 4k page, physical 8346704k(3603220k free), swap 10768240k(4578300k free)

vm_info: Java HotSpot(TM) 64-Bit Server VM (10.0-b19) for windows-amd64 JRE (1.6.0_04-b12), built on Dec 14 2007 00:44:23 by "java_re" with MS VC++ 8.0

time: Tue Aug 02 10:51:20 2011
elapsed time: 85326 seconds

