#
# An unexpected error has been detected by Java Runtime Environment:
#
#  EXCEPTION_ACCESS_VIOLATION (0xc0000005) at pc=0x000000003381fe52, pid=5816, tid=648
#
# Java VM: Java HotSpot(TM) 64-Bit Server VM (10.0-b19 mixed mode windows-amd64)
# Problematic frame:
# C  [awt.dll+0x9fe52]
#
# If you would like to submit a bug report, please visit:
#   http://java.sun.com/webapps/bugreport/crash.jsp
# The crash happened outside the Java Virtual Machine in native code.
# See problematic frame for where to report the bug.
#

---------------  T H R E A D  ---------------

Current thread (0x0000000011c9f400):  JavaThread "AWT-Windows" daemon [_thread_in_native, id=648, stack(0x00000000339a0000,0x0000000033a20000)]

siginfo: ExceptionCode=0xc0000005, reading address 0xffffffffffffffff

Registers:
EAX=0x6e6f697463417463, EBX=0x0000000000000001, ECX=0x6e6f697463417463, EDX=0x000000003387bd30
ESP=0x0000000033a1f1e0, EBP=0x000000000001a220, ESI=0x000000003c3f8c90, EDI=0x0000000033780000
EIP=0x000000003381fe52, EFLAGS=0x0000000000010206

Top of Stack: (sp=0x0000000033a1f1e0)
0x0000000033a1f1e0:   0000000011c9f400 0000000000000000
0x0000000033a1f1f0:   0000000000000001 0000000033780000
0x0000000033a1f200:   0000000011c9f598 0000000033825539
0x0000000033a1f210:   00000000364ac5a0 0000000011c9f598
0x0000000033a1f220:   000000003c3f8c90 0000000000000111
0x0000000033a1f230:   0000000004d8d178 0000000033818650
0x0000000033a1f240:   0000000000000219 00000000ffff1093
0x0000000033a1f250:   0000000000000000 0000000033a1f630
0x0000000033a1f260:   0000000000000000 fffffffffffffffe
0x0000000033a1f270:   0000000011c9f598 00000000777c2bdb
0x0000000033a1f280:   0000000000000000 0000000000000111
0x0000000033a1f290:   0000000000000111 0000000000000111
0x0000000033a1f2a0:   000000000001a220 0000000000000000
0x0000000033a1f2b0:   000000003c3f8c90 000000003385d807
0x0000000033a1f2c0:   0000000000000000 000000007779b98f
0x0000000033a1f2d0:   00000000ffffffeb 0000000000000000 

Instructions: (pc=0x000000003381fe52)
0x000000003381fe42:   53 0b 00 e8 46 8a 03 00 48 85 c0 48 8b c8 74 06
0x000000003381fe52:   48 8b 00 ff 50 08 b8 02 00 00 00 48 83 c4 20 5b 


Stack: [0x00000000339a0000,0x0000000033a20000],  sp=0x0000000033a1f1e0,  free space=508k
Native frames: (J=compiled Java code, j=interpreted, Vv=VM code, C=native code)
C  [awt.dll+0x9fe52]

Java frames: (J=compiled Java code, j=interpreted, Vv=VM code)
v  ~BufferBlob::Interpreter
v  ~BufferBlob::Interpreter
v  ~BufferBlob::Interpreter
v  ~BufferBlob::StubRoutines (1)

---------------  P R O C E S S  ---------------

Java Threads: ( => current thread )
  0x0000000034702800 JavaThread "Timer queue for AWT thread" daemon [_thread_blocked, id=5004, stack(0x000000003d290000,0x000000003d310000)]
  0x0000000034821400 JavaThread "Thread-42" [_thread_blocked, id=6036, stack(0x0000000036b20000,0x0000000036ba0000)]
  0x00000000346ff800 JavaThread "Thread-41" [_thread_blocked, id=2728, stack(0x0000000036fc0000,0x0000000037040000)]
  0x00000000346ff000 JavaThread "Thread-40" [_thread_blocked, id=5984, stack(0x000000003c0c0000,0x000000003c140000)]
  0x00000000346fe800 JavaThread "Thread-39" [_thread_blocked, id=5340, stack(0x000000003bf40000,0x000000003bfc0000)]
  0x00000000346fe000 JavaThread "Thread-37" [_thread_blocked, id=4576, stack(0x000000003bec0000,0x000000003bf40000)]
  0x0000000034826c00 JavaThread "Thread-36" [_thread_blocked, id=3800, stack(0x000000003be40000,0x000000003bec0000)]
  0x0000000034826800 JavaThread "Thread-35" [_thread_blocked, id=5912, stack(0x0000000037420000,0x00000000374a0000)]
  0x0000000034826000 JavaThread "Thread-34" [_thread_blocked, id=3184, stack(0x00000000373a0000,0x0000000037420000)]
  0x0000000034825800 JavaThread "Thread-33" [_thread_blocked, id=6096, stack(0x0000000037320000,0x00000000373a0000)]
  0x0000000034825400 JavaThread "Thread-32" [_thread_blocked, id=884, stack(0x00000000372a0000,0x0000000037320000)]
  0x0000000034824c00 JavaThread "Thread-30" [_thread_blocked, id=3092, stack(0x0000000037220000,0x00000000372a0000)]
  0x0000000034824400 JavaThread "Thread-29" [_thread_blocked, id=1092, stack(0x00000000371a0000,0x0000000037220000)]
  0x0000000034824000 JavaThread "Thread-28" [_thread_blocked, id=6088, stack(0x0000000037120000,0x00000000371a0000)]
  0x0000000034823800 JavaThread "Thread-27" [_thread_blocked, id=5592, stack(0x00000000370a0000,0x0000000037120000)]
  0x0000000034823000 JavaThread "Thread-25" [_thread_blocked, id=3272, stack(0x0000000036c90000,0x0000000036d10000)]
  0x0000000034822800 JavaThread "Thread-24" [_thread_blocked, id=4908, stack(0x0000000036c10000,0x0000000036c90000)]
  0x0000000034822400 JavaThread "Thread-22" [_thread_blocked, id=2632, stack(0x0000000037df0000,0x0000000037e70000)]
  0x0000000034820000 JavaThread "Active Reference Queue Daemon" daemon [_thread_blocked, id=2760, stack(0x0000000036e10000,0x0000000036e90000)]
  0x0000000034821c00 JavaThread "Timer-17" daemon [_thread_blocked, id=3804, stack(0x0000000036d90000,0x0000000036e10000)]
  0x0000000034821000 JavaThread "Timer-13" daemon [_thread_blocked, id=848, stack(0x0000000036aa0000,0x0000000036b20000)]
  0x0000000034c26400 JavaThread "Timer-1" [_thread_blocked, id=3980, stack(0x0000000033e90000,0x0000000033f10000)]
  0x0000000011e59800 JavaThread "TimerQueue" daemon [_thread_blocked, id=2580, stack(0x0000000033cd0000,0x0000000033d50000)]
  0x0000000011fdfc00 JavaThread "AWT-EventQueue-0" [_thread_in_native, id=3996, stack(0x0000000033c30000,0x0000000033cb0000)]
=>0x0000000011c9f400 JavaThread "AWT-Windows" daemon [_thread_in_native, id=648, stack(0x00000000339a0000,0x0000000033a20000)]
  0x0000000011c29000 JavaThread "AWT-Shutdown" [_thread_blocked, id=4516, stack(0x0000000033920000,0x00000000339a0000)]
  0x0000000011c28c00 JavaThread "Java2D Disposer" daemon [_thread_blocked, id=4628, stack(0x0000000011150000,0x00000000111d0000)]
  0x00000000115c2c00 JavaThread "Timer-0" [_thread_blocked, id=2320, stack(0x00000000110d0000,0x0000000011150000)]
  0x00000000114ae800 JavaThread "JMI Unnamed Thread" [_thread_in_native, id=4200, stack(0x00000000094d0000,0x000000000a4d0000)]
  0x000000001136dc00 JavaThread "Low Memory Detector" daemon [_thread_blocked, id=5292, stack(0x0000000011050000,0x00000000110d0000)]
  0x0000000011369800 JavaThread "CompilerThread1" daemon [_thread_blocked, id=5588, stack(0x00000000316a0000,0x00000000326a0000)]
  0x0000000011364800 JavaThread "CompilerThread0" daemon [_thread_blocked, id=700, stack(0x00000000306a0000,0x00000000316a0000)]
  0x0000000011364000 JavaThread "Attach Listener" daemon [_thread_blocked, id=5540, stack(0x000000000eee0000,0x000000000ef60000)]
  0x0000000011338000 JavaThread "Finalizer" daemon [_thread_blocked, id=4868, stack(0x000000000ee60000,0x000000000eee0000)]
  0x0000000011333000 JavaThread "Reference Handler" daemon [_thread_blocked, id=5164, stack(0x00000000078b0000,0x0000000007930000)]
  0x0000000004b0e800 JavaThread "main" [_thread_in_native, id=5056, stack(0x0000000000030000,0x0000000001030000)]

Other Threads:
  0x000000001132c000 VMThread [stack: 0x000000002f6a0000,0x00000000306a0000] [id=2696]
  0x000000001139a000 WatcherThread [stack: 0x00000000326a0000,0x00000000336a0000] [id=4136]

VM state:not at safepoint (normal execution)

VM Mutex/Monitor currently owned by a thread: None

Heap
 PSYoungGen      total 15872K, used 4692K [0x00000000265a0000, 0x00000000275a0000, 0x00000000296a0000)
  eden space 15360K, 27% used [0x00000000265a0000,0x00000000269cd120,0x00000000274a0000)
  from space 512K, 81% used [0x00000000274a0000,0x0000000027508000,0x0000000027520000)
  to   space 512K, 0% used [0x0000000027520000,0x0000000027520000,0x00000000275a0000)
 PSOldGen        total 149504K, used 133078K [0x000000001d2a0000, 0x00000000264a0000, 0x00000000265a0000)
  object space 149504K, 89% used [0x000000001d2a0000,0x0000000025495bc8,0x00000000264a0000)
 PSPermGen       total 97152K, used 55848K [0x00000000152a0000, 0x000000001b180000, 0x000000001d2a0000)
  object space 97152K, 57% used [0x00000000152a0000,0x000000001892a1b0,0x000000001b180000)

Dynamic libraries:
0x0000000140000000 - 0x0000000140032000 	C:\Program Files\MATLAB\R2009a\bin\win64\MATLAB.exe
0x00000000779a0000 - 0x0000000077b4b000 	C:\Windows\SYSTEM32\ntdll.dll
0x0000000077880000 - 0x000000007799f000 	C:\Windows\system32\kernel32.dll
0x000007fefda90000 - 0x000007fefdafb000 	C:\Windows\system32\KERNELBASE.dll
0x0000000180000000 - 0x0000000180406000 	C:\Program Files\MATLAB\R2009a\bin\win64\libut.dll
0x000007feffc20000 - 0x000007feffc37000 	C:\Windows\system32\imagehlp.dll
0x000007feff8a0000 - 0x000007feff93f000 	C:\Windows\system32\msvcrt.dll
0x0000000077b70000 - 0x0000000077b77000 	C:\Windows\system32\PSAPI.DLL
0x00000000010d0000 - 0x00000000010f8000 	C:\Program Files\MATLAB\R2009a\bin\win64\LIBEXPAT.dll
0x00000000706a0000 - 0x0000000070769000 	C:\Windows\WinSxS\amd64_microsoft.vc80.crt_1fc8b3b9a1e18e3b_8.0.50727.4927_none_88dce9872fb18caf\MSVCR80.dll
0x000000004a800000 - 0x000000004a923000 	C:\Program Files\MATLAB\R2009a\bin\win64\icuuc38.dll
0x000007feffa70000 - 0x000007feffb4b000 	C:\Windows\system32\ADVAPI32.dll
0x000007feff880000 - 0x000007feff89f000 	C:\Windows\SYSTEM32\sechost.dll
0x000007feff940000 - 0x000007feffa6e000 	C:\Windows\system32\RPCRT4.dll
0x000000004ad00000 - 0x000000004ad03000 	C:\Program Files\MATLAB\R2009a\bin\win64\icudt38.dll
0x000000004ab00000 - 0x000000004ab0f000 	C:\Program Files\MATLAB\R2009a\bin\win64\icuio38.dll
0x0000000001260000 - 0x000000000139a000 	C:\Program Files\MATLAB\R2009a\bin\win64\icuin38.dll
0x0000000063cd0000 - 0x0000000063dd9000 	C:\Windows\WinSxS\amd64_microsoft.vc80.crt_1fc8b3b9a1e18e3b_8.0.50727.4927_none_88dce9872fb18caf\MSVCP80.dll
0x0000000077780000 - 0x000000007787a000 	C:\Windows\system32\USER32.dll
0x000007feff490000 - 0x000007feff4f7000 	C:\Windows\system32\GDI32.dll
0x000007feffc40000 - 0x000007feffc4e000 	C:\Windows\system32\LPK.dll
0x000007fefef30000 - 0x000007fefeffa000 	C:\Windows\system32\USP10.dll
0x00000000013a0000 - 0x000000000140e000 	C:\Program Files\MATLAB\R2009a\bin\win64\libmwfl.dll
0x0000000001150000 - 0x000000000115f000 	C:\Program Files\MATLAB\R2009a\bin\win64\boost_date_time-vc80-mt-1_36.dll
0x0000000001420000 - 0x0000000001436000 	C:\Program Files\MATLAB\R2009a\bin\win64\boost_signals-vc80-mt-1_36.dll
0x0000000001450000 - 0x0000000001459000 	C:\Program Files\MATLAB\R2009a\bin\win64\boost_system-vc80-mt-1_36.dll
0x0000000001470000 - 0x0000000001481000 	C:\Program Files\MATLAB\R2009a\bin\win64\boost_thread-vc80-mt-1_36.dll
0x00000000014a0000 - 0x00000000016d7000 	C:\Program Files\MATLAB\R2009a\bin\win64\libmwservices.dll
0x00000000016f0000 - 0x0000000001761000 	C:\Program Files\MATLAB\R2009a\bin\win64\libmx.dll
0x0000000001780000 - 0x0000000001797000 	C:\Program Files\MATLAB\R2009a\bin\win64\zlib1.dll
0x00000000017a0000 - 0x00000000018c5000 	C:\Program Files\MATLAB\R2009a\bin\win64\libmwmathutil.dll
0x00000000018e0000 - 0x0000000001935000 	C:\Program Files\MATLAB\R2009a\bin\win64\mpath.dll
0x0000000001950000 - 0x000000000199f000 	C:\Program Files\MATLAB\R2009a\bin\win64\mlutil.dll
0x0000000010000000 - 0x0000000010049000 	C:\Program Files\MATLAB\R2009a\bin\win64\tbb.dll
0x000007fefd9b0000 - 0x000007fefda50000 	C:\Windows\WinSxS\amd64_microsoft.windows.common-controls_6595b64144ccf1df_5.82.7600.16385_none_a44af8ec57f961cf\COMCTL32.dll
0x000007feff610000 - 0x000007feff6a8000 	C:\Windows\system32\comdlg32.dll
0x000007feffb50000 - 0x000007feffbc1000 	C:\Windows\system32\SHLWAPI.dll
0x000007fefdf90000 - 0x000007fefed16000 	C:\Windows\system32\SHELL32.dll
0x000007fefb9f0000 - 0x000007fefba06000 	C:\Windows\system32\NETAPI32.dll
0x000007fefb9e0000 - 0x000007fefb9ec000 	C:\Windows\system32\netutils.dll
0x000007fefd540000 - 0x000007fefd563000 	C:\Windows\system32\srvcli.dll
0x000007fefb9c0000 - 0x000007fefb9d5000 	C:\Windows\system32\wkscli.dll
0x000007feffbd0000 - 0x000007feffc1d000 	C:\Windows\system32\WS2_32.dll
0x000007feffc50000 - 0x000007feffc58000 	C:\Windows\system32\NSI.dll
0x00000000019b0000 - 0x0000000001a32000 	C:\Program Files\MATLAB\R2009a\bin\win64\mcr.dll
0x0000000001a50000 - 0x0000000001ab2000 	C:\Program Files\MATLAB\R2009a\bin\win64\iqm.dll
0x0000000001ad0000 - 0x00000000023b7000 	C:\Program Files\MATLAB\R2009a\bin\win64\m_interpreter.dll
0x00000000023d0000 - 0x00000000023df000 	C:\Program Files\MATLAB\R2009a\bin\win64\libmex.dll
0x00000000023f0000 - 0x0000000002480000 	C:\Program Files\MATLAB\R2009a\bin\win64\m_dispatcher.dll
0x0000000002490000 - 0x00000000024b5000 	C:\Program Files\MATLAB\R2009a\bin\win64\datasvcs.dll
0x0000000012000000 - 0x0000000012295000 	C:\Program Files\MATLAB\R2009a\bin\win64\xerces-c_2_7.dll
0x00000000024e0000 - 0x00000000025d1000 	C:\Program Files\MATLAB\R2009a\bin\win64\boost_regex-vc80-mt-1_36.dll
0x00000000025f0000 - 0x0000000002681000 	C:\Program Files\MATLAB\R2009a\bin\win64\profiler.dll
0x00000000026a0000 - 0x00000000026ca000 	C:\Program Files\MATLAB\R2009a\bin\win64\libmwmathrng.dll
0x00000000026e0000 - 0x00000000026fa000 	C:\Program Files\MATLAB\R2009a\bin\win64\m_pcodeio.dll
0x0000000002710000 - 0x000000000275d000 	C:\Program Files\MATLAB\R2009a\bin\win64\m_ir.dll
0x0000000002770000 - 0x0000000002d76000 	C:\Program Files\MATLAB\R2009a\bin\win64\m_parser.dll
0x0000000002d90000 - 0x0000000002da4000 	C:\Program Files\MATLAB\R2009a\bin\win64\ir_xfmr.dll
0x0000000002dc0000 - 0x0000000003041000 	C:\Program Files\MATLAB\R2009a\bin\win64\mcos.dll
0x0000000003060000 - 0x000000000306c000 	C:\Program Files\MATLAB\R2009a\bin\win64\mtok.dll
0x0000000003080000 - 0x00000000030a0000 	C:\Program Files\MATLAB\R2009a\bin\win64\m_pcodegen.dll
0x000007feed190000 - 0x000007feed2b5000 	C:\Windows\system32\dbghelp.dll
0x00000000030b0000 - 0x00000000030d4000 	C:\Program Files\MATLAB\R2009a\bin\win64\bridge.dll
0x00000000030f0000 - 0x00000000031b0000 	C:\Program Files\MATLAB\R2009a\bin\win64\udd.dll
0x00000000031c0000 - 0x0000000003317000 	C:\Program Files\MATLAB\R2009a\bin\win64\libmwgui.dll
0x0000000003330000 - 0x0000000003615000 	C:\Program Files\MATLAB\R2009a\bin\win64\hg.dll
0x0000000003630000 - 0x0000000003662000 	C:\Program Files\MATLAB\R2009a\bin\win64\libmat.dll
0x0000000003680000 - 0x000000000386e000 	C:\Program Files\MATLAB\R2009a\bin\win64\libhdf5.dll
0x0000000003880000 - 0x00000000038e0000 	C:\Program Files\MATLAB\R2009a\bin\win64\jmi.dll
0x00000000038f0000 - 0x0000000003930000 	C:\Program Files\MATLAB\R2009a\bin\win64\libmwhardcopy.dll
0x0000000003940000 - 0x0000000003998000 	C:\Program Files\MATLAB\R2009a\bin\win64\libuij.dll
0x00000000039b0000 - 0x0000000003aa2000 	C:\Program Files\MATLAB\R2009a\bin\win64\libmwmathlinalg.dll
0x0000000003ac0000 - 0x0000000003e6c000 	C:\Program Files\MATLAB\R2009a\bin\win64\libmwmathelem.dll
0x0000000003e80000 - 0x0000000003eec000 	C:\Program Files\MATLAB\R2009a\bin\win64\libmwmathcore.dll
0x0000000003f00000 - 0x0000000003f62000 	C:\Program Files\MATLAB\R2009a\bin\win64\libmwcholmod.dll
0x0000000003f80000 - 0x0000000003f8d000 	C:\Program Files\MATLAB\R2009a\bin\win64\libmwamd.dll
0x0000000003fa0000 - 0x0000000003fac000 	C:\Program Files\MATLAB\R2009a\bin\win64\libmwcolamd.dll
0x0000000003fc0000 - 0x0000000003fd5000 	C:\Program Files\MATLAB\R2009a\bin\win64\libmwblas.dll
0x0000000003ff0000 - 0x0000000004001000 	C:\Program Files\MATLAB\R2009a\bin\win64\libmwbinder.dll
0x0000000004020000 - 0x000000000409d000 	C:\Program Files\MATLAB\R2009a\bin\win64\libmwlapack.dll
0x00000000040b0000 - 0x00000000040eb000 	C:\Program Files\MATLAB\R2009a\bin\win64\libmwrookfastbp.dll
0x0000000004100000 - 0x000000000414c000 	C:\Program Files\MATLAB\R2009a\bin\win64\libmwma57.dll
0x0000000004160000 - 0x000000000427c000 	C:\Program Files\MATLAB\R2009a\bin\win64\libifcoremd.dll
0x0000000004280000 - 0x0000000004550000 	C:\Program Files\MATLAB\R2009a\bin\win64\libmmd.dll
0x0000000004550000 - 0x0000000004560000 	C:\Program Files\MATLAB\R2009a\bin\win64\libmwcsparse.dll
0x0000000004570000 - 0x00000000045de000 	C:\Program Files\MATLAB\R2009a\bin\win64\libmwumfpack.dll
0x00000000045f0000 - 0x00000000046dd000 	C:\Program Files\MATLAB\R2009a\bin\win64\hgdatatypes.dll
0x00000000046f0000 - 0x0000000004934000 	C:\Program Files\MATLAB\R2009a\bin\win64\uiw.dll
0x0000000004950000 - 0x000000000495a000 	C:\Program Files\MATLAB\R2009a\bin\win64\uinone.dll
0x0000000063b30000 - 0x0000000063ccb000 	C:\Windows\WinSxS\amd64_microsoft.vc80.mfc_1fc8b3b9a1e18e3b_8.0.50727.762_none_c46a533c8a667ee7\MFC80.DLL
0x000007fef87e0000 - 0x000007fef8850000 	C:\Windows\system32\WINSPOOL.DRV
0x000007fefed20000 - 0x000007fefef21000 	C:\Windows\system32\ole32.dll
0x000007fefdeb0000 - 0x000007fefdf87000 	C:\Windows\system32\OLEAUT32.dll
0x0000000004970000 - 0x0000000004a1b000 	C:\Program Files\MATLAB\R2009a\bin\win64\udd_mi.dll
0x0000000004a30000 - 0x0000000004a48000 	C:\Program Files\MATLAB\R2009a\bin\win64\mwoles05.DLL
0x0000000004a60000 - 0x0000000004aca000 	C:\Program Files\MATLAB\R2009a\bin\win64\comcli.dll
0x00000000716e0000 - 0x00000000716ff000 	C:\Windows\WinSxS\amd64_microsoft.vc80.atl_1fc8b3b9a1e18e3b_8.0.50727.762_none_ca3f79d486b08636\ATL80.DLL
0x0000000004ae0000 - 0x0000000004aee000 	C:\Program Files\MATLAB\R2009a\bin\win64\mlautoregister.dll
0x000007feff000000 - 0x000007feff02e000 	C:\Windows\system32\IMM32.DLL
0x000007feff500000 - 0x000007feff609000 	C:\Windows\system32\MSCTF.dll
0x000007fefd900000 - 0x000007fefd90f000 	C:\Windows\system32\profapi.dll
0x000007fefc200000 - 0x000007fefc256000 	C:\Windows\system32\uxtheme.dll
0x000007fefb290000 - 0x000007fefb2b7000 	C:\Windows\system32\iphlpapi.dll
0x000007fefb280000 - 0x000007fefb28b000 	C:\Windows\system32\WINNSI.DLL
0x000007fefcff0000 - 0x000007fefd04b000 	C:\Windows\system32\DNSAPI.dll
0x000007fefb260000 - 0x000007fefb278000 	C:\Windows\system32\dhcpcsvc.DLL
0x000007fefae70000 - 0x000007fefae81000 	C:\Windows\system32\dhcpcsvc6.DLL
0x0000000071710000 - 0x0000000071713000 	C:\Windows\system32\icmp.Dll
0x000007fefd7d0000 - 0x000007fefd7df000 	C:\Windows\system32\CRYPTBASE.dll
0x000000000e670000 - 0x000000000ec1a000 	C:\Program Files\MATLAB\R2009a\sys\java\jre\win64\jre\bin\server\jvm.dll
0x000007fefb5e0000 - 0x000007fefb61b000 	C:\Windows\system32\WINMM.dll
0x00000000074e0000 - 0x00000000074ea000 	C:\Program Files\MATLAB\R2009a\sys\java\jre\win64\jre\bin\hpi.dll
0x0000000007500000 - 0x000000000750e000 	C:\Program Files\MATLAB\R2009a\sys\java\jre\win64\jre\bin\verify.dll
0x0000000007510000 - 0x0000000007537000 	C:\Program Files\MATLAB\R2009a\sys\java\jre\win64\jre\bin\java.dll
0x0000000007540000 - 0x0000000007552000 	C:\Program Files\MATLAB\R2009a\sys\java\jre\win64\jre\bin\zip.dll
0x0000000007560000 - 0x0000000007581000 	C:\Program Files\MATLAB\R2009a\bin\win64\nativejava.dll
0x0000000007950000 - 0x0000000007978000 	C:\Program Files\MATLAB\R2009a\bin\win64\nativejmi.dll
0x0000000007990000 - 0x0000000007997000 	C:\Program Files\MATLAB\R2009a\bin\win64\nativeservices.dll
0x0000000033780000 - 0x000000003391f000 	C:\Program Files\MATLAB\R2009a\sys\java\jre\win64\jre\bin\awt.dll
0x000007fefbe30000 - 0x000007fefbe48000 	C:\Windows\system32\dwmapi.dll
0x00000000093e0000 - 0x000000000944a000 	C:\Program Files\MATLAB\R2009a\sys\java\jre\win64\jre\bin\fontmanager.dll
0x0000000033c00000 - 0x0000000033c17000 	C:\Program Files\MATLAB\R2009a\sys\java\jre\win64\jre\bin\net.dll
0x000007fefd170000 - 0x000007fefd1c4000 	C:\Windows\system32\mswsock.dll
0x000007fefd160000 - 0x000007fefd167000 	C:\Windows\System32\wship6.dll
0x0000000033c20000 - 0x0000000033c2b000 	C:\Program Files\MATLAB\R2009a\sys\java\jre\win64\jre\bin\nio.dll
0x0000000033cb0000 - 0x0000000033cb7000 	C:\Program Files\MATLAB\R2009a\bin\win64\nativelmgr.dll
0x0000000033d50000 - 0x0000000033d85000 	C:\Program Files\MATLAB\R2009a\sys\java\jre\win64\jre\bin\jpeg.dll
0x0000000035370000 - 0x000000003550e000 	C:\Program Files\MATLAB\R2009a\bin\win64\instutil.dll

VM Arguments:
jvm_args: -Xss512k -XX:PermSize=32m -Xms64m -XX:NewRatio=3 -XX:MaxPermSize=128m -Xmx196m -XX:MaxDirectMemorySize=2147400000 -Dsun.java2d.noddraw=true -Dsun.awt.nopixfmt=true -Xshare:off -Xrs -Djava.library.path=C:\Program Files\MATLAB\R2009a\bin\win64 vfprintf abort 
java_command: <unknown>
Launcher Type: generic

Environment Variables:
CLASSPATH=.;C:\Program Files (x86)\Java\jre6\lib\ext\QTJava.zip
PATH=C:\Windows\system32;C:\Windows;C:\Windows\System32\Wbem;C:\Windows\System32\WindowsPowerShell\v1.0\;c:\Program Files (x86)\Common Files\Roxio Shared\10.0\DLLShared\;c:\Program Files (x86)\Common Files\Roxio Shared\DLLShared\;C:\Program Files\MATLAB\R2009a\bin;C:\Program Files\MATLAB\R2009a\bin\win64;C:\Program Files (x86)\QuickTime\QTSystem\
USERNAME=micro
OS=Windows_NT
PROCESSOR_IDENTIFIER=Intel64 Family 6 Model 30 Stepping 5, GenuineIntel



---------------  S Y S T E M  ---------------

OS: Windows NT 6.1 Build 7600 

CPU:total 8 (8 cores per cpu, 2 threads per core) family 6 model 14 stepping 5, cmov, cx8, fxsr, mmx, sse, sse2, sse3, ssse3, ht

Memory: 4k page, physical 8346704k(3779220k free), swap 16691508k(11347292k free)

vm_info: Java HotSpot(TM) 64-Bit Server VM (10.0-b19) for windows-amd64 JRE (1.6.0_04-b12), built on Dec 14 2007 00:44:23 by "java_re" with MS VC++ 8.0

time: Mon Sep 13 16:38:04 2010
elapsed time: 15056 seconds

