#
# An unexpected error has been detected by Java Runtime Environment:
#
#  EXCEPTION_ACCESS_VIOLATION (0xc0000005) at pc=0x000000000fe5fe52, pid=3440, tid=2948
#
# Java VM: Java HotSpot(TM) 64-Bit Server VM (10.0-b19 mixed mode windows-amd64)
# Problematic frame:
# C  [awt.dll+0x9fe52]
#
# If you would like to submit a bug report, please visit:
#   http://java.sun.com/webapps/bugreport/crash.jsp
# The crash happened outside the Java Virtual Machine in native code.
# See problematic frame for where to report the bug.
#

---------------  T H R E A D  ---------------

Current thread (0x0000000011150400):  JavaThread "AWT-Windows" daemon [_thread_in_native, id=2948, stack(0x0000000011cd0000,0x0000000011d50000)]

siginfo: ExceptionCode=0xc0000005, reading address 0xffffffffffffffff

Registers:
EAX=0x01eb00e600700010, EBX=0x0000000000000001, ECX=0x01eb00e600700010, EDX=0x000000000febbd30
ESP=0x0000000011d4f1e0, EBP=0x000000000001a220, ESI=0x0000000034366db0, EDI=0x000000000fdc0000
EIP=0x000000000fe5fe52, EFLAGS=0x0000000000010202

Top of Stack: (sp=0x0000000011d4f1e0)
0x0000000011d4f1e0:   0000000011150400 0000000000000000
0x0000000011d4f1f0:   0000000000000001 000000000fdc0000
0x0000000011d4f200:   0000000011150598 000000000fe65539
0x0000000011d4f210:   0000000048285490 0000000011150598
0x0000000011d4f220:   0000000034366db0 0000000000000111
0x0000000011d4f230:   0000000004d9d248 00000000000b042e
0x0000000011d4f240:   0000000000000000 000000000000c215
0x0000000011d4f250:   0000000000000000 0000000000000000
0x0000000011d4f260:   000000000000c215 fffffffffffffffe
0x0000000011d4f270:   0000000011150598 0000000000000001
0x0000000011d4f280:   0000000000000000 0000000000000111
0x0000000011d4f290:   0000000000000111 0000000000000111
0x0000000011d4f2a0:   000000000001a220 0000000000000000
0x0000000011d4f2b0:   0000000034366db0 000000000fe9d807
0x0000000011d4f2c0:   0000000000000000 00000000770fb98f
0x0000000011d4f2d0:   00000000ffffffeb 0000000000000000 

Instructions: (pc=0x000000000fe5fe52)
0x000000000fe5fe42:   53 0b 00 e8 46 8a 03 00 48 85 c0 48 8b c8 74 06
0x000000000fe5fe52:   48 8b 00 ff 50 08 b8 02 00 00 00 48 83 c4 20 5b 


Stack: [0x0000000011cd0000,0x0000000011d50000],  sp=0x0000000011d4f1e0,  free space=508k
Native frames: (J=compiled Java code, j=interpreted, Vv=VM code, C=native code)
C  [awt.dll+0x9fe52]

Java frames: (J=compiled Java code, j=interpreted, Vv=VM code)
v  ~BufferBlob::Interpreter
v  ~BufferBlob::Interpreter
v  ~BufferBlob::Interpreter
v  ~BufferBlob::StubRoutines (1)

---------------  P R O C E S S  ---------------

Java Threads: ( => current thread )
  0x000000003bbaf000 JavaThread "Thread-1767" [_thread_blocked, id=4388, stack(0x00000000378b0000,0x0000000037930000)]
  0x000000003bbadc00 JavaThread "Thread-1743" [_thread_blocked, id=1224, stack(0x0000000037830000,0x00000000378b0000)]
  0x000000003bbae800 JavaThread "Thread-1621" [_thread_blocked, id=2272, stack(0x000000000da10000,0x000000000da90000)]
  0x000000003bba9c00 JavaThread "Thread-567" [_thread_blocked, id=3960, stack(0x000000000d840000,0x000000000d8c0000)]
  0x000000003bbab000 JavaThread "Prefs Updater" [_thread_blocked, id=3780, stack(0x000000000d1e0000,0x000000000d260000)]
  0x000000003bbaac00 JavaThread "Foxtrot Single Worker Thread #1" daemon [_thread_blocked, id=4216, stack(0x000000000d640000,0x000000000d6c0000)]
  0x000000003bbac000 JavaThread "Timer queue for AWT thread" daemon [_thread_blocked, id=1332, stack(0x000000000d7c0000,0x000000000d840000)]
  0x000000003bba8800 JavaThread "Thread-209" [_thread_blocked, id=5104, stack(0x0000000038cd0000,0x0000000038d50000)]
  0x000000003bba8400 JavaThread "Thread-208" [_thread_blocked, id=3904, stack(0x0000000038c50000,0x0000000038cd0000)]
  0x0000000011c34000 JavaThread "Thread-206" [_thread_blocked, id=2080, stack(0x0000000038bd0000,0x0000000038c50000)]
  0x0000000011c33800 JavaThread "Thread-204" [_thread_blocked, id=5016, stack(0x0000000038b50000,0x0000000038bd0000)]
  0x0000000011c33400 JavaThread "Thread-202" [_thread_blocked, id=940, stack(0x0000000038ad0000,0x0000000038b50000)]
  0x0000000011c32c00 JavaThread "Thread-199" [_thread_blocked, id=280, stack(0x0000000038a50000,0x0000000038ad0000)]
  0x0000000011c32400 JavaThread "Thread-189" [_thread_blocked, id=592, stack(0x000000003cb60000,0x000000003cbe0000)]
  0x0000000011c31c00 JavaThread "Thread-181" [_thread_blocked, id=4872, stack(0x000000003cae0000,0x000000003cb60000)]
  0x0000000011c31000 JavaThread "Thread-175" [_thread_blocked, id=2500, stack(0x000000003c9e0000,0x000000003ca60000)]
  0x0000000011c30400 JavaThread "Thread-172" [_thread_blocked, id=4852, stack(0x000000003b880000,0x000000003b900000)]
  0x0000000011c30800 JavaThread "Thread-170" [_thread_blocked, id=196, stack(0x000000003b990000,0x000000003ba10000)]
  0x0000000011c2fc00 JavaThread "Thread-165" [_thread_blocked, id=2224, stack(0x0000000036470000,0x00000000364f0000)]
  0x0000000011c2f400 JavaThread "Thread-159" [_thread_blocked, id=696, stack(0x000000003b800000,0x000000003b880000)]
  0x0000000011c2e800 JavaThread "Thread-134" [_thread_blocked, id=4572, stack(0x0000000011c50000,0x0000000011cd0000)]
  0x0000000011c2e000 JavaThread "Active Reference Queue Daemon" daemon [_thread_blocked, id=772, stack(0x0000000038760000,0x00000000387e0000)]
  0x0000000011c2d400 JavaThread "Timer-111" daemon [_thread_blocked, id=1484, stack(0x00000000387e0000,0x0000000038860000)]
  0x0000000011c2cc00 JavaThread "Timer-33" daemon [_thread_blocked, id=5028, stack(0x0000000036370000,0x00000000363f0000)]
  0x00000000342bd800 JavaThread "Timer-1" [_thread_blocked, id=5004, stack(0x0000000034ed0000,0x0000000034f50000)]
  0x00000000119f8400 JavaThread "TimerQueue" daemon [_thread_blocked, id=4724, stack(0x0000000034bd0000,0x0000000034c50000)]
  0x0000000011ae1800 JavaThread "AWT-EventQueue-0" [_thread_in_native, id=4548, stack(0x0000000034b50000,0x0000000034bd0000)]
  0x0000000011ae1000 JavaThread "AWT-Shutdown" [_thread_blocked, id=4560, stack(0x0000000011dc0000,0x0000000011e40000)]
=>0x0000000011150400 JavaThread "AWT-Windows" daemon [_thread_in_native, id=2948, stack(0x0000000011cd0000,0x0000000011d50000)]
  0x000000000fbd0000 JavaThread "Java2D Disposer" daemon [_thread_blocked, id=4824, stack(0x000000000ff60000,0x000000000ffe0000)]
  0x00000000111dc000 JavaThread "Timer-0" [_thread_blocked, id=4804, stack(0x000000000fc60000,0x000000000fce0000)]
  0x0000000011201000 JavaThread "JMI Unnamed Thread" [_thread_in_native, id=4284, stack(0x0000000008fc0000,0x0000000009fc0000)]
  0x000000000fbf0400 JavaThread "Low Memory Detector" daemon [_thread_blocked, id=4896, stack(0x000000000f9d0000,0x000000000fa50000)]
  0x000000000fbec000 JavaThread "CompilerThread1" daemon [_thread_blocked, id=4888, stack(0x00000000316a0000,0x00000000326a0000)]
  0x000000000fbe7000 JavaThread "CompilerThread0" daemon [_thread_blocked, id=4904, stack(0x00000000306a0000,0x00000000316a0000)]
  0x000000000fbe6800 JavaThread "Attach Listener" daemon [_thread_blocked, id=4880, stack(0x000000000f950000,0x000000000f9d0000)]
  0x0000000004bff400 JavaThread "Finalizer" daemon [_thread_blocked, id=4908, stack(0x000000000f8d0000,0x000000000f950000)]
  0x0000000004bfe800 JavaThread "Reference Handler" daemon [_thread_blocked, id=4892, stack(0x000000000e150000,0x000000000e1d0000)]
  0x0000000004c8ec00 JavaThread "main" [_thread_in_native, id=3524, stack(0x0000000000030000,0x0000000001030000)]

Other Threads:
  0x0000000004bfd800 VMThread [stack: 0x000000002f6a0000,0x00000000306a0000] [id=4816]
  0x000000000fc14c00 WatcherThread [stack: 0x00000000326a0000,0x00000000336a0000] [id=4712]

VM state:not at safepoint (normal execution)

VM Mutex/Monitor currently owned by a thread: None

Heap
 PSYoungGen      total 14976K, used 6845K [0x00000000265a0000, 0x00000000275a0000, 0x00000000296a0000)
  eden space 13504K, 48% used [0x00000000265a0000,0x0000000026c0f6b8,0x00000000272d0000)
  from space 1472K, 17% used [0x0000000027430000,0x0000000027470000,0x00000000275a0000)
  to   space 1408K, 0% used [0x00000000272d0000,0x00000000272d0000,0x0000000027430000)
 PSOldGen        total 150528K, used 147040K [0x000000001d2a0000, 0x00000000265a0000, 0x00000000265a0000)
  object space 150528K, 97% used [0x000000001d2a0000,0x0000000026238028,0x00000000265a0000)
 PSPermGen       total 62080K, used 61290K [0x00000000152a0000, 0x0000000018f40000, 0x000000001d2a0000)
  object space 62080K, 98% used [0x00000000152a0000,0x0000000018e7a8e8,0x0000000018f40000)

Dynamic libraries:
0x0000000140000000 - 0x0000000140032000 	C:\Program Files\MATLAB\R2009a\bin\win64\MATLAB.exe
0x0000000077300000 - 0x00000000774ab000 	C:\Windows\SYSTEM32\ntdll.dll
0x00000000771e0000 - 0x00000000772ff000 	C:\Windows\system32\kernel32.dll
0x000007fefd520000 - 0x000007fefd58b000 	C:\Windows\system32\KERNELBASE.dll
0x0000000180000000 - 0x0000000180406000 	C:\Program Files\MATLAB\R2009a\bin\win64\libut.dll
0x000007feff490000 - 0x000007feff4a7000 	C:\Windows\system32\imagehlp.dll
0x000007feff3f0000 - 0x000007feff48f000 	C:\Windows\system32\msvcrt.dll
0x00000000774c0000 - 0x00000000774c7000 	C:\Windows\system32\PSAPI.DLL
0x00000000010d0000 - 0x00000000010f8000 	C:\Program Files\MATLAB\R2009a\bin\win64\LIBEXPAT.dll
0x0000000072bc0000 - 0x0000000072c89000 	C:\Windows\WinSxS\amd64_microsoft.vc80.crt_1fc8b3b9a1e18e3b_8.0.50727.4927_none_88dce9872fb18caf\MSVCR80.dll
0x000000004a800000 - 0x000000004a923000 	C:\Program Files\MATLAB\R2009a\bin\win64\icuuc38.dll
0x000007feff1d0000 - 0x000007feff2ab000 	C:\Windows\system32\ADVAPI32.dll
0x000007feff2b0000 - 0x000007feff2cf000 	C:\Windows\SYSTEM32\sechost.dll
0x000007fefe9b0000 - 0x000007fefeade000 	C:\Windows\system32\RPCRT4.dll
0x000000004ad00000 - 0x000000004ad03000 	C:\Program Files\MATLAB\R2009a\bin\win64\icudt38.dll
0x000000004ab00000 - 0x000000004ab0f000 	C:\Program Files\MATLAB\R2009a\bin\win64\icuio38.dll
0x0000000001340000 - 0x000000000147a000 	C:\Program Files\MATLAB\R2009a\bin\win64\icuin38.dll
0x0000000072a40000 - 0x0000000072b49000 	C:\Windows\WinSxS\amd64_microsoft.vc80.crt_1fc8b3b9a1e18e3b_8.0.50727.4927_none_88dce9872fb18caf\MSVCP80.dll
0x00000000770e0000 - 0x00000000771da000 	C:\Windows\system32\USER32.dll
0x000007fefe8f0000 - 0x000007fefe957000 	C:\Windows\system32\GDI32.dll
0x000007feff1c0000 - 0x000007feff1ce000 	C:\Windows\system32\LPK.dll
0x000007fefeae0000 - 0x000007fefebaa000 	C:\Windows\system32\USP10.dll
0x0000000001140000 - 0x00000000011ae000 	C:\Program Files\MATLAB\R2009a\bin\win64\libmwfl.dll
0x00000000011c0000 - 0x00000000011cf000 	C:\Program Files\MATLAB\R2009a\bin\win64\boost_date_time-vc80-mt-1_36.dll
0x00000000011e0000 - 0x00000000011f6000 	C:\Program Files\MATLAB\R2009a\bin\win64\boost_signals-vc80-mt-1_36.dll
0x0000000001210000 - 0x0000000001219000 	C:\Program Files\MATLAB\R2009a\bin\win64\boost_system-vc80-mt-1_36.dll
0x0000000001480000 - 0x0000000001491000 	C:\Program Files\MATLAB\R2009a\bin\win64\boost_thread-vc80-mt-1_36.dll
0x00000000014a0000 - 0x00000000016d7000 	C:\Program Files\MATLAB\R2009a\bin\win64\libmwservices.dll
0x00000000016f0000 - 0x0000000001761000 	C:\Program Files\MATLAB\R2009a\bin\win64\libmx.dll
0x0000000001780000 - 0x0000000001797000 	C:\Program Files\MATLAB\R2009a\bin\win64\zlib1.dll
0x00000000017a0000 - 0x00000000018c5000 	C:\Program Files\MATLAB\R2009a\bin\win64\libmwmathutil.dll
0x00000000018e0000 - 0x0000000001935000 	C:\Program Files\MATLAB\R2009a\bin\win64\mpath.dll
0x0000000001950000 - 0x000000000199f000 	C:\Program Files\MATLAB\R2009a\bin\win64\mlutil.dll
0x0000000010000000 - 0x0000000010049000 	C:\Program Files\MATLAB\R2009a\bin\win64\tbb.dll
0x000007fef7130000 - 0x000007fef71d0000 	C:\Windows\WinSxS\amd64_microsoft.windows.common-controls_6595b64144ccf1df_5.82.7600.16661_none_a44e1fc257f685f6\COMCTL32.dll
0x000007fefd8b0000 - 0x000007fefd948000 	C:\Windows\system32\comdlg32.dll
0x000007feff070000 - 0x000007feff0e1000 	C:\Windows\system32\SHLWAPI.dll
0x000007fefdb60000 - 0x000007fefe8e6000 	C:\Windows\system32\SHELL32.dll
0x000007fefaea0000 - 0x000007fefaeb6000 	C:\Windows\system32\NETAPI32.dll
0x000007fefae90000 - 0x000007fefae9c000 	C:\Windows\system32\netutils.dll
0x000007fefcd90000 - 0x000007fefcdb3000 	C:\Windows\system32\srvcli.dll
0x000007fefae70000 - 0x000007fefae85000 	C:\Windows\system32\wkscli.dll
0x000007fefe960000 - 0x000007fefe9ad000 	C:\Windows\system32\WS2_32.dll
0x000007feff3e0000 - 0x000007feff3e8000 	C:\Windows\system32\NSI.dll
0x00000000019b0000 - 0x0000000001a32000 	C:\Program Files\MATLAB\R2009a\bin\win64\mcr.dll
0x0000000001a50000 - 0x0000000001ab2000 	C:\Program Files\MATLAB\R2009a\bin\win64\iqm.dll
0x0000000001ad0000 - 0x00000000023b7000 	C:\Program Files\MATLAB\R2009a\bin\win64\m_interpreter.dll
0x00000000023d0000 - 0x00000000023df000 	C:\Program Files\MATLAB\R2009a\bin\win64\libmex.dll
0x00000000023f0000 - 0x0000000002480000 	C:\Program Files\MATLAB\R2009a\bin\win64\m_dispatcher.dll
0x0000000002490000 - 0x00000000024b5000 	C:\Program Files\MATLAB\R2009a\bin\win64\datasvcs.dll
0x0000000012000000 - 0x0000000012295000 	C:\Program Files\MATLAB\R2009a\bin\win64\xerces-c_2_7.dll
0x00000000024e0000 - 0x00000000025d1000 	C:\Program Files\MATLAB\R2009a\bin\win64\boost_regex-vc80-mt-1_36.dll
0x00000000025f0000 - 0x0000000002681000 	C:\Program Files\MATLAB\R2009a\bin\win64\profiler.dll
0x00000000026a0000 - 0x00000000026ca000 	C:\Program Files\MATLAB\R2009a\bin\win64\libmwmathrng.dll
0x00000000026e0000 - 0x00000000026fa000 	C:\Program Files\MATLAB\R2009a\bin\win64\m_pcodeio.dll
0x0000000002710000 - 0x000000000275d000 	C:\Program Files\MATLAB\R2009a\bin\win64\m_ir.dll
0x0000000002770000 - 0x0000000002d76000 	C:\Program Files\MATLAB\R2009a\bin\win64\m_parser.dll
0x0000000002d90000 - 0x0000000002da4000 	C:\Program Files\MATLAB\R2009a\bin\win64\ir_xfmr.dll
0x0000000002dc0000 - 0x0000000003041000 	C:\Program Files\MATLAB\R2009a\bin\win64\mcos.dll
0x0000000003060000 - 0x000000000306c000 	C:\Program Files\MATLAB\R2009a\bin\win64\mtok.dll
0x0000000003080000 - 0x00000000030a0000 	C:\Program Files\MATLAB\R2009a\bin\win64\m_pcodegen.dll
0x000007feec180000 - 0x000007feec2a5000 	C:\Windows\system32\dbghelp.dll
0x00000000030b0000 - 0x00000000030d4000 	C:\Program Files\MATLAB\R2009a\bin\win64\bridge.dll
0x00000000030f0000 - 0x00000000031b0000 	C:\Program Files\MATLAB\R2009a\bin\win64\udd.dll
0x00000000031c0000 - 0x0000000003317000 	C:\Program Files\MATLAB\R2009a\bin\win64\libmwgui.dll
0x0000000003330000 - 0x0000000003615000 	C:\Program Files\MATLAB\R2009a\bin\win64\hg.dll
0x0000000003630000 - 0x0000000003662000 	C:\Program Files\MATLAB\R2009a\bin\win64\libmat.dll
0x0000000003680000 - 0x000000000386e000 	C:\Program Files\MATLAB\R2009a\bin\win64\libhdf5.dll
0x0000000003880000 - 0x00000000038e0000 	C:\Program Files\MATLAB\R2009a\bin\win64\jmi.dll
0x00000000038f0000 - 0x0000000003930000 	C:\Program Files\MATLAB\R2009a\bin\win64\libmwhardcopy.dll
0x0000000003940000 - 0x0000000003998000 	C:\Program Files\MATLAB\R2009a\bin\win64\libuij.dll
0x00000000039b0000 - 0x0000000003aa2000 	C:\Program Files\MATLAB\R2009a\bin\win64\libmwmathlinalg.dll
0x0000000003ac0000 - 0x0000000003e6c000 	C:\Program Files\MATLAB\R2009a\bin\win64\libmwmathelem.dll
0x0000000003e80000 - 0x0000000003eec000 	C:\Program Files\MATLAB\R2009a\bin\win64\libmwmathcore.dll
0x0000000003f00000 - 0x0000000003f62000 	C:\Program Files\MATLAB\R2009a\bin\win64\libmwcholmod.dll
0x0000000003f80000 - 0x0000000003f8d000 	C:\Program Files\MATLAB\R2009a\bin\win64\libmwamd.dll
0x0000000003fa0000 - 0x0000000003fac000 	C:\Program Files\MATLAB\R2009a\bin\win64\libmwcolamd.dll
0x0000000003fc0000 - 0x0000000003fd5000 	C:\Program Files\MATLAB\R2009a\bin\win64\libmwblas.dll
0x0000000003ff0000 - 0x0000000004001000 	C:\Program Files\MATLAB\R2009a\bin\win64\libmwbinder.dll
0x0000000004020000 - 0x000000000409d000 	C:\Program Files\MATLAB\R2009a\bin\win64\libmwlapack.dll
0x00000000040b0000 - 0x00000000040eb000 	C:\Program Files\MATLAB\R2009a\bin\win64\libmwrookfastbp.dll
0x0000000004100000 - 0x000000000414c000 	C:\Program Files\MATLAB\R2009a\bin\win64\libmwma57.dll
0x0000000004160000 - 0x000000000427c000 	C:\Program Files\MATLAB\R2009a\bin\win64\libifcoremd.dll
0x0000000004280000 - 0x0000000004550000 	C:\Program Files\MATLAB\R2009a\bin\win64\libmmd.dll
0x0000000004550000 - 0x0000000004560000 	C:\Program Files\MATLAB\R2009a\bin\win64\libmwcsparse.dll
0x0000000004570000 - 0x00000000045de000 	C:\Program Files\MATLAB\R2009a\bin\win64\libmwumfpack.dll
0x00000000045f0000 - 0x00000000046dd000 	C:\Program Files\MATLAB\R2009a\bin\win64\hgdatatypes.dll
0x00000000046f0000 - 0x0000000004934000 	C:\Program Files\MATLAB\R2009a\bin\win64\uiw.dll
0x0000000004950000 - 0x000000000495a000 	C:\Program Files\MATLAB\R2009a\bin\win64\uinone.dll
0x000000006d620000 - 0x000000006d7bc000 	C:\Windows\WinSxS\amd64_microsoft.vc80.mfc_1fc8b3b9a1e18e3b_8.0.50727.1833_none_8442d417329336b1\MFC80.DLL
0x000007fef8bb0000 - 0x000007fef8c20000 	C:\Windows\system32\WINSPOOL.DRV
0x000007fefd950000 - 0x000007fefdb52000 	C:\Windows\system32\ole32.dll
0x000007fefef90000 - 0x000007feff067000 	C:\Windows\system32\OLEAUT32.dll
0x0000000004970000 - 0x0000000004a1b000 	C:\Program Files\MATLAB\R2009a\bin\win64\udd_mi.dll
0x0000000004a30000 - 0x0000000004a48000 	C:\Program Files\MATLAB\R2009a\bin\win64\mwoles05.DLL
0x0000000004a60000 - 0x0000000004aca000 	C:\Program Files\MATLAB\R2009a\bin\win64\comcli.dll
0x000000006e180000 - 0x000000006e19f000 	C:\Windows\WinSxS\amd64_microsoft.vc80.atl_1fc8b3b9a1e18e3b_8.0.50727.1833_none_8a17faaf2edd3e00\ATL80.DLL
0x0000000004ae0000 - 0x0000000004aee000 	C:\Program Files\MATLAB\R2009a\bin\win64\mlautoregister.dll
0x000007feff5e0000 - 0x000007feff60e000 	C:\Windows\system32\IMM32.DLL
0x000007feff2d0000 - 0x000007feff3d9000 	C:\Windows\system32\MSCTF.dll
0x000007fefd260000 - 0x000007fefd26f000 	C:\Windows\system32\profapi.dll
0x000007fefb9e0000 - 0x000007fefba36000 	C:\Windows\system32\uxtheme.dll
0x000007fefb020000 - 0x000007fefb047000 	C:\Windows\system32\iphlpapi.dll
0x000007fefb010000 - 0x000007fefb01b000 	C:\Windows\system32\WINNSI.DLL
0x000007fefc910000 - 0x000007fefc96b000 	C:\Windows\system32\DNSAPI.dll
0x000007fefaf70000 - 0x000007fefaf88000 	C:\Windows\system32\dhcpcsvc.DLL
0x000007fefa710000 - 0x000007fefa721000 	C:\Windows\system32\dhcpcsvc6.DLL
0x000000006e680000 - 0x000000006e683000 	C:\Windows\system32\icmp.Dll
0x000007fefd150000 - 0x000007fefd15f000 	C:\Windows\system32\CRYPTBASE.dll
0x000000000e270000 - 0x000000000e81a000 	C:\Program Files\MATLAB\R2009a\sys\java\jre\win64\jre\bin\server\jvm.dll
0x000007fefb380000 - 0x000007fefb3bb000 	C:\Windows\system32\WINMM.dll
0x0000000007160000 - 0x000000000716a000 	C:\Program Files\MATLAB\R2009a\sys\java\jre\win64\jre\bin\hpi.dll
0x0000000007180000 - 0x000000000718e000 	C:\Program Files\MATLAB\R2009a\sys\java\jre\win64\jre\bin\verify.dll
0x0000000007890000 - 0x00000000078b7000 	C:\Program Files\MATLAB\R2009a\sys\java\jre\win64\jre\bin\java.dll
0x0000000007190000 - 0x00000000071a2000 	C:\Program Files\MATLAB\R2009a\sys\java\jre\win64\jre\bin\zip.dll
0x0000000007a60000 - 0x0000000007a81000 	C:\Program Files\MATLAB\R2009a\bin\win64\nativejava.dll
0x0000000007da0000 - 0x0000000007dc8000 	C:\Program Files\MATLAB\R2009a\bin\win64\nativejmi.dll
0x0000000007dd0000 - 0x0000000007dd7000 	C:\Program Files\MATLAB\R2009a\bin\win64\nativeservices.dll
0x000000000fdc0000 - 0x000000000ff5f000 	C:\Program Files\MATLAB\R2009a\sys\java\jre\win64\jre\bin\awt.dll
0x000007fefb4a0000 - 0x000007fefb4b8000 	C:\Windows\system32\dwmapi.dll
0x0000000011d50000 - 0x0000000011dba000 	C:\Program Files\MATLAB\R2009a\sys\java\jre\win64\jre\bin\fontmanager.dll
0x0000000033a70000 - 0x0000000033a87000 	C:\Program Files\MATLAB\R2009a\sys\java\jre\win64\jre\bin\net.dll
0x000007fefca90000 - 0x000007fefcae4000 	C:\Windows\system32\mswsock.dll
0x000007fefca80000 - 0x000007fefca87000 	C:\Windows\System32\wship6.dll
0x0000000033a90000 - 0x0000000033a9b000 	C:\Program Files\MATLAB\R2009a\sys\java\jre\win64\jre\bin\nio.dll
0x0000000033aa0000 - 0x0000000033aa7000 	C:\Program Files\MATLAB\R2009a\bin\win64\nativelmgr.dll
0x0000000033ac0000 - 0x0000000033af5000 	C:\Program Files\MATLAB\R2009a\sys\java\jre\win64\jre\bin\jpeg.dll
0x0000000034cd0000 - 0x0000000034e6e000 	C:\Program Files\MATLAB\R2009a\bin\win64\instutil.dll

VM Arguments:
jvm_args: -Xss512k -XX:PermSize=32m -Xms64m -XX:NewRatio=3 -XX:MaxPermSize=128m -Xmx196m -XX:MaxDirectMemorySize=2147400000 -Dsun.java2d.noddraw=true -Dsun.awt.nopixfmt=true -Xshare:off -Xrs -Djava.library.path=C:\Program Files\MATLAB\R2009a\bin\win64 vfprintf abort 
java_command: <unknown>
Launcher Type: generic

Environment Variables:
CLASSPATH=.;C:\Program Files (x86)\Java\jre6\lib\ext\QTJava.zip
PATH=C:\Windows\system32;C:\Windows;C:\Windows\System32\Wbem;C:\Windows\System32\WindowsPowerShell\v1.0\;c:\Program Files (x86)\Common Files\Roxio Shared\10.0\DLLShared\;c:\Program Files (x86)\Common Files\Roxio Shared\DLLShared\;C:\Program Files\MATLAB\R2009a\bin;C:\Program Files\MATLAB\R2009a\bin\win64;C:\Program Files (x86)\QuickTime\QTSystem\;C:\Program Files (x86)\Microsoft SQL Server\100\Tools\Binn\;C:\Program Files (x86)\Microsoft SQL Server\100\DTS\Binn\;C:\Python26;C:\Python26\DLLs;C:\Python26\Scripts;C:\Python26\Lib\site-packages\PyQt4;C:\Python26\gnuplot\bin;C:\Python26\Lib\site-packages\vtk;C:\Program Files (x86)\pythonxy\console;C:\Program Files (x86)\pythonxy\SciTE-2.21;C:\Program Files (x86)\pythonxy\mingw\bin;C:\Windows\System32
USERNAME=micro
OS=Windows_NT
PROCESSOR_IDENTIFIER=Intel64 Family 6 Model 30 Stepping 5, GenuineIntel



---------------  S Y S T E M  ---------------

OS: Windows NT 6.1 Build 7600 

CPU:total 8 (8 cores per cpu, 2 threads per core) family 6 model 14 stepping 5, cmov, cx8, fxsr, mmx, sse, sse2, sse3, ssse3, ht

Memory: 4k page, physical 8346704k(3325072k free), swap 16057552k(10986000k free)

vm_info: Java HotSpot(TM) 64-Bit Server VM (10.0-b19) for windows-amd64 JRE (1.6.0_04-b12), built on Dec 14 2007 00:44:23 by "java_re" with MS VC++ 8.0

time: Fri Dec 10 15:05:16 2010
elapsed time: 93482 seconds

