#
# An unexpected error has been detected by Java Runtime Environment:
#
#  EXCEPTION_ACCESS_VIOLATION (0xc0000005) at pc=0x000000000f9dfe52, pid=4660, tid=2344
#
# Java VM: Java HotSpot(TM) 64-Bit Server VM (10.0-b19 mixed mode windows-amd64)
# Problematic frame:
# C  [awt.dll+0x9fe52]
#
# If you would like to submit a bug report, please visit:
#   http://java.sun.com/webapps/bugreport/crash.jsp
# The crash happened outside the Java Virtual Machine in native code.
# See problematic frame for where to report the bug.
#

---------------  T H R E A D  ---------------

Current thread (0x000000000f369400):  JavaThread "AWT-Windows" daemon [_thread_in_native, id=2344, stack(0x000000000fbe0000,0x000000000fc60000)]

siginfo: ExceptionCode=0xc0000005, reading address 0x0000000000100009

Registers:
EAX=0x0000000000100009, EBX=0x0000000000000001, ECX=0x0000000000100009, EDX=0x000000000fa3bd30
ESP=0x000000000fc5efe0, EBP=0x000000000001a220, ESI=0x000000003571fdb0, EDI=0x000000000f940000
EIP=0x000000000f9dfe52, EFLAGS=0x0000000000010206

Top of Stack: (sp=0x000000000fc5efe0)
0x000000000fc5efe0:   000000000f369400 0000000000000000
0x000000000fc5eff0:   0000000000000001 000000000f940000
0x000000000fc5f000:   000000000f369598 000000000f9e5539
0x000000000fc5f010:   0000000007d23630 000000000f369598
0x000000000fc5f020:   000000003571fdb0 0000000000000111
0x000000000fc5f030:   0000000004efd368 000000000004075c
0x000000000fc5f040:   0000000000000000 000000000000c28d
0x000000000fc5f050:   0000000000000000 0000000000000000
0x000000000fc5f060:   000000000000c28d fffffffffffffffe
0x000000000fc5f070:   000000000f369598 0000000000000001
0x000000000fc5f080:   0000000000000000 0000000000000111
0x000000000fc5f090:   0000000000000111 0000000000000111
0x000000000fc5f0a0:   000000000001a220 0000000000000000
0x000000000fc5f0b0:   000000003571fdb0 000000000fa1d807
0x000000000fc5f0c0:   0000000000000000 0000000076f2b98f
0x000000000fc5f0d0:   00000000ffffffeb 0000000000000000 

Instructions: (pc=0x000000000f9dfe52)
0x000000000f9dfe42:   53 0b 00 e8 46 8a 03 00 48 85 c0 48 8b c8 74 06
0x000000000f9dfe52:   48 8b 00 ff 50 08 b8 02 00 00 00 48 83 c4 20 5b 


Stack: [0x000000000fbe0000,0x000000000fc60000],  sp=0x000000000fc5efe0,  free space=507k
Native frames: (J=compiled Java code, j=interpreted, Vv=VM code, C=native code)
C  [awt.dll+0x9fe52]

Java frames: (J=compiled Java code, j=interpreted, Vv=VM code)
v  ~BufferBlob::Interpreter
v  ~BufferBlob::Interpreter
v  ~BufferBlob::Interpreter
v  ~BufferBlob::StubRoutines (1)

---------------  P R O C E S S  ---------------

Java Threads: ( => current thread )
  0x000000000f36d800 JavaThread "Prefs Updater" [_thread_blocked, id=3116, stack(0x0000000036e80000,0x0000000036f00000)]
  0x000000000f36c400 JavaThread "Timer-13" daemon [_thread_blocked, id=4164, stack(0x0000000035a10000,0x0000000035a90000)]
  0x000000000f36b000 JavaThread "Timer-1" [_thread_blocked, id=2896, stack(0x0000000011ad0000,0x0000000011b50000)]
  0x000000000f36a800 JavaThread "TimerQueue" daemon [_thread_blocked, id=1076, stack(0x0000000011850000,0x00000000118d0000)]
  0x000000000f36a000 JavaThread "AWT-EventQueue-0" [_thread_in_native, id=4968, stack(0x0000000035720000,0x00000000357a0000)]
=>0x000000000f369400 JavaThread "AWT-Windows" daemon [_thread_in_native, id=2344, stack(0x000000000fbe0000,0x000000000fc60000)]
  0x000000000f368c00 JavaThread "AWT-Shutdown" [_thread_blocked, id=1984, stack(0x000000000fb60000,0x000000000fbe0000)]
  0x000000000f368400 JavaThread "Java2D Disposer" daemon [_thread_blocked, id=4844, stack(0x000000000fae0000,0x000000000fb60000)]
  0x000000000f368000 JavaThread "Timer-0" [_thread_blocked, id=4864, stack(0x000000000f7e0000,0x000000000f860000)]
  0x000000000f367800 JavaThread "JMI Unnamed Thread" [_thread_in_native, id=1280, stack(0x0000000009490000,0x000000000a490000)]
  0x000000000f367000 JavaThread "Low Memory Detector" daemon [_thread_blocked, id=4112, stack(0x000000000f150000,0x000000000f1d0000)]
  0x000000000f373800 JavaThread "CompilerThread1" daemon [_thread_blocked, id=2512, stack(0x00000000326a0000,0x00000000336a0000)]
  0x000000000f36ec00 JavaThread "CompilerThread0" daemon [_thread_blocked, id=1144, stack(0x00000000316a0000,0x00000000326a0000)]
  0x000000000f366c00 JavaThread "Attach Listener" daemon [_thread_blocked, id=816, stack(0x000000000f0d0000,0x000000000f150000)]
  0x0000000004c1f400 JavaThread "Finalizer" daemon [_thread_blocked, id=4268, stack(0x000000000f050000,0x000000000f0d0000)]
  0x0000000004c1e800 JavaThread "Reference Handler" daemon [_thread_blocked, id=5044, stack(0x00000000083e0000,0x0000000008460000)]
  0x0000000004b1ec00 JavaThread "main" [_thread_in_native, id=3804, stack(0x0000000000030000,0x0000000001030000)]

Other Threads:
  0x0000000004c1d800 VMThread [stack: 0x00000000306a0000,0x00000000316a0000] [id=3028]
  0x0000000004b98000 WatcherThread [stack: 0x00000000336a0000,0x00000000346a0000] [id=904]

VM state:not at safepoint (normal execution)

VM Mutex/Monitor currently owned by a thread: None

Heap
 PSYoungGen      total 14336K, used 5953K [0x00000000265a0000, 0x00000000275a0000, 0x00000000296a0000)
  eden space 12096K, 46% used [0x00000000265a0000,0x0000000026b286c0,0x0000000027170000)
  from space 2240K, 12% used [0x0000000027370000,0x00000000273b8000,0x00000000275a0000)
  to   space 2048K, 0% used [0x0000000027170000,0x0000000027170000,0x0000000027370000)
 PSOldGen        total 69696K, used 41366K [0x000000001d2a0000, 0x00000000216b0000, 0x00000000265a0000)
  object space 69696K, 59% used [0x000000001d2a0000,0x000000001fb05b70,0x00000000216b0000)
 PSPermGen       total 83136K, used 44856K [0x00000000152a0000, 0x000000001a3d0000, 0x000000001d2a0000)
  object space 83136K, 53% used [0x00000000152a0000,0x0000000017e6e2d0,0x000000001a3d0000)

Dynamic libraries:
0x0000000140000000 - 0x0000000140032000 	C:\Program Files\MATLAB\R2009a\bin\win64\MATLAB.exe
0x0000000077010000 - 0x00000000771bb000 	C:\Windows\SYSTEM32\ntdll.dll
0x0000000076df0000 - 0x0000000076f0f000 	C:\Windows\system32\kernel32.dll
0x000007fefd290000 - 0x000007fefd2fb000 	C:\Windows\system32\KERNELBASE.dll
0x0000000180000000 - 0x0000000180406000 	C:\Program Files\MATLAB\R2009a\bin\win64\libut.dll
0x000007fefd760000 - 0x000007fefd777000 	C:\Windows\system32\imagehlp.dll
0x000007fefd840000 - 0x000007fefd8df000 	C:\Windows\system32\msvcrt.dll
0x00000000771e0000 - 0x00000000771e7000 	C:\Windows\system32\PSAPI.DLL
0x00000000010d0000 - 0x00000000010f8000 	C:\Program Files\MATLAB\R2009a\bin\win64\LIBEXPAT.dll
0x00000000728b0000 - 0x0000000072979000 	C:\Windows\WinSxS\amd64_microsoft.vc80.crt_1fc8b3b9a1e18e3b_8.0.50727.4927_none_88dce9872fb18caf\MSVCR80.dll
0x000000004a800000 - 0x000000004a923000 	C:\Program Files\MATLAB\R2009a\bin\win64\icuuc38.dll
0x000007fefed10000 - 0x000007fefedeb000 	C:\Windows\system32\ADVAPI32.dll
0x000007feff0a0000 - 0x000007feff0bf000 	C:\Windows\SYSTEM32\sechost.dll
0x000007fefd530000 - 0x000007fefd65e000 	C:\Windows\system32\RPCRT4.dll
0x000000004ad00000 - 0x000000004ad03000 	C:\Program Files\MATLAB\R2009a\bin\win64\icudt38.dll
0x000000004ab00000 - 0x000000004ab0f000 	C:\Program Files\MATLAB\R2009a\bin\win64\icuio38.dll
0x0000000001330000 - 0x000000000146a000 	C:\Program Files\MATLAB\R2009a\bin\win64\icuin38.dll
0x0000000072730000 - 0x0000000072839000 	C:\Windows\WinSxS\amd64_microsoft.vc80.crt_1fc8b3b9a1e18e3b_8.0.50727.4927_none_88dce9872fb18caf\MSVCP80.dll
0x0000000076f10000 - 0x000000007700a000 	C:\Windows\system32\USER32.dll
0x000007fefd7d0000 - 0x000007fefd837000 	C:\Windows\system32\GDI32.dll
0x000007fefd520000 - 0x000007fefd52e000 	C:\Windows\system32\LPK.dll
0x000007fefd660000 - 0x000007fefd72a000 	C:\Windows\system32\USP10.dll
0x0000000001140000 - 0x00000000011ae000 	C:\Program Files\MATLAB\R2009a\bin\win64\libmwfl.dll
0x00000000011c0000 - 0x00000000011cf000 	C:\Program Files\MATLAB\R2009a\bin\win64\boost_date_time-vc80-mt-1_36.dll
0x00000000011e0000 - 0x00000000011f6000 	C:\Program Files\MATLAB\R2009a\bin\win64\boost_signals-vc80-mt-1_36.dll
0x0000000001210000 - 0x0000000001219000 	C:\Program Files\MATLAB\R2009a\bin\win64\boost_system-vc80-mt-1_36.dll
0x0000000001470000 - 0x0000000001481000 	C:\Program Files\MATLAB\R2009a\bin\win64\boost_thread-vc80-mt-1_36.dll
0x00000000014a0000 - 0x00000000016d7000 	C:\Program Files\MATLAB\R2009a\bin\win64\libmwservices.dll
0x00000000016f0000 - 0x0000000001761000 	C:\Program Files\MATLAB\R2009a\bin\win64\libmx.dll
0x0000000001780000 - 0x0000000001797000 	C:\Program Files\MATLAB\R2009a\bin\win64\zlib1.dll
0x00000000017a0000 - 0x00000000018c5000 	C:\Program Files\MATLAB\R2009a\bin\win64\libmwmathutil.dll
0x00000000018e0000 - 0x0000000001935000 	C:\Program Files\MATLAB\R2009a\bin\win64\mpath.dll
0x0000000001950000 - 0x000000000199f000 	C:\Program Files\MATLAB\R2009a\bin\win64\mlutil.dll
0x0000000010000000 - 0x0000000010049000 	C:\Program Files\MATLAB\R2009a\bin\win64\tbb.dll
0x000007fef7610000 - 0x000007fef76b0000 	C:\Windows\WinSxS\amd64_microsoft.windows.common-controls_6595b64144ccf1df_5.82.7600.16661_none_a44e1fc257f685f6\COMCTL32.dll
0x000007fefec70000 - 0x000007fefed08000 	C:\Windows\system32\comdlg32.dll
0x000007fefe830000 - 0x000007fefe8a1000 	C:\Windows\system32\SHLWAPI.dll
0x000007fefd930000 - 0x000007fefe6b6000 	C:\Windows\system32\SHELL32.dll
0x000007fefabb0000 - 0x000007fefabc6000 	C:\Windows\system32\NETAPI32.dll
0x000007fefaba0000 - 0x000007fefabac000 	C:\Windows\system32\netutils.dll
0x000007fefca80000 - 0x000007fefcaa3000 	C:\Windows\system32\srvcli.dll
0x000007fefab80000 - 0x000007fefab95000 	C:\Windows\system32\wkscli.dll
0x000007fefd8e0000 - 0x000007fefd92d000 	C:\Windows\system32\WS2_32.dll
0x000007fefe6c0000 - 0x000007fefe6c8000 	C:\Windows\system32\NSI.dll
0x00000000019b0000 - 0x0000000001a32000 	C:\Program Files\MATLAB\R2009a\bin\win64\mcr.dll
0x0000000001a50000 - 0x0000000001ab2000 	C:\Program Files\MATLAB\R2009a\bin\win64\iqm.dll
0x0000000001ad0000 - 0x00000000023b7000 	C:\Program Files\MATLAB\R2009a\bin\win64\m_interpreter.dll
0x00000000023d0000 - 0x00000000023df000 	C:\Program Files\MATLAB\R2009a\bin\win64\libmex.dll
0x00000000023f0000 - 0x0000000002480000 	C:\Program Files\MATLAB\R2009a\bin\win64\m_dispatcher.dll
0x0000000002490000 - 0x00000000024b5000 	C:\Program Files\MATLAB\R2009a\bin\win64\datasvcs.dll
0x0000000012000000 - 0x0000000012295000 	C:\Program Files\MATLAB\R2009a\bin\win64\xerces-c_2_7.dll
0x00000000024e0000 - 0x00000000025d1000 	C:\Program Files\MATLAB\R2009a\bin\win64\boost_regex-vc80-mt-1_36.dll
0x00000000025f0000 - 0x0000000002681000 	C:\Program Files\MATLAB\R2009a\bin\win64\profiler.dll
0x00000000026a0000 - 0x00000000026ca000 	C:\Program Files\MATLAB\R2009a\bin\win64\libmwmathrng.dll
0x00000000026e0000 - 0x00000000026fa000 	C:\Program Files\MATLAB\R2009a\bin\win64\m_pcodeio.dll
0x0000000002710000 - 0x000000000275d000 	C:\Program Files\MATLAB\R2009a\bin\win64\m_ir.dll
0x0000000002770000 - 0x0000000002d76000 	C:\Program Files\MATLAB\R2009a\bin\win64\m_parser.dll
0x0000000002d90000 - 0x0000000002da4000 	C:\Program Files\MATLAB\R2009a\bin\win64\ir_xfmr.dll
0x0000000002dc0000 - 0x0000000003041000 	C:\Program Files\MATLAB\R2009a\bin\win64\mcos.dll
0x0000000003060000 - 0x000000000306c000 	C:\Program Files\MATLAB\R2009a\bin\win64\mtok.dll
0x0000000003080000 - 0x00000000030a0000 	C:\Program Files\MATLAB\R2009a\bin\win64\m_pcodegen.dll
0x000007feeb0d0000 - 0x000007feeb1f5000 	C:\Windows\system32\dbghelp.dll
0x00000000030b0000 - 0x00000000030d4000 	C:\Program Files\MATLAB\R2009a\bin\win64\bridge.dll
0x00000000030f0000 - 0x00000000031b0000 	C:\Program Files\MATLAB\R2009a\bin\win64\udd.dll
0x00000000031c0000 - 0x0000000003317000 	C:\Program Files\MATLAB\R2009a\bin\win64\libmwgui.dll
0x0000000003330000 - 0x0000000003615000 	C:\Program Files\MATLAB\R2009a\bin\win64\hg.dll
0x0000000003630000 - 0x0000000003662000 	C:\Program Files\MATLAB\R2009a\bin\win64\libmat.dll
0x0000000003680000 - 0x000000000386e000 	C:\Program Files\MATLAB\R2009a\bin\win64\libhdf5.dll
0x0000000003880000 - 0x00000000038e0000 	C:\Program Files\MATLAB\R2009a\bin\win64\jmi.dll
0x00000000038f0000 - 0x0000000003930000 	C:\Program Files\MATLAB\R2009a\bin\win64\libmwhardcopy.dll
0x0000000003940000 - 0x0000000003998000 	C:\Program Files\MATLAB\R2009a\bin\win64\libuij.dll
0x00000000039b0000 - 0x0000000003aa2000 	C:\Program Files\MATLAB\R2009a\bin\win64\libmwmathlinalg.dll
0x0000000003ac0000 - 0x0000000003e6c000 	C:\Program Files\MATLAB\R2009a\bin\win64\libmwmathelem.dll
0x0000000003e80000 - 0x0000000003eec000 	C:\Program Files\MATLAB\R2009a\bin\win64\libmwmathcore.dll
0x0000000003f00000 - 0x0000000003f62000 	C:\Program Files\MATLAB\R2009a\bin\win64\libmwcholmod.dll
0x0000000003f80000 - 0x0000000003f8d000 	C:\Program Files\MATLAB\R2009a\bin\win64\libmwamd.dll
0x0000000003fa0000 - 0x0000000003fac000 	C:\Program Files\MATLAB\R2009a\bin\win64\libmwcolamd.dll
0x0000000003fc0000 - 0x0000000003fd5000 	C:\Program Files\MATLAB\R2009a\bin\win64\libmwblas.dll
0x0000000003ff0000 - 0x0000000004001000 	C:\Program Files\MATLAB\R2009a\bin\win64\libmwbinder.dll
0x0000000004020000 - 0x000000000409d000 	C:\Program Files\MATLAB\R2009a\bin\win64\libmwlapack.dll
0x00000000040b0000 - 0x00000000040eb000 	C:\Program Files\MATLAB\R2009a\bin\win64\libmwrookfastbp.dll
0x0000000004100000 - 0x000000000414c000 	C:\Program Files\MATLAB\R2009a\bin\win64\libmwma57.dll
0x0000000004160000 - 0x000000000427c000 	C:\Program Files\MATLAB\R2009a\bin\win64\libifcoremd.dll
0x0000000004280000 - 0x0000000004550000 	C:\Program Files\MATLAB\R2009a\bin\win64\libmmd.dll
0x0000000004550000 - 0x0000000004560000 	C:\Program Files\MATLAB\R2009a\bin\win64\libmwcsparse.dll
0x0000000004570000 - 0x00000000045de000 	C:\Program Files\MATLAB\R2009a\bin\win64\libmwumfpack.dll
0x00000000045f0000 - 0x00000000046dd000 	C:\Program Files\MATLAB\R2009a\bin\win64\hgdatatypes.dll
0x00000000046f0000 - 0x0000000004934000 	C:\Program Files\MATLAB\R2009a\bin\win64\uiw.dll
0x0000000004950000 - 0x000000000495a000 	C:\Program Files\MATLAB\R2009a\bin\win64\uinone.dll
0x0000000066e90000 - 0x000000006702c000 	C:\Windows\WinSxS\amd64_microsoft.vc80.mfc_1fc8b3b9a1e18e3b_8.0.50727.1833_none_8442d417329336b1\MFC80.DLL
0x000007fef8380000 - 0x000007fef83f0000 	C:\Windows\system32\WINSPOOL.DRV
0x000007fefee90000 - 0x000007feff092000 	C:\Windows\system32\ole32.dll
0x000007fefe750000 - 0x000007fefe827000 	C:\Windows\system32\OLEAUT32.dll
0x0000000004970000 - 0x0000000004a1b000 	C:\Program Files\MATLAB\R2009a\bin\win64\udd_mi.dll
0x0000000004a30000 - 0x0000000004a48000 	C:\Program Files\MATLAB\R2009a\bin\win64\mwoles05.DLL
0x0000000004a60000 - 0x0000000004aca000 	C:\Program Files\MATLAB\R2009a\bin\win64\comcli.dll
0x000000006a640000 - 0x000000006a65f000 	C:\Windows\WinSxS\amd64_microsoft.vc80.atl_1fc8b3b9a1e18e3b_8.0.50727.1833_none_8a17faaf2edd3e00\ATL80.DLL
0x0000000004ae0000 - 0x0000000004aee000 	C:\Program Files\MATLAB\R2009a\bin\win64\mlautoregister.dll
0x000007fefd730000 - 0x000007fefd75e000 	C:\Windows\system32\IMM32.DLL
0x000007fefe8b0000 - 0x000007fefe9b9000 	C:\Windows\system32\MSCTF.dll
0x000007fefcf70000 - 0x000007fefcf7f000 	C:\Windows\system32\profapi.dll
0x000007fefb710000 - 0x000007fefb766000 	C:\Windows\system32\uxtheme.dll
0x000007fefad30000 - 0x000007fefad57000 	C:\Windows\system32\iphlpapi.dll
0x000007fefad20000 - 0x000007fefad2b000 	C:\Windows\system32\WINNSI.DLL
0x000007fefc5a0000 - 0x000007fefc5fb000 	C:\Windows\system32\DNSAPI.dll
0x000007fefac40000 - 0x000007fefac58000 	C:\Windows\system32\dhcpcsvc.DLL
0x000007fefa410000 - 0x000007fefa421000 	C:\Windows\system32\dhcpcsvc6.DLL
0x000000006ada0000 - 0x000000006ada3000 	C:\Windows\system32\icmp.Dll
0x000007fefce60000 - 0x000007fefce6f000 	C:\Windows\system32\CRYPTBASE.dll
0x000000000e670000 - 0x000000000ec1a000 	C:\Program Files\MATLAB\R2009a\sys\java\jre\win64\jre\bin\server\jvm.dll
0x000007fefb120000 - 0x000007fefb15b000 	C:\Windows\system32\WINMM.dll
0x0000000004cd0000 - 0x0000000004cda000 	C:\Program Files\MATLAB\R2009a\sys\java\jre\win64\jre\bin\hpi.dll
0x0000000004d00000 - 0x0000000004d0e000 	C:\Program Files\MATLAB\R2009a\sys\java\jre\win64\jre\bin\verify.dll
0x0000000004d10000 - 0x0000000004d37000 	C:\Program Files\MATLAB\R2009a\sys\java\jre\win64\jre\bin\java.dll
0x0000000004d40000 - 0x0000000004d52000 	C:\Program Files\MATLAB\R2009a\sys\java\jre\win64\jre\bin\zip.dll
0x00000000075c0000 - 0x00000000075e1000 	C:\Program Files\MATLAB\R2009a\bin\win64\nativejava.dll
0x0000000007740000 - 0x0000000007768000 	C:\Program Files\MATLAB\R2009a\bin\win64\nativejmi.dll
0x0000000007780000 - 0x0000000007787000 	C:\Program Files\MATLAB\R2009a\bin\win64\nativeservices.dll
0x000000000f940000 - 0x000000000fadf000 	C:\Program Files\MATLAB\R2009a\sys\java\jre\win64\jre\bin\awt.dll
0x000007fefb300000 - 0x000007fefb318000 	C:\Windows\system32\dwmapi.dll
0x000000000fc60000 - 0x000000000fcca000 	C:\Program Files\MATLAB\R2009a\sys\java\jre\win64\jre\bin\fontmanager.dll
0x0000000011fe0000 - 0x0000000011ff7000 	C:\Program Files\MATLAB\R2009a\sys\java\jre\win64\jre\bin\net.dll
0x000007fefc760000 - 0x000007fefc7b4000 	C:\Windows\system32\mswsock.dll
0x000007fefc8e0000 - 0x000007fefc8e7000 	C:\Windows\System32\wship6.dll
0x00000000346a0000 - 0x00000000346ab000 	C:\Program Files\MATLAB\R2009a\sys\java\jre\win64\jre\bin\nio.dll
0x00000000346b0000 - 0x00000000346b7000 	C:\Program Files\MATLAB\R2009a\bin\win64\nativelmgr.dll
0x00000000118d0000 - 0x0000000011905000 	C:\Program Files\MATLAB\R2009a\sys\java\jre\win64\jre\bin\jpeg.dll
0x0000000011910000 - 0x0000000011aae000 	C:\Program Files\MATLAB\R2009a\bin\win64\instutil.dll

VM Arguments:
jvm_args: -Xss512k -XX:PermSize=32m -Xms64m -XX:NewRatio=3 -XX:MaxPermSize=128m -Xmx196m -XX:MaxDirectMemorySize=2147400000 -Dsun.java2d.noddraw=true -Dsun.awt.nopixfmt=true -Xshare:off -Xrs -Djava.library.path=C:\Program Files\MATLAB\R2009a\bin\win64 vfprintf abort 
java_command: <unknown>
Launcher Type: generic

Environment Variables:
CLASSPATH=.;C:\Program Files (x86)\Java\jre6\lib\ext\QTJava.zip
PATH=C:\Windows\system32;C:\Windows;C:\Windows\System32\Wbem;C:\Windows\System32\WindowsPowerShell\v1.0\;c:\Program Files (x86)\Common Files\Roxio Shared\10.0\DLLShared\;c:\Program Files (x86)\Common Files\Roxio Shared\DLLShared\;C:\Program Files\MATLAB\R2009a\bin;C:\Program Files\MATLAB\R2009a\bin\win64;C:\Program Files (x86)\QuickTime\QTSystem\;C:\Program Files (x86)\Microsoft SQL Server\100\Tools\Binn\;C:\Program Files (x86)\Microsoft SQL Server\100\DTS\Binn\;C:\Python26;C:\Python26\DLLs;C:\Python26\Scripts;C:\Python26\Lib\site-packages\PyQt4;C:\Python26\gnuplot\bin;C:\Python26\Lib\site-packages\vtk;C:\Program Files (x86)\pythonxy\console;C:\Program Files (x86)\pythonxy\SciTE-2.21;C:\Program Files (x86)\pythonxy\mingw\bin;C:\Windows\System32
USERNAME=micro
OS=Windows_NT
PROCESSOR_IDENTIFIER=Intel64 Family 6 Model 30 Stepping 5, GenuineIntel



---------------  S Y S T E M  ---------------

OS: Windows NT 6.1 Build 7600 

CPU:total 8 (8 cores per cpu, 2 threads per core) family 6 model 14 stepping 5, cmov, cx8, fxsr, mmx, sse, sse2, sse3, ssse3, ht

Memory: 4k page, physical 8346704k(5849780k free), swap 16691508k(13761512k free)

vm_info: Java HotSpot(TM) 64-Bit Server VM (10.0-b19) for windows-amd64 JRE (1.6.0_04-b12), built on Dec 14 2007 00:44:23 by "java_re" with MS VC++ 8.0

time: Mon Jan 10 18:48:58 2011
elapsed time: 1673 seconds

