#
# An unexpected error has been detected by Java Runtime Environment:
#
#  EXCEPTION_ACCESS_VIOLATION (0xc0000005) at pc=0x000000003381fe52, pid=4940, tid=3948
#
# Java VM: Java HotSpot(TM) 64-Bit Server VM (10.0-b19 mixed mode windows-amd64)
# Problematic frame:
# C  [awt.dll+0x9fe52]
#
# If you would like to submit a bug report, please visit:
#   http://java.sun.com/webapps/bugreport/crash.jsp
# The crash happened outside the Java Virtual Machine in native code.
# See problematic frame for where to report the bug.
#

---------------  T H R E A D  ---------------

Current thread (0x0000000011be9400):  JavaThread "AWT-Windows" daemon [_thread_in_native, id=3948, stack(0x00000000339a0000,0x0000000033a20000)]

siginfo: ExceptionCode=0xc0000005, reading address 0x000000008e4d47d4

Registers:
EAX=0x000000008e4d47d4, EBX=0x0000000000000001, ECX=0x000000008e4d47d4, EDX=0x000000003387bd30
ESP=0x0000000033a1efe0, EBP=0x000000000001a220, ESI=0x0000000011e348a0, EDI=0x0000000033780000
EIP=0x000000003381fe52, EFLAGS=0x0000000000010206

Top of Stack: (sp=0x0000000033a1efe0)
0x0000000033a1efe0:   0000000011be9400 0000000000000000
0x0000000033a1eff0:   0000000000000001 0000000033780000
0x0000000033a1f000:   0000000011be9598 0000000033825539
0x0000000033a1f010:   00000000498638a0 0000000011be9598
0x0000000033a1f020:   0000000011e348a0 0000000000000111
0x0000000033a1f030:   0000000004eed1d8 00000000180c1822
0x0000000033a1f040:   0000000000000000 000000000000c267
0x0000000033a1f050:   0000000000000000 0000000000000000
0x0000000033a1f060:   000000000000c267 fffffffffffffffe
0x0000000033a1f070:   0000000011be9598 0000000000000001
0x0000000033a1f080:   0000000000000000 0000000000000111
0x0000000033a1f090:   0000000000000111 0000000000000111
0x0000000033a1f0a0:   000000000001a220 0000000000000000
0x0000000033a1f0b0:   0000000011e348a0 000000003385d807
0x0000000033a1f0c0:   0000000000000000 000000007779b98f
0x0000000033a1f0d0:   00000000ffffffeb 0000000000000000 

Instructions: (pc=0x000000003381fe52)
0x000000003381fe42:   53 0b 00 e8 46 8a 03 00 48 85 c0 48 8b c8 74 06
0x000000003381fe52:   48 8b 00 ff 50 08 b8 02 00 00 00 48 83 c4 20 5b 


Stack: [0x00000000339a0000,0x0000000033a20000],  sp=0x0000000033a1efe0,  free space=507k
Native frames: (J=compiled Java code, j=interpreted, Vv=VM code, C=native code)
C  [awt.dll+0x9fe52]

Java frames: (J=compiled Java code, j=interpreted, Vv=VM code)
v  ~BufferBlob::Interpreter
v  ~BufferBlob::Interpreter
v  ~BufferBlob::Interpreter
v  ~BufferBlob::StubRoutines (1)

---------------  P R O C E S S  ---------------

Java Threads: ( => current thread )
  0x00000000345a4c00 JavaThread "Timer queue for AWT thread" daemon [_thread_blocked, id=6416, stack(0x000000003c470000,0x000000003c4f0000)]
  0x00000000345a4400 JavaThread "Thread-39" [_thread_blocked, id=7140, stack(0x000000003c1d0000,0x000000003c250000)]
  0x00000000345a3c00 JavaThread "Thread-38" [_thread_blocked, id=6208, stack(0x000000003c150000,0x000000003c1d0000)]
  0x00000000345a3000 JavaThread "Thread-37" [_thread_blocked, id=6272, stack(0x000000003c0d0000,0x000000003c150000)]
  0x000000003449a000 JavaThread "Thread-36" [_thread_blocked, id=6588, stack(0x000000003c050000,0x000000003c0d0000)]
  0x0000000034499c00 JavaThread "Thread-35" [_thread_blocked, id=5032, stack(0x000000003bed0000,0x000000003bf50000)]
  0x0000000034499400 JavaThread "Thread-34" [_thread_blocked, id=2828, stack(0x000000003be50000,0x000000003bed0000)]
  0x0000000034498c00 JavaThread "Thread-33" [_thread_blocked, id=1816, stack(0x000000003bdd0000,0x000000003be50000)]
  0x0000000034498800 JavaThread "Thread-32" [_thread_blocked, id=5656, stack(0x000000003bd50000,0x000000003bdd0000)]
  0x0000000034498000 JavaThread "Thread-31" [_thread_blocked, id=6212, stack(0x0000000037380000,0x0000000037400000)]
  0x0000000034497800 JavaThread "Thread-30" [_thread_blocked, id=4724, stack(0x0000000037300000,0x0000000037380000)]
  0x0000000034497000 JavaThread "Thread-29" [_thread_blocked, id=5928, stack(0x0000000037190000,0x0000000037210000)]
  0x0000000034496c00 JavaThread "Thread-28" [_thread_blocked, id=6980, stack(0x0000000037110000,0x0000000037190000)]
  0x0000000034496400 JavaThread "Thread-27" [_thread_blocked, id=6876, stack(0x0000000037280000,0x0000000037300000)]
  0x0000000034495c00 JavaThread "Thread-26" [_thread_blocked, id=6016, stack(0x0000000036de0000,0x0000000036e60000)]
  0x0000000034495800 JavaThread "Thread-25" [_thread_blocked, id=6548, stack(0x0000000036d60000,0x0000000036de0000)]
  0x0000000034493c00 JavaThread "Thread-24" [_thread_blocked, id=6556, stack(0x0000000036b10000,0x0000000036b90000)]
  0x0000000034493400 JavaThread "Thread-23" [_thread_blocked, id=3712, stack(0x0000000036a90000,0x0000000036b10000)]
  0x0000000034495000 JavaThread "Thread-22" [_thread_blocked, id=1336, stack(0x0000000036f50000,0x0000000036fd0000)]
  0x0000000034494800 JavaThread "Active Reference Queue Daemon" daemon [_thread_blocked, id=6856, stack(0x0000000036ce0000,0x0000000036d60000)]
  0x0000000034492c00 JavaThread "Timer-17" daemon [_thread_blocked, id=6372, stack(0x0000000036960000,0x00000000369e0000)]
  0x0000000034494400 JavaThread "Timer-13" daemon [_thread_blocked, id=5136, stack(0x0000000036c60000,0x0000000036ce0000)]
  0x0000000011e3c800 JavaThread "Timer-1" [_thread_blocked, id=6968, stack(0x00000000354f0000,0x0000000035570000)]
  0x0000000034405800 JavaThread "TimerQueue" daemon [_thread_blocked, id=5232, stack(0x00000000351b0000,0x0000000035230000)]
  0x00000000342e5c00 JavaThread "AWT-EventQueue-0" [_thread_in_native, id=1788, stack(0x00000000340b0000,0x0000000034130000)]
=>0x0000000011be9400 JavaThread "AWT-Windows" daemon [_thread_in_native, id=3948, stack(0x00000000339a0000,0x0000000033a20000)]
  0x0000000011be8c00 JavaThread "AWT-Shutdown" [_thread_blocked, id=1840, stack(0x0000000033920000,0x00000000339a0000)]
  0x0000000011bd3c00 JavaThread "Java2D Disposer" daemon [_thread_blocked, id=6084, stack(0x0000000011290000,0x0000000011310000)]
  0x00000000114aa400 JavaThread "Timer-0" [_thread_blocked, id=6992, stack(0x000000000ff60000,0x000000000ffe0000)]
  0x000000001140dc00 JavaThread "JMI Unnamed Thread" [_thread_in_native, id=1252, stack(0x00000000093f0000,0x000000000a3f0000)]
  0x000000000fe7e800 JavaThread "Low Memory Detector" daemon [_thread_blocked, id=6636, stack(0x000000000fee0000,0x000000000ff60000)]
  0x000000000fe7c800 JavaThread "CompilerThread1" daemon [_thread_blocked, id=4112, stack(0x00000000316a0000,0x00000000326a0000)]
  0x000000000fe6a000 JavaThread "CompilerThread0" daemon [_thread_blocked, id=7092, stack(0x00000000306a0000,0x00000000316a0000)]
  0x000000000fe69c00 JavaThread "Attach Listener" daemon [_thread_blocked, id=3784, stack(0x000000000fc50000,0x000000000fcd0000)]
  0x000000000fe37c00 JavaThread "Finalizer" daemon [_thread_blocked, id=6504, stack(0x000000000fbd0000,0x000000000fc50000)]
  0x000000000fe33000 JavaThread "Reference Handler" daemon [_thread_blocked, id=6948, stack(0x000000000fb50000,0x000000000fbd0000)]
  0x0000000004c6e800 JavaThread "main" [_thread_in_native, id=6168, stack(0x0000000000030000,0x0000000001030000)]

Other Threads:
  0x000000000fe2c000 VMThread [stack: 0x000000002f6a0000,0x00000000306a0000] [id=6220]
  0x000000000fead000 WatcherThread [stack: 0x00000000326a0000,0x00000000336a0000] [id=6604]

VM state:not at safepoint (normal execution)

VM Mutex/Monitor currently owned by a thread: None

Heap
 PSYoungGen      total 30592K, used 9242K [0x00000000265a0000, 0x00000000292e0000, 0x00000000296a0000)
  eden space 16384K, 51% used [0x00000000265a0000,0x0000000026ddb4e0,0x00000000275a0000)
  from space 14208K, 5% used [0x0000000028500000,0x00000000285cb4e8,0x00000000292e0000)
  to   space 14976K, 0% used [0x00000000275a0000,0x00000000275a0000,0x0000000028440000)
 PSOldGen        total 142464K, used 87847K [0x000000001d2a0000, 0x0000000025dc0000, 0x00000000265a0000)
  object space 142464K, 61% used [0x000000001d2a0000,0x0000000022869fc0,0x0000000025dc0000)
 PSPermGen       total 96256K, used 53061K [0x00000000152a0000, 0x000000001b0a0000, 0x000000001d2a0000)
  object space 96256K, 55% used [0x00000000152a0000,0x0000000018671668,0x000000001b0a0000)

Dynamic libraries:
0x0000000140000000 - 0x0000000140032000 	C:\Program Files\MATLAB\R2009a\bin\win64\MATLAB.exe
0x00000000779a0000 - 0x0000000077b4b000 	C:\Windows\SYSTEM32\ntdll.dll
0x0000000077880000 - 0x000000007799f000 	C:\Windows\system32\kernel32.dll
0x000007fefda90000 - 0x000007fefdafb000 	C:\Windows\system32\KERNELBASE.dll
0x0000000180000000 - 0x0000000180406000 	C:\Program Files\MATLAB\R2009a\bin\win64\libut.dll
0x000007feffc20000 - 0x000007feffc37000 	C:\Windows\system32\imagehlp.dll
0x000007feff8a0000 - 0x000007feff93f000 	C:\Windows\system32\msvcrt.dll
0x0000000077b70000 - 0x0000000077b77000 	C:\Windows\system32\PSAPI.DLL
0x00000000010d0000 - 0x00000000010f8000 	C:\Program Files\MATLAB\R2009a\bin\win64\LIBEXPAT.dll
0x00000000706a0000 - 0x0000000070769000 	C:\Windows\WinSxS\amd64_microsoft.vc80.crt_1fc8b3b9a1e18e3b_8.0.50727.4927_none_88dce9872fb18caf\MSVCR80.dll
0x000000004a800000 - 0x000000004a923000 	C:\Program Files\MATLAB\R2009a\bin\win64\icuuc38.dll
0x000007feffa70000 - 0x000007feffb4b000 	C:\Windows\system32\ADVAPI32.dll
0x000007feff880000 - 0x000007feff89f000 	C:\Windows\SYSTEM32\sechost.dll
0x000007feff940000 - 0x000007feffa6e000 	C:\Windows\system32\RPCRT4.dll
0x000000004ad00000 - 0x000000004ad03000 	C:\Program Files\MATLAB\R2009a\bin\win64\icudt38.dll
0x000000004ab00000 - 0x000000004ab0f000 	C:\Program Files\MATLAB\R2009a\bin\win64\icuio38.dll
0x0000000001260000 - 0x000000000139a000 	C:\Program Files\MATLAB\R2009a\bin\win64\icuin38.dll
0x0000000063cd0000 - 0x0000000063dd9000 	C:\Windows\WinSxS\amd64_microsoft.vc80.crt_1fc8b3b9a1e18e3b_8.0.50727.4927_none_88dce9872fb18caf\MSVCP80.dll
0x0000000077780000 - 0x000000007787a000 	C:\Windows\system32\USER32.dll
0x000007feff490000 - 0x000007feff4f7000 	C:\Windows\system32\GDI32.dll
0x000007feffc40000 - 0x000007feffc4e000 	C:\Windows\system32\LPK.dll
0x000007fefef30000 - 0x000007fefeffa000 	C:\Windows\system32\USP10.dll
0x00000000013a0000 - 0x000000000140e000 	C:\Program Files\MATLAB\R2009a\bin\win64\libmwfl.dll
0x0000000001150000 - 0x000000000115f000 	C:\Program Files\MATLAB\R2009a\bin\win64\boost_date_time-vc80-mt-1_36.dll
0x0000000001420000 - 0x0000000001436000 	C:\Program Files\MATLAB\R2009a\bin\win64\boost_signals-vc80-mt-1_36.dll
0x0000000001450000 - 0x0000000001459000 	C:\Program Files\MATLAB\R2009a\bin\win64\boost_system-vc80-mt-1_36.dll
0x0000000001470000 - 0x0000000001481000 	C:\Program Files\MATLAB\R2009a\bin\win64\boost_thread-vc80-mt-1_36.dll
0x00000000014a0000 - 0x00000000016d7000 	C:\Program Files\MATLAB\R2009a\bin\win64\libmwservices.dll
0x00000000016f0000 - 0x0000000001761000 	C:\Program Files\MATLAB\R2009a\bin\win64\libmx.dll
0x0000000001780000 - 0x0000000001797000 	C:\Program Files\MATLAB\R2009a\bin\win64\zlib1.dll
0x00000000017a0000 - 0x00000000018c5000 	C:\Program Files\MATLAB\R2009a\bin\win64\libmwmathutil.dll
0x00000000018e0000 - 0x0000000001935000 	C:\Program Files\MATLAB\R2009a\bin\win64\mpath.dll
0x0000000001950000 - 0x000000000199f000 	C:\Program Files\MATLAB\R2009a\bin\win64\mlutil.dll
0x0000000010000000 - 0x0000000010049000 	C:\Program Files\MATLAB\R2009a\bin\win64\tbb.dll
0x000007fefd9b0000 - 0x000007fefda50000 	C:\Windows\WinSxS\amd64_microsoft.windows.common-controls_6595b64144ccf1df_5.82.7600.16385_none_a44af8ec57f961cf\COMCTL32.dll
0x000007feff610000 - 0x000007feff6a8000 	C:\Windows\system32\comdlg32.dll
0x000007feffb50000 - 0x000007feffbc1000 	C:\Windows\system32\SHLWAPI.dll
0x000007fefdf90000 - 0x000007fefed16000 	C:\Windows\system32\SHELL32.dll
0x000007fefb9f0000 - 0x000007fefba06000 	C:\Windows\system32\NETAPI32.dll
0x000007fefb9e0000 - 0x000007fefb9ec000 	C:\Windows\system32\netutils.dll
0x000007fefd540000 - 0x000007fefd563000 	C:\Windows\system32\srvcli.dll
0x000007fefb9c0000 - 0x000007fefb9d5000 	C:\Windows\system32\wkscli.dll
0x000007feffbd0000 - 0x000007feffc1d000 	C:\Windows\system32\WS2_32.dll
0x000007feffc50000 - 0x000007feffc58000 	C:\Windows\system32\NSI.dll
0x00000000019b0000 - 0x0000000001a32000 	C:\Program Files\MATLAB\R2009a\bin\win64\mcr.dll
0x0000000001a50000 - 0x0000000001ab2000 	C:\Program Files\MATLAB\R2009a\bin\win64\iqm.dll
0x0000000001ad0000 - 0x00000000023b7000 	C:\Program Files\MATLAB\R2009a\bin\win64\m_interpreter.dll
0x00000000023d0000 - 0x00000000023df000 	C:\Program Files\MATLAB\R2009a\bin\win64\libmex.dll
0x00000000023f0000 - 0x0000000002480000 	C:\Program Files\MATLAB\R2009a\bin\win64\m_dispatcher.dll
0x0000000002490000 - 0x00000000024b5000 	C:\Program Files\MATLAB\R2009a\bin\win64\datasvcs.dll
0x0000000012000000 - 0x0000000012295000 	C:\Program Files\MATLAB\R2009a\bin\win64\xerces-c_2_7.dll
0x00000000024e0000 - 0x00000000025d1000 	C:\Program Files\MATLAB\R2009a\bin\win64\boost_regex-vc80-mt-1_36.dll
0x00000000025f0000 - 0x0000000002681000 	C:\Program Files\MATLAB\R2009a\bin\win64\profiler.dll
0x00000000026a0000 - 0x00000000026ca000 	C:\Program Files\MATLAB\R2009a\bin\win64\libmwmathrng.dll
0x00000000026e0000 - 0x00000000026fa000 	C:\Program Files\MATLAB\R2009a\bin\win64\m_pcodeio.dll
0x0000000002710000 - 0x000000000275d000 	C:\Program Files\MATLAB\R2009a\bin\win64\m_ir.dll
0x0000000002770000 - 0x0000000002d76000 	C:\Program Files\MATLAB\R2009a\bin\win64\m_parser.dll
0x0000000002d90000 - 0x0000000002da4000 	C:\Program Files\MATLAB\R2009a\bin\win64\ir_xfmr.dll
0x0000000002dc0000 - 0x0000000003041000 	C:\Program Files\MATLAB\R2009a\bin\win64\mcos.dll
0x0000000003060000 - 0x000000000306c000 	C:\Program Files\MATLAB\R2009a\bin\win64\mtok.dll
0x0000000003080000 - 0x00000000030a0000 	C:\Program Files\MATLAB\R2009a\bin\win64\m_pcodegen.dll
0x000007feed190000 - 0x000007feed2b5000 	C:\Windows\system32\dbghelp.dll
0x00000000030b0000 - 0x00000000030d4000 	C:\Program Files\MATLAB\R2009a\bin\win64\bridge.dll
0x00000000030f0000 - 0x00000000031b0000 	C:\Program Files\MATLAB\R2009a\bin\win64\udd.dll
0x00000000031c0000 - 0x0000000003317000 	C:\Program Files\MATLAB\R2009a\bin\win64\libmwgui.dll
0x0000000003330000 - 0x0000000003615000 	C:\Program Files\MATLAB\R2009a\bin\win64\hg.dll
0x0000000003630000 - 0x0000000003662000 	C:\Program Files\MATLAB\R2009a\bin\win64\libmat.dll
0x0000000003680000 - 0x000000000386e000 	C:\Program Files\MATLAB\R2009a\bin\win64\libhdf5.dll
0x0000000003880000 - 0x00000000038e0000 	C:\Program Files\MATLAB\R2009a\bin\win64\jmi.dll
0x00000000038f0000 - 0x0000000003930000 	C:\Program Files\MATLAB\R2009a\bin\win64\libmwhardcopy.dll
0x0000000003940000 - 0x0000000003998000 	C:\Program Files\MATLAB\R2009a\bin\win64\libuij.dll
0x00000000039b0000 - 0x0000000003aa2000 	C:\Program Files\MATLAB\R2009a\bin\win64\libmwmathlinalg.dll
0x0000000003ac0000 - 0x0000000003e6c000 	C:\Program Files\MATLAB\R2009a\bin\win64\libmwmathelem.dll
0x0000000003e80000 - 0x0000000003eec000 	C:\Program Files\MATLAB\R2009a\bin\win64\libmwmathcore.dll
0x0000000003f00000 - 0x0000000003f62000 	C:\Program Files\MATLAB\R2009a\bin\win64\libmwcholmod.dll
0x0000000003f80000 - 0x0000000003f8d000 	C:\Program Files\MATLAB\R2009a\bin\win64\libmwamd.dll
0x0000000003fa0000 - 0x0000000003fac000 	C:\Program Files\MATLAB\R2009a\bin\win64\libmwcolamd.dll
0x0000000003fc0000 - 0x0000000003fd5000 	C:\Program Files\MATLAB\R2009a\bin\win64\libmwblas.dll
0x0000000003ff0000 - 0x0000000004001000 	C:\Program Files\MATLAB\R2009a\bin\win64\libmwbinder.dll
0x0000000004020000 - 0x000000000409d000 	C:\Program Files\MATLAB\R2009a\bin\win64\libmwlapack.dll
0x00000000040b0000 - 0x00000000040eb000 	C:\Program Files\MATLAB\R2009a\bin\win64\libmwrookfastbp.dll
0x0000000004100000 - 0x000000000414c000 	C:\Program Files\MATLAB\R2009a\bin\win64\libmwma57.dll
0x0000000004160000 - 0x000000000427c000 	C:\Program Files\MATLAB\R2009a\bin\win64\libifcoremd.dll
0x0000000004280000 - 0x0000000004550000 	C:\Program Files\MATLAB\R2009a\bin\win64\libmmd.dll
0x0000000004550000 - 0x0000000004560000 	C:\Program Files\MATLAB\R2009a\bin\win64\libmwcsparse.dll
0x0000000004570000 - 0x00000000045de000 	C:\Program Files\MATLAB\R2009a\bin\win64\libmwumfpack.dll
0x00000000045f0000 - 0x00000000046dd000 	C:\Program Files\MATLAB\R2009a\bin\win64\hgdatatypes.dll
0x00000000046f0000 - 0x0000000004934000 	C:\Program Files\MATLAB\R2009a\bin\win64\uiw.dll
0x0000000004950000 - 0x000000000495a000 	C:\Program Files\MATLAB\R2009a\bin\win64\uinone.dll
0x0000000063b30000 - 0x0000000063ccb000 	C:\Windows\WinSxS\amd64_microsoft.vc80.mfc_1fc8b3b9a1e18e3b_8.0.50727.762_none_c46a533c8a667ee7\MFC80.DLL
0x000007fef87e0000 - 0x000007fef8850000 	C:\Windows\system32\WINSPOOL.DRV
0x000007fefed20000 - 0x000007fefef21000 	C:\Windows\system32\ole32.dll
0x000007fefdeb0000 - 0x000007fefdf87000 	C:\Windows\system32\OLEAUT32.dll
0x0000000004970000 - 0x0000000004a1b000 	C:\Program Files\MATLAB\R2009a\bin\win64\udd_mi.dll
0x0000000004a30000 - 0x0000000004a48000 	C:\Program Files\MATLAB\R2009a\bin\win64\mwoles05.DLL
0x0000000004a60000 - 0x0000000004aca000 	C:\Program Files\MATLAB\R2009a\bin\win64\comcli.dll
0x00000000716e0000 - 0x00000000716ff000 	C:\Windows\WinSxS\amd64_microsoft.vc80.atl_1fc8b3b9a1e18e3b_8.0.50727.762_none_ca3f79d486b08636\ATL80.DLL
0x0000000004ae0000 - 0x0000000004aee000 	C:\Program Files\MATLAB\R2009a\bin\win64\mlautoregister.dll
0x000007feff000000 - 0x000007feff02e000 	C:\Windows\system32\IMM32.DLL
0x000007feff500000 - 0x000007feff609000 	C:\Windows\system32\MSCTF.dll
0x000007fefd900000 - 0x000007fefd90f000 	C:\Windows\system32\profapi.dll
0x000007fefc200000 - 0x000007fefc256000 	C:\Windows\system32\uxtheme.dll
0x000007fefb290000 - 0x000007fefb2b7000 	C:\Windows\system32\iphlpapi.dll
0x000007fefb280000 - 0x000007fefb28b000 	C:\Windows\system32\WINNSI.DLL
0x000007fefcff0000 - 0x000007fefd04b000 	C:\Windows\system32\DNSAPI.dll
0x000007fefae70000 - 0x000007fefae81000 	C:\Windows\system32\dhcpcsvc6.DLL
0x000007fefb260000 - 0x000007fefb278000 	C:\Windows\system32\dhcpcsvc.DLL
0x0000000071710000 - 0x0000000071713000 	C:\Windows\system32\icmp.Dll
0x000007fefd7d0000 - 0x000007fefd7df000 	C:\Windows\system32\CRYPTBASE.dll
0x000000000e4e0000 - 0x000000000ea8a000 	C:\Program Files\MATLAB\R2009a\sys\java\jre\win64\jre\bin\server\jvm.dll
0x000007fefb5e0000 - 0x000007fefb61b000 	C:\Windows\system32\WINMM.dll
0x0000000004c90000 - 0x0000000004c9a000 	C:\Program Files\MATLAB\R2009a\sys\java\jre\win64\jre\bin\hpi.dll
0x0000000004cc0000 - 0x0000000004cce000 	C:\Program Files\MATLAB\R2009a\sys\java\jre\win64\jre\bin\verify.dll
0x0000000004dc0000 - 0x0000000004de7000 	C:\Program Files\MATLAB\R2009a\sys\java\jre\win64\jre\bin\java.dll
0x0000000004d90000 - 0x0000000004da2000 	C:\Program Files\MATLAB\R2009a\sys\java\jre\win64\jre\bin\zip.dll
0x0000000004df0000 - 0x0000000004e11000 	C:\Program Files\MATLAB\R2009a\bin\win64\nativejava.dll
0x0000000007670000 - 0x0000000007698000 	C:\Program Files\MATLAB\R2009a\bin\win64\nativejmi.dll
0x00000000076a0000 - 0x00000000076a7000 	C:\Program Files\MATLAB\R2009a\bin\win64\nativeservices.dll
0x0000000033780000 - 0x000000003391f000 	C:\Program Files\MATLAB\R2009a\sys\java\jre\win64\jre\bin\awt.dll
0x000007fefbe30000 - 0x000007fefbe48000 	C:\Windows\system32\dwmapi.dll
0x000000000a3f0000 - 0x000000000a45a000 	C:\Program Files\MATLAB\R2009a\sys\java\jre\win64\jre\bin\fontmanager.dll
0x0000000033f00000 - 0x0000000033f17000 	C:\Program Files\MATLAB\R2009a\sys\java\jre\win64\jre\bin\net.dll
0x000007fefd170000 - 0x000007fefd1c4000 	C:\Windows\system32\mswsock.dll
0x000007fefd160000 - 0x000007fefd167000 	C:\Windows\System32\wship6.dll
0x00000000340a0000 - 0x00000000340ab000 	C:\Program Files\MATLAB\R2009a\sys\java\jre\win64\jre\bin\nio.dll
0x0000000034130000 - 0x0000000034137000 	C:\Program Files\MATLAB\R2009a\bin\win64\nativelmgr.dll
0x0000000035230000 - 0x0000000035265000 	C:\Program Files\MATLAB\R2009a\sys\java\jre\win64\jre\bin\jpeg.dll
0x0000000035270000 - 0x000000003540e000 	C:\Program Files\MATLAB\R2009a\bin\win64\instutil.dll

VM Arguments:
jvm_args: -Xss512k -XX:PermSize=32m -Xms64m -XX:NewRatio=3 -XX:MaxPermSize=128m -Xmx196m -XX:MaxDirectMemorySize=2147400000 -Dsun.java2d.noddraw=true -Dsun.awt.nopixfmt=true -Xshare:off -Xrs -Djava.library.path=C:\Program Files\MATLAB\R2009a\bin\win64 vfprintf abort 
java_command: <unknown>
Launcher Type: generic

Environment Variables:
CLASSPATH=.;C:\Program Files (x86)\Java\jre6\lib\ext\QTJava.zip
PATH=C:\Windows\system32;C:\Windows;C:\Windows\System32\Wbem;C:\Windows\System32\WindowsPowerShell\v1.0\;c:\Program Files (x86)\Common Files\Roxio Shared\10.0\DLLShared\;c:\Program Files (x86)\Common Files\Roxio Shared\DLLShared\;C:\Program Files\MATLAB\R2009a\bin;C:\Program Files\MATLAB\R2009a\bin\win64;C:\Program Files (x86)\QuickTime\QTSystem\
USERNAME=micro
OS=Windows_NT
PROCESSOR_IDENTIFIER=Intel64 Family 6 Model 30 Stepping 5, GenuineIntel



---------------  S Y S T E M  ---------------

OS: Windows NT 6.1 Build 7600 

CPU:total 8 (8 cores per cpu, 2 threads per core) family 6 model 14 stepping 5, cmov, cx8, fxsr, mmx, sse, sse2, sse3, ssse3, ht

Memory: 4k page, physical 8346704k(4492100k free), swap 16691508k(12331432k free)

vm_info: Java HotSpot(TM) 64-Bit Server VM (10.0-b19) for windows-amd64 JRE (1.6.0_04-b12), built on Dec 14 2007 00:44:23 by "java_re" with MS VC++ 8.0

time: Mon Sep 13 16:53:39 2010
elapsed time: 373 seconds

