#
# An unexpected error has been detected by Java Runtime Environment:
#
#  EXCEPTION_ACCESS_VIOLATION (0xc0000005) at pc=0x000000003373fe55, pid=4796, tid=2564
#
# Java VM: Java HotSpot(TM) 64-Bit Server VM (10.0-b19 mixed mode windows-amd64)
# Problematic frame:
# C  [awt.dll+0x9fe55]
#
# If you would like to submit a bug report, please visit:
#   http://java.sun.com/webapps/bugreport/crash.jsp
# The crash happened outside the Java Virtual Machine in native code.
# See problematic frame for where to report the bug.
#

---------------  T H R E A D  ---------------

Current thread (0x0000000011ad4000):  JavaThread "AWT-Windows" daemon [_thread_in_native, id=2564, stack(0x00000000338c0000,0x0000000033940000)]

siginfo: ExceptionCode=0xc0000005, reading address 0xffffffffffffffff

Registers:
EAX=0x014b5073b7f4737a, EBX=0x0000000000000001, ECX=0x00000000116617b0, EDX=0x000000003379bd30
ESP=0x000000003393efe0, EBP=0x000000000001a220, ESI=0x000000003d2854a0, EDI=0x00000000336a0000
EIP=0x000000003373fe55, EFLAGS=0x0000000000010202

Top of Stack: (sp=0x000000003393efe0)
0x000000003393efe0:   0000000011ad4000 0000000000000000
0x000000003393eff0:   0000000000000001 00000000336a0000
0x000000003393f000:   0000000011ad4198 0000000033745539
0x000000003393f010:   000000005b0e9e70 0000000011ad4198
0x000000003393f020:   000000003d2854a0 0000000000000111
0x000000003393f030:   0000000004dacd38 000000007791c3df
0x000000003393f040:   00000000000708f2 0000000000000001
0x000000003393f050:   0000000000000000 0000000000000000
0x000000003393f060:   000000000000c203 fffffffffffffffe
0x000000003393f070:   0000000011ad4198 0000000000000001
0x000000003393f080:   0000000000000000 0000000000000111
0x000000003393f090:   0000000000000111 0000000000000111
0x000000003393f0a0:   000000000001a220 0000000000000000
0x000000003393f0b0:   000000003d2854a0 000000003377d807
0x000000003393f0c0:   0000000000000000 000000007791b98f
0x000000003393f0d0:   00000000ffffffeb 0000000000000000 

Instructions: (pc=0x000000003373fe55)
0x000000003373fe45:   e8 46 8a 03 00 48 85 c0 48 8b c8 74 06 48 8b 00
0x000000003373fe55:   ff 50 08 b8 02 00 00 00 48 83 c4 20 5b c3 49 8b 


Stack: [0x00000000338c0000,0x0000000033940000],  sp=0x000000003393efe0,  free space=507k
Native frames: (J=compiled Java code, j=interpreted, Vv=VM code, C=native code)
C  [awt.dll+0x9fe55]

Java frames: (J=compiled Java code, j=interpreted, Vv=VM code)
v  ~BufferBlob::Interpreter
v  ~BufferBlob::Interpreter
v  ~BufferBlob::Interpreter
v  ~BufferBlob::StubRoutines (1)

---------------  P R O C E S S  ---------------

Java Threads: ( => current thread )
  0x0000000034a6a400 JavaThread "Timer queue for AWT thread" daemon [_thread_blocked, id=2560, stack(0x000000000e520000,0x000000000e5a0000)]
  0x0000000034a67000 JavaThread "Thread-50" [_thread_blocked, id=4772, stack(0x000000003c6a0000,0x000000003c720000)]
  0x0000000034a66800 JavaThread "Thread-49" [_thread_blocked, id=3588, stack(0x000000003c620000,0x000000003c6a0000)]
  0x0000000034a66000 JavaThread "Thread-47" [_thread_blocked, id=4648, stack(0x000000003c5a0000,0x000000003c620000)]
  0x0000000034a65800 JavaThread "Thread-46" [_thread_blocked, id=3608, stack(0x000000003c520000,0x000000003c5a0000)]
  0x0000000034a65400 JavaThread "Thread-45" [_thread_blocked, id=4756, stack(0x000000003c3a0000,0x000000003c420000)]
  0x0000000034a64c00 JavaThread "Thread-44" [_thread_blocked, id=2520, stack(0x000000003c320000,0x000000003c3a0000)]
  0x0000000034a64400 JavaThread "Thread-43" [_thread_blocked, id=5000, stack(0x000000003c2a0000,0x000000003c320000)]
  0x0000000035033c00 JavaThread "Thread-42" [_thread_blocked, id=5024, stack(0x000000003c220000,0x000000003c2a0000)]
  0x0000000035033400 JavaThread "Thread-40" [_thread_blocked, id=3284, stack(0x000000003c1a0000,0x000000003c220000)]
  0x0000000035032c00 JavaThread "Thread-39" [_thread_blocked, id=5020, stack(0x000000003c120000,0x000000003c1a0000)]
  0x0000000035032800 JavaThread "Thread-38" [_thread_blocked, id=3440, stack(0x000000003bff0000,0x000000003c070000)]
  0x0000000035032000 JavaThread "Thread-37" [_thread_blocked, id=284, stack(0x000000003bf70000,0x000000003bff0000)]
  0x0000000035031800 JavaThread "Thread-35" [_thread_blocked, id=3676, stack(0x000000003c0a0000,0x000000003c120000)]
  0x0000000035031400 JavaThread "Thread-34" [_thread_blocked, id=4284, stack(0x000000003af20000,0x000000003afa0000)]
  0x0000000035030c00 JavaThread "Thread-33" [_thread_blocked, id=4808, stack(0x000000003aea0000,0x000000003af20000)]
  0x0000000035030400 JavaThread "Thread-32" [_thread_blocked, id=2524, stack(0x0000000035c60000,0x0000000035ce0000)]
  0x0000000035030000 JavaThread "Thread-30" [_thread_blocked, id=5068, stack(0x0000000035740000,0x00000000357c0000)]
  0x000000003502f000 JavaThread "Thread-28" [_thread_blocked, id=4576, stack(0x0000000036ec0000,0x0000000036f40000)]
  0x000000003502d400 JavaThread "Active Reference Queue Daemon" daemon [_thread_blocked, id=5012, stack(0x0000000036e40000,0x0000000036ec0000)]
  0x000000003502d000 JavaThread "Timer-22" daemon [_thread_blocked, id=3376, stack(0x0000000036d10000,0x0000000036d90000)]
  0x000000003502dc00 JavaThread "Timer-15" daemon [_thread_blocked, id=4464, stack(0x0000000035b40000,0x0000000035bc0000)]
  0x000000003502c800 JavaThread "Timer-1" [_thread_blocked, id=3688, stack(0x0000000033940000,0x00000000339c0000)]
  0x0000000011d6ec00 JavaThread "TimerQueue" daemon [_thread_blocked, id=4852, stack(0x0000000034610000,0x0000000034690000)]
  0x000000001139c400 JavaThread "AWT-EventQueue-0" [_thread_in_native, id=5028, stack(0x0000000034570000,0x00000000345f0000)]
  0x0000000011ad3800 JavaThread "AWT-Shutdown" [_thread_blocked, id=5016, stack(0x0000000033840000,0x00000000338c0000)]
=>0x0000000011ad4000 JavaThread "AWT-Windows" daemon [_thread_in_native, id=2564, stack(0x00000000338c0000,0x0000000033940000)]
  0x0000000011a45800 JavaThread "Java2D Disposer" daemon [_thread_blocked, id=3612, stack(0x0000000011130000,0x00000000111b0000)]
  0x00000000115b3800 JavaThread "Timer-0" [_thread_blocked, id=5056, stack(0x000000000ff80000,0x0000000010000000)]
  0x00000000115a3000 JavaThread "JMI Unnamed Thread" [_thread_in_native, id=4696, stack(0x00000000095d0000,0x000000000a5d0000)]
  0x000000001137d000 JavaThread "Low Memory Detector" daemon [_thread_blocked, id=5048, stack(0x000000000ee40000,0x000000000eec0000)]
  0x0000000011378800 JavaThread "CompilerThread1" daemon [_thread_blocked, id=5044, stack(0x00000000316a0000,0x00000000326a0000)]
  0x0000000011364800 JavaThread "CompilerThread0" daemon [_thread_blocked, id=5040, stack(0x00000000306a0000,0x00000000316a0000)]
  0x0000000011364400 JavaThread "Attach Listener" daemon [_thread_blocked, id=5008, stack(0x000000000edc0000,0x000000000ee40000)]
  0x0000000011338000 JavaThread "Finalizer" daemon [_thread_blocked, id=5004, stack(0x00000000094d0000,0x0000000009550000)]
  0x0000000011333000 JavaThread "Reference Handler" daemon [_thread_blocked, id=4892, stack(0x0000000009450000,0x00000000094d0000)]
  0x0000000004beec00 JavaThread "main" [_thread_in_native, id=4832, stack(0x0000000000030000,0x0000000001030000)]

Other Threads:
  0x000000001132c000 VMThread [stack: 0x000000002f6a0000,0x00000000306a0000] [id=2624]
  0x00000000113a9400 WatcherThread [stack: 0x00000000326a0000,0x00000000336a0000] [id=5052]

VM state:not at safepoint (normal execution)

VM Mutex/Monitor currently owned by a thread: None

Heap
 PSYoungGen      total 15744K, used 9489K [0x00000000265a0000, 0x00000000275a0000, 0x00000000296a0000)
  eden space 15040K, 61% used [0x00000000265a0000,0x0000000026e9c568,0x0000000027450000)
  from space 704K, 40% used [0x00000000274f0000,0x0000000027538000,0x00000000275a0000)
  to   space 640K, 0% used [0x0000000027450000,0x0000000027450000,0x00000000274f0000)
 PSOldGen        total 136960K, used 129838K [0x000000001d2a0000, 0x0000000025860000, 0x00000000265a0000)
  object space 136960K, 94% used [0x000000001d2a0000,0x000000002516b8c0,0x0000000025860000)
 PSPermGen       total 96320K, used 53986K [0x00000000152a0000, 0x000000001b0b0000, 0x000000001d2a0000)
  object space 96320K, 56% used [0x00000000152a0000,0x0000000018758838,0x000000001b0b0000)

Dynamic libraries:
0x0000000140000000 - 0x0000000140032000 	C:\Program Files\MATLAB\R2009a\bin\win64\MATLAB.exe
0x0000000077a00000 - 0x0000000077bab000 	C:\Windows\SYSTEM32\ntdll.dll
0x00000000777e0000 - 0x00000000778ff000 	C:\Windows\system32\kernel32.dll
0x000007fefdcc0000 - 0x000007fefdd2b000 	C:\Windows\system32\KERNELBASE.dll
0x0000000180000000 - 0x0000000180406000 	C:\Program Files\MATLAB\R2009a\bin\win64\libut.dll
0x000007fefe970000 - 0x000007fefe987000 	C:\Windows\system32\imagehlp.dll
0x000007fefdd40000 - 0x000007fefdddf000 	C:\Windows\system32\msvcrt.dll
0x0000000077bd0000 - 0x0000000077bd7000 	C:\Windows\system32\PSAPI.DLL
0x00000000010d0000 - 0x00000000010f8000 	C:\Program Files\MATLAB\R2009a\bin\win64\LIBEXPAT.dll
0x0000000073150000 - 0x0000000073219000 	C:\Windows\WinSxS\amd64_microsoft.vc80.crt_1fc8b3b9a1e18e3b_8.0.50727.4927_none_88dce9872fb18caf\MSVCR80.dll
0x000000004a800000 - 0x000000004a923000 	C:\Program Files\MATLAB\R2009a\bin\win64\icuuc38.dll
0x000007fefe740000 - 0x000007fefe81b000 	C:\Windows\system32\ADVAPI32.dll
0x000007fefdde0000 - 0x000007fefddff000 	C:\Windows\SYSTEM32\sechost.dll
0x000007fefdfc0000 - 0x000007fefe0ee000 	C:\Windows\system32\RPCRT4.dll
0x000000004ad00000 - 0x000000004ad03000 	C:\Program Files\MATLAB\R2009a\bin\win64\icudt38.dll
0x000000004ab00000 - 0x000000004ab0f000 	C:\Program Files\MATLAB\R2009a\bin\win64\icuio38.dll
0x0000000001350000 - 0x000000000148a000 	C:\Program Files\MATLAB\R2009a\bin\win64\icuin38.dll
0x0000000073040000 - 0x0000000073149000 	C:\Windows\WinSxS\amd64_microsoft.vc80.crt_1fc8b3b9a1e18e3b_8.0.50727.4927_none_88dce9872fb18caf\MSVCP80.dll
0x0000000077900000 - 0x00000000779fa000 	C:\Windows\system32\USER32.dll
0x000007fefe470000 - 0x000007fefe4d7000 	C:\Windows\system32\GDI32.dll
0x000007fefdd30000 - 0x000007fefdd3e000 	C:\Windows\system32\LPK.dll
0x000007fefe3a0000 - 0x000007fefe46a000 	C:\Windows\system32\USP10.dll
0x0000000001140000 - 0x00000000011ae000 	C:\Program Files\MATLAB\R2009a\bin\win64\libmwfl.dll
0x00000000011c0000 - 0x00000000011cf000 	C:\Program Files\MATLAB\R2009a\bin\win64\boost_date_time-vc80-mt-1_36.dll
0x00000000011e0000 - 0x00000000011f6000 	C:\Program Files\MATLAB\R2009a\bin\win64\boost_signals-vc80-mt-1_36.dll
0x0000000001210000 - 0x0000000001219000 	C:\Program Files\MATLAB\R2009a\bin\win64\boost_system-vc80-mt-1_36.dll
0x0000000001230000 - 0x0000000001241000 	C:\Program Files\MATLAB\R2009a\bin\win64\boost_thread-vc80-mt-1_36.dll
0x00000000014a0000 - 0x00000000016d7000 	C:\Program Files\MATLAB\R2009a\bin\win64\libmwservices.dll
0x00000000016f0000 - 0x0000000001761000 	C:\Program Files\MATLAB\R2009a\bin\win64\libmx.dll
0x0000000001780000 - 0x0000000001797000 	C:\Program Files\MATLAB\R2009a\bin\win64\zlib1.dll
0x00000000017a0000 - 0x00000000018c5000 	C:\Program Files\MATLAB\R2009a\bin\win64\libmwmathutil.dll
0x00000000018e0000 - 0x0000000001935000 	C:\Program Files\MATLAB\R2009a\bin\win64\mpath.dll
0x0000000001950000 - 0x000000000199f000 	C:\Program Files\MATLAB\R2009a\bin\win64\mlutil.dll
0x0000000010000000 - 0x0000000010049000 	C:\Program Files\MATLAB\R2009a\bin\win64\tbb.dll
0x000007fefda10000 - 0x000007fefdab0000 	C:\Windows\WinSxS\amd64_microsoft.windows.common-controls_6595b64144ccf1df_5.82.7600.16385_none_a44af8ec57f961cf\COMCTL32.dll
0x000007fefec50000 - 0x000007fefece8000 	C:\Windows\system32\comdlg32.dll
0x000007fefe8f0000 - 0x000007fefe961000 	C:\Windows\system32\SHLWAPI.dll
0x000007fefef80000 - 0x000007feffd06000 	C:\Windows\system32\SHELL32.dll
0x000007fefba50000 - 0x000007fefba66000 	C:\Windows\system32\NETAPI32.dll
0x000007fefba40000 - 0x000007fefba4c000 	C:\Windows\system32\netutils.dll
0x000007fefd590000 - 0x000007fefd5b3000 	C:\Windows\system32\srvcli.dll
0x000007fefba20000 - 0x000007fefba35000 	C:\Windows\system32\wkscli.dll
0x000007fefe820000 - 0x000007fefe86d000 	C:\Windows\system32\WS2_32.dll
0x000007fefde00000 - 0x000007fefde08000 	C:\Windows\system32\NSI.dll
0x00000000019b0000 - 0x0000000001a32000 	C:\Program Files\MATLAB\R2009a\bin\win64\mcr.dll
0x0000000001a50000 - 0x0000000001ab2000 	C:\Program Files\MATLAB\R2009a\bin\win64\iqm.dll
0x0000000001ad0000 - 0x00000000023b7000 	C:\Program Files\MATLAB\R2009a\bin\win64\m_interpreter.dll
0x00000000023d0000 - 0x00000000023df000 	C:\Program Files\MATLAB\R2009a\bin\win64\libmex.dll
0x00000000023f0000 - 0x0000000002480000 	C:\Program Files\MATLAB\R2009a\bin\win64\m_dispatcher.dll
0x0000000002490000 - 0x00000000024b5000 	C:\Program Files\MATLAB\R2009a\bin\win64\datasvcs.dll
0x0000000012000000 - 0x0000000012295000 	C:\Program Files\MATLAB\R2009a\bin\win64\xerces-c_2_7.dll
0x00000000024e0000 - 0x00000000025d1000 	C:\Program Files\MATLAB\R2009a\bin\win64\boost_regex-vc80-mt-1_36.dll
0x00000000025f0000 - 0x0000000002681000 	C:\Program Files\MATLAB\R2009a\bin\win64\profiler.dll
0x00000000026a0000 - 0x00000000026ca000 	C:\Program Files\MATLAB\R2009a\bin\win64\libmwmathrng.dll
0x00000000026e0000 - 0x00000000026fa000 	C:\Program Files\MATLAB\R2009a\bin\win64\m_pcodeio.dll
0x0000000002710000 - 0x000000000275d000 	C:\Program Files\MATLAB\R2009a\bin\win64\m_ir.dll
0x0000000002770000 - 0x0000000002d76000 	C:\Program Files\MATLAB\R2009a\bin\win64\m_parser.dll
0x0000000002d90000 - 0x0000000002da4000 	C:\Program Files\MATLAB\R2009a\bin\win64\ir_xfmr.dll
0x0000000002dc0000 - 0x0000000003041000 	C:\Program Files\MATLAB\R2009a\bin\win64\mcos.dll
0x0000000003060000 - 0x000000000306c000 	C:\Program Files\MATLAB\R2009a\bin\win64\mtok.dll
0x0000000003080000 - 0x00000000030a0000 	C:\Program Files\MATLAB\R2009a\bin\win64\m_pcodegen.dll
0x000007feed600000 - 0x000007feed725000 	C:\Windows\system32\dbghelp.dll
0x00000000030b0000 - 0x00000000030d4000 	C:\Program Files\MATLAB\R2009a\bin\win64\bridge.dll
0x00000000030f0000 - 0x00000000031b0000 	C:\Program Files\MATLAB\R2009a\bin\win64\udd.dll
0x00000000031c0000 - 0x0000000003317000 	C:\Program Files\MATLAB\R2009a\bin\win64\libmwgui.dll
0x0000000003330000 - 0x0000000003615000 	C:\Program Files\MATLAB\R2009a\bin\win64\hg.dll
0x0000000003630000 - 0x0000000003662000 	C:\Program Files\MATLAB\R2009a\bin\win64\libmat.dll
0x0000000003680000 - 0x000000000386e000 	C:\Program Files\MATLAB\R2009a\bin\win64\libhdf5.dll
0x0000000003880000 - 0x00000000038e0000 	C:\Program Files\MATLAB\R2009a\bin\win64\jmi.dll
0x00000000038f0000 - 0x0000000003930000 	C:\Program Files\MATLAB\R2009a\bin\win64\libmwhardcopy.dll
0x0000000003940000 - 0x0000000003998000 	C:\Program Files\MATLAB\R2009a\bin\win64\libuij.dll
0x00000000039b0000 - 0x0000000003aa2000 	C:\Program Files\MATLAB\R2009a\bin\win64\libmwmathlinalg.dll
0x0000000003ac0000 - 0x0000000003e6c000 	C:\Program Files\MATLAB\R2009a\bin\win64\libmwmathelem.dll
0x0000000003e80000 - 0x0000000003eec000 	C:\Program Files\MATLAB\R2009a\bin\win64\libmwmathcore.dll
0x0000000003f00000 - 0x0000000003f62000 	C:\Program Files\MATLAB\R2009a\bin\win64\libmwcholmod.dll
0x0000000003f80000 - 0x0000000003f8d000 	C:\Program Files\MATLAB\R2009a\bin\win64\libmwamd.dll
0x0000000003fa0000 - 0x0000000003fac000 	C:\Program Files\MATLAB\R2009a\bin\win64\libmwcolamd.dll
0x0000000003fc0000 - 0x0000000003fd5000 	C:\Program Files\MATLAB\R2009a\bin\win64\libmwblas.dll
0x0000000003ff0000 - 0x0000000004001000 	C:\Program Files\MATLAB\R2009a\bin\win64\libmwbinder.dll
0x0000000004020000 - 0x000000000409d000 	C:\Program Files\MATLAB\R2009a\bin\win64\libmwlapack.dll
0x00000000040b0000 - 0x00000000040eb000 	C:\Program Files\MATLAB\R2009a\bin\win64\libmwrookfastbp.dll
0x0000000004100000 - 0x000000000414c000 	C:\Program Files\MATLAB\R2009a\bin\win64\libmwma57.dll
0x0000000004160000 - 0x000000000427c000 	C:\Program Files\MATLAB\R2009a\bin\win64\libifcoremd.dll
0x0000000004280000 - 0x0000000004550000 	C:\Program Files\MATLAB\R2009a\bin\win64\libmmd.dll
0x0000000004550000 - 0x0000000004560000 	C:\Program Files\MATLAB\R2009a\bin\win64\libmwcsparse.dll
0x0000000004570000 - 0x00000000045de000 	C:\Program Files\MATLAB\R2009a\bin\win64\libmwumfpack.dll
0x00000000045f0000 - 0x00000000046dd000 	C:\Program Files\MATLAB\R2009a\bin\win64\hgdatatypes.dll
0x00000000046f0000 - 0x0000000004934000 	C:\Program Files\MATLAB\R2009a\bin\win64\uiw.dll
0x0000000004950000 - 0x000000000495a000 	C:\Program Files\MATLAB\R2009a\bin\win64\uinone.dll
0x000000006b870000 - 0x000000006ba0c000 	C:\Windows\WinSxS\amd64_microsoft.vc80.mfc_1fc8b3b9a1e18e3b_8.0.50727.1833_none_8442d417329336b1\MFC80.DLL
0x000007fef86b0000 - 0x000007fef8720000 	C:\Windows\system32\WINSPOOL.DRV
0x000007fefe190000 - 0x000007fefe391000 	C:\Windows\system32\ole32.dll
0x000007fefe990000 - 0x000007fefea67000 	C:\Windows\system32\OLEAUT32.dll
0x0000000004970000 - 0x0000000004a1b000 	C:\Program Files\MATLAB\R2009a\bin\win64\udd_mi.dll
0x0000000004a30000 - 0x0000000004a48000 	C:\Program Files\MATLAB\R2009a\bin\win64\mwoles05.DLL
0x0000000004a60000 - 0x0000000004aca000 	C:\Program Files\MATLAB\R2009a\bin\win64\comcli.dll
0x0000000073ce0000 - 0x0000000073cff000 	C:\Windows\WinSxS\amd64_microsoft.vc80.atl_1fc8b3b9a1e18e3b_8.0.50727.1833_none_8a17faaf2edd3e00\ATL80.DLL
0x0000000004ae0000 - 0x0000000004aee000 	C:\Program Files\MATLAB\R2009a\bin\win64\mlautoregister.dll
0x000007fefdf90000 - 0x000007fefdfbe000 	C:\Windows\system32\IMM32.DLL
0x000007fefee70000 - 0x000007fefef79000 	C:\Windows\system32\MSCTF.dll
0x000007fefd960000 - 0x000007fefd96f000 	C:\Windows\system32\profapi.dll
0x000007fefc260000 - 0x000007fefc2b6000 	C:\Windows\system32\uxtheme.dll
0x000007fefb2f0000 - 0x000007fefb317000 	C:\Windows\system32\iphlpapi.dll
0x000007fefb2e0000 - 0x000007fefb2eb000 	C:\Windows\system32\WINNSI.DLL
0x000007fefd050000 - 0x000007fefd0ab000 	C:\Windows\system32\DNSAPI.dll
0x000007fefb2c0000 - 0x000007fefb2d8000 	C:\Windows\system32\dhcpcsvc.DLL
0x000007fefac30000 - 0x000007fefac41000 	C:\Windows\system32\dhcpcsvc6.DLL
0x000000006ebe0000 - 0x000000006ebe3000 	C:\Windows\system32\icmp.Dll
0x000007fefd830000 - 0x000007fefd83f000 	C:\Windows\system32\CRYPTBASE.dll
0x000000000e5d0000 - 0x000000000eb7a000 	C:\Program Files\MATLAB\R2009a\sys\java\jre\win64\jre\bin\server\jvm.dll
0x000007fefb640000 - 0x000007fefb67b000 	C:\Windows\system32\WINMM.dll
0x0000000004bc0000 - 0x0000000004bca000 	C:\Program Files\MATLAB\R2009a\sys\java\jre\win64\jre\bin\hpi.dll
0x0000000004df0000 - 0x0000000004dfe000 	C:\Program Files\MATLAB\R2009a\sys\java\jre\win64\jre\bin\verify.dll
0x0000000004e90000 - 0x0000000004eb7000 	C:\Program Files\MATLAB\R2009a\sys\java\jre\win64\jre\bin\java.dll
0x00000000050d0000 - 0x00000000050e2000 	C:\Program Files\MATLAB\R2009a\sys\java\jre\win64\jre\bin\zip.dll
0x0000000008210000 - 0x0000000008231000 	C:\Program Files\MATLAB\R2009a\bin\win64\nativejava.dll
0x000000000eec0000 - 0x000000000eee8000 	C:\Program Files\MATLAB\R2009a\bin\win64\nativejmi.dll
0x0000000005100000 - 0x0000000005107000 	C:\Program Files\MATLAB\R2009a\bin\win64\nativeservices.dll
0x00000000336a0000 - 0x000000003383f000 	C:\Program Files\MATLAB\R2009a\sys\java\jre\win64\jre\bin\awt.dll
0x000007fefbe30000 - 0x000007fefbe48000 	C:\Windows\system32\dwmapi.dll
0x0000000033e40000 - 0x0000000033eaa000 	C:\Program Files\MATLAB\R2009a\sys\java\jre\win64\jre\bin\fontmanager.dll
0x0000000034540000 - 0x0000000034557000 	C:\Program Files\MATLAB\R2009a\sys\java\jre\win64\jre\bin\net.dll
0x000007fefd1d0000 - 0x000007fefd224000 	C:\Windows\system32\mswsock.dll
0x000007fefd1c0000 - 0x000007fefd1c7000 	C:\Windows\System32\wship6.dll
0x0000000034560000 - 0x000000003456b000 	C:\Program Files\MATLAB\R2009a\sys\java\jre\win64\jre\bin\nio.dll
0x00000000345f0000 - 0x00000000345f7000 	C:\Program Files\MATLAB\R2009a\bin\win64\nativelmgr.dll
0x0000000035700000 - 0x0000000035735000 	C:\Program Files\MATLAB\R2009a\sys\java\jre\win64\jre\bin\jpeg.dll
0x00000000357c0000 - 0x000000003595e000 	C:\Program Files\MATLAB\R2009a\bin\win64\instutil.dll

VM Arguments:
jvm_args: -Xss512k -XX:PermSize=32m -Xms64m -XX:NewRatio=3 -XX:MaxPermSize=128m -Xmx196m -XX:MaxDirectMemorySize=2147400000 -Dsun.java2d.noddraw=true -Dsun.awt.nopixfmt=true -Xshare:off -Xrs -Djava.library.path=C:\Program Files\MATLAB\R2009a\bin\win64 vfprintf abort 
java_command: <unknown>
Launcher Type: generic

Environment Variables:
CLASSPATH=.;C:\Program Files (x86)\Java\jre6\lib\ext\QTJava.zip
PATH=C:\Windows\system32;C:\Windows;C:\Windows\System32\Wbem;C:\Windows\System32\WindowsPowerShell\v1.0\;c:\Program Files (x86)\Common Files\Roxio Shared\10.0\DLLShared\;c:\Program Files (x86)\Common Files\Roxio Shared\DLLShared\;C:\Program Files\MATLAB\R2009a\bin;C:\Program Files\MATLAB\R2009a\bin\win64;C:\Program Files (x86)\QuickTime\QTSystem\;C:\Program Files (x86)\Microsoft SQL Server\100\Tools\Binn\;C:\Program Files (x86)\Microsoft SQL Server\100\DTS\Binn\
USERNAME=micro
OS=Windows_NT
PROCESSOR_IDENTIFIER=Intel64 Family 6 Model 30 Stepping 5, GenuineIntel



---------------  S Y S T E M  ---------------

OS: Windows NT 6.1 Build 7600 

CPU:total 8 (8 cores per cpu, 2 threads per core) family 6 model 14 stepping 5, cmov, cx8, fxsr, mmx, sse, sse2, sse3, ssse3, ht

Memory: 4k page, physical 8346704k(5120640k free), swap 15710884k(11999948k free)

vm_info: Java HotSpot(TM) 64-Bit Server VM (10.0-b19) for windows-amd64 JRE (1.6.0_04-b12), built on Dec 14 2007 00:44:23 by "java_re" with MS VC++ 8.0

time: Wed Sep 22 11:00:08 2010
elapsed time: 50839 seconds

