#
# An unexpected error has been detected by Java Runtime Environment:
#
#  EXCEPTION_ACCESS_VIOLATION (0xc0000005) at pc=0x000000000fb2fe52, pid=4888, tid=1956
#
# Java VM: Java HotSpot(TM) 64-Bit Server VM (10.0-b19 mixed mode windows-amd64)
# Problematic frame:
# C  [awt.dll+0x9fe52]
#
# If you would like to submit a bug report, please visit:
#   http://java.sun.com/webapps/bugreport/crash.jsp
# The crash happened outside the Java Virtual Machine in native code.
# See problematic frame for where to report the bug.
#

---------------  T H R E A D  ---------------

Current thread (0x000000001146a400):  JavaThread "AWT-Windows" daemon [_thread_in_native, id=1956, stack(0x000000000fd30000,0x000000000fdb0000)]

siginfo: ExceptionCode=0xc0000005, reading address 0x000000009859fefc

Registers:
EAX=0x000000009859fefc, EBX=0x0000000000000001, ECX=0x000000009859fefc, EDX=0x000000000fb8bd30
ESP=0x000000000fdaf1e0, EBP=0x000000000001a220, ESI=0x000000000f6b6fc0, EDI=0x000000000fa90000
EIP=0x000000000fb2fe52, EFLAGS=0x0000000000010206

Top of Stack: (sp=0x000000000fdaf1e0)
0x000000000fdaf1e0:   000000001146a400 0000000000000000
0x000000000fdaf1f0:   0000000000000001 000000000fa90000
0x000000000fdaf200:   000000001146a598 000000000fb35539
0x000000000fdaf210:   000000004c04c270 000000001146a598
0x000000000fdaf220:   000000000f6b6fc0 0000000000000111
0x000000000fdaf230:   0000000004f6e968 0000000000030378
0x000000000fdaf240:   0000000000000000 000000000000c261
0x000000000fdaf250:   0000000000000000 0000000000000000
0x000000000fdaf260:   000000000000c261 fffffffffffffffe
0x000000000fdaf270:   000000001146a598 0000000000000001
0x000000000fdaf280:   0000000000000000 0000000000000111
0x000000000fdaf290:   0000000000000111 0000000000000111
0x000000000fdaf2a0:   000000000001a220 0000000000000000
0x000000000fdaf2b0:   000000000f6b6fc0 000000000fb6d807
0x000000000fdaf2c0:   0000000000000000 000000007758b98f
0x000000000fdaf2d0:   00000000ffffffeb 0000000000000000 

Instructions: (pc=0x000000000fb2fe52)
0x000000000fb2fe42:   53 0b 00 e8 46 8a 03 00 48 85 c0 48 8b c8 74 06
0x000000000fb2fe52:   48 8b 00 ff 50 08 b8 02 00 00 00 48 83 c4 20 5b 


Stack: [0x000000000fd30000,0x000000000fdb0000],  sp=0x000000000fdaf1e0,  free space=508k
Native frames: (J=compiled Java code, j=interpreted, Vv=VM code, C=native code)
C  [awt.dll+0x9fe52]

Java frames: (J=compiled Java code, j=interpreted, Vv=VM code)
v  ~BufferBlob::Interpreter
v  ~BufferBlob::Interpreter
v  ~BufferBlob::Interpreter
v  ~BufferBlob::StubRoutines (1)

---------------  P R O C E S S  ---------------

Java Threads: ( => current thread )
  0x0000000034e9f800 JavaThread "Thread-1320" [_thread_blocked, id=5392, stack(0x00000000368f0000,0x0000000036970000)]
  0x0000000034ea2000 JavaThread "Thread-1319" [_thread_blocked, id=7684, stack(0x0000000036210000,0x0000000036290000)]
  0x0000000034ea0000 JavaThread "Thread-1318" [_thread_blocked, id=8152, stack(0x0000000036290000,0x0000000036310000)]
  0x0000000034ea0c00 JavaThread "Thread-1317" [_thread_blocked, id=8800, stack(0x0000000011bb0000,0x0000000011c30000)]
  0x0000000034e9f000 JavaThread "Thread-1316" [_thread_blocked, id=7432, stack(0x0000000036870000,0x00000000368f0000)]
  0x0000000034ea4400 JavaThread "Thread-1315" [_thread_blocked, id=8468, stack(0x0000000036a70000,0x0000000036af0000)]
  0x0000000034e9ec00 JavaThread "Thread-1314" [_thread_blocked, id=8144, stack(0x00000000367f0000,0x0000000036870000)]
  0x0000000034e9e400 JavaThread "Thread-1313" [_thread_blocked, id=8328, stack(0x0000000036310000,0x0000000036390000)]
  0x0000000034ea3400 JavaThread "Foxtrot Single Worker Thread #1" daemon [_thread_blocked, id=3696, stack(0x00000000369a0000,0x0000000036a20000)]
  0x0000000034ea1800 JavaThread "Prefs Updater" [_thread_blocked, id=1488, stack(0x000000000fdb0000,0x000000000fe30000)]
  0x0000000034e9d400 JavaThread "Active Reference Queue Daemon" daemon [_thread_blocked, id=684, stack(0x0000000039390000,0x0000000039410000)]
  0x0000000034e9dc00 JavaThread "Timer-16" daemon [_thread_blocked, id=6760, stack(0x00000000372e0000,0x0000000037360000)]
  0x0000000034e9d000 JavaThread "Timer-7" daemon [_thread_blocked, id=7112, stack(0x0000000039780000,0x0000000039800000)]
  0x000000003510d400 JavaThread "Timer-1" [_thread_blocked, id=6280, stack(0x0000000035bf0000,0x0000000035c70000)]
  0x0000000034cbb800 JavaThread "TimerQueue" daemon [_thread_blocked, id=4408, stack(0x0000000034920000,0x00000000349a0000)]
  0x000000001183e000 JavaThread "AWT-EventQueue-0" [_thread_in_native, id=2612, stack(0x0000000034880000,0x0000000034900000)]
=>0x000000001146a400 JavaThread "AWT-Windows" daemon [_thread_in_native, id=1956, stack(0x000000000fd30000,0x000000000fdb0000)]
  0x000000000f4a0400 JavaThread "AWT-Shutdown" [_thread_blocked, id=3360, stack(0x000000000fcb0000,0x000000000fd30000)]
  0x000000000f49fc00 JavaThread "Java2D Disposer" daemon [_thread_blocked, id=4388, stack(0x000000000fc30000,0x000000000fcb0000)]
  0x000000000f73bc00 JavaThread "Timer-0" [_thread_blocked, id=6720, stack(0x000000000f930000,0x000000000f9b0000)]
  0x000000000f5a9000 JavaThread "JMI Unnamed Thread" [_thread_in_native, id=6704, stack(0x000000000a5d0000,0x000000000b5d0000)]
  0x000000000f4c0400 JavaThread "Low Memory Detector" daemon [_thread_blocked, id=4620, stack(0x000000000f2a0000,0x000000000f320000)]
  0x000000000f4bc000 JavaThread "CompilerThread1" daemon [_thread_blocked, id=4208, stack(0x00000000326a0000,0x00000000336a0000)]
  0x000000000f4b7400 JavaThread "CompilerThread0" daemon [_thread_blocked, id=3844, stack(0x00000000316a0000,0x00000000326a0000)]
  0x000000000f4b6c00 JavaThread "Attach Listener" daemon [_thread_blocked, id=5596, stack(0x000000000f220000,0x000000000f2a0000)]
  0x0000000004e1f400 JavaThread "Finalizer" daemon [_thread_blocked, id=3820, stack(0x000000000f1a0000,0x000000000f220000)]
  0x0000000004e1e800 JavaThread "Reference Handler" daemon [_thread_blocked, id=5304, stack(0x000000000f030000,0x000000000f0b0000)]
  0x0000000004eaec00 JavaThread "main" [_thread_in_native, id=4268, stack(0x0000000000030000,0x0000000001030000)]

Other Threads:
  0x0000000004e1dc00 VMThread [stack: 0x00000000306a0000,0x00000000316a0000] [id=5512]
  0x000000000f4ecc00 WatcherThread [stack: 0x00000000336a0000,0x00000000346a0000] [id=6172]

VM state:not at safepoint (normal execution)

VM Mutex/Monitor currently owned by a thread: None

Heap
 PSYoungGen      total 15872K, used 12076K [0x00000000265a0000, 0x00000000275a0000, 0x00000000296a0000)
  eden space 15424K, 76% used [0x00000000265a0000,0x00000000271232c8,0x00000000274b0000)
  from space 448K, 64% used [0x00000000274b0000,0x00000000274f8000,0x0000000027520000)
  to   space 448K, 0% used [0x0000000027530000,0x0000000027530000,0x00000000275a0000)
 PSOldGen        total 130816K, used 112854K [0x000000001d2a0000, 0x0000000025260000, 0x00000000265a0000)
  object space 130816K, 86% used [0x000000001d2a0000,0x00000000240d5b70,0x0000000025260000)
 PSPermGen       total 53952K, used 52895K [0x00000000152a0000, 0x0000000018750000, 0x000000001d2a0000)
  object space 53952K, 98% used [0x00000000152a0000,0x0000000018647e18,0x0000000018750000)

Dynamic libraries:
0x0000000140000000 - 0x0000000140032000 	C:\Program Files\MATLAB\R2009a\bin\win64\MATLAB.exe
0x0000000077790000 - 0x000000007793c000 	C:\Windows\SYSTEM32\ntdll.dll
0x0000000077670000 - 0x000000007778f000 	C:\Windows\system32\kernel32.dll
0x000007fefd880000 - 0x000007fefd8ec000 	C:\Windows\system32\KERNELBASE.dll
0x0000000180000000 - 0x0000000180406000 	C:\Program Files\MATLAB\R2009a\bin\win64\libut.dll
0x000007fefeaa0000 - 0x000007fefeab7000 	C:\Windows\system32\imagehlp.dll
0x000007fefef90000 - 0x000007feff02f000 	C:\Windows\system32\msvcrt.dll
0x0000000077950000 - 0x0000000077957000 	C:\Windows\system32\PSAPI.DLL
0x00000000010e0000 - 0x0000000001108000 	C:\Program Files\MATLAB\R2009a\bin\win64\LIBEXPAT.dll
0x0000000073910000 - 0x00000000739d9000 	C:\Windows\WinSxS\amd64_microsoft.vc80.crt_1fc8b3b9a1e18e3b_8.0.50727.6195_none_88e41e092fab0294\MSVCR80.dll
0x000000004a800000 - 0x000000004a923000 	C:\Program Files\MATLAB\R2009a\bin\win64\icuuc38.dll
0x000007fefdb40000 - 0x000007fefdc1b000 	C:\Windows\system32\ADVAPI32.dll
0x000007fefeac0000 - 0x000007fefeadf000 	C:\Windows\SYSTEM32\sechost.dll
0x000007feff270000 - 0x000007feff39e000 	C:\Windows\system32\RPCRT4.dll
0x000000004ad00000 - 0x000000004ad03000 	C:\Program Files\MATLAB\R2009a\bin\win64\icudt38.dll
0x000000004ab00000 - 0x000000004ab0f000 	C:\Program Files\MATLAB\R2009a\bin\win64\icuio38.dll
0x00000000012a0000 - 0x00000000013da000 	C:\Program Files\MATLAB\R2009a\bin\win64\icuin38.dll
0x00000000720e0000 - 0x00000000721e9000 	C:\Windows\WinSxS\amd64_microsoft.vc80.crt_1fc8b3b9a1e18e3b_8.0.50727.6195_none_88e41e092fab0294\MSVCP80.dll
0x0000000077570000 - 0x000000007766a000 	C:\Windows\system32\USER32.dll
0x000007fefdc20000 - 0x000007fefdc87000 	C:\Windows\system32\GDI32.dll
0x000007fefecf0000 - 0x000007fefecfe000 	C:\Windows\system32\LPK.dll
0x000007feff620000 - 0x000007feff6ea000 	C:\Windows\system32\USP10.dll
0x00000000013e0000 - 0x000000000144e000 	C:\Program Files\MATLAB\R2009a\bin\win64\libmwfl.dll
0x0000000001160000 - 0x000000000116f000 	C:\Program Files\MATLAB\R2009a\bin\win64\boost_date_time-vc80-mt-1_36.dll
0x0000000001180000 - 0x0000000001196000 	C:\Program Files\MATLAB\R2009a\bin\win64\boost_signals-vc80-mt-1_36.dll
0x0000000001460000 - 0x0000000001469000 	C:\Program Files\MATLAB\R2009a\bin\win64\boost_system-vc80-mt-1_36.dll
0x0000000001480000 - 0x0000000001491000 	C:\Program Files\MATLAB\R2009a\bin\win64\boost_thread-vc80-mt-1_36.dll
0x00000000014b0000 - 0x00000000016e7000 	C:\Program Files\MATLAB\R2009a\bin\win64\libmwservices.dll
0x0000000001700000 - 0x0000000001771000 	C:\Program Files\MATLAB\R2009a\bin\win64\libmx.dll
0x0000000001790000 - 0x00000000017a7000 	C:\Program Files\MATLAB\R2009a\bin\win64\zlib1.dll
0x00000000017b0000 - 0x00000000018d5000 	C:\Program Files\MATLAB\R2009a\bin\win64\libmwmathutil.dll
0x00000000018f0000 - 0x0000000001945000 	C:\Program Files\MATLAB\R2009a\bin\win64\mpath.dll
0x0000000001960000 - 0x00000000019af000 	C:\Program Files\MATLAB\R2009a\bin\win64\mlutil.dll
0x0000000010000000 - 0x0000000010049000 	C:\Program Files\MATLAB\R2009a\bin\win64\tbb.dll
0x000007fef7010000 - 0x000007fef70b0000 	C:\Windows\WinSxS\amd64_microsoft.windows.common-controls_6595b64144ccf1df_5.82.7600.16661_none_a44e1fc257f685f6\COMCTL32.dll
0x000007feff7d0000 - 0x000007feff868000 	C:\Windows\system32\comdlg32.dll
0x000007fefdc90000 - 0x000007fefdd01000 	C:\Windows\system32\SHLWAPI.dll
0x000007fefdd10000 - 0x000007fefea96000 	C:\Windows\system32\SHELL32.dll
0x000007fefb9f0000 - 0x000007fefba06000 	C:\Windows\system32\NETAPI32.dll
0x000007fefb9e0000 - 0x000007fefb9ec000 	C:\Windows\system32\netutils.dll
0x000007fefd320000 - 0x000007fefd343000 	C:\Windows\system32\srvcli.dll
0x000007fefb9c0000 - 0x000007fefb9d5000 	C:\Windows\system32\wkscli.dll
0x000007feff870000 - 0x000007feff8bd000 	C:\Windows\system32\WS2_32.dll
0x000007feff910000 - 0x000007feff918000 	C:\Windows\system32\NSI.dll
0x00000000019c0000 - 0x0000000001a42000 	C:\Program Files\MATLAB\R2009a\bin\win64\mcr.dll
0x0000000001a60000 - 0x0000000001ac2000 	C:\Program Files\MATLAB\R2009a\bin\win64\iqm.dll
0x0000000001ae0000 - 0x00000000023c7000 	C:\Program Files\MATLAB\R2009a\bin\win64\m_interpreter.dll
0x00000000023e0000 - 0x00000000023ef000 	C:\Program Files\MATLAB\R2009a\bin\win64\libmex.dll
0x0000000002400000 - 0x0000000002490000 	C:\Program Files\MATLAB\R2009a\bin\win64\m_dispatcher.dll
0x00000000024a0000 - 0x00000000024c5000 	C:\Program Files\MATLAB\R2009a\bin\win64\datasvcs.dll
0x0000000012000000 - 0x0000000012295000 	C:\Program Files\MATLAB\R2009a\bin\win64\xerces-c_2_7.dll
0x00000000024f0000 - 0x00000000025e1000 	C:\Program Files\MATLAB\R2009a\bin\win64\boost_regex-vc80-mt-1_36.dll
0x0000000002600000 - 0x0000000002691000 	C:\Program Files\MATLAB\R2009a\bin\win64\profiler.dll
0x00000000026b0000 - 0x00000000026da000 	C:\Program Files\MATLAB\R2009a\bin\win64\libmwmathrng.dll
0x00000000026f0000 - 0x000000000270a000 	C:\Program Files\MATLAB\R2009a\bin\win64\m_pcodeio.dll
0x0000000002720000 - 0x000000000276d000 	C:\Program Files\MATLAB\R2009a\bin\win64\m_ir.dll
0x0000000002780000 - 0x0000000002d86000 	C:\Program Files\MATLAB\R2009a\bin\win64\m_parser.dll
0x0000000002da0000 - 0x0000000002db4000 	C:\Program Files\MATLAB\R2009a\bin\win64\ir_xfmr.dll
0x0000000002dd0000 - 0x0000000003051000 	C:\Program Files\MATLAB\R2009a\bin\win64\mcos.dll
0x0000000003070000 - 0x000000000307c000 	C:\Program Files\MATLAB\R2009a\bin\win64\mtok.dll
0x0000000003090000 - 0x00000000030b0000 	C:\Program Files\MATLAB\R2009a\bin\win64\m_pcodegen.dll
0x000007fef32a0000 - 0x000007fef33c5000 	C:\Windows\system32\dbghelp.dll
0x00000000030c0000 - 0x00000000030e4000 	C:\Program Files\MATLAB\R2009a\bin\win64\bridge.dll
0x0000000003100000 - 0x00000000031c0000 	C:\Program Files\MATLAB\R2009a\bin\win64\udd.dll
0x00000000031d0000 - 0x0000000003327000 	C:\Program Files\MATLAB\R2009a\bin\win64\libmwgui.dll
0x0000000003340000 - 0x0000000003625000 	C:\Program Files\MATLAB\R2009a\bin\win64\hg.dll
0x0000000003640000 - 0x0000000003672000 	C:\Program Files\MATLAB\R2009a\bin\win64\libmat.dll
0x0000000003690000 - 0x000000000387e000 	C:\Program Files\MATLAB\R2009a\bin\win64\libhdf5.dll
0x0000000003890000 - 0x00000000038f0000 	C:\Program Files\MATLAB\R2009a\bin\win64\jmi.dll
0x0000000003900000 - 0x0000000003940000 	C:\Program Files\MATLAB\R2009a\bin\win64\libmwhardcopy.dll
0x0000000003950000 - 0x00000000039a8000 	C:\Program Files\MATLAB\R2009a\bin\win64\libuij.dll
0x00000000039c0000 - 0x0000000003ab2000 	C:\Program Files\MATLAB\R2009a\bin\win64\libmwmathlinalg.dll
0x0000000003ad0000 - 0x0000000003e7c000 	C:\Program Files\MATLAB\R2009a\bin\win64\libmwmathelem.dll
0x0000000003e90000 - 0x0000000003efc000 	C:\Program Files\MATLAB\R2009a\bin\win64\libmwmathcore.dll
0x0000000003f10000 - 0x0000000003f72000 	C:\Program Files\MATLAB\R2009a\bin\win64\libmwcholmod.dll
0x0000000003f90000 - 0x0000000003f9d000 	C:\Program Files\MATLAB\R2009a\bin\win64\libmwamd.dll
0x0000000003fb0000 - 0x0000000003fbc000 	C:\Program Files\MATLAB\R2009a\bin\win64\libmwcolamd.dll
0x0000000003fd0000 - 0x0000000003fe5000 	C:\Program Files\MATLAB\R2009a\bin\win64\libmwblas.dll
0x0000000004000000 - 0x0000000004011000 	C:\Program Files\MATLAB\R2009a\bin\win64\libmwbinder.dll
0x0000000004030000 - 0x00000000040ad000 	C:\Program Files\MATLAB\R2009a\bin\win64\libmwlapack.dll
0x00000000040c0000 - 0x00000000040fb000 	C:\Program Files\MATLAB\R2009a\bin\win64\libmwrookfastbp.dll
0x0000000004110000 - 0x000000000415c000 	C:\Program Files\MATLAB\R2009a\bin\win64\libmwma57.dll
0x0000000004170000 - 0x000000000428c000 	C:\Program Files\MATLAB\R2009a\bin\win64\libifcoremd.dll
0x0000000004290000 - 0x0000000004560000 	C:\Program Files\MATLAB\R2009a\bin\win64\libmmd.dll
0x0000000004560000 - 0x0000000004570000 	C:\Program Files\MATLAB\R2009a\bin\win64\libmwcsparse.dll
0x0000000004580000 - 0x00000000045ee000 	C:\Program Files\MATLAB\R2009a\bin\win64\libmwumfpack.dll
0x0000000004600000 - 0x00000000046ed000 	C:\Program Files\MATLAB\R2009a\bin\win64\hgdatatypes.dll
0x0000000004700000 - 0x0000000004944000 	C:\Program Files\MATLAB\R2009a\bin\win64\uiw.dll
0x0000000004960000 - 0x000000000496a000 	C:\Program Files\MATLAB\R2009a\bin\win64\uinone.dll
0x00000000687d0000 - 0x000000006896c000 	C:\Windows\WinSxS\amd64_microsoft.vc80.mfc_1fc8b3b9a1e18e3b_8.0.50727.6195_none_8448b2bd328df189\MFC80.DLL
0x000007fef5420000 - 0x000007fef5490000 	C:\Windows\system32\WINSPOOL.DRV
0x000007fefeae0000 - 0x000007fefece2000 	C:\Windows\system32\ole32.dll
0x000007feff6f0000 - 0x000007feff7c7000 	C:\Windows\system32\OLEAUT32.dll
0x0000000004980000 - 0x0000000004a2b000 	C:\Program Files\MATLAB\R2009a\bin\win64\udd_mi.dll
0x0000000004a40000 - 0x0000000004a58000 	C:\Program Files\MATLAB\R2009a\bin\win64\mwoles05.DLL
0x0000000004a70000 - 0x0000000004ada000 	C:\Program Files\MATLAB\R2009a\bin\win64\comcli.dll
0x0000000073b20000 - 0x0000000073b40000 	C:\Windows\WinSxS\amd64_microsoft.vc80.atl_1fc8b3b9a1e18e3b_8.0.50727.6195_none_8a1dd9552ed7f8d8\ATL80.DLL
0x0000000004af0000 - 0x0000000004afe000 	C:\Program Files\MATLAB\R2009a\bin\win64\mlautoregister.dll
0x000007fefd5c0000 - 0x000007fefd617000 	C:\Windows\system32\apphelp.dll
0x000007feea2b0000 - 0x000007feea301000 	C:\Windows\AppPatch\AppPatch64\AcGenral.DLL
0x000007fefd590000 - 0x000007fefd5b5000 	C:\Windows\system32\SspiCli.dll
0x0000000072ad0000 - 0x0000000072ad3000 	C:\Windows\system32\sfc.dll
0x000007fef72b0000 - 0x000007fef72c0000 	C:\Windows\system32\sfc_os.DLL
0x000007fefc9f0000 - 0x000007fefca0e000 	C:\Windows\system32\USERENV.dll
0x000007fefd6f0000 - 0x000007fefd6ff000 	C:\Windows\system32\profapi.dll
0x000007fefbce0000 - 0x000007fefbcf8000 	C:\Windows\system32\dwmapi.dll
0x000007fef71c0000 - 0x000007fef71d8000 	C:\Windows\system32\MPR.dll
0x000007fefed00000 - 0x000007fefed2e000 	C:\Windows\system32\IMM32.DLL
0x000007feff030000 - 0x000007feff139000 	C:\Windows\system32\MSCTF.dll
0x000007fefc110000 - 0x000007fefc166000 	C:\Windows\system32\uxtheme.dll
0x000007fefafb0000 - 0x000007fefafd7000 	C:\Windows\system32\iphlpapi.dll
0x000007fefafa0000 - 0x000007fefafab000 	C:\Windows\system32\WINNSI.DLL
0x000007fefcde0000 - 0x000007fefce3b000 	C:\Windows\system32\DNSAPI.dll
0x000007fefaf80000 - 0x000007fefaf98000 	C:\Windows\system32\dhcpcsvc.DLL
0x000007fefa980000 - 0x000007fefa991000 	C:\Windows\system32\dhcpcsvc6.DLL
0x0000000073ba0000 - 0x0000000073ba3000 	C:\Windows\system32\icmp.Dll
0x000007fefd620000 - 0x000007fefd62f000 	C:\Windows\system32\CRYPTBASE.dll
0x000000000e5d0000 - 0x000000000eb7a000 	C:\Program Files\MATLAB\R2009a\sys\java\jre\win64\jre\bin\server\jvm.dll
0x000007fefb2f0000 - 0x000007fefb32b000 	C:\Windows\system32\WINMM.dll
0x0000000004d00000 - 0x0000000004d0a000 	C:\Program Files\MATLAB\R2009a\sys\java\jre\win64\jre\bin\hpi.dll
0x0000000004e30000 - 0x0000000004e3e000 	C:\Program Files\MATLAB\R2009a\sys\java\jre\win64\jre\bin\verify.dll
0x0000000004e40000 - 0x0000000004e67000 	C:\Program Files\MATLAB\R2009a\sys\java\jre\win64\jre\bin\java.dll
0x0000000004e70000 - 0x0000000004e82000 	C:\Program Files\MATLAB\R2009a\sys\java\jre\win64\jre\bin\zip.dll
0x0000000009410000 - 0x0000000009431000 	C:\Program Files\MATLAB\R2009a\bin\win64\nativejava.dll
0x0000000009440000 - 0x0000000009468000 	C:\Program Files\MATLAB\R2009a\bin\win64\nativejmi.dll
0x00000000081f0000 - 0x00000000081f7000 	C:\Program Files\MATLAB\R2009a\bin\win64\nativeservices.dll
0x000000000fa90000 - 0x000000000fc2f000 	C:\Program Files\MATLAB\R2009a\sys\java\jre\win64\jre\bin\awt.dll
0x000000000f0b0000 - 0x000000000f11a000 	C:\Program Files\MATLAB\R2009a\sys\java\jre\win64\jre\bin\fontmanager.dll

VM Arguments:
jvm_args: -Xss512k -XX:PermSize=32m -Xms64m -XX:NewRatio=3 -XX:MaxPermSize=128m -Xmx196m -XX:MaxDirectMemorySize=2147400000 -Dsun.java2d.noddraw=true -Dsun.awt.nopixfmt=true -Xshare:off -Xrs -Djava.library.path=C:\Program Files\MATLAB\R2009a\bin\win64 vfprintf abort 
java_command: <unknown>
Launcher Type: generic

Environment Variables:
CLASSPATH=.;C:\Program Files (x86)\Java\jre6\lib\ext\QTJava.zip
PATH=C:\Program Files\Common Files\Microsoft Shared\Windows Live;C:\Program Files (x86)\Common Files\Microsoft Shared\Windows Live;C:\Windows\system32;C:\Windows;C:\Windows\System32\Wbem;C:\Windows\System32\WindowsPowerShell\v1.0\;c:\Program Files (x86)\Common Files\Roxio Shared\10.0\DLLShared\;c:\Program Files (x86)\Common Files\Roxio Shared\DLLShared\;C:\Program Files\MATLAB\R2009a\bin;C:\Program Files\MATLAB\R2009a\bin\win64;C:\Program Files (x86)\Microsoft SQL Server\100\Tools\Binn\;C:\Program Files (x86)\Microsoft SQL Server\100\DTS\Binn\;C:\Python26;C:\Python26\DLLs;C:\Python26\Scripts;C:\Python26\Lib\site-packages\PyQt4;C:\Python26\gnuplot\bin;C:\Python26\Lib\site-packages\vtk;C:\Program Files (x86)\pythonxy\console;C:\Program Files (x86)\pythonxy\SciTE-2.21;C:\Program Files (x86)\pythonxy\mingw\bin;C:\Program Files (x86)\Windows Live\Shared;C:\Program Files (x86)\QuickTime\QTSystem\;C:\Windows\System32
USERNAME=micro
OS=Windows_NT
PROCESSOR_IDENTIFIER=Intel64 Family 6 Model 30 Stepping 5, GenuineIntel



---------------  S Y S T E M  ---------------

OS: Windows NT 6.1 Build 7600 

CPU:total 8 (8 cores per cpu, 2 threads per core) family 6 model 14 stepping 5, cmov, cx8, fxsr, mmx, sse, sse2, sse3, ssse3, ht

Memory: 4k page, physical 8346704k(4351716k free), swap 10768240k(6332732k free)

vm_info: Java HotSpot(TM) 64-Bit Server VM (10.0-b19) for windows-amd64 JRE (1.6.0_04-b12), built on Dec 14 2007 00:44:23 by "java_re" with MS VC++ 8.0

time: Wed Jul 27 10:54:46 2011
elapsed time: 500111 seconds

