#
# An unexpected error has been detected by Java Runtime Environment:
#
#  Internal Error (os_win32_amd64.cpp:68), pid=6240, tid=6680
#  Error: guarantee(result == -1,"Unexpected result from topLevelExceptionFilter")
#
# Java VM: Java HotSpot(TM) 64-Bit Server VM (10.0-b19 mixed mode windows-amd64)
# If you would like to submit a bug report, please visit:
#   http://java.sun.com/webapps/bugreport/crash.jsp
# The crash happened outside the Java Virtual Machine in native code.
# See problematic frame for where to report the bug.
#

---------------  T H R E A D  ---------------

Current thread (0x0000000004bdec00):  JavaThread "main" [_thread_in_native, id=6680, stack(0x0000000000030000,0x0000000001030000)]

Stack: [0x0000000000030000,0x0000000001030000]
[error occurred during error reporting (printing stack bounds), id 0xc0000005]


[error occurred during error reporting (printing native stack), id 0xc0000005]

Java frames: (J=compiled Java code, j=interpreted, Vv=VM code)
v  ~BufferBlob::Interpreter
v  ~BufferBlob::Interpreter
v  ~BufferBlob::Interpreter
v  ~BufferBlob::Interpreter
v  ~BufferBlob::Interpreter
v  ~BufferBlob::Interpreter
v  ~BufferBlob::Interpreter
v  ~BufferBlob::Interpreter
v  ~BufferBlob::Interpreter
J  sun.nio.cs.StreamEncoder.write([CII)V
v  ~BufferBlob::Interpreter
v  ~BufferBlob::Interpreter
v  ~BufferBlob::Interpreter
v  ~BufferBlob::Interpreter
v  ~BufferBlob::Interpreter
v  ~BufferBlob::Interpreter
v  ~BufferBlob::Interpreter
v  ~BufferBlob::StubRoutines (1)

---------------  P R O C E S S  ---------------

Java Threads: ( => current thread )
  0x0000000034dde400 JavaThread "Thread-1012" [_thread_blocked, id=7544, stack(0x0000000038bb0000,0x0000000038c30000)]
  0x0000000034ddd800 JavaThread "Thread-1011" [_thread_blocked, id=7612, stack(0x0000000038710000,0x0000000038790000)]
  0x0000000034ddc800 JavaThread "Thread-1010" [_thread_blocked, id=3816, stack(0x0000000038610000,0x0000000038690000)]
  0x0000000034dde000 JavaThread "Thread-1009" [_thread_blocked, id=6440, stack(0x0000000038690000,0x0000000038710000)]
  0x0000000034ddc400 JavaThread "Thread-1008" [_thread_blocked, id=7700, stack(0x0000000038590000,0x0000000038610000)]
  0x0000000034ddd000 JavaThread "Thread-1007" [_thread_blocked, id=3472, stack(0x0000000038510000,0x0000000038590000)]
  0x0000000034dd9800 JavaThread "Thread-1006" [_thread_blocked, id=5816, stack(0x0000000037ef0000,0x0000000037f70000)]
  0x0000000034dda000 JavaThread "Thread-1005" [_thread_blocked, id=7528, stack(0x0000000037e70000,0x0000000037ef0000)]
  0x0000000034ddb400 JavaThread "Thread-1004" [_thread_blocked, id=1232, stack(0x0000000037d80000,0x0000000037e00000)]
  0x0000000034dd8000 JavaThread "Thread-1003" [_thread_blocked, id=1328, stack(0x00000000366b0000,0x0000000036730000)]
  0x0000000034cd5c00 JavaThread "Thread-1002" [_thread_blocked, id=6076, stack(0x0000000036630000,0x00000000366b0000)]
  0x0000000034cd5400 JavaThread "Thread-1001" [_thread_blocked, id=6312, stack(0x00000000365b0000,0x0000000036630000)]
  0x0000000034cd4c00 JavaThread "Thread-1000" [_thread_blocked, id=4820, stack(0x0000000036530000,0x00000000365b0000)]
  0x0000000034cd4000 JavaThread "Thread-999" [_thread_blocked, id=6916, stack(0x00000000364b0000,0x0000000036530000)]
  0x0000000034ddb000 JavaThread "Thread-998" [_thread_blocked, id=7652, stack(0x0000000036430000,0x00000000364b0000)]
  0x0000000034cd3800 JavaThread "Thread-997" [_thread_blocked, id=7428, stack(0x00000000363b0000,0x0000000036430000)]
  0x0000000034cd3000 JavaThread "Thread-996" [_thread_blocked, id=4504, stack(0x0000000035d30000,0x0000000035db0000)]
  0x0000000034cd2c00 JavaThread "Thread-995" [_thread_blocked, id=7436, stack(0x0000000035cb0000,0x0000000035d30000)]
  0x0000000034cd2400 JavaThread "Thread-994" [_thread_blocked, id=4356, stack(0x0000000035c30000,0x0000000035cb0000)]
  0x0000000034cd1c00 JavaThread "Thread-993" [_thread_blocked, id=6712, stack(0x0000000035bb0000,0x0000000035c30000)]
  0x0000000034cd1800 JavaThread "Thread-992" [_thread_blocked, id=8072, stack(0x0000000033b10000,0x0000000033b90000)]
  0x0000000034cd1000 JavaThread "Thread-991" [_thread_blocked, id=7608, stack(0x000000000e450000,0x000000000e4d0000)]
  0x0000000034dd9400 JavaThread "Foxtrot Single Worker Thread #1" daemon [_thread_blocked, id=4688, stack(0x00000000380e0000,0x0000000038160000)]
  0x0000000034dda800 JavaThread "Timer queue for AWT thread" daemon [_thread_blocked, id=6704, stack(0x000000003f390000,0x000000003f410000)]
  0x0000000034cd6000 JavaThread "Prefs Updater" [_thread_blocked, id=5740, stack(0x000000003df60000,0x000000003dfe0000)]
  0x0000000034cd0800 JavaThread "Active Reference Queue Daemon" daemon [_thread_blocked, id=4780, stack(0x0000000038e40000,0x0000000038ec0000)]
  0x0000000034cd0400 JavaThread "Timer-11" daemon [_thread_blocked, id=5604, stack(0x0000000038dc0000,0x0000000038e40000)]
  0x0000000034ccfc00 JavaThread "Timer-10" daemon [_thread_blocked, id=1528, stack(0x0000000036d30000,0x0000000036db0000)]
  0x0000000011d87800 JavaThread "TimerQueue" daemon [_thread_blocked, id=5580, stack(0x0000000035320000,0x00000000353a0000)]
  0x0000000011c16c00 JavaThread "AWT-Windows" daemon [_thread_in_native, id=5000, stack(0x0000000033a20000,0x0000000033aa0000)]
  0x0000000011c16400 JavaThread "AWT-Shutdown" [_thread_blocked, id=6548, stack(0x00000000339a0000,0x0000000033a20000)]
  0x0000000011c16000 JavaThread "Java2D Disposer" daemon [_thread_blocked, id=6572, stack(0x0000000033920000,0x00000000339a0000)]
  0x0000000011593400 JavaThread "Timer-0" [_thread_blocked, id=4444, stack(0x0000000011780000,0x0000000011800000)]
  0x000000001159d800 JavaThread "JMI Unnamed Thread" [_thread_in_native, id=4700, stack(0x000000000a2d0000,0x000000000b2d0000)]
  0x00000000111e3400 JavaThread "Low Memory Detector" daemon [_thread_blocked, id=5148, stack(0x0000000011300000,0x0000000011380000)]
  0x00000000111df000 JavaThread "CompilerThread1" daemon [_thread_blocked, id=6736, stack(0x00000000316a0000,0x00000000326a0000)]
  0x00000000111da400 JavaThread "CompilerThread0" daemon [_thread_blocked, id=5368, stack(0x00000000306a0000,0x00000000316a0000)]
  0x00000000111d9c00 JavaThread "Attach Listener" daemon [_thread_blocked, id=6728, stack(0x000000000ff70000,0x000000000fff0000)]
  0x00000000111a8000 JavaThread "Finalizer" daemon [_thread_blocked, id=5980, stack(0x000000000fef0000,0x000000000ff70000)]
  0x00000000111a3400 JavaThread "Reference Handler" daemon [_thread_blocked, id=6296, stack(0x000000000fe70000,0x000000000fef0000)]
=>0x0000000004bdec00 JavaThread "main" [_thread_in_native, id=6680, stack(0x0000000000030000,0x0000000001030000)]

Other Threads:
  0x000000001119c400 VMThread [stack: 0x000000002f6a0000,0x00000000306a0000] [id=6420]
  0x000000001120f800 WatcherThread [stack: 0x00000000326a0000,0x00000000336a0000] [id=5264]

VM state:not at safepoint (normal execution)

VM Mutex/Monitor currently owned by a thread: None

Heap
 PSYoungGen      total 26432K, used 25983K [0x00000000265a0000, 0x0000000027fe0000, 0x00000000296a0000)
  eden space 25984K, 99% used [0x00000000265a0000,0x0000000027efffb8,0x0000000027f00000)
  from space 448K, 0% used [0x0000000027f70000,0x0000000027f70000,0x0000000027fe0000)
  to   space 448K, 0% used [0x0000000027f00000,0x0000000027f00000,0x0000000027f70000)
 PSOldGen        total 150528K, used 150527K [0x000000001d2a0000, 0x00000000265a0000, 0x00000000265a0000)
  object space 150528K, 99% used [0x000000001d2a0000,0x000000002659ff88,0x00000000265a0000)
 PSPermGen       total 56448K, used 56180K [0x00000000152a0000, 0x00000000189c0000, 0x000000001d2a0000)
  object space 56448K, 99% used [0x00000000152a0000,0x000000001897d268,0x00000000189c0000)

Dynamic libraries:
0x0000000140000000 - 0x0000000140032000 	C:\Program Files\MATLAB\R2009a\bin\win64\MATLAB.exe
0x00000000778f0000 - 0x0000000077a9c000 	C:\Windows\SYSTEM32\ntdll.dll
0x00000000777d0000 - 0x00000000778ef000 	C:\Windows\system32\kernel32.dll
0x000007fefda70000 - 0x000007fefdadb000 	C:\Windows\system32\KERNELBASE.dll
0x0000000180000000 - 0x0000000180406000 	C:\Program Files\MATLAB\R2009a\bin\win64\libut.dll
0x000007fefe540000 - 0x000007fefe557000 	C:\Windows\system32\imagehlp.dll
0x000007fefdec0000 - 0x000007fefdf5f000 	C:\Windows\system32\msvcrt.dll
0x0000000077ab0000 - 0x0000000077ab7000 	C:\Windows\system32\PSAPI.DLL
0x0000000001060000 - 0x0000000001088000 	C:\Program Files\MATLAB\R2009a\bin\win64\LIBEXPAT.dll
0x0000000073a70000 - 0x0000000073b39000 	C:\Windows\WinSxS\amd64_microsoft.vc80.crt_1fc8b3b9a1e18e3b_8.0.50727.4927_none_88dce9872fb18caf\MSVCR80.dll
0x000000004a800000 - 0x000000004a923000 	C:\Program Files\MATLAB\R2009a\bin\win64\icuuc38.dll
0x000007feffa80000 - 0x000007feffb5b000 	C:\Windows\system32\ADVAPI32.dll
0x000007feff370000 - 0x000007feff38f000 	C:\Windows\SYSTEM32\sechost.dll
0x000007fefe000000 - 0x000007fefe12e000 	C:\Windows\system32\RPCRT4.dll
0x000000004ad00000 - 0x000000004ad03000 	C:\Program Files\MATLAB\R2009a\bin\win64\icudt38.dll
0x000000004ab00000 - 0x000000004ab0f000 	C:\Program Files\MATLAB\R2009a\bin\win64\icuio38.dll
0x0000000001230000 - 0x000000000136a000 	C:\Program Files\MATLAB\R2009a\bin\win64\icuin38.dll
0x00000000721d0000 - 0x00000000722d9000 	C:\Windows\WinSxS\amd64_microsoft.vc80.crt_1fc8b3b9a1e18e3b_8.0.50727.4927_none_88dce9872fb18caf\MSVCP80.dll
0x00000000776d0000 - 0x00000000777ca000 	C:\Windows\system32\USER32.dll
0x000007feff680000 - 0x000007feff6e7000 	C:\Windows\system32\GDI32.dll
0x000007fefddd0000 - 0x000007fefddde000 	C:\Windows\system32\LPK.dll
0x000007fefddf0000 - 0x000007fefdeba000 	C:\Windows\system32\USP10.dll
0x0000000001380000 - 0x00000000013ee000 	C:\Program Files\MATLAB\R2009a\bin\win64\libmwfl.dll
0x0000000001400000 - 0x000000000140f000 	C:\Program Files\MATLAB\R2009a\bin\win64\boost_date_time-vc80-mt-1_36.dll
0x0000000001420000 - 0x0000000001436000 	C:\Program Files\MATLAB\R2009a\bin\win64\boost_signals-vc80-mt-1_36.dll
0x0000000001450000 - 0x0000000001459000 	C:\Program Files\MATLAB\R2009a\bin\win64\boost_system-vc80-mt-1_36.dll
0x0000000001470000 - 0x0000000001481000 	C:\Program Files\MATLAB\R2009a\bin\win64\boost_thread-vc80-mt-1_36.dll
0x00000000014a0000 - 0x00000000016d7000 	C:\Program Files\MATLAB\R2009a\bin\win64\libmwservices.dll
0x00000000016f0000 - 0x0000000001761000 	C:\Program Files\MATLAB\R2009a\bin\win64\libmx.dll
0x0000000001780000 - 0x0000000001797000 	C:\Program Files\MATLAB\R2009a\bin\win64\zlib1.dll
0x00000000017a0000 - 0x00000000018c5000 	C:\Program Files\MATLAB\R2009a\bin\win64\libmwmathutil.dll
0x00000000018e0000 - 0x0000000001935000 	C:\Program Files\MATLAB\R2009a\bin\win64\mpath.dll
0x0000000001950000 - 0x000000000199f000 	C:\Program Files\MATLAB\R2009a\bin\win64\mlutil.dll
0x0000000010000000 - 0x0000000010049000 	C:\Program Files\MATLAB\R2009a\bin\win64\tbb.dll
0x000007fefaec0000 - 0x000007fefaf60000 	C:\Windows\WinSxS\amd64_microsoft.windows.common-controls_6595b64144ccf1df_5.82.7600.16661_none_a44e1fc257f685f6\COMCTL32.dll
0x000007feffb60000 - 0x000007feffbf8000 	C:\Windows\system32\comdlg32.dll
0x000007fefe210000 - 0x000007fefe281000 	C:\Windows\system32\SHLWAPI.dll
0x000007fefe560000 - 0x000007feff2e6000 	C:\Windows\system32\SHELL32.dll
0x000007fefb8a0000 - 0x000007fefb8b6000 	C:\Windows\system32\NETAPI32.dll
0x000007fefb890000 - 0x000007fefb89c000 	C:\Windows\system32\netutils.dll
0x000007fefd480000 - 0x000007fefd4a3000 	C:\Windows\system32\srvcli.dll
0x000007fefb870000 - 0x000007fefb885000 	C:\Windows\system32\wkscli.dll
0x000007fefe290000 - 0x000007fefe2dd000 	C:\Windows\system32\WS2_32.dll
0x000007fefdde0000 - 0x000007fefdde8000 	C:\Windows\system32\NSI.dll
0x00000000019b0000 - 0x0000000001a32000 	C:\Program Files\MATLAB\R2009a\bin\win64\mcr.dll
0x0000000001a50000 - 0x0000000001ab2000 	C:\Program Files\MATLAB\R2009a\bin\win64\iqm.dll
0x0000000001ad0000 - 0x00000000023b7000 	C:\Program Files\MATLAB\R2009a\bin\win64\m_interpreter.dll
0x00000000023d0000 - 0x00000000023df000 	C:\Program Files\MATLAB\R2009a\bin\win64\libmex.dll
0x00000000023f0000 - 0x0000000002480000 	C:\Program Files\MATLAB\R2009a\bin\win64\m_dispatcher.dll
0x0000000002490000 - 0x00000000024b5000 	C:\Program Files\MATLAB\R2009a\bin\win64\datasvcs.dll
0x0000000012000000 - 0x0000000012295000 	C:\Program Files\MATLAB\R2009a\bin\win64\xerces-c_2_7.dll
0x00000000024e0000 - 0x00000000025d1000 	C:\Program Files\MATLAB\R2009a\bin\win64\boost_regex-vc80-mt-1_36.dll
0x00000000025f0000 - 0x0000000002681000 	C:\Program Files\MATLAB\R2009a\bin\win64\profiler.dll
0x00000000026a0000 - 0x00000000026ca000 	C:\Program Files\MATLAB\R2009a\bin\win64\libmwmathrng.dll
0x00000000026e0000 - 0x00000000026fa000 	C:\Program Files\MATLAB\R2009a\bin\win64\m_pcodeio.dll
0x0000000002710000 - 0x000000000275d000 	C:\Program Files\MATLAB\R2009a\bin\win64\m_ir.dll
0x0000000002770000 - 0x0000000002d76000 	C:\Program Files\MATLAB\R2009a\bin\win64\m_parser.dll
0x0000000002d90000 - 0x0000000002da4000 	C:\Program Files\MATLAB\R2009a\bin\win64\ir_xfmr.dll
0x0000000002dc0000 - 0x0000000003041000 	C:\Program Files\MATLAB\R2009a\bin\win64\mcos.dll
0x0000000003060000 - 0x000000000306c000 	C:\Program Files\MATLAB\R2009a\bin\win64\mtok.dll
0x0000000003080000 - 0x00000000030a0000 	C:\Program Files\MATLAB\R2009a\bin\win64\m_pcodegen.dll
0x000007fef26a0000 - 0x000007fef27c5000 	C:\Windows\system32\dbghelp.dll
0x00000000030b0000 - 0x00000000030d4000 	C:\Program Files\MATLAB\R2009a\bin\win64\bridge.dll
0x00000000030f0000 - 0x00000000031b0000 	C:\Program Files\MATLAB\R2009a\bin\win64\udd.dll
0x00000000031c0000 - 0x0000000003317000 	C:\Program Files\MATLAB\R2009a\bin\win64\libmwgui.dll
0x0000000003330000 - 0x0000000003615000 	C:\Program Files\MATLAB\R2009a\bin\win64\hg.dll
0x0000000003630000 - 0x0000000003662000 	C:\Program Files\MATLAB\R2009a\bin\win64\libmat.dll
0x0000000003680000 - 0x000000000386e000 	C:\Program Files\MATLAB\R2009a\bin\win64\libhdf5.dll
0x0000000003880000 - 0x00000000038e0000 	C:\Program Files\MATLAB\R2009a\bin\win64\jmi.dll
0x00000000038f0000 - 0x0000000003930000 	C:\Program Files\MATLAB\R2009a\bin\win64\libmwhardcopy.dll
0x0000000003940000 - 0x0000000003998000 	C:\Program Files\MATLAB\R2009a\bin\win64\libuij.dll
0x00000000039b0000 - 0x0000000003aa2000 	C:\Program Files\MATLAB\R2009a\bin\win64\libmwmathlinalg.dll
0x0000000003ac0000 - 0x0000000003e6c000 	C:\Program Files\MATLAB\R2009a\bin\win64\libmwmathelem.dll
0x0000000003e80000 - 0x0000000003eec000 	C:\Program Files\MATLAB\R2009a\bin\win64\libmwmathcore.dll
0x0000000003f00000 - 0x0000000003f62000 	C:\Program Files\MATLAB\R2009a\bin\win64\libmwcholmod.dll
0x0000000003f80000 - 0x0000000003f8d000 	C:\Program Files\MATLAB\R2009a\bin\win64\libmwamd.dll
0x0000000003fa0000 - 0x0000000003fac000 	C:\Program Files\MATLAB\R2009a\bin\win64\libmwcolamd.dll
0x0000000003fc0000 - 0x0000000003fd5000 	C:\Program Files\MATLAB\R2009a\bin\win64\libmwblas.dll
0x0000000003ff0000 - 0x0000000004001000 	C:\Program Files\MATLAB\R2009a\bin\win64\libmwbinder.dll
0x0000000004020000 - 0x000000000409d000 	C:\Program Files\MATLAB\R2009a\bin\win64\libmwlapack.dll
0x00000000040b0000 - 0x00000000040eb000 	C:\Program Files\MATLAB\R2009a\bin\win64\libmwrookfastbp.dll
0x0000000004100000 - 0x000000000414c000 	C:\Program Files\MATLAB\R2009a\bin\win64\libmwma57.dll
0x0000000004160000 - 0x000000000427c000 	C:\Program Files\MATLAB\R2009a\bin\win64\libifcoremd.dll
0x0000000004280000 - 0x0000000004550000 	C:\Program Files\MATLAB\R2009a\bin\win64\libmmd.dll
0x0000000004550000 - 0x0000000004560000 	C:\Program Files\MATLAB\R2009a\bin\win64\libmwcsparse.dll
0x0000000004570000 - 0x00000000045de000 	C:\Program Files\MATLAB\R2009a\bin\win64\libmwumfpack.dll
0x00000000045f0000 - 0x00000000046dd000 	C:\Program Files\MATLAB\R2009a\bin\win64\hgdatatypes.dll
0x00000000046f0000 - 0x0000000004934000 	C:\Program Files\MATLAB\R2009a\bin\win64\uiw.dll
0x0000000004950000 - 0x000000000495a000 	C:\Program Files\MATLAB\R2009a\bin\win64\uinone.dll
0x000000006cf60000 - 0x000000006d0fc000 	C:\Windows\WinSxS\amd64_microsoft.vc80.mfc_1fc8b3b9a1e18e3b_8.0.50727.1833_none_8442d417329336b1\MFC80.DLL
0x000007fef4990000 - 0x000007fef4a00000 	C:\Windows\system32\WINSPOOL.DRV
0x000007fefe330000 - 0x000007fefe532000 	C:\Windows\system32\ole32.dll
0x000007fefe130000 - 0x000007fefe207000 	C:\Windows\system32\OLEAUT32.dll
0x0000000004970000 - 0x0000000004a1b000 	C:\Program Files\MATLAB\R2009a\bin\win64\udd_mi.dll
0x0000000004a30000 - 0x0000000004a48000 	C:\Program Files\MATLAB\R2009a\bin\win64\mwoles05.DLL
0x0000000004a60000 - 0x0000000004aca000 	C:\Program Files\MATLAB\R2009a\bin\win64\comcli.dll
0x000000006d280000 - 0x000000006d2a0000 	C:\Windows\WinSxS\amd64_microsoft.vc80.atl_1fc8b3b9a1e18e3b_8.0.50727.4053_none_8a1a02152edb659b\ATL80.DLL
0x0000000004ae0000 - 0x0000000004aee000 	C:\Program Files\MATLAB\R2009a\bin\win64\mlautoregister.dll
0x000007fefdc20000 - 0x000007fefdc4e000 	C:\Windows\system32\IMM32.DLL
0x000007feff390000 - 0x000007feff499000 	C:\Windows\system32\MSCTF.dll
0x000007fefd850000 - 0x000007fefd85f000 	C:\Windows\system32\profapi.dll
0x000007fefc270000 - 0x000007fefc2c6000 	C:\Windows\system32\uxtheme.dll
0x000007fefb110000 - 0x000007fefb137000 	C:\Windows\system32\iphlpapi.dll
0x000007fefb100000 - 0x000007fefb10b000 	C:\Windows\system32\WINNSI.DLL
0x000007fefcf40000 - 0x000007fefcf9b000 	C:\Windows\system32\DNSAPI.dll
0x000007fefaae0000 - 0x000007fefaaf1000 	C:\Windows\system32\dhcpcsvc6.DLL
0x000007fefb0e0000 - 0x000007fefb0f8000 	C:\Windows\system32\dhcpcsvc.DLL
0x000000006dfe0000 - 0x000000006dfe3000 	C:\Windows\system32\icmp.Dll
0x000007fefd780000 - 0x000007fefd78f000 	C:\Windows\system32\CRYPTBASE.dll
0x000000000e4f0000 - 0x000000000ea9a000 	C:\Program Files\MATLAB\R2009a\sys\java\jre\win64\jre\bin\server\jvm.dll
0x000007fefb450000 - 0x000007fefb48b000 	C:\Windows\system32\WINMM.dll
0x00000000073e0000 - 0x00000000073ea000 	C:\Program Files\MATLAB\R2009a\sys\java\jre\win64\jre\bin\hpi.dll
0x00000000076e0000 - 0x00000000076ee000 	C:\Program Files\MATLAB\R2009a\sys\java\jre\win64\jre\bin\verify.dll
0x00000000076f0000 - 0x0000000007717000 	C:\Program Files\MATLAB\R2009a\sys\java\jre\win64\jre\bin\java.dll
0x0000000007720000 - 0x0000000007732000 	C:\Program Files\MATLAB\R2009a\sys\java\jre\win64\jre\bin\zip.dll
0x0000000007740000 - 0x0000000007761000 	C:\Program Files\MATLAB\R2009a\bin\win64\nativejava.dll
0x000000000b440000 - 0x000000000b468000 	C:\Program Files\MATLAB\R2009a\bin\win64\nativejmi.dll
0x000000000fff0000 - 0x000000000fff7000 	C:\Program Files\MATLAB\R2009a\bin\win64\nativeservices.dll
0x0000000033780000 - 0x000000003391f000 	C:\Program Files\MATLAB\R2009a\sys\java\jre\win64\jre\bin\awt.dll
0x000007fefbca0000 - 0x000007fefbcb8000 	C:\Windows\system32\dwmapi.dll
0x0000000033aa0000 - 0x0000000033b0a000 	C:\Program Files\MATLAB\R2009a\sys\java\jre\win64\jre\bin\fontmanager.dll
0x0000000034200000 - 0x0000000034217000 	C:\Program Files\MATLAB\R2009a\sys\java\jre\win64\jre\bin\net.dll
0x000007fefd0c0000 - 0x000007fefd114000 	C:\Windows\system32\mswsock.dll
0x000007fefd0b0000 - 0x000007fefd0b7000 	C:\Windows\System32\wship6.dll
0x00000000342a0000 - 0x00000000342ab000 	C:\Program Files\MATLAB\R2009a\sys\java\jre\win64\jre\bin\nio.dll
0x0000000035300000 - 0x0000000035307000 	C:\Program Files\MATLAB\R2009a\bin\win64\nativelmgr.dll
0x00000000353a0000 - 0x00000000353d5000 	C:\Program Files\MATLAB\R2009a\sys\java\jre\win64\jre\bin\jpeg.dll
0x00000000353e0000 - 0x000000003557e000 	C:\Program Files\MATLAB\R2009a\bin\win64\instutil.dll

VM Arguments:
jvm_args: -Xss512k -XX:PermSize=32m -Xms64m -XX:NewRatio=3 -XX:MaxPermSize=128m -Xmx196m -XX:MaxDirectMemorySize=2147400000 -Dsun.java2d.noddraw=true -Dsun.awt.nopixfmt=true -Xshare:off -Xrs -Djava.library.path=C:\Program Files\MATLAB\R2009a\bin\win64 vfprintf abort 
java_command: <unknown>
Launcher Type: generic

Environment Variables:
CLASSPATH=.;C:\Program Files (x86)\Java\jre6\lib\ext\QTJava.zip
PATH=C:\Program Files\Common Files\Microsoft Shared\Windows Live;C:\Program Files (x86)\Common Files\Microsoft Shared\Windows Live;C:\Windows\system32;C:\Windows;C:\Windows\System32\Wbem;C:\Windows\System32\WindowsPowerShell\v1.0\;c:\Program Files (x86)\Common Files\Roxio Shared\10.0\DLLShared\;c:\Program Files (x86)\Common Files\Roxio Shared\DLLShared\;C:\Program Files\MATLAB\R2009a\bin;C:\Program Files\MATLAB\R2009a\bin\win64;C:\Program Files (x86)\QuickTime\QTSystem\;C:\Program Files (x86)\Microsoft SQL Server\100\Tools\Binn\;C:\Program Files (x86)\Microsoft SQL Server\100\DTS\Binn\;C:\Python26;C:\Python26\DLLs;C:\Python26\Scripts;C:\Python26\Lib\site-packages\PyQt4;C:\Python26\gnuplot\bin;C:\Python26\Lib\site-packages\vtk;C:\Program Files (x86)\pythonxy\console;C:\Program Files (x86)\pythonxy\SciTE-2.21;C:\Program Files (x86)\pythonxy\mingw\bin;C:\Program Files (x86)\Windows Live\Shared;C:\Windows\System32
USERNAME=micro
OS=Windows_NT
PROCESSOR_IDENTIFIER=Intel64 Family 6 Model 30 Stepping 5, GenuineIntel



---------------  S Y S T E M  ---------------

OS: Windows NT 6.1 Build 7600 

CPU:total 8 (8 cores per cpu, 2 threads per core) family 6 model 14 stepping 5, cmov, cx8, fxsr, mmx, sse, sse2, sse3, ssse3, ht

Memory: 4k page, physical 8346704k(4839152k free), swap 16691512k(12894600k free)

vm_info: Java HotSpot(TM) 64-Bit Server VM (10.0-b19) for windows-amd64 JRE (1.6.0_04-b12), built on Dec 14 2007 00:44:23 by "java_re" with MS VC++ 8.0

time: Fri Apr 22 15:11:38 2011
elapsed time: 260093 seconds

