#
# An unexpected error has been detected by Java Runtime Environment:
#
#  EXCEPTION_ACCESS_VIOLATION (0xc0000005) at pc=0x00000000110efe55, pid=2548, tid=3508
#
# Java VM: Java HotSpot(TM) 64-Bit Server VM (10.0-b19 mixed mode windows-amd64)
# Problematic frame:
# C  [awt.dll+0x9fe55]
#
# If you would like to submit a bug report, please visit:
#   http://java.sun.com/webapps/bugreport/crash.jsp
# The crash happened outside the Java Virtual Machine in native code.
# See problematic frame for where to report the bug.
#

---------------  T H R E A D  ---------------

Current thread (0x000000000fa1d800):  JavaThread "AWT-Windows" daemon [_thread_in_native, id=3508, stack(0x00000000111f0000,0x0000000011270000)]

siginfo: ExceptionCode=0xc0000005, reading address 0x0000000000000008

Registers:
EAX=0x0000000000000000, EBX=0x0000000000000001, ECX=0x000000004303c9a6, EDX=0x000000001114bd30
ESP=0x000000001126efe0, EBP=0x000000000001a220, ESI=0x000000003508f7d0, EDI=0x0000000011050000
EIP=0x00000000110efe55, EFLAGS=0x0000000000010206

Top of Stack: (sp=0x000000001126efe0)
0x000000001126efe0:   000000000fa1d800 0000000000000000
0x000000001126eff0:   0000000000000001 0000000011050000
0x000000001126f000:   000000000fa1d998 00000000110f5539
0x000000001126f010:   0000000035a5eeb0 000000000fa1d998
0x000000001126f020:   000000003508f7d0 0000000000000111
0x000000001126f030:   0000000004e8d6c8 000000000fa35bb0
0x000000001126f040:   0000000015702448 0000000000000000
0x000000001126f050:   0000000000000000 00000000122aeda4
0x000000001126f060:   000000001126f588 fffffffffffffffe
0x000000001126f070:   000000000fa1d998 000000001126f3b8
0x000000001126f080:   0000000000000000 0000000000000111
0x000000001126f090:   0000000000000111 0000000000000111
0x000000001126f0a0:   000000000001a220 0000000000000000
0x000000001126f0b0:   000000003508f7d0 000000001112d807
0x000000001126f0c0:   0000000000000000 000000007779b98f
0x000000001126f0d0:   00000000ffffffeb 0000000000000000 

Instructions: (pc=0x00000000110efe55)
0x00000000110efe45:   e8 46 8a 03 00 48 85 c0 48 8b c8 74 06 48 8b 00
0x00000000110efe55:   ff 50 08 b8 02 00 00 00 48 83 c4 20 5b c3 49 8b 


Stack: [0x00000000111f0000,0x0000000011270000],  sp=0x000000001126efe0,  free space=507k
Native frames: (J=compiled Java code, j=interpreted, Vv=VM code, C=native code)
C  [awt.dll+0x9fe55]

Java frames: (J=compiled Java code, j=interpreted, Vv=VM code)
v  ~BufferBlob::Interpreter
v  ~BufferBlob::Interpreter
v  ~BufferBlob::Interpreter
v  ~BufferBlob::StubRoutines (1)

---------------  P R O C E S S  ---------------

Java Threads: ( => current thread )
  0x000000003825fc00 JavaThread "Thread-90" [_thread_blocked, id=1280, stack(0x000000000e640000,0x000000000e6c0000)]
  0x0000000038261000 JavaThread "Prefs Updater" [_thread_blocked, id=4732, stack(0x000000000daf0000,0x000000000db70000)]
  0x000000003825f800 JavaThread "Foxtrot Single Worker Thread #1" daemon [_thread_blocked, id=1308, stack(0x000000000dc50000,0x000000000dcd0000)]
  0x0000000038260400 JavaThread "Timer queue for AWT thread" daemon [_thread_blocked, id=4556, stack(0x000000000e6c0000,0x000000000e740000)]
  0x0000000034ee1400 JavaThread "Thread-37" [_thread_blocked, id=1860, stack(0x00000000371c0000,0x0000000037240000)]
  0x0000000034edc400 JavaThread "Thread-36" [_thread_blocked, id=5092, stack(0x00000000369c0000,0x0000000036a40000)]
  0x0000000034edd000 JavaThread "Thread-35" [_thread_blocked, id=1336, stack(0x00000000368c0000,0x0000000036940000)]
  0x0000000034ee0800 JavaThread "Thread-33" [_thread_blocked, id=3776, stack(0x0000000037030000,0x00000000370b0000)]
  0x0000000034ee0000 JavaThread "Thread-32" [_thread_blocked, id=2500, stack(0x0000000036fb0000,0x0000000037030000)]
  0x0000000034edfc00 JavaThread "Thread-31" [_thread_blocked, id=2988, stack(0x0000000036f00000,0x0000000036f80000)]
  0x0000000034edf400 JavaThread "Thread-30" [_thread_blocked, id=4964, stack(0x0000000036e80000,0x0000000036f00000)]
  0x0000000034edec00 JavaThread "Thread-28" [_thread_blocked, id=2432, stack(0x0000000036e00000,0x0000000036e80000)]
  0x0000000034ede400 JavaThread "Thread-26" [_thread_blocked, id=1056, stack(0x0000000036d80000,0x0000000036e00000)]
  0x0000000034ede000 JavaThread "Active Reference Queue Daemon" daemon [_thread_blocked, id=4140, stack(0x0000000036c30000,0x0000000036cb0000)]
  0x0000000034edd800 JavaThread "Timer-20" daemon [_thread_blocked, id=3844, stack(0x0000000036bb0000,0x0000000036c30000)]
  0x0000000034edbc00 JavaThread "Timer-16" daemon [_thread_blocked, id=156, stack(0x0000000036b30000,0x0000000036bb0000)]
  0x0000000034ddf000 JavaThread "Timer-1" [_thread_blocked, id=3800, stack(0x0000000011d80000,0x0000000011e00000)]
  0x000000000f3a1c00 JavaThread "TimerQueue" daemon [_thread_blocked, id=4176, stack(0x0000000011b20000,0x0000000011ba0000)]
  0x00000000346ce400 JavaThread "AWT-EventQueue-0" [_thread_in_native, id=2668, stack(0x00000000119d0000,0x0000000011a50000)]
  0x0000000034776c00 JavaThread "AWT-Shutdown" [_thread_blocked, id=720, stack(0x000000000ff70000,0x000000000fff0000)]
=>0x000000000fa1d800 JavaThread "AWT-Windows" daemon [_thread_in_native, id=3508, stack(0x00000000111f0000,0x0000000011270000)]
  0x000000000fa1cc00 JavaThread "Java2D Disposer" daemon [_thread_blocked, id=4780, stack(0x000000000fef0000,0x000000000ff70000)]
  0x000000000f405400 JavaThread "Timer-0" [_thread_blocked, id=2684, stack(0x000000000a6f0000,0x000000000a770000)]
  0x000000000f404c00 JavaThread "JMI Unnamed Thread" [_thread_in_native, id=2612, stack(0x00000000095c0000,0x000000000a5c0000)]
  0x000000000f19d800 JavaThread "Low Memory Detector" daemon [_thread_blocked, id=3732, stack(0x000000000a640000,0x000000000a6c0000)]
  0x000000000f199400 JavaThread "CompilerThread1" daemon [_thread_blocked, id=2020, stack(0x00000000326a0000,0x00000000336a0000)]
  0x000000000f194800 JavaThread "CompilerThread0" daemon [_thread_blocked, id=2760, stack(0x00000000316a0000,0x00000000326a0000)]
  0x000000000f194000 JavaThread "Attach Listener" daemon [_thread_blocked, id=4132, stack(0x000000000a5c0000,0x000000000a640000)]
  0x000000000f167c00 JavaThread "Finalizer" daemon [_thread_blocked, id=2868, stack(0x0000000009490000,0x0000000009510000)]
  0x000000000f163000 JavaThread "Reference Handler" daemon [_thread_blocked, id=3960, stack(0x0000000009410000,0x0000000009490000)]
  0x0000000004b0e800 JavaThread "main" [_thread_in_native, id=4528, stack(0x0000000000030000,0x0000000001030000)]

Other Threads:
  0x000000000f15c000 VMThread [stack: 0x00000000306a0000,0x00000000316a0000] [id=2852]
  0x000000000f1ca000 WatcherThread [stack: 0x00000000336a0000,0x00000000346a0000] [id=2628]

VM state:not at safepoint (normal execution)

VM Mutex/Monitor currently owned by a thread: None

Heap
 PSYoungGen      total 24384K, used 9994K [0x00000000265a0000, 0x0000000028540000, 0x00000000296a0000)
  eden space 16448K, 49% used [0x00000000265a0000,0x0000000026d90780,0x00000000275b0000)
  from space 7936K, 23% used [0x00000000275b0000,0x00000000277822c0,0x0000000027d70000)
  to   space 7936K, 0% used [0x0000000027d80000,0x0000000027d80000,0x0000000028540000)
 PSOldGen        total 150528K, used 112511K [0x000000001d2a0000, 0x00000000265a0000, 0x00000000265a0000)
  object space 150528K, 74% used [0x000000001d2a0000,0x000000002407fcc0,0x00000000265a0000)
 PSPermGen       total 96832K, used 57814K [0x00000000152a0000, 0x000000001b130000, 0x000000001d2a0000)
  object space 96832K, 59% used [0x00000000152a0000,0x0000000018b15bf8,0x000000001b130000)

Dynamic libraries:
0x0000000140000000 - 0x0000000140032000 	C:\Program Files\MATLAB\R2009a\bin\win64\MATLAB.exe
0x00000000779a0000 - 0x0000000077b4b000 	C:\Windows\SYSTEM32\ntdll.dll
0x0000000077880000 - 0x000000007799f000 	C:\Windows\system32\kernel32.dll
0x000007fefda90000 - 0x000007fefdafb000 	C:\Windows\system32\KERNELBASE.dll
0x0000000180000000 - 0x0000000180406000 	C:\Program Files\MATLAB\R2009a\bin\win64\libut.dll
0x000007feffc20000 - 0x000007feffc37000 	C:\Windows\system32\imagehlp.dll
0x000007feff8a0000 - 0x000007feff93f000 	C:\Windows\system32\msvcrt.dll
0x0000000077b70000 - 0x0000000077b77000 	C:\Windows\system32\PSAPI.DLL
0x00000000010d0000 - 0x00000000010f8000 	C:\Program Files\MATLAB\R2009a\bin\win64\LIBEXPAT.dll
0x00000000706a0000 - 0x0000000070769000 	C:\Windows\WinSxS\amd64_microsoft.vc80.crt_1fc8b3b9a1e18e3b_8.0.50727.4927_none_88dce9872fb18caf\MSVCR80.dll
0x000000004a800000 - 0x000000004a923000 	C:\Program Files\MATLAB\R2009a\bin\win64\icuuc38.dll
0x000007feffa70000 - 0x000007feffb4b000 	C:\Windows\system32\ADVAPI32.dll
0x000007feff880000 - 0x000007feff89f000 	C:\Windows\SYSTEM32\sechost.dll
0x000007feff940000 - 0x000007feffa6e000 	C:\Windows\system32\RPCRT4.dll
0x000000004ad00000 - 0x000000004ad03000 	C:\Program Files\MATLAB\R2009a\bin\win64\icudt38.dll
0x000000004ab00000 - 0x000000004ab0f000 	C:\Program Files\MATLAB\R2009a\bin\win64\icuio38.dll
0x0000000001340000 - 0x000000000147a000 	C:\Program Files\MATLAB\R2009a\bin\win64\icuin38.dll
0x00000000670d0000 - 0x00000000671d9000 	C:\Windows\WinSxS\amd64_microsoft.vc80.crt_1fc8b3b9a1e18e3b_8.0.50727.4927_none_88dce9872fb18caf\MSVCP80.dll
0x0000000077780000 - 0x000000007787a000 	C:\Windows\system32\USER32.dll
0x000007feff490000 - 0x000007feff4f7000 	C:\Windows\system32\GDI32.dll
0x000007feffc40000 - 0x000007feffc4e000 	C:\Windows\system32\LPK.dll
0x000007fefef30000 - 0x000007fefeffa000 	C:\Windows\system32\USP10.dll
0x0000000001140000 - 0x00000000011ae000 	C:\Program Files\MATLAB\R2009a\bin\win64\libmwfl.dll
0x00000000011c0000 - 0x00000000011cf000 	C:\Program Files\MATLAB\R2009a\bin\win64\boost_date_time-vc80-mt-1_36.dll
0x00000000011e0000 - 0x00000000011f6000 	C:\Program Files\MATLAB\R2009a\bin\win64\boost_signals-vc80-mt-1_36.dll
0x0000000001210000 - 0x0000000001219000 	C:\Program Files\MATLAB\R2009a\bin\win64\boost_system-vc80-mt-1_36.dll
0x0000000001480000 - 0x0000000001491000 	C:\Program Files\MATLAB\R2009a\bin\win64\boost_thread-vc80-mt-1_36.dll
0x00000000014a0000 - 0x00000000016d7000 	C:\Program Files\MATLAB\R2009a\bin\win64\libmwservices.dll
0x00000000016f0000 - 0x0000000001761000 	C:\Program Files\MATLAB\R2009a\bin\win64\libmx.dll
0x0000000001780000 - 0x0000000001797000 	C:\Program Files\MATLAB\R2009a\bin\win64\zlib1.dll
0x00000000017a0000 - 0x00000000018c5000 	C:\Program Files\MATLAB\R2009a\bin\win64\libmwmathutil.dll
0x00000000018e0000 - 0x0000000001935000 	C:\Program Files\MATLAB\R2009a\bin\win64\mpath.dll
0x0000000001950000 - 0x000000000199f000 	C:\Program Files\MATLAB\R2009a\bin\win64\mlutil.dll
0x0000000010000000 - 0x0000000010049000 	C:\Program Files\MATLAB\R2009a\bin\win64\tbb.dll
0x000007fefd9b0000 - 0x000007fefda50000 	C:\Windows\WinSxS\amd64_microsoft.windows.common-controls_6595b64144ccf1df_5.82.7600.16385_none_a44af8ec57f961cf\COMCTL32.dll
0x000007feff610000 - 0x000007feff6a8000 	C:\Windows\system32\comdlg32.dll
0x000007feffb50000 - 0x000007feffbc1000 	C:\Windows\system32\SHLWAPI.dll
0x000007fefdf90000 - 0x000007fefed16000 	C:\Windows\system32\SHELL32.dll
0x000007fefb9f0000 - 0x000007fefba06000 	C:\Windows\system32\NETAPI32.dll
0x000007fefb9e0000 - 0x000007fefb9ec000 	C:\Windows\system32\netutils.dll
0x000007fefd540000 - 0x000007fefd563000 	C:\Windows\system32\srvcli.dll
0x000007fefb9c0000 - 0x000007fefb9d5000 	C:\Windows\system32\wkscli.dll
0x000007feffbd0000 - 0x000007feffc1d000 	C:\Windows\system32\WS2_32.dll
0x000007feffc50000 - 0x000007feffc58000 	C:\Windows\system32\NSI.dll
0x00000000019b0000 - 0x0000000001a32000 	C:\Program Files\MATLAB\R2009a\bin\win64\mcr.dll
0x0000000001a50000 - 0x0000000001ab2000 	C:\Program Files\MATLAB\R2009a\bin\win64\iqm.dll
0x0000000001ad0000 - 0x00000000023b7000 	C:\Program Files\MATLAB\R2009a\bin\win64\m_interpreter.dll
0x00000000023d0000 - 0x00000000023df000 	C:\Program Files\MATLAB\R2009a\bin\win64\libmex.dll
0x00000000023f0000 - 0x0000000002480000 	C:\Program Files\MATLAB\R2009a\bin\win64\m_dispatcher.dll
0x0000000002490000 - 0x00000000024b5000 	C:\Program Files\MATLAB\R2009a\bin\win64\datasvcs.dll
0x0000000012000000 - 0x0000000012295000 	C:\Program Files\MATLAB\R2009a\bin\win64\xerces-c_2_7.dll
0x00000000024e0000 - 0x00000000025d1000 	C:\Program Files\MATLAB\R2009a\bin\win64\boost_regex-vc80-mt-1_36.dll
0x00000000025f0000 - 0x0000000002681000 	C:\Program Files\MATLAB\R2009a\bin\win64\profiler.dll
0x00000000026a0000 - 0x00000000026ca000 	C:\Program Files\MATLAB\R2009a\bin\win64\libmwmathrng.dll
0x00000000026e0000 - 0x00000000026fa000 	C:\Program Files\MATLAB\R2009a\bin\win64\m_pcodeio.dll
0x0000000002710000 - 0x000000000275d000 	C:\Program Files\MATLAB\R2009a\bin\win64\m_ir.dll
0x0000000002770000 - 0x0000000002d76000 	C:\Program Files\MATLAB\R2009a\bin\win64\m_parser.dll
0x0000000002d90000 - 0x0000000002da4000 	C:\Program Files\MATLAB\R2009a\bin\win64\ir_xfmr.dll
0x0000000002dc0000 - 0x0000000003041000 	C:\Program Files\MATLAB\R2009a\bin\win64\mcos.dll
0x0000000003060000 - 0x000000000306c000 	C:\Program Files\MATLAB\R2009a\bin\win64\mtok.dll
0x0000000003080000 - 0x00000000030a0000 	C:\Program Files\MATLAB\R2009a\bin\win64\m_pcodegen.dll
0x000007feed190000 - 0x000007feed2b5000 	C:\Windows\system32\dbghelp.dll
0x00000000030b0000 - 0x00000000030d4000 	C:\Program Files\MATLAB\R2009a\bin\win64\bridge.dll
0x00000000030f0000 - 0x00000000031b0000 	C:\Program Files\MATLAB\R2009a\bin\win64\udd.dll
0x00000000031c0000 - 0x0000000003317000 	C:\Program Files\MATLAB\R2009a\bin\win64\libmwgui.dll
0x0000000003330000 - 0x0000000003615000 	C:\Program Files\MATLAB\R2009a\bin\win64\hg.dll
0x0000000003630000 - 0x0000000003662000 	C:\Program Files\MATLAB\R2009a\bin\win64\libmat.dll
0x0000000003680000 - 0x000000000386e000 	C:\Program Files\MATLAB\R2009a\bin\win64\libhdf5.dll
0x0000000003880000 - 0x00000000038e0000 	C:\Program Files\MATLAB\R2009a\bin\win64\jmi.dll
0x00000000038f0000 - 0x0000000003930000 	C:\Program Files\MATLAB\R2009a\bin\win64\libmwhardcopy.dll
0x0000000003940000 - 0x0000000003998000 	C:\Program Files\MATLAB\R2009a\bin\win64\libuij.dll
0x00000000039b0000 - 0x0000000003aa2000 	C:\Program Files\MATLAB\R2009a\bin\win64\libmwmathlinalg.dll
0x0000000003ac0000 - 0x0000000003e6c000 	C:\Program Files\MATLAB\R2009a\bin\win64\libmwmathelem.dll
0x0000000003e80000 - 0x0000000003eec000 	C:\Program Files\MATLAB\R2009a\bin\win64\libmwmathcore.dll
0x0000000003f00000 - 0x0000000003f62000 	C:\Program Files\MATLAB\R2009a\bin\win64\libmwcholmod.dll
0x0000000003f80000 - 0x0000000003f8d000 	C:\Program Files\MATLAB\R2009a\bin\win64\libmwamd.dll
0x0000000003fa0000 - 0x0000000003fac000 	C:\Program Files\MATLAB\R2009a\bin\win64\libmwcolamd.dll
0x0000000003fc0000 - 0x0000000003fd5000 	C:\Program Files\MATLAB\R2009a\bin\win64\libmwblas.dll
0x0000000003ff0000 - 0x0000000004001000 	C:\Program Files\MATLAB\R2009a\bin\win64\libmwbinder.dll
0x0000000004020000 - 0x000000000409d000 	C:\Program Files\MATLAB\R2009a\bin\win64\libmwlapack.dll
0x00000000040b0000 - 0x00000000040eb000 	C:\Program Files\MATLAB\R2009a\bin\win64\libmwrookfastbp.dll
0x0000000004100000 - 0x000000000414c000 	C:\Program Files\MATLAB\R2009a\bin\win64\libmwma57.dll
0x0000000004160000 - 0x000000000427c000 	C:\Program Files\MATLAB\R2009a\bin\win64\libifcoremd.dll
0x0000000004280000 - 0x0000000004550000 	C:\Program Files\MATLAB\R2009a\bin\win64\libmmd.dll
0x0000000004550000 - 0x0000000004560000 	C:\Program Files\MATLAB\R2009a\bin\win64\libmwcsparse.dll
0x0000000004570000 - 0x00000000045de000 	C:\Program Files\MATLAB\R2009a\bin\win64\libmwumfpack.dll
0x00000000045f0000 - 0x00000000046dd000 	C:\Program Files\MATLAB\R2009a\bin\win64\hgdatatypes.dll
0x00000000046f0000 - 0x0000000004934000 	C:\Program Files\MATLAB\R2009a\bin\win64\uiw.dll
0x0000000004950000 - 0x000000000495a000 	C:\Program Files\MATLAB\R2009a\bin\win64\uinone.dll
0x0000000066f30000 - 0x00000000670cb000 	C:\Windows\WinSxS\amd64_microsoft.vc80.mfc_1fc8b3b9a1e18e3b_8.0.50727.762_none_c46a533c8a667ee7\MFC80.DLL
0x000007fef87e0000 - 0x000007fef8850000 	C:\Windows\system32\WINSPOOL.DRV
0x000007fefed20000 - 0x000007fefef21000 	C:\Windows\system32\ole32.dll
0x000007fefdeb0000 - 0x000007fefdf87000 	C:\Windows\system32\OLEAUT32.dll
0x0000000004970000 - 0x0000000004a1b000 	C:\Program Files\MATLAB\R2009a\bin\win64\udd_mi.dll
0x0000000004a30000 - 0x0000000004a48000 	C:\Program Files\MATLAB\R2009a\bin\win64\mwoles05.DLL
0x0000000004a60000 - 0x0000000004aca000 	C:\Program Files\MATLAB\R2009a\bin\win64\comcli.dll
0x0000000066f10000 - 0x0000000066f2f000 	C:\Windows\WinSxS\amd64_microsoft.vc80.atl_1fc8b3b9a1e18e3b_8.0.50727.762_none_ca3f79d486b08636\ATL80.DLL
0x0000000004ae0000 - 0x0000000004aee000 	C:\Program Files\MATLAB\R2009a\bin\win64\mlautoregister.dll
0x000007feff000000 - 0x000007feff02e000 	C:\Windows\system32\IMM32.DLL
0x000007feff500000 - 0x000007feff609000 	C:\Windows\system32\MSCTF.dll
0x000007fefd900000 - 0x000007fefd90f000 	C:\Windows\system32\profapi.dll
0x000007fefc200000 - 0x000007fefc256000 	C:\Windows\system32\uxtheme.dll
0x000007fefb290000 - 0x000007fefb2b7000 	C:\Windows\system32\iphlpapi.dll
0x000007fefb280000 - 0x000007fefb28b000 	C:\Windows\system32\WINNSI.DLL
0x000007fefcff0000 - 0x000007fefd04b000 	C:\Windows\system32\DNSAPI.dll
0x000007fefae70000 - 0x000007fefae81000 	C:\Windows\system32\dhcpcsvc6.DLL
0x000007fefb260000 - 0x000007fefb278000 	C:\Windows\system32\dhcpcsvc.DLL
0x000000006bae0000 - 0x000000006bae3000 	C:\Windows\system32\icmp.Dll
0x000007fefd7d0000 - 0x000007fefd7df000 	C:\Windows\system32\CRYPTBASE.dll
0x000000000e820000 - 0x000000000edca000 	C:\Program Files\MATLAB\R2009a\sys\java\jre\win64\jre\bin\server\jvm.dll
0x000007fefb5e0000 - 0x000007fefb61b000 	C:\Windows\system32\WINMM.dll
0x0000000004ca0000 - 0x0000000004caa000 	C:\Program Files\MATLAB\R2009a\sys\java\jre\win64\jre\bin\hpi.dll
0x0000000004d10000 - 0x0000000004d1e000 	C:\Program Files\MATLAB\R2009a\sys\java\jre\win64\jre\bin\verify.dll
0x0000000004d20000 - 0x0000000004d47000 	C:\Program Files\MATLAB\R2009a\sys\java\jre\win64\jre\bin\java.dll
0x00000000076c0000 - 0x00000000076d2000 	C:\Program Files\MATLAB\R2009a\sys\java\jre\win64\jre\bin\zip.dll
0x0000000009510000 - 0x0000000009531000 	C:\Program Files\MATLAB\R2009a\bin\win64\nativejava.dll
0x000000000a6c0000 - 0x000000000a6e8000 	C:\Program Files\MATLAB\R2009a\bin\win64\nativejmi.dll
0x0000000007f20000 - 0x0000000007f27000 	C:\Program Files\MATLAB\R2009a\bin\win64\nativeservices.dll
0x0000000011050000 - 0x00000000111ef000 	C:\Program Files\MATLAB\R2009a\sys\java\jre\win64\jre\bin\awt.dll
0x000007fefbe30000 - 0x000007fefbe48000 	C:\Windows\system32\dwmapi.dll
0x0000000011770000 - 0x00000000117da000 	C:\Program Files\MATLAB\R2009a\sys\java\jre\win64\jre\bin\fontmanager.dll
0x00000000119a0000 - 0x00000000119b7000 	C:\Program Files\MATLAB\R2009a\sys\java\jre\win64\jre\bin\net.dll
0x000007fefd170000 - 0x000007fefd1c4000 	C:\Windows\system32\mswsock.dll
0x000007fefd160000 - 0x000007fefd167000 	C:\Windows\System32\wship6.dll
0x00000000119c0000 - 0x00000000119cb000 	C:\Program Files\MATLAB\R2009a\sys\java\jre\win64\jre\bin\nio.dll
0x0000000011a50000 - 0x0000000011a57000 	C:\Program Files\MATLAB\R2009a\bin\win64\nativelmgr.dll
0x0000000011ba0000 - 0x0000000011bd5000 	C:\Program Files\MATLAB\R2009a\sys\java\jre\win64\jre\bin\jpeg.dll
0x0000000011be0000 - 0x0000000011d7e000 	C:\Program Files\MATLAB\R2009a\bin\win64\instutil.dll

VM Arguments:
jvm_args: -Xss512k -XX:PermSize=32m -Xms64m -XX:NewRatio=3 -XX:MaxPermSize=128m -Xmx196m -XX:MaxDirectMemorySize=2147400000 -Dsun.java2d.noddraw=true -Dsun.awt.nopixfmt=true -Xshare:off -Xrs -Djava.library.path=C:\Program Files\MATLAB\R2009a\bin\win64 vfprintf abort 
java_command: <unknown>
Launcher Type: generic

Environment Variables:
PATH=C:\Windows\system32;C:\Windows;C:\Windows\System32\Wbem;C:\Windows\System32\WindowsPowerShell\v1.0\;c:\Program Files (x86)\Common Files\Roxio Shared\10.0\DLLShared\;c:\Program Files (x86)\Common Files\Roxio Shared\DLLShared\;C:\Program Files\MATLAB\R2009a\bin;C:\Program Files\MATLAB\R2009a\bin\win64
USERNAME=micro
OS=Windows_NT
PROCESSOR_IDENTIFIER=Intel64 Family 6 Model 30 Stepping 5, GenuineIntel



---------------  S Y S T E M  ---------------

OS: Windows NT 6.1 Build 7600 

CPU:total 8 (8 cores per cpu, 2 threads per core) family 6 model 14 stepping 5, cmov, cx8, fxsr, mmx, sse, sse2, sse3, ssse3, ht

Memory: 4k page, physical 8346704k(5620136k free), swap 16691508k(13688384k free)

vm_info: Java HotSpot(TM) 64-Bit Server VM (10.0-b19) for windows-amd64 JRE (1.6.0_04-b12), built on Dec 14 2007 00:44:23 by "java_re" with MS VC++ 8.0

time: Fri Sep 10 15:56:16 2010
elapsed time: 3550 seconds

